2016-06-14  09:22:42	Error
System.ArgumentException: 对于“MHD.Original.Award.Controllers.ComicBooksController”中方法“System.Web.Mvc.ActionResult GetBookRankListByType(EFDal.Models.Enums.DragonAwardType, Int32)”的不可以为 null 的类型“EFDal.Models.Enums.DragonAwardType”的参数“type”，参数字典包含一个 null 项。可选参数必须为引用类型、可以为 null 的类型或声明为可选参数。
参数名: parameters
   在 System.Web.Mvc.ActionDescriptor.ExtractParameterFromDictionary(ParameterInfo parameterInfo, IDictionary`2 parameters, MethodInfo methodInfo)
   在 System.Web.Mvc.ReflectedActionDescriptor.<>c__DisplayClass1.<Execute>b__0(ParameterInfo parameterInfo)
   在 System.Linq.Enumerable.WhereSelectArrayIterator`2.MoveNext()
   在 System.Linq.Buffer`1..ctor(IEnumerable`1 source)
   在 System.Linq.Enumerable.ToArray[TSource](IEnumerable`1 source)
   在 System.Web.Mvc.ReflectedActionDescriptor.Execute(ControllerContext controllerContext, IDictionary`2 parameters)
   在 System.Web.Mvc.ControllerActionInvoker.InvokeActionMethod(ControllerContext controllerContext, ActionDescriptor actionDescriptor, IDictionary`2 parameters)
   在 System.Web.Mvc.Async.AsyncControllerActionInvoker.<>c__DisplayClass42.<BeginInvokeSynchronousActionMethod>b__41()
   在 System.Web.Mvc.Async.AsyncResultWrapper.<>c__DisplayClass8`1.<BeginSynchronous>b__7(IAsyncResult _)
   在 System.Web.Mvc.Async.AsyncResultWrapper.WrappedAsyncResult`1.End()
   在 System.Web.Mvc.Async.AsyncControllerActionInvoker.EndInvokeActionMethod(IAsyncResult asyncResult)
   在 System.Web.Mvc.Async.AsyncControllerActionInvoker.<>c__DisplayClass37.<>c__DisplayClass39.<BeginInvokeActionMethodWithFilters>b__33()
   在 System.Web.Mvc.Async.AsyncControllerActionInvoker.<>c__DisplayClass4f.<InvokeActionMethodFilterAsynchronously>b__49()
   在 System.Web.Mvc.Async.AsyncControllerActionInvoker.<>c__DisplayClass4f.<InvokeActionMethodFilterAsynchronously>b__49()
   在 System.Web.Mvc.Async.AsyncControllerActionInvoker.<>c__DisplayClass37.<BeginInvokeActionMethodWithFilters>b__36(IAsyncResult asyncResult)
   在 System.Web.Mvc.Async.AsyncResultWrapper.WrappedAsyncResult`1.End()
   在 System.Web.Mvc.Async.AsyncControllerActionInvoker.EndInvokeActionMethodWithFilters(IAsyncResult asyncResult)
   在 System.Web.Mvc.Async.AsyncControllerActionInvoker.<>c__DisplayClass25.<>c__DisplayClass2a.<BeginInvokeAction>b__20()
   在 System.Web.Mvc.Async.AsyncControllerActionInvoker.<>c__DisplayClass25.<BeginInvokeAction>b__22(IAsyncResult asyncResult)

2016-06-14  09:22:46	Error
System.ArgumentException: 对于“MHD.Original.Award.Controllers.ComicBooksController”中方法“System.Web.Mvc.ActionResult GetBookRankListByType(EFDal.Models.Enums.DragonAwardType, Int32)”的不可以为 null 的类型“EFDal.Models.Enums.DragonAwardType”的参数“type”，参数字典包含一个 null 项。可选参数必须为引用类型、可以为 null 的类型或声明为可选参数。
参数名: parameters
   在 System.Web.Mvc.ActionDescriptor.ExtractParameterFromDictionary(ParameterInfo parameterInfo, IDictionary`2 parameters, MethodInfo methodInfo)
   在 System.Web.Mvc.ReflectedActionDescriptor.<>c__DisplayClass1.<Execute>b__0(ParameterInfo parameterInfo)
   在 System.Linq.Enumerable.WhereSelectArrayIterator`2.MoveNext()
   在 System.Linq.Buffer`1..ctor(IEnumerable`1 source)
   在 System.Linq.Enumerable.ToArray[TSource](IEnumerable`1 source)
   在 System.Web.Mvc.ReflectedActionDescriptor.Execute(ControllerContext controllerContext, IDictionary`2 parameters)
   在 System.Web.Mvc.ControllerActionInvoker.InvokeActionMethod(ControllerContext controllerContext, ActionDescriptor actionDescriptor, IDictionary`2 parameters)
   在 System.Web.Mvc.Async.AsyncControllerActionInvoker.<>c__DisplayClass42.<BeginInvokeSynchronousActionMethod>b__41()
   在 System.Web.Mvc.Async.AsyncResultWrapper.<>c__DisplayClass8`1.<BeginSynchronous>b__7(IAsyncResult _)
   在 System.Web.Mvc.Async.AsyncResultWrapper.WrappedAsyncResult`1.End()
   在 System.Web.Mvc.Async.AsyncControllerActionInvoker.EndInvokeActionMethod(IAsyncResult asyncResult)
   在 System.Web.Mvc.Async.AsyncControllerActionInvoker.<>c__DisplayClass37.<>c__DisplayClass39.<BeginInvokeActionMethodWithFilters>b__33()
   在 System.Web.Mvc.Async.AsyncControllerActionInvoker.<>c__DisplayClass4f.<InvokeActionMethodFilterAsynchronously>b__49()
   在 System.Web.Mvc.Async.AsyncControllerActionInvoker.<>c__DisplayClass4f.<InvokeActionMethodFilterAsynchronously>b__49()
   在 System.Web.Mvc.Async.AsyncControllerActionInvoker.<>c__DisplayClass37.<BeginInvokeActionMethodWithFilters>b__36(IAsyncResult asyncResult)
   在 System.Web.Mvc.Async.AsyncResultWrapper.WrappedAsyncResult`1.End()
   在 System.Web.Mvc.Async.AsyncControllerActionInvoker.EndInvokeActionMethodWithFilters(IAsyncResult asyncResult)
   在 System.Web.Mvc.Async.AsyncControllerActionInvoker.<>c__DisplayClass25.<>c__DisplayClass2a.<BeginInvokeAction>b__20()
   在 System.Web.Mvc.Async.AsyncControllerActionInvoker.<>c__DisplayClass25.<BeginInvokeAction>b__22(IAsyncResult asyncResult)

2016-06-14  09:22:49	Error
System.ArgumentException: 对于“MHD.Original.Award.Controllers.ComicBooksController”中方法“System.Web.Mvc.ActionResult GetBookRankListByType(EFDal.Models.Enums.DragonAwardType, Int32)”的不可以为 null 的类型“EFDal.Models.Enums.DragonAwardType”的参数“type”，参数字典包含一个 null 项。可选参数必须为引用类型、可以为 null 的类型或声明为可选参数。
参数名: parameters
   在 System.Web.Mvc.ActionDescriptor.ExtractParameterFromDictionary(ParameterInfo parameterInfo, IDictionary`2 parameters, MethodInfo methodInfo)
   在 System.Web.Mvc.ReflectedActionDescriptor.<>c__DisplayClass1.<Execute>b__0(ParameterInfo parameterInfo)
   在 System.Linq.Enumerable.WhereSelectArrayIterator`2.MoveNext()
   在 System.Linq.Buffer`1..ctor(IEnumerable`1 source)
   在 System.Linq.Enumerable.ToArray[TSource](IEnumerable`1 source)
   在 System.Web.Mvc.ReflectedActionDescriptor.Execute(ControllerContext controllerContext, IDictionary`2 parameters)
   在 System.Web.Mvc.ControllerActionInvoker.InvokeActionMethod(ControllerContext controllerContext, ActionDescriptor actionDescriptor, IDictionary`2 parameters)
   在 System.Web.Mvc.Async.AsyncControllerActionInvoker.<>c__DisplayClass42.<BeginInvokeSynchronousActionMethod>b__41()
   在 System.Web.Mvc.Async.AsyncResultWrapper.<>c__DisplayClass8`1.<BeginSynchronous>b__7(IAsyncResult _)
   在 System.Web.Mvc.Async.AsyncResultWrapper.WrappedAsyncResult`1.End()
   在 System.Web.Mvc.Async.AsyncControllerActionInvoker.EndInvokeActionMethod(IAsyncResult asyncResult)
   在 System.Web.Mvc.Async.AsyncControllerActionInvoker.<>c__DisplayClass37.<>c__DisplayClass39.<BeginInvokeActionMethodWithFilters>b__33()
   在 System.Web.Mvc.Async.AsyncControllerActionInvoker.<>c__DisplayClass4f.<InvokeActionMethodFilterAsynchronously>b__49()
   在 System.Web.Mvc.Async.AsyncControllerActionInvoker.<>c__DisplayClass4f.<InvokeActionMethodFilterAsynchronously>b__49()
   在 System.Web.Mvc.Async.AsyncControllerActionInvoker.<>c__DisplayClass37.<BeginInvokeActionMethodWithFilters>b__36(IAsyncResult asyncResult)
   在 System.Web.Mvc.Async.AsyncResultWrapper.WrappedAsyncResult`1.End()
   在 System.Web.Mvc.Async.AsyncControllerActionInvoker.EndInvokeActionMethodWithFilters(IAsyncResult asyncResult)
   在 System.Web.Mvc.Async.AsyncControllerActionInvoker.<>c__DisplayClass25.<>c__DisplayClass2a.<BeginInvokeAction>b__20()
   在 System.Web.Mvc.Async.AsyncControllerActionInvoker.<>c__DisplayClass25.<BeginInvokeAction>b__22(IAsyncResult asyncResult)

2016-06-14  09:22:51	Error
System.ArgumentException: 对于“MHD.Original.Award.Controllers.ComicBooksController”中方法“System.Web.Mvc.ActionResult GetBookRankListByType(EFDal.Models.Enums.DragonAwardType, Int32)”的不可以为 null 的类型“EFDal.Models.Enums.DragonAwardType”的参数“type”，参数字典包含一个 null 项。可选参数必须为引用类型、可以为 null 的类型或声明为可选参数。
参数名: parameters
   在 System.Web.Mvc.ActionDescriptor.ExtractParameterFromDictionary(ParameterInfo parameterInfo, IDictionary`2 parameters, MethodInfo methodInfo)
   在 System.Web.Mvc.ReflectedActionDescriptor.<>c__DisplayClass1.<Execute>b__0(ParameterInfo parameterInfo)
   在 System.Linq.Enumerable.WhereSelectArrayIterator`2.MoveNext()
   在 System.Linq.Buffer`1..ctor(IEnumerable`1 source)
   在 System.Linq.Enumerable.ToArray[TSource](IEnumerable`1 source)
   在 System.Web.Mvc.ReflectedActionDescriptor.Execute(ControllerContext controllerContext, IDictionary`2 parameters)
   在 System.Web.Mvc.ControllerActionInvoker.InvokeActionMethod(ControllerContext controllerContext, ActionDescriptor actionDescriptor, IDictionary`2 parameters)
   在 System.Web.Mvc.Async.AsyncControllerActionInvoker.<>c__DisplayClass42.<BeginInvokeSynchronousActionMethod>b__41()
   在 System.Web.Mvc.Async.AsyncResultWrapper.<>c__DisplayClass8`1.<BeginSynchronous>b__7(IAsyncResult _)
   在 System.Web.Mvc.Async.AsyncResultWrapper.WrappedAsyncResult`1.End()
   在 System.Web.Mvc.Async.AsyncControllerActionInvoker.EndInvokeActionMethod(IAsyncResult asyncResult)
   在 System.Web.Mvc.Async.AsyncControllerActionInvoker.<>c__DisplayClass37.<>c__DisplayClass39.<BeginInvokeActionMethodWithFilters>b__33()
   在 System.Web.Mvc.Async.AsyncControllerActionInvoker.<>c__DisplayClass4f.<InvokeActionMethodFilterAsynchronously>b__49()
   在 System.Web.Mvc.Async.AsyncControllerActionInvoker.<>c__DisplayClass4f.<InvokeActionMethodFilterAsynchronously>b__49()
   在 System.Web.Mvc.Async.AsyncControllerActionInvoker.<>c__DisplayClass37.<BeginInvokeActionMethodWithFilters>b__36(IAsyncResult asyncResult)
   在 System.Web.Mvc.Async.AsyncResultWrapper.WrappedAsyncResult`1.End()
   在 System.Web.Mvc.Async.AsyncControllerActionInvoker.EndInvokeActionMethodWithFilters(IAsyncResult asyncResult)
   在 System.Web.Mvc.Async.AsyncControllerActionInvoker.<>c__DisplayClass25.<>c__DisplayClass2a.<BeginInvokeAction>b__20()
   在 System.Web.Mvc.Async.AsyncControllerActionInvoker.<>c__DisplayClass25.<BeginInvokeAction>b__22(IAsyncResult asyncResult)

2016-06-14  09:22:52	Error
System.ArgumentException: 对于“MHD.Original.Award.Controllers.ComicBooksController”中方法“System.Web.Mvc.ActionResult GetBookRankListByType(EFDal.Models.Enums.DragonAwardType, Int32)”的不可以为 null 的类型“EFDal.Models.Enums.DragonAwardType”的参数“type”，参数字典包含一个 null 项。可选参数必须为引用类型、可以为 null 的类型或声明为可选参数。
参数名: parameters
   在 System.Web.Mvc.ActionDescriptor.ExtractParameterFromDictionary(ParameterInfo parameterInfo, IDictionary`2 parameters, MethodInfo methodInfo)
   在 System.Web.Mvc.ReflectedActionDescriptor.<>c__DisplayClass1.<Execute>b__0(ParameterInfo parameterInfo)
   在 System.Linq.Enumerable.WhereSelectArrayIterator`2.MoveNext()
   在 System.Linq.Buffer`1..ctor(IEnumerable`1 source)
   在 System.Linq.Enumerable.ToArray[TSource](IEnumerable`1 source)
   在 System.Web.Mvc.ReflectedActionDescriptor.Execute(ControllerContext controllerContext, IDictionary`2 parameters)
   在 System.Web.Mvc.ControllerActionInvoker.InvokeActionMethod(ControllerContext controllerContext, ActionDescriptor actionDescriptor, IDictionary`2 parameters)
   在 System.Web.Mvc.Async.AsyncControllerActionInvoker.<>c__DisplayClass42.<BeginInvokeSynchronousActionMethod>b__41()
   在 System.Web.Mvc.Async.AsyncResultWrapper.<>c__DisplayClass8`1.<BeginSynchronous>b__7(IAsyncResult _)
   在 System.Web.Mvc.Async.AsyncResultWrapper.WrappedAsyncResult`1.End()
   在 System.Web.Mvc.Async.AsyncControllerActionInvoker.EndInvokeActionMethod(IAsyncResult asyncResult)
   在 System.Web.Mvc.Async.AsyncControllerActionInvoker.<>c__DisplayClass37.<>c__DisplayClass39.<BeginInvokeActionMethodWithFilters>b__33()
   在 System.Web.Mvc.Async.AsyncControllerActionInvoker.<>c__DisplayClass4f.<InvokeActionMethodFilterAsynchronously>b__49()
   在 System.Web.Mvc.Async.AsyncControllerActionInvoker.<>c__DisplayClass4f.<InvokeActionMethodFilterAsynchronously>b__49()
   在 System.Web.Mvc.Async.AsyncControllerActionInvoker.<>c__DisplayClass37.<BeginInvokeActionMethodWithFilters>b__36(IAsyncResult asyncResult)
   在 System.Web.Mvc.Async.AsyncResultWrapper.WrappedAsyncResult`1.End()
   在 System.Web.Mvc.Async.AsyncControllerActionInvoker.EndInvokeActionMethodWithFilters(IAsyncResult asyncResult)
   在 System.Web.Mvc.Async.AsyncControllerActionInvoker.<>c__DisplayClass25.<>c__DisplayClass2a.<BeginInvokeAction>b__20()
   在 System.Web.Mvc.Async.AsyncControllerActionInvoker.<>c__DisplayClass25.<BeginInvokeAction>b__22(IAsyncResult asyncResult)

2016-06-14  09:22:54	Error
System.ArgumentException: 对于“MHD.Original.Award.Controllers.ComicBooksController”中方法“System.Web.Mvc.ActionResult GetBookRankListByType(EFDal.Models.Enums.DragonAwardType, Int32)”的不可以为 null 的类型“EFDal.Models.Enums.DragonAwardType”的参数“type”，参数字典包含一个 null 项。可选参数必须为引用类型、可以为 null 的类型或声明为可选参数。
参数名: parameters
   在 System.Web.Mvc.ActionDescriptor.ExtractParameterFromDictionary(ParameterInfo parameterInfo, IDictionary`2 parameters, MethodInfo methodInfo)
   在 System.Web.Mvc.ReflectedActionDescriptor.<>c__DisplayClass1.<Execute>b__0(ParameterInfo parameterInfo)
   在 System.Linq.Enumerable.WhereSelectArrayIterator`2.MoveNext()
   在 System.Linq.Buffer`1..ctor(IEnumerable`1 source)
   在 System.Linq.Enumerable.ToArray[TSource](IEnumerable`1 source)
   在 System.Web.Mvc.ReflectedActionDescriptor.Execute(ControllerContext controllerContext, IDictionary`2 parameters)
   在 System.Web.Mvc.ControllerActionInvoker.InvokeActionMethod(ControllerContext controllerContext, ActionDescriptor actionDescriptor, IDictionary`2 parameters)
   在 System.Web.Mvc.Async.AsyncControllerActionInvoker.<>c__DisplayClass42.<BeginInvokeSynchronousActionMethod>b__41()
   在 System.Web.Mvc.Async.AsyncResultWrapper.<>c__DisplayClass8`1.<BeginSynchronous>b__7(IAsyncResult _)
   在 System.Web.Mvc.Async.AsyncResultWrapper.WrappedAsyncResult`1.End()
   在 System.Web.Mvc.Async.AsyncControllerActionInvoker.EndInvokeActionMethod(IAsyncResult asyncResult)
   在 System.Web.Mvc.Async.AsyncControllerActionInvoker.<>c__DisplayClass37.<>c__DisplayClass39.<BeginInvokeActionMethodWithFilters>b__33()
   在 System.Web.Mvc.Async.AsyncControllerActionInvoker.<>c__DisplayClass4f.<InvokeActionMethodFilterAsynchronously>b__49()
   在 System.Web.Mvc.Async.AsyncControllerActionInvoker.<>c__DisplayClass4f.<InvokeActionMethodFilterAsynchronously>b__49()
   在 System.Web.Mvc.Async.AsyncControllerActionInvoker.<>c__DisplayClass37.<BeginInvokeActionMethodWithFilters>b__36(IAsyncResult asyncResult)
   在 System.Web.Mvc.Async.AsyncResultWrapper.WrappedAsyncResult`1.End()
   在 System.Web.Mvc.Async.AsyncControllerActionInvoker.EndInvokeActionMethodWithFilters(IAsyncResult asyncResult)
   在 System.Web.Mvc.Async.AsyncControllerActionInvoker.<>c__DisplayClass25.<>c__DisplayClass2a.<BeginInvokeAction>b__20()
   在 System.Web.Mvc.Async.AsyncControllerActionInvoker.<>c__DisplayClass25.<BeginInvokeAction>b__22(IAsyncResult asyncResult)

2016-06-14  09:22:56	Error
System.ArgumentException: 对于“MHD.Original.Award.Controllers.ComicBooksController”中方法“System.Web.Mvc.ActionResult GetBookRankListByType(EFDal.Models.Enums.DragonAwardType, Int32)”的不可以为 null 的类型“EFDal.Models.Enums.DragonAwardType”的参数“type”，参数字典包含一个 null 项。可选参数必须为引用类型、可以为 null 的类型或声明为可选参数。
参数名: parameters
   在 System.Web.Mvc.ActionDescriptor.ExtractParameterFromDictionary(ParameterInfo parameterInfo, IDictionary`2 parameters, MethodInfo methodInfo)
   在 System.Web.Mvc.ReflectedActionDescriptor.<>c__DisplayClass1.<Execute>b__0(ParameterInfo parameterInfo)
   在 System.Linq.Enumerable.WhereSelectArrayIterator`2.MoveNext()
   在 System.Linq.Buffer`1..ctor(IEnumerable`1 source)
   在 System.Linq.Enumerable.ToArray[TSource](IEnumerable`1 source)
   在 System.Web.Mvc.ReflectedActionDescriptor.Execute(ControllerContext controllerContext, IDictionary`2 parameters)
   在 System.Web.Mvc.ControllerActionInvoker.InvokeActionMethod(ControllerContext controllerContext, ActionDescriptor actionDescriptor, IDictionary`2 parameters)
   在 System.Web.Mvc.Async.AsyncControllerActionInvoker.<>c__DisplayClass42.<BeginInvokeSynchronousActionMethod>b__41()
   在 System.Web.Mvc.Async.AsyncResultWrapper.<>c__DisplayClass8`1.<BeginSynchronous>b__7(IAsyncResult _)
   在 System.Web.Mvc.Async.AsyncResultWrapper.WrappedAsyncResult`1.End()
   在 System.Web.Mvc.Async.AsyncControllerActionInvoker.EndInvokeActionMethod(IAsyncResult asyncResult)
   在 System.Web.Mvc.Async.AsyncControllerActionInvoker.<>c__DisplayClass37.<>c__DisplayClass39.<BeginInvokeActionMethodWithFilters>b__33()
   在 System.Web.Mvc.Async.AsyncControllerActionInvoker.<>c__DisplayClass4f.<InvokeActionMethodFilterAsynchronously>b__49()
   在 System.Web.Mvc.Async.AsyncControllerActionInvoker.<>c__DisplayClass4f.<InvokeActionMethodFilterAsynchronously>b__49()
   在 System.Web.Mvc.Async.AsyncControllerActionInvoker.<>c__DisplayClass37.<BeginInvokeActionMethodWithFilters>b__36(IAsyncResult asyncResult)
   在 System.Web.Mvc.Async.AsyncResultWrapper.WrappedAsyncResult`1.End()
   在 System.Web.Mvc.Async.AsyncControllerActionInvoker.EndInvokeActionMethodWithFilters(IAsyncResult asyncResult)
   在 System.Web.Mvc.Async.AsyncControllerActionInvoker.<>c__DisplayClass25.<>c__DisplayClass2a.<BeginInvokeAction>b__20()
   在 System.Web.Mvc.Async.AsyncControllerActionInvoker.<>c__DisplayClass25.<BeginInvokeAction>b__22(IAsyncResult asyncResult)

2016-06-14  09:23:34	Error
System.ArgumentException: 对于“MHD.Original.Award.Controllers.ComicBooksController”中方法“System.Web.Mvc.ActionResult GetBookRankListByType(EFDal.Models.Enums.DragonAwardType, Int32)”的不可以为 null 的类型“EFDal.Models.Enums.DragonAwardType”的参数“type”，参数字典包含一个 null 项。可选参数必须为引用类型、可以为 null 的类型或声明为可选参数。
参数名: parameters
   在 System.Web.Mvc.ActionDescriptor.ExtractParameterFromDictionary(ParameterInfo parameterInfo, IDictionary`2 parameters, MethodInfo methodInfo)
   在 System.Web.Mvc.ReflectedActionDescriptor.<>c__DisplayClass1.<Execute>b__0(ParameterInfo parameterInfo)
   在 System.Linq.Enumerable.WhereSelectArrayIterator`2.MoveNext()
   在 System.Linq.Buffer`1..ctor(IEnumerable`1 source)
   在 System.Linq.Enumerable.ToArray[TSource](IEnumerable`1 source)
   在 System.Web.Mvc.ReflectedActionDescriptor.Execute(ControllerContext controllerContext, IDictionary`2 parameters)
   在 System.Web.Mvc.ControllerActionInvoker.InvokeActionMethod(ControllerContext controllerContext, ActionDescriptor actionDescriptor, IDictionary`2 parameters)
   在 System.Web.Mvc.Async.AsyncControllerActionInvoker.<>c__DisplayClass42.<BeginInvokeSynchronousActionMethod>b__41()
   在 System.Web.Mvc.Async.AsyncResultWrapper.<>c__DisplayClass8`1.<BeginSynchronous>b__7(IAsyncResult _)
   在 System.Web.Mvc.Async.AsyncResultWrapper.WrappedAsyncResult`1.End()
   在 System.Web.Mvc.Async.AsyncControllerActionInvoker.EndInvokeActionMethod(IAsyncResult asyncResult)
   在 System.Web.Mvc.Async.AsyncControllerActionInvoker.<>c__DisplayClass37.<>c__DisplayClass39.<BeginInvokeActionMethodWithFilters>b__33()
   在 System.Web.Mvc.Async.AsyncControllerActionInvoker.<>c__DisplayClass4f.<InvokeActionMethodFilterAsynchronously>b__49()
   在 System.Web.Mvc.Async.AsyncControllerActionInvoker.<>c__DisplayClass4f.<InvokeActionMethodFilterAsynchronously>b__49()
   在 System.Web.Mvc.Async.AsyncControllerActionInvoker.<>c__DisplayClass37.<BeginInvokeActionMethodWithFilters>b__36(IAsyncResult asyncResult)
   在 System.Web.Mvc.Async.AsyncResultWrapper.WrappedAsyncResult`1.End()
   在 System.Web.Mvc.Async.AsyncControllerActionInvoker.EndInvokeActionMethodWithFilters(IAsyncResult asyncResult)
   在 System.Web.Mvc.Async.AsyncControllerActionInvoker.<>c__DisplayClass25.<>c__DisplayClass2a.<BeginInvokeAction>b__20()
   在 System.Web.Mvc.Async.AsyncControllerActionInvoker.<>c__DisplayClass25.<BeginInvokeAction>b__22(IAsyncResult asyncResult)

2016-06-14  09:23:35	Error
System.ArgumentException: 对于“MHD.Original.Award.Controllers.ComicBooksController”中方法“System.Web.Mvc.ActionResult GetBookRankListByType(EFDal.Models.Enums.DragonAwardType, Int32)”的不可以为 null 的类型“EFDal.Models.Enums.DragonAwardType”的参数“type”，参数字典包含一个 null 项。可选参数必须为引用类型、可以为 null 的类型或声明为可选参数。
参数名: parameters
   在 System.Web.Mvc.ActionDescriptor.ExtractParameterFromDictionary(ParameterInfo parameterInfo, IDictionary`2 parameters, MethodInfo methodInfo)
   在 System.Web.Mvc.ReflectedActionDescriptor.<>c__DisplayClass1.<Execute>b__0(ParameterInfo parameterInfo)
   在 System.Linq.Enumerable.WhereSelectArrayIterator`2.MoveNext()
   在 System.Linq.Buffer`1..ctor(IEnumerable`1 source)
   在 System.Linq.Enumerable.ToArray[TSource](IEnumerable`1 source)
   在 System.Web.Mvc.ReflectedActionDescriptor.Execute(ControllerContext controllerContext, IDictionary`2 parameters)
   在 System.Web.Mvc.ControllerActionInvoker.InvokeActionMethod(ControllerContext controllerContext, ActionDescriptor actionDescriptor, IDictionary`2 parameters)
   在 System.Web.Mvc.Async.AsyncControllerActionInvoker.<>c__DisplayClass42.<BeginInvokeSynchronousActionMethod>b__41()
   在 System.Web.Mvc.Async.AsyncResultWrapper.<>c__DisplayClass8`1.<BeginSynchronous>b__7(IAsyncResult _)
   在 System.Web.Mvc.Async.AsyncResultWrapper.WrappedAsyncResult`1.End()
   在 System.Web.Mvc.Async.AsyncControllerActionInvoker.EndInvokeActionMethod(IAsyncResult asyncResult)
   在 System.Web.Mvc.Async.AsyncControllerActionInvoker.<>c__DisplayClass37.<>c__DisplayClass39.<BeginInvokeActionMethodWithFilters>b__33()
   在 System.Web.Mvc.Async.AsyncControllerActionInvoker.<>c__DisplayClass4f.<InvokeActionMethodFilterAsynchronously>b__49()
   在 System.Web.Mvc.Async.AsyncControllerActionInvoker.<>c__DisplayClass4f.<InvokeActionMethodFilterAsynchronously>b__49()
   在 System.Web.Mvc.Async.AsyncControllerActionInvoker.<>c__DisplayClass37.<BeginInvokeActionMethodWithFilters>b__36(IAsyncResult asyncResult)
   在 System.Web.Mvc.Async.AsyncResultWrapper.WrappedAsyncResult`1.End()
   在 System.Web.Mvc.Async.AsyncControllerActionInvoker.EndInvokeActionMethodWithFilters(IAsyncResult asyncResult)
   在 System.Web.Mvc.Async.AsyncControllerActionInvoker.<>c__DisplayClass25.<>c__DisplayClass2a.<BeginInvokeAction>b__20()
   在 System.Web.Mvc.Async.AsyncControllerActionInvoker.<>c__DisplayClass25.<BeginInvokeAction>b__22(IAsyncResult asyncResult)

2016-06-14  11:34:40	Error
System.ArgumentException: 对于“MHD.Original.Award.Controllers.ComicBooksController”中方法“System.Web.Mvc.ActionResult GetThisWeekRankListByType(EFDal.Models.Enums.DragonAwardType, Int32)”的不可以为 null 的类型“EFDal.Models.Enums.DragonAwardType”的参数“awardType”，参数字典包含一个 null 项。可选参数必须为引用类型、可以为 null 的类型或声明为可选参数。
参数名: parameters
   在 System.Web.Mvc.ActionDescriptor.ExtractParameterFromDictionary(ParameterInfo parameterInfo, IDictionary`2 parameters, MethodInfo methodInfo)
   在 System.Web.Mvc.ReflectedActionDescriptor.<>c__DisplayClass1.<Execute>b__0(ParameterInfo parameterInfo)
   在 System.Linq.Enumerable.WhereSelectArrayIterator`2.MoveNext()
   在 System.Linq.Buffer`1..ctor(IEnumerable`1 source)
   在 System.Linq.Enumerable.ToArray[TSource](IEnumerable`1 source)
   在 System.Web.Mvc.ReflectedActionDescriptor.Execute(ControllerContext controllerContext, IDictionary`2 parameters)
   在 System.Web.Mvc.ControllerActionInvoker.InvokeActionMethod(ControllerContext controllerContext, ActionDescriptor actionDescriptor, IDictionary`2 parameters)
   在 System.Web.Mvc.Async.AsyncControllerActionInvoker.<>c__DisplayClass42.<BeginInvokeSynchronousActionMethod>b__41()
   在 System.Web.Mvc.Async.AsyncResultWrapper.<>c__DisplayClass8`1.<BeginSynchronous>b__7(IAsyncResult _)
   在 System.Web.Mvc.Async.AsyncResultWrapper.WrappedAsyncResult`1.End()
   在 System.Web.Mvc.Async.AsyncControllerActionInvoker.EndInvokeActionMethod(IAsyncResult asyncResult)
   在 System.Web.Mvc.Async.AsyncControllerActionInvoker.<>c__DisplayClass37.<>c__DisplayClass39.<BeginInvokeActionMethodWithFilters>b__33()
   在 System.Web.Mvc.Async.AsyncControllerActionInvoker.<>c__DisplayClass4f.<InvokeActionMethodFilterAsynchronously>b__49()
   在 System.Web.Mvc.Async.AsyncControllerActionInvoker.<>c__DisplayClass4f.<InvokeActionMethodFilterAsynchronously>b__49()
   在 System.Web.Mvc.Async.AsyncControllerActionInvoker.<>c__DisplayClass37.<BeginInvokeActionMethodWithFilters>b__36(IAsyncResult asyncResult)
   在 System.Web.Mvc.Async.AsyncResultWrapper.WrappedAsyncResult`1.End()
   在 System.Web.Mvc.Async.AsyncControllerActionInvoker.EndInvokeActionMethodWithFilters(IAsyncResult asyncResult)
   在 System.Web.Mvc.Async.AsyncControllerActionInvoker.<>c__DisplayClass25.<>c__DisplayClass2a.<BeginInvokeAction>b__20()
   在 System.Web.Mvc.Async.AsyncControllerActionInvoker.<>c__DisplayClass25.<BeginInvokeAction>b__22(IAsyncResult asyncResult)

2016-06-14  11:34:56	Error
System.ArgumentException: 对于“MHD.Original.Award.Controllers.ComicBooksController”中方法“System.Web.Mvc.ActionResult GetThisWeekRankListByType(EFDal.Models.Enums.DragonAwardType, Int32)”的不可以为 null 的类型“EFDal.Models.Enums.DragonAwardType”的参数“awardType”，参数字典包含一个 null 项。可选参数必须为引用类型、可以为 null 的类型或声明为可选参数。
参数名: parameters
   在 System.Web.Mvc.ActionDescriptor.ExtractParameterFromDictionary(ParameterInfo parameterInfo, IDictionary`2 parameters, MethodInfo methodInfo)
   在 System.Web.Mvc.ReflectedActionDescriptor.<>c__DisplayClass1.<Execute>b__0(ParameterInfo parameterInfo)
   在 System.Linq.Enumerable.WhereSelectArrayIterator`2.MoveNext()
   在 System.Linq.Buffer`1..ctor(IEnumerable`1 source)
   在 System.Linq.Enumerable.ToArray[TSource](IEnumerable`1 source)
   在 System.Web.Mvc.ReflectedActionDescriptor.Execute(ControllerContext controllerContext, IDictionary`2 parameters)
   在 System.Web.Mvc.ControllerActionInvoker.InvokeActionMethod(ControllerContext controllerContext, ActionDescriptor actionDescriptor, IDictionary`2 parameters)
   在 System.Web.Mvc.Async.AsyncControllerActionInvoker.<>c__DisplayClass42.<BeginInvokeSynchronousActionMethod>b__41()
   在 System.Web.Mvc.Async.AsyncResultWrapper.<>c__DisplayClass8`1.<BeginSynchronous>b__7(IAsyncResult _)
   在 System.Web.Mvc.Async.AsyncResultWrapper.WrappedAsyncResult`1.End()
   在 System.Web.Mvc.Async.AsyncControllerActionInvoker.EndInvokeActionMethod(IAsyncResult asyncResult)
   在 System.Web.Mvc.Async.AsyncControllerActionInvoker.<>c__DisplayClass37.<>c__DisplayClass39.<BeginInvokeActionMethodWithFilters>b__33()
   在 System.Web.Mvc.Async.AsyncControllerActionInvoker.<>c__DisplayClass4f.<InvokeActionMethodFilterAsynchronously>b__49()
   在 System.Web.Mvc.Async.AsyncControllerActionInvoker.<>c__DisplayClass4f.<InvokeActionMethodFilterAsynchronously>b__49()
   在 System.Web.Mvc.Async.AsyncControllerActionInvoker.<>c__DisplayClass37.<BeginInvokeActionMethodWithFilters>b__36(IAsyncResult asyncResult)
   在 System.Web.Mvc.Async.AsyncResultWrapper.WrappedAsyncResult`1.End()
   在 System.Web.Mvc.Async.AsyncControllerActionInvoker.EndInvokeActionMethodWithFilters(IAsyncResult asyncResult)
   在 System.Web.Mvc.Async.AsyncControllerActionInvoker.<>c__DisplayClass25.<>c__DisplayClass2a.<BeginInvokeAction>b__20()
   在 System.Web.Mvc.Async.AsyncControllerActionInvoker.<>c__DisplayClass25.<BeginInvokeAction>b__22(IAsyncResult asyncResult)

2016-06-14  13:52:38	Error
System.ArgumentException: 对于“MHD.Original.Award.Controllers.ComicBooksController”中方法“System.Web.Mvc.ActionResult GetThisWeekRankListByType(EFDal.Models.Enums.DragonAwardType, Int32)”的不可以为 null 的类型“EFDal.Models.Enums.DragonAwardType”的参数“awardType”，参数字典包含一个 null 项。可选参数必须为引用类型、可以为 null 的类型或声明为可选参数。
参数名: parameters
   在 System.Web.Mvc.ActionDescriptor.ExtractParameterFromDictionary(ParameterInfo parameterInfo, IDictionary`2 parameters, MethodInfo methodInfo)
   在 System.Web.Mvc.ReflectedActionDescriptor.<>c__DisplayClass1.<Execute>b__0(ParameterInfo parameterInfo)
   在 System.Linq.Enumerable.WhereSelectArrayIterator`2.MoveNext()
   在 System.Linq.Buffer`1..ctor(IEnumerable`1 source)
   在 System.Linq.Enumerable.ToArray[TSource](IEnumerable`1 source)
   在 System.Web.Mvc.ReflectedActionDescriptor.Execute(ControllerContext controllerContext, IDictionary`2 parameters)
   在 System.Web.Mvc.ControllerActionInvoker.InvokeActionMethod(ControllerContext controllerContext, ActionDescriptor actionDescriptor, IDictionary`2 parameters)
   在 System.Web.Mvc.Async.AsyncControllerActionInvoker.<>c__DisplayClass42.<BeginInvokeSynchronousActionMethod>b__41()
   在 System.Web.Mvc.Async.AsyncResultWrapper.<>c__DisplayClass8`1.<BeginSynchronous>b__7(IAsyncResult _)
   在 System.Web.Mvc.Async.AsyncResultWrapper.WrappedAsyncResult`1.End()
   在 System.Web.Mvc.Async.AsyncControllerActionInvoker.EndInvokeActionMethod(IAsyncResult asyncResult)
   在 System.Web.Mvc.Async.AsyncControllerActionInvoker.<>c__DisplayClass37.<>c__DisplayClass39.<BeginInvokeActionMethodWithFilters>b__33()
   在 System.Web.Mvc.Async.AsyncControllerActionInvoker.<>c__DisplayClass4f.<InvokeActionMethodFilterAsynchronously>b__49()
   在 System.Web.Mvc.Async.AsyncControllerActionInvoker.<>c__DisplayClass4f.<InvokeActionMethodFilterAsynchronously>b__49()
   在 System.Web.Mvc.Async.AsyncControllerActionInvoker.<>c__DisplayClass37.<BeginInvokeActionMethodWithFilters>b__36(IAsyncResult asyncResult)
   在 System.Web.Mvc.Async.AsyncResultWrapper.WrappedAsyncResult`1.End()
   在 System.Web.Mvc.Async.AsyncControllerActionInvoker.EndInvokeActionMethodWithFilters(IAsyncResult asyncResult)
   在 System.Web.Mvc.Async.AsyncControllerActionInvoker.<>c__DisplayClass25.<>c__DisplayClass2a.<BeginInvokeAction>b__20()
   在 System.Web.Mvc.Async.AsyncControllerActionInvoker.<>c__DisplayClass25.<BeginInvokeAction>b__22(IAsyncResult asyncResult)

2016-06-14  13:52:39	Error
System.ArgumentException: 对于“MHD.Original.Award.Controllers.ComicBooksController”中方法“System.Web.Mvc.ActionResult GetThisWeekRankListByType(EFDal.Models.Enums.DragonAwardType, Int32)”的不可以为 null 的类型“EFDal.Models.Enums.DragonAwardType”的参数“awardType”，参数字典包含一个 null 项。可选参数必须为引用类型、可以为 null 的类型或声明为可选参数。
参数名: parameters
   在 System.Web.Mvc.ActionDescriptor.ExtractParameterFromDictionary(ParameterInfo parameterInfo, IDictionary`2 parameters, MethodInfo methodInfo)
   在 System.Web.Mvc.ReflectedActionDescriptor.<>c__DisplayClass1.<Execute>b__0(ParameterInfo parameterInfo)
   在 System.Linq.Enumerable.WhereSelectArrayIterator`2.MoveNext()
   在 System.Linq.Buffer`1..ctor(IEnumerable`1 source)
   在 System.Linq.Enumerable.ToArray[TSource](IEnumerable`1 source)
   在 System.Web.Mvc.ReflectedActionDescriptor.Execute(ControllerContext controllerContext, IDictionary`2 parameters)
   在 System.Web.Mvc.ControllerActionInvoker.InvokeActionMethod(ControllerContext controllerContext, ActionDescriptor actionDescriptor, IDictionary`2 parameters)
   在 System.Web.Mvc.Async.AsyncControllerActionInvoker.<>c__DisplayClass42.<BeginInvokeSynchronousActionMethod>b__41()
   在 System.Web.Mvc.Async.AsyncResultWrapper.<>c__DisplayClass8`1.<BeginSynchronous>b__7(IAsyncResult _)
   在 System.Web.Mvc.Async.AsyncResultWrapper.WrappedAsyncResult`1.End()
   在 System.Web.Mvc.Async.AsyncControllerActionInvoker.EndInvokeActionMethod(IAsyncResult asyncResult)
   在 System.Web.Mvc.Async.AsyncControllerActionInvoker.<>c__DisplayClass37.<>c__DisplayClass39.<BeginInvokeActionMethodWithFilters>b__33()
   在 System.Web.Mvc.Async.AsyncControllerActionInvoker.<>c__DisplayClass4f.<InvokeActionMethodFilterAsynchronously>b__49()
   在 System.Web.Mvc.Async.AsyncControllerActionInvoker.<>c__DisplayClass4f.<InvokeActionMethodFilterAsynchronously>b__49()
   在 System.Web.Mvc.Async.AsyncControllerActionInvoker.<>c__DisplayClass37.<BeginInvokeActionMethodWithFilters>b__36(IAsyncResult asyncResult)
   在 System.Web.Mvc.Async.AsyncResultWrapper.WrappedAsyncResult`1.End()
   在 System.Web.Mvc.Async.AsyncControllerActionInvoker.EndInvokeActionMethodWithFilters(IAsyncResult asyncResult)
   在 System.Web.Mvc.Async.AsyncControllerActionInvoker.<>c__DisplayClass25.<>c__DisplayClass2a.<BeginInvokeAction>b__20()
   在 System.Web.Mvc.Async.AsyncControllerActionInvoker.<>c__DisplayClass25.<BeginInvokeAction>b__22(IAsyncResult asyncResult)

2016-06-14  13:52:40	Error
System.ArgumentException: 对于“MHD.Original.Award.Controllers.ComicBooksController”中方法“System.Web.Mvc.ActionResult GetThisWeekRankListByType(EFDal.Models.Enums.DragonAwardType, Int32)”的不可以为 null 的类型“EFDal.Models.Enums.DragonAwardType”的参数“awardType”，参数字典包含一个 null 项。可选参数必须为引用类型、可以为 null 的类型或声明为可选参数。
参数名: parameters
   在 System.Web.Mvc.ActionDescriptor.ExtractParameterFromDictionary(ParameterInfo parameterInfo, IDictionary`2 parameters, MethodInfo methodInfo)
   在 System.Web.Mvc.ReflectedActionDescriptor.<>c__DisplayClass1.<Execute>b__0(ParameterInfo parameterInfo)
   在 System.Linq.Enumerable.WhereSelectArrayIterator`2.MoveNext()
   在 System.Linq.Buffer`1..ctor(IEnumerable`1 source)
   在 System.Linq.Enumerable.ToArray[TSource](IEnumerable`1 source)
   在 System.Web.Mvc.ReflectedActionDescriptor.Execute(ControllerContext controllerContext, IDictionary`2 parameters)
   在 System.Web.Mvc.ControllerActionInvoker.InvokeActionMethod(ControllerContext controllerContext, ActionDescriptor actionDescriptor, IDictionary`2 parameters)
   在 System.Web.Mvc.Async.AsyncControllerActionInvoker.<>c__DisplayClass42.<BeginInvokeSynchronousActionMethod>b__41()
   在 System.Web.Mvc.Async.AsyncResultWrapper.<>c__DisplayClass8`1.<BeginSynchronous>b__7(IAsyncResult _)
   在 System.Web.Mvc.Async.AsyncResultWrapper.WrappedAsyncResult`1.End()
   在 System.Web.Mvc.Async.AsyncControllerActionInvoker.EndInvokeActionMethod(IAsyncResult asyncResult)
   在 System.Web.Mvc.Async.AsyncControllerActionInvoker.<>c__DisplayClass37.<>c__DisplayClass39.<BeginInvokeActionMethodWithFilters>b__33()
   在 System.Web.Mvc.Async.AsyncControllerActionInvoker.<>c__DisplayClass4f.<InvokeActionMethodFilterAsynchronously>b__49()
   在 System.Web.Mvc.Async.AsyncControllerActionInvoker.<>c__DisplayClass4f.<InvokeActionMethodFilterAsynchronously>b__49()
   在 System.Web.Mvc.Async.AsyncControllerActionInvoker.<>c__DisplayClass37.<BeginInvokeActionMethodWithFilters>b__36(IAsyncResult asyncResult)
   在 System.Web.Mvc.Async.AsyncResultWrapper.WrappedAsyncResult`1.End()
   在 System.Web.Mvc.Async.AsyncControllerActionInvoker.EndInvokeActionMethodWithFilters(IAsyncResult asyncResult)
   在 System.Web.Mvc.Async.AsyncControllerActionInvoker.<>c__DisplayClass25.<>c__DisplayClass2a.<BeginInvokeAction>b__20()
   在 System.Web.Mvc.Async.AsyncControllerActionInvoker.<>c__DisplayClass25.<BeginInvokeAction>b__22(IAsyncResult asyncResult)

2016-06-14  13:52:41	Error
System.ArgumentException: 对于“MHD.Original.Award.Controllers.ComicBooksController”中方法“System.Web.Mvc.ActionResult GetThisWeekRankListByType(EFDal.Models.Enums.DragonAwardType, Int32)”的不可以为 null 的类型“EFDal.Models.Enums.DragonAwardType”的参数“awardType”，参数字典包含一个 null 项。可选参数必须为引用类型、可以为 null 的类型或声明为可选参数。
参数名: parameters
   在 System.Web.Mvc.ActionDescriptor.ExtractParameterFromDictionary(ParameterInfo parameterInfo, IDictionary`2 parameters, MethodInfo methodInfo)
   在 System.Web.Mvc.ReflectedActionDescriptor.<>c__DisplayClass1.<Execute>b__0(ParameterInfo parameterInfo)
   在 System.Linq.Enumerable.WhereSelectArrayIterator`2.MoveNext()
   在 System.Linq.Buffer`1..ctor(IEnumerable`1 source)
   在 System.Linq.Enumerable.ToArray[TSource](IEnumerable`1 source)
   在 System.Web.Mvc.ReflectedActionDescriptor.Execute(ControllerContext controllerContext, IDictionary`2 parameters)
   在 System.Web.Mvc.ControllerActionInvoker.InvokeActionMethod(ControllerContext controllerContext, ActionDescriptor actionDescriptor, IDictionary`2 parameters)
   在 System.Web.Mvc.Async.AsyncControllerActionInvoker.<>c__DisplayClass42.<BeginInvokeSynchronousActionMethod>b__41()
   在 System.Web.Mvc.Async.AsyncResultWrapper.<>c__DisplayClass8`1.<BeginSynchronous>b__7(IAsyncResult _)
   在 System.Web.Mvc.Async.AsyncResultWrapper.WrappedAsyncResult`1.End()
   在 System.Web.Mvc.Async.AsyncControllerActionInvoker.EndInvokeActionMethod(IAsyncResult asyncResult)
   在 System.Web.Mvc.Async.AsyncControllerActionInvoker.<>c__DisplayClass37.<>c__DisplayClass39.<BeginInvokeActionMethodWithFilters>b__33()
   在 System.Web.Mvc.Async.AsyncControllerActionInvoker.<>c__DisplayClass4f.<InvokeActionMethodFilterAsynchronously>b__49()
   在 System.Web.Mvc.Async.AsyncControllerActionInvoker.<>c__DisplayClass4f.<InvokeActionMethodFilterAsynchronously>b__49()
   在 System.Web.Mvc.Async.AsyncControllerActionInvoker.<>c__DisplayClass37.<BeginInvokeActionMethodWithFilters>b__36(IAsyncResult asyncResult)
   在 System.Web.Mvc.Async.AsyncResultWrapper.WrappedAsyncResult`1.End()
   在 System.Web.Mvc.Async.AsyncControllerActionInvoker.EndInvokeActionMethodWithFilters(IAsyncResult asyncResult)
   在 System.Web.Mvc.Async.AsyncControllerActionInvoker.<>c__DisplayClass25.<>c__DisplayClass2a.<BeginInvokeAction>b__20()
   在 System.Web.Mvc.Async.AsyncControllerActionInvoker.<>c__DisplayClass25.<BeginInvokeAction>b__22(IAsyncResult asyncResult)

2016-06-14  13:52:48	Error
System.ArgumentException: 对于“MHD.Original.Award.Controllers.ComicBooksController”中方法“System.Web.Mvc.ActionResult GetThisWeekRankListByType(EFDal.Models.Enums.DragonAwardType, Int32)”的不可以为 null 的类型“EFDal.Models.Enums.DragonAwardType”的参数“awardType”，参数字典包含一个 null 项。可选参数必须为引用类型、可以为 null 的类型或声明为可选参数。
参数名: parameters
   在 System.Web.Mvc.ActionDescriptor.ExtractParameterFromDictionary(ParameterInfo parameterInfo, IDictionary`2 parameters, MethodInfo methodInfo)
   在 System.Web.Mvc.ReflectedActionDescriptor.<>c__DisplayClass1.<Execute>b__0(ParameterInfo parameterInfo)
   在 System.Linq.Enumerable.WhereSelectArrayIterator`2.MoveNext()
   在 System.Linq.Buffer`1..ctor(IEnumerable`1 source)
   在 System.Linq.Enumerable.ToArray[TSource](IEnumerable`1 source)
   在 System.Web.Mvc.ReflectedActionDescriptor.Execute(ControllerContext controllerContext, IDictionary`2 parameters)
   在 System.Web.Mvc.ControllerActionInvoker.InvokeActionMethod(ControllerContext controllerContext, ActionDescriptor actionDescriptor, IDictionary`2 parameters)
   在 System.Web.Mvc.Async.AsyncControllerActionInvoker.<>c__DisplayClass42.<BeginInvokeSynchronousActionMethod>b__41()
   在 System.Web.Mvc.Async.AsyncResultWrapper.<>c__DisplayClass8`1.<BeginSynchronous>b__7(IAsyncResult _)
   在 System.Web.Mvc.Async.AsyncResultWrapper.WrappedAsyncResult`1.End()
   在 System.Web.Mvc.Async.AsyncControllerActionInvoker.EndInvokeActionMethod(IAsyncResult asyncResult)
   在 System.Web.Mvc.Async.AsyncControllerActionInvoker.<>c__DisplayClass37.<>c__DisplayClass39.<BeginInvokeActionMethodWithFilters>b__33()
   在 System.Web.Mvc.Async.AsyncControllerActionInvoker.<>c__DisplayClass4f.<InvokeActionMethodFilterAsynchronously>b__49()
   在 System.Web.Mvc.Async.AsyncControllerActionInvoker.<>c__DisplayClass4f.<InvokeActionMethodFilterAsynchronously>b__49()
   在 System.Web.Mvc.Async.AsyncControllerActionInvoker.<>c__DisplayClass37.<BeginInvokeActionMethodWithFilters>b__36(IAsyncResult asyncResult)
   在 System.Web.Mvc.Async.AsyncResultWrapper.WrappedAsyncResult`1.End()
   在 System.Web.Mvc.Async.AsyncControllerActionInvoker.EndInvokeActionMethodWithFilters(IAsyncResult asyncResult)
   在 System.Web.Mvc.Async.AsyncControllerActionInvoker.<>c__DisplayClass25.<>c__DisplayClass2a.<BeginInvokeAction>b__20()
   在 System.Web.Mvc.Async.AsyncControllerActionInvoker.<>c__DisplayClass25.<BeginInvokeAction>b__22(IAsyncResult asyncResult)

2016-06-14  13:52:49	Error
System.ArgumentException: 对于“MHD.Original.Award.Controllers.ComicBooksController”中方法“System.Web.Mvc.ActionResult GetThisWeekRankListByType(EFDal.Models.Enums.DragonAwardType, Int32)”的不可以为 null 的类型“EFDal.Models.Enums.DragonAwardType”的参数“awardType”，参数字典包含一个 null 项。可选参数必须为引用类型、可以为 null 的类型或声明为可选参数。
参数名: parameters
   在 System.Web.Mvc.ActionDescriptor.ExtractParameterFromDictionary(ParameterInfo parameterInfo, IDictionary`2 parameters, MethodInfo methodInfo)
   在 System.Web.Mvc.ReflectedActionDescriptor.<>c__DisplayClass1.<Execute>b__0(ParameterInfo parameterInfo)
   在 System.Linq.Enumerable.WhereSelectArrayIterator`2.MoveNext()
   在 System.Linq.Buffer`1..ctor(IEnumerable`1 source)
   在 System.Linq.Enumerable.ToArray[TSource](IEnumerable`1 source)
   在 System.Web.Mvc.ReflectedActionDescriptor.Execute(ControllerContext controllerContext, IDictionary`2 parameters)
   在 System.Web.Mvc.ControllerActionInvoker.InvokeActionMethod(ControllerContext controllerContext, ActionDescriptor actionDescriptor, IDictionary`2 parameters)
   在 System.Web.Mvc.Async.AsyncControllerActionInvoker.<>c__DisplayClass42.<BeginInvokeSynchronousActionMethod>b__41()
   在 System.Web.Mvc.Async.AsyncResultWrapper.<>c__DisplayClass8`1.<BeginSynchronous>b__7(IAsyncResult _)
   在 System.Web.Mvc.Async.AsyncResultWrapper.WrappedAsyncResult`1.End()
   在 System.Web.Mvc.Async.AsyncControllerActionInvoker.EndInvokeActionMethod(IAsyncResult asyncResult)
   在 System.Web.Mvc.Async.AsyncControllerActionInvoker.<>c__DisplayClass37.<>c__DisplayClass39.<BeginInvokeActionMethodWithFilters>b__33()
   在 System.Web.Mvc.Async.AsyncControllerActionInvoker.<>c__DisplayClass4f.<InvokeActionMethodFilterAsynchronously>b__49()
   在 System.Web.Mvc.Async.AsyncControllerActionInvoker.<>c__DisplayClass4f.<InvokeActionMethodFilterAsynchronously>b__49()
   在 System.Web.Mvc.Async.AsyncControllerActionInvoker.<>c__DisplayClass37.<BeginInvokeActionMethodWithFilters>b__36(IAsyncResult asyncResult)
   在 System.Web.Mvc.Async.AsyncResultWrapper.WrappedAsyncResult`1.End()
   在 System.Web.Mvc.Async.AsyncControllerActionInvoker.EndInvokeActionMethodWithFilters(IAsyncResult asyncResult)
   在 System.Web.Mvc.Async.AsyncControllerActionInvoker.<>c__DisplayClass25.<>c__DisplayClass2a.<BeginInvokeAction>b__20()
   在 System.Web.Mvc.Async.AsyncControllerActionInvoker.<>c__DisplayClass25.<BeginInvokeAction>b__22(IAsyncResult asyncResult)

2016-06-14  13:52:55	Error
System.ArgumentException: 对于“MHD.Original.Award.Controllers.ComicBooksController”中方法“System.Web.Mvc.ActionResult GetThisWeekRankListByType(EFDal.Models.Enums.DragonAwardType, Int32)”的不可以为 null 的类型“EFDal.Models.Enums.DragonAwardType”的参数“awardType”，参数字典包含一个 null 项。可选参数必须为引用类型、可以为 null 的类型或声明为可选参数。
参数名: parameters
   在 System.Web.Mvc.ActionDescriptor.ExtractParameterFromDictionary(ParameterInfo parameterInfo, IDictionary`2 parameters, MethodInfo methodInfo)
   在 System.Web.Mvc.ReflectedActionDescriptor.<>c__DisplayClass1.<Execute>b__0(ParameterInfo parameterInfo)
   在 System.Linq.Enumerable.WhereSelectArrayIterator`2.MoveNext()
   在 System.Linq.Buffer`1..ctor(IEnumerable`1 source)
   在 System.Linq.Enumerable.ToArray[TSource](IEnumerable`1 source)
   在 System.Web.Mvc.ReflectedActionDescriptor.Execute(ControllerContext controllerContext, IDictionary`2 parameters)
   在 System.Web.Mvc.ControllerActionInvoker.InvokeActionMethod(ControllerContext controllerContext, ActionDescriptor actionDescriptor, IDictionary`2 parameters)
   在 System.Web.Mvc.Async.AsyncControllerActionInvoker.<>c__DisplayClass42.<BeginInvokeSynchronousActionMethod>b__41()
   在 System.Web.Mvc.Async.AsyncResultWrapper.<>c__DisplayClass8`1.<BeginSynchronous>b__7(IAsyncResult _)
   在 System.Web.Mvc.Async.AsyncResultWrapper.WrappedAsyncResult`1.End()
   在 System.Web.Mvc.Async.AsyncControllerActionInvoker.EndInvokeActionMethod(IAsyncResult asyncResult)
   在 System.Web.Mvc.Async.AsyncControllerActionInvoker.<>c__DisplayClass37.<>c__DisplayClass39.<BeginInvokeActionMethodWithFilters>b__33()
   在 System.Web.Mvc.Async.AsyncControllerActionInvoker.<>c__DisplayClass4f.<InvokeActionMethodFilterAsynchronously>b__49()
   在 System.Web.Mvc.Async.AsyncControllerActionInvoker.<>c__DisplayClass4f.<InvokeActionMethodFilterAsynchronously>b__49()
   在 System.Web.Mvc.Async.AsyncControllerActionInvoker.<>c__DisplayClass37.<BeginInvokeActionMethodWithFilters>b__36(IAsyncResult asyncResult)
   在 System.Web.Mvc.Async.AsyncResultWrapper.WrappedAsyncResult`1.End()
   在 System.Web.Mvc.Async.AsyncControllerActionInvoker.EndInvokeActionMethodWithFilters(IAsyncResult asyncResult)
   在 System.Web.Mvc.Async.AsyncControllerActionInvoker.<>c__DisplayClass25.<>c__DisplayClass2a.<BeginInvokeAction>b__20()
   在 System.Web.Mvc.Async.AsyncControllerActionInvoker.<>c__DisplayClass25.<BeginInvokeAction>b__22(IAsyncResult asyncResult)

2016-06-14  14:05:56	Error
System.Web.HttpException (0x80004005): 执行处理程序“System.Web.Mvc.HttpHandlerUtil+ServerExecuteHttpHandlerAsyncWrapper”的子请求时出错。 ---> System.Web.HttpException (0x80004005): 子请求执行失败。有关更多信息，请检查 InnerException。 ---> System.Web.HttpException (0x80004005): 在控制器“MHD.Original.Award.Controllers.ComicBooksController”上未找到公共操作方法“GetCurrentWeekRankListByType”。
   在 System.Web.Mvc.Controller.HandleUnknownAction(String actionName)
   在 System.Web.Mvc.Controller.<>c__DisplayClass1d.<BeginExecuteCore>b__18(IAsyncResult asyncResult)
   在 System.Web.Mvc.Async.AsyncResultWrapper.<>c__DisplayClass4.<MakeVoidDelegate>b__3(IAsyncResult ar)
   在 System.Web.Mvc.Async.AsyncResultWrapper.WrappedAsyncResult`1.End()
   在 System.Web.Mvc.Controller.EndExecuteCore(IAsyncResult asyncResult)
   在 System.Web.Mvc.Async.AsyncResultWrapper.<>c__DisplayClass4.<MakeVoidDelegate>b__3(IAsyncResult ar)
   在 System.Web.Mvc.Async.AsyncResultWrapper.WrappedAsyncResult`1.End()
   在 System.Web.Mvc.Controller.EndExecute(IAsyncResult asyncResult)
   在 System.Web.Mvc.Controller.System.Web.Mvc.Async.IAsyncController.EndExecute(IAsyncResult asyncResult)
   在 System.Web.Mvc.MvcHandler.<>c__DisplayClass8.<BeginProcessRequest>b__3(IAsyncResult asyncResult)
   在 System.Web.Mvc.Async.AsyncResultWrapper.<>c__DisplayClass4.<MakeVoidDelegate>b__3(IAsyncResult ar)
   在 System.Web.Mvc.Async.AsyncResultWrapper.WrappedAsyncResult`1.End()
   在 System.Web.Mvc.MvcHandler.EndProcessRequest(IAsyncResult asyncResult)
   在 System.Web.Mvc.MvcHandler.System.Web.IHttpAsyncHandler.EndProcessRequest(IAsyncResult result)
   在 System.Web.Mvc.HttpHandlerUtil.ServerExecuteHttpHandlerAsyncWrapper.<>c__DisplayClassa.<EndProcessRequest>b__9()
   在 System.Web.Mvc.HttpHandlerUtil.ServerExecuteHttpHandlerWrapper.<>c__DisplayClass4.<Wrap>b__3()
   在 System.Web.Mvc.HttpHandlerUtil.ServerExecuteHttpHandlerWrapper.Wrap[TResult](Func`1 func)
   在 System.Web.Mvc.HttpHandlerUtil.ServerExecuteHttpHandlerWrapper.Wrap[TResult](Func`1 func)
   在 System.Web.Mvc.HttpHandlerUtil.ServerExecuteHttpHandlerWrapper.Wrap(Action action)
   在 System.Web.Mvc.HttpHandlerUtil.ServerExecuteHttpHandlerAsyncWrapper.EndProcessRequest(IAsyncResult result)
   在 System.Web.HttpServerUtility.ExecuteInternal(IHttpHandler handler, TextWriter writer, Boolean preserveForm, Boolean setPreviousPage, VirtualPath path, VirtualPath filePath, String physPath, Exception error, String queryStringOverride)
   在 System.Web.HttpServerUtility.ExecuteInternal(IHttpHandler handler, TextWriter writer, Boolean preserveForm, Boolean setPreviousPage, VirtualPath path, VirtualPath filePath, String physPath, Exception error, String queryStringOverride)
   在 System.Web.HttpServerUtility.Execute(IHttpHandler handler, TextWriter writer, Boolean preserveForm, Boolean setPreviousPage)
   在 System.Web.HttpServerUtility.Execute(IHttpHandler handler, TextWriter writer, Boolean preserveForm)
   在 System.Web.HttpServerUtilityWrapper.Execute(IHttpHandler handler, TextWriter writer, Boolean preserveForm)
   在 System.Web.Mvc.Html.ChildActionExtensions.ActionHelper(HtmlHelper htmlHelper, String actionName, String controllerName, RouteValueDictionary routeValues, TextWriter textWriter)
   在 System.Web.Mvc.Html.ChildActionExtensions.Action(HtmlHelper htmlHelper, String actionName, String controllerName, RouteValueDictionary routeValues)
   在 System.Web.Mvc.Html.ChildActionExtensions.Action(HtmlHelper htmlHelper, String actionName, String controllerName, Object routeValues)
   在 ASP._Page_Views_Home_Vote_cshtml.Execute() 位置 e:\20160316\Solution_Comic_v1.0\MHD.Original.Award\Views\Home\Vote.cshtml:行号 112
   在 System.Web.WebPages.WebPageBase.ExecutePageHierarchy()
   在 System.Web.Mvc.WebViewPage.ExecutePageHierarchy()
   在 System.Web.WebPages.StartPage.RunPage()
   在 System.Web.WebPages.StartPage.ExecutePageHierarchy()
   在 System.Web.WebPages.WebPageBase.ExecutePageHierarchy(WebPageContext pageContext, TextWriter writer, WebPageRenderingBase startPage)
   在 System.Web.Mvc.RazorView.RenderView(ViewContext viewContext, TextWriter writer, Object instance)
   在 System.Web.Mvc.BuildManagerCompiledView.Render(ViewContext viewContext, TextWriter writer)
   在 System.Web.Mvc.ViewResultBase.ExecuteResult(ControllerContext context)
   在 System.Web.Mvc.ControllerActionInvoker.InvokeActionResult(ControllerContext controllerContext, ActionResult actionResult)
   在 System.Web.Mvc.ControllerActionInvoker.<>c__DisplayClass1a.<InvokeActionResultWithFilters>b__17()
   在 System.Web.Mvc.ControllerActionInvoker.InvokeActionResultFilter(IResultFilter filter, ResultExecutingContext preContext, Func`1 continuation)
   在 System.Web.Mvc.ControllerActionInvoker.<>c__DisplayClass1a.<>c__DisplayClass1c.<InvokeActionResultWithFilters>b__19()
   在 System.Web.Mvc.ControllerActionInvoker.InvokeActionResultFilter(IResultFilter filter, ResultExecutingContext preContext, Func`1 continuation)
   在 System.Web.Mvc.ControllerActionInvoker.<>c__DisplayClass1a.<>c__DisplayClass1c.<InvokeActionResultWithFilters>b__19()
   在 System.Web.Mvc.ControllerActionInvoker.InvokeActionResultWithFilters(ControllerContext controllerContext, IList`1 filters, ActionResult actionResult)
   在 System.Web.Mvc.Async.AsyncControllerActionInvoker.<>c__DisplayClass25.<>c__DisplayClass2a.<BeginInvokeAction>b__20()
   在 System.Web.Mvc.Async.AsyncControllerActionInvoker.<>c__DisplayClass25.<BeginInvokeAction>b__22(IAsyncResult asyncResult)

2016-06-14  14:05:56	Error
System.Web.HttpException (0x80004005): 执行处理程序“System.Web.Mvc.HttpHandlerUtil+ServerExecuteHttpHandlerAsyncWrapper”的子请求时出错。 ---> System.Web.HttpException (0x80004005): 子请求执行失败。有关更多信息，请检查 InnerException。 ---> System.Web.HttpException (0x80004005): 在控制器“MHD.Original.Award.Controllers.ComicBooksController”上未找到公共操作方法“GetCurrentWeekRankListByType”。
   在 System.Web.Mvc.Controller.HandleUnknownAction(String actionName)
   在 System.Web.Mvc.Controller.<>c__DisplayClass1d.<BeginExecuteCore>b__18(IAsyncResult asyncResult)
   在 System.Web.Mvc.Async.AsyncResultWrapper.<>c__DisplayClass4.<MakeVoidDelegate>b__3(IAsyncResult ar)
   在 System.Web.Mvc.Async.AsyncResultWrapper.WrappedAsyncResult`1.End()
   在 System.Web.Mvc.Controller.EndExecuteCore(IAsyncResult asyncResult)
   在 System.Web.Mvc.Async.AsyncResultWrapper.<>c__DisplayClass4.<MakeVoidDelegate>b__3(IAsyncResult ar)
   在 System.Web.Mvc.Async.AsyncResultWrapper.WrappedAsyncResult`1.End()
   在 System.Web.Mvc.Controller.EndExecute(IAsyncResult asyncResult)
   在 System.Web.Mvc.Controller.System.Web.Mvc.Async.IAsyncController.EndExecute(IAsyncResult asyncResult)
   在 System.Web.Mvc.MvcHandler.<>c__DisplayClass8.<BeginProcessRequest>b__3(IAsyncResult asyncResult)
   在 System.Web.Mvc.Async.AsyncResultWrapper.<>c__DisplayClass4.<MakeVoidDelegate>b__3(IAsyncResult ar)
   在 System.Web.Mvc.Async.AsyncResultWrapper.WrappedAsyncResult`1.End()
   在 System.Web.Mvc.MvcHandler.EndProcessRequest(IAsyncResult asyncResult)
   在 System.Web.Mvc.MvcHandler.System.Web.IHttpAsyncHandler.EndProcessRequest(IAsyncResult result)
   在 System.Web.Mvc.HttpHandlerUtil.ServerExecuteHttpHandlerAsyncWrapper.<>c__DisplayClassa.<EndProcessRequest>b__9()
   在 System.Web.Mvc.HttpHandlerUtil.ServerExecuteHttpHandlerWrapper.<>c__DisplayClass4.<Wrap>b__3()
   在 System.Web.Mvc.HttpHandlerUtil.ServerExecuteHttpHandlerWrapper.Wrap[TResult](Func`1 func)
   在 System.Web.Mvc.HttpHandlerUtil.ServerExecuteHttpHandlerWrapper.Wrap[TResult](Func`1 func)
   在 System.Web.Mvc.HttpHandlerUtil.ServerExecuteHttpHandlerWrapper.Wrap(Action action)
   在 System.Web.Mvc.HttpHandlerUtil.ServerExecuteHttpHandlerAsyncWrapper.EndProcessRequest(IAsyncResult result)
   在 System.Web.HttpServerUtility.ExecuteInternal(IHttpHandler handler, TextWriter writer, Boolean preserveForm, Boolean setPreviousPage, VirtualPath path, VirtualPath filePath, String physPath, Exception error, String queryStringOverride)
   在 System.Web.HttpServerUtility.ExecuteInternal(IHttpHandler handler, TextWriter writer, Boolean preserveForm, Boolean setPreviousPage, VirtualPath path, VirtualPath filePath, String physPath, Exception error, String queryStringOverride)
   在 System.Web.HttpServerUtility.Execute(IHttpHandler handler, TextWriter writer, Boolean preserveForm, Boolean setPreviousPage)
   在 System.Web.HttpServerUtility.Execute(IHttpHandler handler, TextWriter writer, Boolean preserveForm)
   在 System.Web.HttpServerUtilityWrapper.Execute(IHttpHandler handler, TextWriter writer, Boolean preserveForm)
   在 System.Web.Mvc.Html.ChildActionExtensions.ActionHelper(HtmlHelper htmlHelper, String actionName, String controllerName, RouteValueDictionary routeValues, TextWriter textWriter)
   在 System.Web.Mvc.Html.ChildActionExtensions.Action(HtmlHelper htmlHelper, String actionName, String controllerName, RouteValueDictionary routeValues)
   在 System.Web.Mvc.Html.ChildActionExtensions.Action(HtmlHelper htmlHelper, String actionName, String controllerName, Object routeValues)
   在 ASP._Page_Views_Home_Vote_cshtml.Execute() 位置 e:\20160316\Solution_Comic_v1.0\MHD.Original.Award\Views\Home\Vote.cshtml:行号 112
   在 System.Web.WebPages.WebPageBase.ExecutePageHierarchy()
   在 System.Web.Mvc.WebViewPage.ExecutePageHierarchy()
   在 System.Web.WebPages.StartPage.RunPage()
   在 System.Web.WebPages.StartPage.ExecutePageHierarchy()
   在 System.Web.WebPages.WebPageBase.ExecutePageHierarchy(WebPageContext pageContext, TextWriter writer, WebPageRenderingBase startPage)
   在 System.Web.Mvc.RazorView.RenderView(ViewContext viewContext, TextWriter writer, Object instance)
   在 System.Web.Mvc.BuildManagerCompiledView.Render(ViewContext viewContext, TextWriter writer)
   在 System.Web.Mvc.ViewResultBase.ExecuteResult(ControllerContext context)
   在 System.Web.Mvc.ControllerActionInvoker.InvokeActionResult(ControllerContext controllerContext, ActionResult actionResult)
   在 System.Web.Mvc.ControllerActionInvoker.<>c__DisplayClass1a.<InvokeActionResultWithFilters>b__17()
   在 System.Web.Mvc.ControllerActionInvoker.InvokeActionResultFilter(IResultFilter filter, ResultExecutingContext preContext, Func`1 continuation)
   在 System.Web.Mvc.ControllerActionInvoker.<>c__DisplayClass1a.<>c__DisplayClass1c.<InvokeActionResultWithFilters>b__19()
   在 System.Web.Mvc.ControllerActionInvoker.InvokeActionResultFilter(IResultFilter filter, ResultExecutingContext preContext, Func`1 continuation)
   在 System.Web.Mvc.ControllerActionInvoker.<>c__DisplayClass1a.<>c__DisplayClass1c.<InvokeActionResultWithFilters>b__19()
   在 System.Web.Mvc.ControllerActionInvoker.InvokeActionResultWithFilters(ControllerContext controllerContext, IList`1 filters, ActionResult actionResult)
   在 System.Web.Mvc.Async.AsyncControllerActionInvoker.<>c__DisplayClass25.<>c__DisplayClass2a.<BeginInvokeAction>b__20()
   在 System.Web.Mvc.Async.AsyncControllerActionInvoker.<>c__DisplayClass25.<BeginInvokeAction>b__22(IAsyncResult asyncResult)

2016-06-14  17:40:26	Error
System.ArgumentException: 对于“MHD.Original.Award.Controllers.ComicBooksController”中方法“System.Web.Mvc.ActionResult SearchBookList(EFDal.Models.Enums.DragonAwardType, System.String, Boolean, Int32, Int32, Int32)”的不可以为 null 的类型“EFDal.Models.Enums.DragonAwardType”的参数“type”，参数字典包含一个 null 项。可选参数必须为引用类型、可以为 null 的类型或声明为可选参数。
参数名: parameters
   在 System.Web.Mvc.ActionDescriptor.ExtractParameterFromDictionary(ParameterInfo parameterInfo, IDictionary`2 parameters, MethodInfo methodInfo)
   在 System.Web.Mvc.ReflectedActionDescriptor.<>c__DisplayClass1.<Execute>b__0(ParameterInfo parameterInfo)
   在 System.Linq.Enumerable.WhereSelectArrayIterator`2.MoveNext()
   在 System.Linq.Buffer`1..ctor(IEnumerable`1 source)
   在 System.Linq.Enumerable.ToArray[TSource](IEnumerable`1 source)
   在 System.Web.Mvc.ReflectedActionDescriptor.Execute(ControllerContext controllerContext, IDictionary`2 parameters)
   在 System.Web.Mvc.ControllerActionInvoker.InvokeActionMethod(ControllerContext controllerContext, ActionDescriptor actionDescriptor, IDictionary`2 parameters)
   在 System.Web.Mvc.Async.AsyncControllerActionInvoker.<>c__DisplayClass42.<BeginInvokeSynchronousActionMethod>b__41()
   在 System.Web.Mvc.Async.AsyncResultWrapper.<>c__DisplayClass8`1.<BeginSynchronous>b__7(IAsyncResult _)
   在 System.Web.Mvc.Async.AsyncResultWrapper.WrappedAsyncResult`1.End()
   在 System.Web.Mvc.Async.AsyncControllerActionInvoker.EndInvokeActionMethod(IAsyncResult asyncResult)
   在 System.Web.Mvc.Async.AsyncControllerActionInvoker.<>c__DisplayClass37.<>c__DisplayClass39.<BeginInvokeActionMethodWithFilters>b__33()
   在 System.Web.Mvc.Async.AsyncControllerActionInvoker.<>c__DisplayClass4f.<InvokeActionMethodFilterAsynchronously>b__49()
   在 System.Web.Mvc.Async.AsyncControllerActionInvoker.<>c__DisplayClass4f.<InvokeActionMethodFilterAsynchronously>b__49()
   在 System.Web.Mvc.Async.AsyncControllerActionInvoker.<>c__DisplayClass37.<BeginInvokeActionMethodWithFilters>b__36(IAsyncResult asyncResult)
   在 System.Web.Mvc.Async.AsyncResultWrapper.WrappedAsyncResult`1.End()
   在 System.Web.Mvc.Async.AsyncControllerActionInvoker.EndInvokeActionMethodWithFilters(IAsyncResult asyncResult)
   在 System.Web.Mvc.Async.AsyncControllerActionInvoker.<>c__DisplayClass25.<>c__DisplayClass2a.<BeginInvokeAction>b__20()
   在 System.Web.Mvc.Async.AsyncControllerActionInvoker.<>c__DisplayClass25.<BeginInvokeAction>b__22(IAsyncResult asyncResult)

2016-06-14  18:01:53	Error
System.ArgumentException: 对于“MHD.Original.Award.Controllers.ComicBooksController”中方法“System.Web.Mvc.ActionResult SearchBookList(EFDal.Models.Enums.DragonAwardType, System.String, Boolean, Int32, Int32, Int32)”的不可以为 null 的类型“EFDal.Models.Enums.DragonAwardType”的参数“type”，参数字典包含一个 null 项。可选参数必须为引用类型、可以为 null 的类型或声明为可选参数。
参数名: parameters
   在 System.Web.Mvc.ActionDescriptor.ExtractParameterFromDictionary(ParameterInfo parameterInfo, IDictionary`2 parameters, MethodInfo methodInfo)
   在 System.Web.Mvc.ReflectedActionDescriptor.<>c__DisplayClass1.<Execute>b__0(ParameterInfo parameterInfo)
   在 System.Linq.Enumerable.WhereSelectArrayIterator`2.MoveNext()
   在 System.Linq.Buffer`1..ctor(IEnumerable`1 source)
   在 System.Linq.Enumerable.ToArray[TSource](IEnumerable`1 source)
   在 System.Web.Mvc.ReflectedActionDescriptor.Execute(ControllerContext controllerContext, IDictionary`2 parameters)
   在 System.Web.Mvc.ControllerActionInvoker.InvokeActionMethod(ControllerContext controllerContext, ActionDescriptor actionDescriptor, IDictionary`2 parameters)
   在 System.Web.Mvc.Async.AsyncControllerActionInvoker.<>c__DisplayClass42.<BeginInvokeSynchronousActionMethod>b__41()
   在 System.Web.Mvc.Async.AsyncResultWrapper.<>c__DisplayClass8`1.<BeginSynchronous>b__7(IAsyncResult _)
   在 System.Web.Mvc.Async.AsyncResultWrapper.WrappedAsyncResult`1.End()
   在 System.Web.Mvc.Async.AsyncControllerActionInvoker.EndInvokeActionMethod(IAsyncResult asyncResult)
   在 System.Web.Mvc.Async.AsyncControllerActionInvoker.<>c__DisplayClass37.<>c__DisplayClass39.<BeginInvokeActionMethodWithFilters>b__33()
   在 System.Web.Mvc.Async.AsyncControllerActionInvoker.<>c__DisplayClass4f.<InvokeActionMethodFilterAsynchronously>b__49()
   在 System.Web.Mvc.Async.AsyncControllerActionInvoker.<>c__DisplayClass4f.<InvokeActionMethodFilterAsynchronously>b__49()
   在 System.Web.Mvc.Async.AsyncControllerActionInvoker.<>c__DisplayClass37.<BeginInvokeActionMethodWithFilters>b__36(IAsyncResult asyncResult)
   在 System.Web.Mvc.Async.AsyncResultWrapper.WrappedAsyncResult`1.End()
   在 System.Web.Mvc.Async.AsyncControllerActionInvoker.EndInvokeActionMethodWithFilters(IAsyncResult asyncResult)
   在 System.Web.Mvc.Async.AsyncControllerActionInvoker.<>c__DisplayClass25.<>c__DisplayClass2a.<BeginInvokeAction>b__20()
   在 System.Web.Mvc.Async.AsyncControllerActionInvoker.<>c__DisplayClass25.<BeginInvokeAction>b__22(IAsyncResult asyncResult)

2016-06-14  18:17:35	Error
System.ArgumentException: 对于“MHD.Original.Award.Controllers.ComicBooksController”中方法“System.Web.Mvc.ActionResult SearchBookList(EFDal.Models.Enums.DragonAwardType, System.String, Boolean, Int32, Int32, Int32)”的不可以为 null 的类型“EFDal.Models.Enums.DragonAwardType”的参数“type”，参数字典包含一个 null 项。可选参数必须为引用类型、可以为 null 的类型或声明为可选参数。
参数名: parameters
   在 System.Web.Mvc.ActionDescriptor.ExtractParameterFromDictionary(ParameterInfo parameterInfo, IDictionary`2 parameters, MethodInfo methodInfo)
   在 System.Web.Mvc.ReflectedActionDescriptor.<>c__DisplayClass1.<Execute>b__0(ParameterInfo parameterInfo)
   在 System.Linq.Enumerable.WhereSelectArrayIterator`2.MoveNext()
   在 System.Linq.Buffer`1..ctor(IEnumerable`1 source)
   在 System.Linq.Enumerable.ToArray[TSource](IEnumerable`1 source)
   在 System.Web.Mvc.ReflectedActionDescriptor.Execute(ControllerContext controllerContext, IDictionary`2 parameters)
   在 System.Web.Mvc.ControllerActionInvoker.InvokeActionMethod(ControllerContext controllerContext, ActionDescriptor actionDescriptor, IDictionary`2 parameters)
   在 System.Web.Mvc.Async.AsyncControllerActionInvoker.<>c__DisplayClass42.<BeginInvokeSynchronousActionMethod>b__41()
   在 System.Web.Mvc.Async.AsyncResultWrapper.<>c__DisplayClass8`1.<BeginSynchronous>b__7(IAsyncResult _)
   在 System.Web.Mvc.Async.AsyncResultWrapper.WrappedAsyncResult`1.End()
   在 System.Web.Mvc.Async.AsyncControllerActionInvoker.EndInvokeActionMethod(IAsyncResult asyncResult)
   在 System.Web.Mvc.Async.AsyncControllerActionInvoker.<>c__DisplayClass37.<>c__DisplayClass39.<BeginInvokeActionMethodWithFilters>b__33()
   在 System.Web.Mvc.Async.AsyncControllerActionInvoker.<>c__DisplayClass4f.<InvokeActionMethodFilterAsynchronously>b__49()
   在 System.Web.Mvc.Async.AsyncControllerActionInvoker.<>c__DisplayClass4f.<InvokeActionMethodFilterAsynchronously>b__49()
   在 System.Web.Mvc.Async.AsyncControllerActionInvoker.<>c__DisplayClass37.<BeginInvokeActionMethodWithFilters>b__36(IAsyncResult asyncResult)
   在 System.Web.Mvc.Async.AsyncResultWrapper.WrappedAsyncResult`1.End()
   在 System.Web.Mvc.Async.AsyncControllerActionInvoker.EndInvokeActionMethodWithFilters(IAsyncResult asyncResult)
   在 System.Web.Mvc.Async.AsyncControllerActionInvoker.<>c__DisplayClass25.<>c__DisplayClass2a.<BeginInvokeAction>b__20()
   在 System.Web.Mvc.Async.AsyncControllerActionInvoker.<>c__DisplayClass25.<BeginInvokeAction>b__22(IAsyncResult asyncResult)

2016-06-14  19:28:34	Error
System.ArgumentException: 对于“MHD.Original.Award.Controllers.ComicBooksController”中方法“System.Web.Mvc.ActionResult SearchBookList(EFDal.Models.Enums.DragonAwardType, System.String, Boolean, Int32, Int32, Int32)”的不可以为 null 的类型“EFDal.Models.Enums.DragonAwardType”的参数“type”，参数字典包含一个 null 项。可选参数必须为引用类型、可以为 null 的类型或声明为可选参数。
参数名: parameters
   在 System.Web.Mvc.ActionDescriptor.ExtractParameterFromDictionary(ParameterInfo parameterInfo, IDictionary`2 parameters, MethodInfo methodInfo)
   在 System.Web.Mvc.ReflectedActionDescriptor.<>c__DisplayClass1.<Execute>b__0(ParameterInfo parameterInfo)
   在 System.Linq.Enumerable.WhereSelectArrayIterator`2.MoveNext()
   在 System.Linq.Buffer`1..ctor(IEnumerable`1 source)
   在 System.Linq.Enumerable.ToArray[TSource](IEnumerable`1 source)
   在 System.Web.Mvc.ReflectedActionDescriptor.Execute(ControllerContext controllerContext, IDictionary`2 parameters)
   在 System.Web.Mvc.ControllerActionInvoker.InvokeActionMethod(ControllerContext controllerContext, ActionDescriptor actionDescriptor, IDictionary`2 parameters)
   在 System.Web.Mvc.Async.AsyncControllerActionInvoker.<>c__DisplayClass42.<BeginInvokeSynchronousActionMethod>b__41()
   在 System.Web.Mvc.Async.AsyncResultWrapper.<>c__DisplayClass8`1.<BeginSynchronous>b__7(IAsyncResult _)
   在 System.Web.Mvc.Async.AsyncResultWrapper.WrappedAsyncResult`1.End()
   在 System.Web.Mvc.Async.AsyncControllerActionInvoker.EndInvokeActionMethod(IAsyncResult asyncResult)
   在 System.Web.Mvc.Async.AsyncControllerActionInvoker.<>c__DisplayClass37.<>c__DisplayClass39.<BeginInvokeActionMethodWithFilters>b__33()
   在 System.Web.Mvc.Async.AsyncControllerActionInvoker.<>c__DisplayClass4f.<InvokeActionMethodFilterAsynchronously>b__49()
   在 System.Web.Mvc.Async.AsyncControllerActionInvoker.<>c__DisplayClass4f.<InvokeActionMethodFilterAsynchronously>b__49()
   在 System.Web.Mvc.Async.AsyncControllerActionInvoker.<>c__DisplayClass37.<BeginInvokeActionMethodWithFilters>b__36(IAsyncResult asyncResult)
   在 System.Web.Mvc.Async.AsyncResultWrapper.WrappedAsyncResult`1.End()
   在 System.Web.Mvc.Async.AsyncControllerActionInvoker.EndInvokeActionMethodWithFilters(IAsyncResult asyncResult)
   在 System.Web.Mvc.Async.AsyncControllerActionInvoker.<>c__DisplayClass25.<>c__DisplayClass2a.<BeginInvokeAction>b__20()
   在 System.Web.Mvc.Async.AsyncControllerActionInvoker.<>c__DisplayClass25.<BeginInvokeAction>b__22(IAsyncResult asyncResult)

2016-06-14  19:59:49	Error
System.ArgumentException: 对于“MHD.Original.Award.Controllers.ComicBooksController”中方法“System.Web.Mvc.ActionResult SearchBookList(EFDal.Models.Enums.DragonAwardType, System.String, Int32, Int32, Int32)”的不可以为 null 的类型“EFDal.Models.Enums.DragonAwardType”的参数“type”，参数字典包含一个 null 项。可选参数必须为引用类型、可以为 null 的类型或声明为可选参数。
参数名: parameters
   在 System.Web.Mvc.ActionDescriptor.ExtractParameterFromDictionary(ParameterInfo parameterInfo, IDictionary`2 parameters, MethodInfo methodInfo)
   在 System.Web.Mvc.ReflectedActionDescriptor.<>c__DisplayClass1.<Execute>b__0(ParameterInfo parameterInfo)
   在 System.Linq.Enumerable.WhereSelectArrayIterator`2.MoveNext()
   在 System.Linq.Buffer`1..ctor(IEnumerable`1 source)
   在 System.Linq.Enumerable.ToArray[TSource](IEnumerable`1 source)
   在 System.Web.Mvc.ReflectedActionDescriptor.Execute(ControllerContext controllerContext, IDictionary`2 parameters)
   在 System.Web.Mvc.ControllerActionInvoker.InvokeActionMethod(ControllerContext controllerContext, ActionDescriptor actionDescriptor, IDictionary`2 parameters)
   在 System.Web.Mvc.Async.AsyncControllerActionInvoker.<>c__DisplayClass42.<BeginInvokeSynchronousActionMethod>b__41()
   在 System.Web.Mvc.Async.AsyncResultWrapper.<>c__DisplayClass8`1.<BeginSynchronous>b__7(IAsyncResult _)
   在 System.Web.Mvc.Async.AsyncResultWrapper.WrappedAsyncResult`1.End()
   在 System.Web.Mvc.Async.AsyncControllerActionInvoker.EndInvokeActionMethod(IAsyncResult asyncResult)
   在 System.Web.Mvc.Async.AsyncControllerActionInvoker.<>c__DisplayClass37.<>c__DisplayClass39.<BeginInvokeActionMethodWithFilters>b__33()
   在 System.Web.Mvc.Async.AsyncControllerActionInvoker.<>c__DisplayClass4f.<InvokeActionMethodFilterAsynchronously>b__49()
   在 System.Web.Mvc.Async.AsyncControllerActionInvoker.<>c__DisplayClass4f.<InvokeActionMethodFilterAsynchronously>b__49()
   在 System.Web.Mvc.Async.AsyncControllerActionInvoker.<>c__DisplayClass37.<BeginInvokeActionMethodWithFilters>b__36(IAsyncResult asyncResult)
   在 System.Web.Mvc.Async.AsyncResultWrapper.WrappedAsyncResult`1.End()
   在 System.Web.Mvc.Async.AsyncControllerActionInvoker.EndInvokeActionMethodWithFilters(IAsyncResult asyncResult)
   在 System.Web.Mvc.Async.AsyncControllerActionInvoker.<>c__DisplayClass25.<>c__DisplayClass2a.<BeginInvokeAction>b__20()
   在 System.Web.Mvc.Async.AsyncControllerActionInvoker.<>c__DisplayClass25.<BeginInvokeAction>b__22(IAsyncResult asyncResult)

2016-06-14  20:07:21	Error
System.ArgumentException: 对于“MHD.Original.Award.Controllers.ComicBooksController”中方法“System.Web.Mvc.ActionResult GetCurrentWeekRankListByType(EFDal.Models.Enums.DragonAwardType, Int32)”的不可以为 null 的类型“EFDal.Models.Enums.DragonAwardType”的参数“awardType”，参数字典包含一个 null 项。可选参数必须为引用类型、可以为 null 的类型或声明为可选参数。
参数名: parameters
   在 System.Web.Mvc.ActionDescriptor.ExtractParameterFromDictionary(ParameterInfo parameterInfo, IDictionary`2 parameters, MethodInfo methodInfo)
   在 System.Web.Mvc.ReflectedActionDescriptor.<>c__DisplayClass1.<Execute>b__0(ParameterInfo parameterInfo)
   在 System.Linq.Enumerable.WhereSelectArrayIterator`2.MoveNext()
   在 System.Linq.Buffer`1..ctor(IEnumerable`1 source)
   在 System.Linq.Enumerable.ToArray[TSource](IEnumerable`1 source)
   在 System.Web.Mvc.ReflectedActionDescriptor.Execute(ControllerContext controllerContext, IDictionary`2 parameters)
   在 System.Web.Mvc.ControllerActionInvoker.InvokeActionMethod(ControllerContext controllerContext, ActionDescriptor actionDescriptor, IDictionary`2 parameters)
   在 System.Web.Mvc.Async.AsyncControllerActionInvoker.<>c__DisplayClass42.<BeginInvokeSynchronousActionMethod>b__41()
   在 System.Web.Mvc.Async.AsyncResultWrapper.<>c__DisplayClass8`1.<BeginSynchronous>b__7(IAsyncResult _)
   在 System.Web.Mvc.Async.AsyncResultWrapper.WrappedAsyncResult`1.End()
   在 System.Web.Mvc.Async.AsyncControllerActionInvoker.EndInvokeActionMethod(IAsyncResult asyncResult)
   在 System.Web.Mvc.Async.AsyncControllerActionInvoker.<>c__DisplayClass37.<>c__DisplayClass39.<BeginInvokeActionMethodWithFilters>b__33()
   在 System.Web.Mvc.Async.AsyncControllerActionInvoker.<>c__DisplayClass4f.<InvokeActionMethodFilterAsynchronously>b__49()
   在 System.Web.Mvc.Async.AsyncControllerActionInvoker.<>c__DisplayClass4f.<InvokeActionMethodFilterAsynchronously>b__49()
   在 System.Web.Mvc.Async.AsyncControllerActionInvoker.<>c__DisplayClass37.<BeginInvokeActionMethodWithFilters>b__36(IAsyncResult asyncResult)
   在 System.Web.Mvc.Async.AsyncResultWrapper.WrappedAsyncResult`1.End()
   在 System.Web.Mvc.Async.AsyncControllerActionInvoker.EndInvokeActionMethodWithFilters(IAsyncResult asyncResult)
   在 System.Web.Mvc.Async.AsyncControllerActionInvoker.<>c__DisplayClass25.<>c__DisplayClass2a.<BeginInvokeAction>b__20()
   在 System.Web.Mvc.Async.AsyncControllerActionInvoker.<>c__DisplayClass25.<BeginInvokeAction>b__22(IAsyncResult asyncResult)

2016-06-14  20:07:22	Error
System.ArgumentException: 对于“MHD.Original.Award.Controllers.ComicBooksController”中方法“System.Web.Mvc.ActionResult GetCurrentWeekRankListByType(EFDal.Models.Enums.DragonAwardType, Int32)”的不可以为 null 的类型“EFDal.Models.Enums.DragonAwardType”的参数“awardType”，参数字典包含一个 null 项。可选参数必须为引用类型、可以为 null 的类型或声明为可选参数。
参数名: parameters
   在 System.Web.Mvc.ActionDescriptor.ExtractParameterFromDictionary(ParameterInfo parameterInfo, IDictionary`2 parameters, MethodInfo methodInfo)
   在 System.Web.Mvc.ReflectedActionDescriptor.<>c__DisplayClass1.<Execute>b__0(ParameterInfo parameterInfo)
   在 System.Linq.Enumerable.WhereSelectArrayIterator`2.MoveNext()
   在 System.Linq.Buffer`1..ctor(IEnumerable`1 source)
   在 System.Linq.Enumerable.ToArray[TSource](IEnumerable`1 source)
   在 System.Web.Mvc.ReflectedActionDescriptor.Execute(ControllerContext controllerContext, IDictionary`2 parameters)
   在 System.Web.Mvc.ControllerActionInvoker.InvokeActionMethod(ControllerContext controllerContext, ActionDescriptor actionDescriptor, IDictionary`2 parameters)
   在 System.Web.Mvc.Async.AsyncControllerActionInvoker.<>c__DisplayClass42.<BeginInvokeSynchronousActionMethod>b__41()
   在 System.Web.Mvc.Async.AsyncResultWrapper.<>c__DisplayClass8`1.<BeginSynchronous>b__7(IAsyncResult _)
   在 System.Web.Mvc.Async.AsyncResultWrapper.WrappedAsyncResult`1.End()
   在 System.Web.Mvc.Async.AsyncControllerActionInvoker.EndInvokeActionMethod(IAsyncResult asyncResult)
   在 System.Web.Mvc.Async.AsyncControllerActionInvoker.<>c__DisplayClass37.<>c__DisplayClass39.<BeginInvokeActionMethodWithFilters>b__33()
   在 System.Web.Mvc.Async.AsyncControllerActionInvoker.<>c__DisplayClass4f.<InvokeActionMethodFilterAsynchronously>b__49()
   在 System.Web.Mvc.Async.AsyncControllerActionInvoker.<>c__DisplayClass4f.<InvokeActionMethodFilterAsynchronously>b__49()
   在 System.Web.Mvc.Async.AsyncControllerActionInvoker.<>c__DisplayClass37.<BeginInvokeActionMethodWithFilters>b__36(IAsyncResult asyncResult)
   在 System.Web.Mvc.Async.AsyncResultWrapper.WrappedAsyncResult`1.End()
   在 System.Web.Mvc.Async.AsyncControllerActionInvoker.EndInvokeActionMethodWithFilters(IAsyncResult asyncResult)
   在 System.Web.Mvc.Async.AsyncControllerActionInvoker.<>c__DisplayClass25.<>c__DisplayClass2a.<BeginInvokeAction>b__20()
   在 System.Web.Mvc.Async.AsyncControllerActionInvoker.<>c__DisplayClass25.<BeginInvokeAction>b__22(IAsyncResult asyncResult)

2016-06-14  20:07:24	Error
System.ArgumentException: 对于“MHD.Original.Award.Controllers.ComicBooksController”中方法“System.Web.Mvc.ActionResult GetCurrentWeekRankListByType(EFDal.Models.Enums.DragonAwardType, Int32)”的不可以为 null 的类型“EFDal.Models.Enums.DragonAwardType”的参数“awardType”，参数字典包含一个 null 项。可选参数必须为引用类型、可以为 null 的类型或声明为可选参数。
参数名: parameters
   在 System.Web.Mvc.ActionDescriptor.ExtractParameterFromDictionary(ParameterInfo parameterInfo, IDictionary`2 parameters, MethodInfo methodInfo)
   在 System.Web.Mvc.ReflectedActionDescriptor.<>c__DisplayClass1.<Execute>b__0(ParameterInfo parameterInfo)
   在 System.Linq.Enumerable.WhereSelectArrayIterator`2.MoveNext()
   在 System.Linq.Buffer`1..ctor(IEnumerable`1 source)
   在 System.Linq.Enumerable.ToArray[TSource](IEnumerable`1 source)
   在 System.Web.Mvc.ReflectedActionDescriptor.Execute(ControllerContext controllerContext, IDictionary`2 parameters)
   在 System.Web.Mvc.ControllerActionInvoker.InvokeActionMethod(ControllerContext controllerContext, ActionDescriptor actionDescriptor, IDictionary`2 parameters)
   在 System.Web.Mvc.Async.AsyncControllerActionInvoker.<>c__DisplayClass42.<BeginInvokeSynchronousActionMethod>b__41()
   在 System.Web.Mvc.Async.AsyncResultWrapper.<>c__DisplayClass8`1.<BeginSynchronous>b__7(IAsyncResult _)
   在 System.Web.Mvc.Async.AsyncResultWrapper.WrappedAsyncResult`1.End()
   在 System.Web.Mvc.Async.AsyncControllerActionInvoker.EndInvokeActionMethod(IAsyncResult asyncResult)
   在 System.Web.Mvc.Async.AsyncControllerActionInvoker.<>c__DisplayClass37.<>c__DisplayClass39.<BeginInvokeActionMethodWithFilters>b__33()
   在 System.Web.Mvc.Async.AsyncControllerActionInvoker.<>c__DisplayClass4f.<InvokeActionMethodFilterAsynchronously>b__49()
   在 System.Web.Mvc.Async.AsyncControllerActionInvoker.<>c__DisplayClass4f.<InvokeActionMethodFilterAsynchronously>b__49()
   在 System.Web.Mvc.Async.AsyncControllerActionInvoker.<>c__DisplayClass37.<BeginInvokeActionMethodWithFilters>b__36(IAsyncResult asyncResult)
   在 System.Web.Mvc.Async.AsyncResultWrapper.WrappedAsyncResult`1.End()
   在 System.Web.Mvc.Async.AsyncControllerActionInvoker.EndInvokeActionMethodWithFilters(IAsyncResult asyncResult)
   在 System.Web.Mvc.Async.AsyncControllerActionInvoker.<>c__DisplayClass25.<>c__DisplayClass2a.<BeginInvokeAction>b__20()
   在 System.Web.Mvc.Async.AsyncControllerActionInvoker.<>c__DisplayClass25.<BeginInvokeAction>b__22(IAsyncResult asyncResult)

2016-06-14  20:07:24	Error
System.ArgumentException: 对于“MHD.Original.Award.Controllers.ComicBooksController”中方法“System.Web.Mvc.ActionResult GetCurrentWeekRankListByType(EFDal.Models.Enums.DragonAwardType, Int32)”的不可以为 null 的类型“EFDal.Models.Enums.DragonAwardType”的参数“awardType”，参数字典包含一个 null 项。可选参数必须为引用类型、可以为 null 的类型或声明为可选参数。
参数名: parameters
   在 System.Web.Mvc.ActionDescriptor.ExtractParameterFromDictionary(ParameterInfo parameterInfo, IDictionary`2 parameters, MethodInfo methodInfo)
   在 System.Web.Mvc.ReflectedActionDescriptor.<>c__DisplayClass1.<Execute>b__0(ParameterInfo parameterInfo)
   在 System.Linq.Enumerable.WhereSelectArrayIterator`2.MoveNext()
   在 System.Linq.Buffer`1..ctor(IEnumerable`1 source)
   在 System.Linq.Enumerable.ToArray[TSource](IEnumerable`1 source)
   在 System.Web.Mvc.ReflectedActionDescriptor.Execute(ControllerContext controllerContext, IDictionary`2 parameters)
   在 System.Web.Mvc.ControllerActionInvoker.InvokeActionMethod(ControllerContext controllerContext, ActionDescriptor actionDescriptor, IDictionary`2 parameters)
   在 System.Web.Mvc.Async.AsyncControllerActionInvoker.<>c__DisplayClass42.<BeginInvokeSynchronousActionMethod>b__41()
   在 System.Web.Mvc.Async.AsyncResultWrapper.<>c__DisplayClass8`1.<BeginSynchronous>b__7(IAsyncResult _)
   在 System.Web.Mvc.Async.AsyncResultWrapper.WrappedAsyncResult`1.End()
   在 System.Web.Mvc.Async.AsyncControllerActionInvoker.EndInvokeActionMethod(IAsyncResult asyncResult)
   在 System.Web.Mvc.Async.AsyncControllerActionInvoker.<>c__DisplayClass37.<>c__DisplayClass39.<BeginInvokeActionMethodWithFilters>b__33()
   在 System.Web.Mvc.Async.AsyncControllerActionInvoker.<>c__DisplayClass4f.<InvokeActionMethodFilterAsynchronously>b__49()
   在 System.Web.Mvc.Async.AsyncControllerActionInvoker.<>c__DisplayClass4f.<InvokeActionMethodFilterAsynchronously>b__49()
   在 System.Web.Mvc.Async.AsyncControllerActionInvoker.<>c__DisplayClass37.<BeginInvokeActionMethodWithFilters>b__36(IAsyncResult asyncResult)
   在 System.Web.Mvc.Async.AsyncResultWrapper.WrappedAsyncResult`1.End()
   在 System.Web.Mvc.Async.AsyncControllerActionInvoker.EndInvokeActionMethodWithFilters(IAsyncResult asyncResult)
   在 System.Web.Mvc.Async.AsyncControllerActionInvoker.<>c__DisplayClass25.<>c__DisplayClass2a.<BeginInvokeAction>b__20()
   在 System.Web.Mvc.Async.AsyncControllerActionInvoker.<>c__DisplayClass25.<BeginInvokeAction>b__22(IAsyncResult asyncResult)

2016-06-14  20:08:27	Error
System.ArgumentException: 对于“MHD.Original.Award.Controllers.ComicBooksController”中方法“System.Web.Mvc.ActionResult GetCurrentWeekRankListByType(EFDal.Models.Enums.DragonAwardType, Int32)”的不可以为 null 的类型“EFDal.Models.Enums.DragonAwardType”的参数“awardType”，参数字典包含一个 null 项。可选参数必须为引用类型、可以为 null 的类型或声明为可选参数。
参数名: parameters
   在 System.Web.Mvc.ActionDescriptor.ExtractParameterFromDictionary(ParameterInfo parameterInfo, IDictionary`2 parameters, MethodInfo methodInfo)
   在 System.Web.Mvc.ReflectedActionDescriptor.<>c__DisplayClass1.<Execute>b__0(ParameterInfo parameterInfo)
   在 System.Linq.Enumerable.WhereSelectArrayIterator`2.MoveNext()
   在 System.Linq.Buffer`1..ctor(IEnumerable`1 source)
   在 System.Linq.Enumerable.ToArray[TSource](IEnumerable`1 source)
   在 System.Web.Mvc.ReflectedActionDescriptor.Execute(ControllerContext controllerContext, IDictionary`2 parameters)
   在 System.Web.Mvc.ControllerActionInvoker.InvokeActionMethod(ControllerContext controllerContext, ActionDescriptor actionDescriptor, IDictionary`2 parameters)
   在 System.Web.Mvc.Async.AsyncControllerActionInvoker.<>c__DisplayClass42.<BeginInvokeSynchronousActionMethod>b__41()
   在 System.Web.Mvc.Async.AsyncResultWrapper.<>c__DisplayClass8`1.<BeginSynchronous>b__7(IAsyncResult _)
   在 System.Web.Mvc.Async.AsyncResultWrapper.WrappedAsyncResult`1.End()
   在 System.Web.Mvc.Async.AsyncControllerActionInvoker.EndInvokeActionMethod(IAsyncResult asyncResult)
   在 System.Web.Mvc.Async.AsyncControllerActionInvoker.<>c__DisplayClass37.<>c__DisplayClass39.<BeginInvokeActionMethodWithFilters>b__33()
   在 System.Web.Mvc.Async.AsyncControllerActionInvoker.<>c__DisplayClass4f.<InvokeActionMethodFilterAsynchronously>b__49()
   在 System.Web.Mvc.Async.AsyncControllerActionInvoker.<>c__DisplayClass4f.<InvokeActionMethodFilterAsynchronously>b__49()
   在 System.Web.Mvc.Async.AsyncControllerActionInvoker.<>c__DisplayClass37.<BeginInvokeActionMethodWithFilters>b__36(IAsyncResult asyncResult)
   在 System.Web.Mvc.Async.AsyncResultWrapper.WrappedAsyncResult`1.End()
   在 System.Web.Mvc.Async.AsyncControllerActionInvoker.EndInvokeActionMethodWithFilters(IAsyncResult asyncResult)
   在 System.Web.Mvc.Async.AsyncControllerActionInvoker.<>c__DisplayClass25.<>c__DisplayClass2a.<BeginInvokeAction>b__20()
   在 System.Web.Mvc.Async.AsyncControllerActionInvoker.<>c__DisplayClass25.<BeginInvokeAction>b__22(IAsyncResult asyncResult)

2016-06-14  20:08:31	Error
System.ArgumentException: 对于“MHD.Original.Award.Controllers.ComicBooksController”中方法“System.Web.Mvc.ActionResult GetCurrentWeekRankListByType(EFDal.Models.Enums.DragonAwardType, Int32)”的不可以为 null 的类型“EFDal.Models.Enums.DragonAwardType”的参数“awardType”，参数字典包含一个 null 项。可选参数必须为引用类型、可以为 null 的类型或声明为可选参数。
参数名: parameters
   在 System.Web.Mvc.ActionDescriptor.ExtractParameterFromDictionary(ParameterInfo parameterInfo, IDictionary`2 parameters, MethodInfo methodInfo)
   在 System.Web.Mvc.ReflectedActionDescriptor.<>c__DisplayClass1.<Execute>b__0(ParameterInfo parameterInfo)
   在 System.Linq.Enumerable.WhereSelectArrayIterator`2.MoveNext()
   在 System.Linq.Buffer`1..ctor(IEnumerable`1 source)
   在 System.Linq.Enumerable.ToArray[TSource](IEnumerable`1 source)
   在 System.Web.Mvc.ReflectedActionDescriptor.Execute(ControllerContext controllerContext, IDictionary`2 parameters)
   在 System.Web.Mvc.ControllerActionInvoker.InvokeActionMethod(ControllerContext controllerContext, ActionDescriptor actionDescriptor, IDictionary`2 parameters)
   在 System.Web.Mvc.Async.AsyncControllerActionInvoker.<>c__DisplayClass42.<BeginInvokeSynchronousActionMethod>b__41()
   在 System.Web.Mvc.Async.AsyncResultWrapper.<>c__DisplayClass8`1.<BeginSynchronous>b__7(IAsyncResult _)
   在 System.Web.Mvc.Async.AsyncResultWrapper.WrappedAsyncResult`1.End()
   在 System.Web.Mvc.Async.AsyncControllerActionInvoker.EndInvokeActionMethod(IAsyncResult asyncResult)
   在 System.Web.Mvc.Async.AsyncControllerActionInvoker.<>c__DisplayClass37.<>c__DisplayClass39.<BeginInvokeActionMethodWithFilters>b__33()
   在 System.Web.Mvc.Async.AsyncControllerActionInvoker.<>c__DisplayClass4f.<InvokeActionMethodFilterAsynchronously>b__49()
   在 System.Web.Mvc.Async.AsyncControllerActionInvoker.<>c__DisplayClass4f.<InvokeActionMethodFilterAsynchronously>b__49()
   在 System.Web.Mvc.Async.AsyncControllerActionInvoker.<>c__DisplayClass37.<BeginInvokeActionMethodWithFilters>b__36(IAsyncResult asyncResult)
   在 System.Web.Mvc.Async.AsyncResultWrapper.WrappedAsyncResult`1.End()
   在 System.Web.Mvc.Async.AsyncControllerActionInvoker.EndInvokeActionMethodWithFilters(IAsyncResult asyncResult)
   在 System.Web.Mvc.Async.AsyncControllerActionInvoker.<>c__DisplayClass25.<>c__DisplayClass2a.<BeginInvokeAction>b__20()
   在 System.Web.Mvc.Async.AsyncControllerActionInvoker.<>c__DisplayClass25.<BeginInvokeAction>b__22(IAsyncResult asyncResult)

