2015-07-15 11:37:32.1693|Debug|Shiju.Portal.Heart|  SELECT Count(*)  FROM INFORMATION_SCHEMA.TABLES AS t  WHERE t.TABLE_TYPE = 'BASE TABLE'      AND (t.TABLE_SCHEMA + '.' + t.TABLE_NAME IN ('dbo.Accounts','dbo.FriendRequests','dbo.Friends','dbo.Participants','dbo.Parties','dbo.PartyComments','dbo.PartyLikes','dbo.Users','dbo.VerificationCodes')          OR t.TABLE_NAME = 'EdmMetadata')|
2015-07-15 11:37:32.1982|Debug|Shiju.Portal.Heart|  |
2015-07-15 11:37:32.2042|Debug|Shiju.Portal.Heart|-- Executing at 2015/7/15 11:37:32 +08:00  |
2015-07-15 11:37:32.2212|Debug|Shiju.Portal.Heart|-- Completed in 15 ms with result: 9  |
2015-07-15 11:37:32.2212|Debug|Shiju.Portal.Heart|  |
2015-07-15 11:37:32.2442|Debug|Shiju.Portal.Heart|SELECT       [GroupBy1].[A1] AS [C1]      FROM ( SELECT           COUNT(1) AS [A1]          FROM [dbo].[__MigrationHistory] AS [Extent1]      )  AS [GroupBy1]|
2015-07-15 11:37:32.2442|Debug|Shiju.Portal.Heart|  |
2015-07-15 11:37:32.2442|Debug|Shiju.Portal.Heart|-- Executing at 2015/7/15 11:37:32 +08:00  |
2015-07-15 11:37:32.2622|Debug|Shiju.Portal.Heart|-- Completed in 17 ms with result: SqlDataReader  |
2015-07-15 11:37:32.2632|Debug|Shiju.Portal.Heart|  |
2015-07-15 11:37:32.2632|Debug|Shiju.Portal.Heart|SELECT       [GroupBy1].[A1] AS [C1]      FROM ( SELECT           COUNT(1) AS [A1]          FROM [dbo].[__MigrationHistory] AS [Extent1]          WHERE ([Extent1].[ContextKey] = @p__linq__0) AND (@p__linq__0 IS NOT NULL)      )  AS [GroupBy1]|
2015-07-15 11:37:32.3522|Debug|Shiju.Portal.Heart|  |
2015-07-15 11:37:32.3522|Debug|Shiju.Portal.Heart|-- p__linq__0: 'ShiJu.Models.ShiJuDbContext' (Type = String, Size = 4000)  |
2015-07-15 11:37:32.3872|Debug|Shiju.Portal.Heart|-- Executing at 2015/7/15 11:37:32 +08:00  |
2015-07-15 11:37:32.3882|Debug|Shiju.Portal.Heart|-- Completed in 1 ms with result: SqlDataReader  |
2015-07-15 11:37:32.3882|Debug|Shiju.Portal.Heart|  |
2015-07-15 11:37:32.4991|Debug|Shiju.Portal.Heart|SELECT       [GroupBy1].[A1] AS [C1]      FROM ( SELECT           COUNT(1) AS [A1]          FROM [dbo].[__MigrationHistory] AS [Extent1]      )  AS [GroupBy1]|
2015-07-15 11:37:32.4991|Debug|Shiju.Portal.Heart|  |
2015-07-15 11:37:32.4991|Debug|Shiju.Portal.Heart|-- Executing at 2015/7/15 11:37:32 +08:00  |
2015-07-15 11:37:32.4991|Debug|Shiju.Portal.Heart|-- Completed in 2 ms with result: SqlDataReader  |
2015-07-15 11:37:32.4991|Debug|Shiju.Portal.Heart|  |
2015-07-15 11:37:32.4991|Debug|Shiju.Portal.Heart|SELECT       [GroupBy1].[A1] AS [C1]      FROM ( SELECT           COUNT(1) AS [A1]          FROM [dbo].[__MigrationHistory] AS [Extent1]          WHERE ([Extent1].[ContextKey] = @p__linq__0) AND (@p__linq__0 IS NOT NULL)      )  AS [GroupBy1]|
2015-07-15 11:37:32.4991|Debug|Shiju.Portal.Heart|  |
2015-07-15 11:37:32.4991|Debug|Shiju.Portal.Heart|-- p__linq__0: 'ShiJu.Models.ShiJuDbContext' (Type = String, Size = 4000)  |
2015-07-15 11:37:32.4991|Debug|Shiju.Portal.Heart|-- Executing at 2015/7/15 11:37:32 +08:00  |
2015-07-15 11:37:32.4991|Debug|Shiju.Portal.Heart|-- Completed in 1 ms with result: SqlDataReader  |
2015-07-15 11:37:32.4991|Debug|Shiju.Portal.Heart|  |
2015-07-15 11:37:32.4991|Debug|Shiju.Portal.Heart|SELECT TOP (1)       [Project1].[C1] AS [C1],       [Project1].[MigrationId] AS [MigrationId],       [Project1].[Model] AS [Model]      FROM ( SELECT           [Extent1].[MigrationId] AS [MigrationId],           [Extent1].[Model] AS [Model],           1 AS [C1]          FROM [dbo].[__MigrationHistory] AS [Extent1]          WHERE ([Extent1].[ContextKey] = @p__linq__0) AND (@p__linq__0 IS NOT NULL)      )  AS [Project1]      ORDER BY [Project1].[MigrationId] DESC|
2015-07-15 11:37:32.4991|Debug|Shiju.Portal.Heart|  |
2015-07-15 11:37:32.4991|Debug|Shiju.Portal.Heart|-- p__linq__0: 'ShiJu.Models.ShiJuDbContext' (Type = String, Size = 4000)  |
2015-07-15 11:37:32.4991|Debug|Shiju.Portal.Heart|-- Executing at 2015/7/15 11:37:32 +08:00  |
2015-07-15 11:37:32.4991|Debug|Shiju.Portal.Heart|-- Completed in 1 ms with result: SqlDataReader  |
2015-07-15 11:37:32.4991|Debug|Shiju.Portal.Heart|  |
2015-07-15 11:37:33.0529|Debug|Shiju.Portal.Heart|SELECT       [Extent1].[Id] AS [Id],       [Extent1].[Status] AS [Status],       [Extent1].[PhoneNumber] AS [PhoneNumber],       [Extent1].[NickName] AS [NickName],       [Extent1].[Signature] AS [Signature],       [Extent1].[Portrait] AS [Portrait],       [Extent1].[Gender] AS [Gender],       [Extent1].[District] AS [District],       [Extent1].[BackgroundImage] AS [BackgroundImage],       [Extent1].[CreatedTime] AS [CreatedTime],       [Extent1].[SignUpTime] AS [SignUpTime]      FROM [dbo].[Users] AS [Extent1]|
2015-07-15 11:37:33.0529|Debug|Shiju.Portal.Heart|  |
2015-07-15 11:37:33.0529|Debug|Shiju.Portal.Heart|-- Executing at 2015/7/15 11:37:33 +08:00  |
2015-07-15 11:37:33.0529|Debug|Shiju.Portal.Heart|-- Completed in 2 ms with result: SqlDataReader  |
2015-07-15 11:37:33.0529|Debug|Shiju.Portal.Heart|  |
2015-07-15 11:37:33.2129|Debug|Shiju.Portal.Heart|SELECT       [GroupBy1].[A1] AS [C1]      FROM ( SELECT           COUNT_BIG(1) AS [A1]          FROM [dbo].[Users] AS [Extent1]      )  AS [GroupBy1]|
2015-07-15 11:37:33.2129|Debug|Shiju.Portal.Heart|  |
2015-07-15 11:37:33.2129|Debug|Shiju.Portal.Heart|-- Executing at 2015/7/15 11:37:33 +08:00  |
2015-07-15 11:37:33.2169|Debug|Shiju.Portal.Heart|-- Completed in 3 ms with result: SqlDataReader  |
2015-07-15 11:37:33.2169|Debug|Shiju.Portal.Heart|  |
2015-07-15 11:37:34.2265|Debug|Shiju.Portal.Heart|SELECT TOP (@p__linq__0)       [Extent1].[Id] AS [Id],       [Extent1].[Status] AS [Status],       [Extent1].[PhoneNumber] AS [PhoneNumber],       [Extent1].[NickName] AS [NickName],       [Extent1].[Signature] AS [Signature],       [Extent1].[Portrait] AS [Portrait],       [Extent1].[Gender] AS [Gender],       [Extent1].[District] AS [District],       [Extent1].[BackgroundImage] AS [BackgroundImage],       [Extent1].[CreatedTime] AS [CreatedTime],       [Extent1].[SignUpTime] AS [SignUpTime]      FROM [dbo].[Users] AS [Extent1]      ORDER BY [Extent1].[CreatedTime] DESC, [Extent1].[Id] ASC|
2015-07-15 11:37:34.2265|Debug|Shiju.Portal.Heart|  |
2015-07-15 11:37:34.2265|Debug|Shiju.Portal.Heart|-- p__linq__0: '40' (Type = Int32)  |
2015-07-15 11:37:34.2265|Debug|Shiju.Portal.Heart|-- Executing at 2015/7/15 11:37:34 +08:00  |
2015-07-15 11:37:34.2315|Debug|Shiju.Portal.Heart|-- Completed in 3 ms with result: SqlDataReader  |
2015-07-15 11:37:34.2315|Debug|Shiju.Portal.Heart|  |
2015-07-15 11:40:05.5610|Debug|Shiju.Portal.Heart|SELECT       [Extent1].[Id] AS [Id],       [Extent1].[CreatorUserId] AS [CreatorUserId],       [Extent1].[Sponsor] AS [Sponsor],       [Extent1].[BeginTime] AS [BeginTime],       [Extent1].[EndTime] AS [EndTime],       [Extent1].[Title] AS [Title],       [Extent1].[Description] AS [Description],       [Extent1].[Address] AS [Address],       [Extent1].[Images] AS [Images],       [Extent1].[Kind] AS [Kind],       [Extent1].[MaxUserCount] AS [MaxUserCount],       [Extent1].[DirectFriendVisible] AS [DirectFriendVisible],       [Extent1].[IsHot] AS [IsHot],       [Extent1].[LikeCount] AS [LikeCount],       [Extent1].[CommentCount] AS [CommentCount],       [Extent1].[VoteTitle] AS [VoteTitle],       [Extent1].[VoteChoicesJson] AS [VoteChoicesJson],       [Extent1].[VoteResult0Count] AS [VoteResult0Count],       [Extent1].[VoteResult1Count] AS [VoteResult1Count],       [Extent1].[VoteResult2Count] AS [VoteResult2Count],       [Extent1].[VoteResult3Count] AS [VoteResult3Count],       [Extent1].[VoteResult4Count] AS [VoteResult4Count],       [Extent1].[IsDisabled] AS [IsDisabled],       [Extent1].[CreatedTime] AS [CreatedTime]      FROM [dbo].[Parties] AS [Extent1]|
2015-07-15 11:40:05.5610|Debug|Shiju.Portal.Heart|  |
2015-07-15 11:40:05.5610|Debug|Shiju.Portal.Heart|-- Executing at 2015/7/15 11:40:05 +08:00  |
2015-07-15 11:40:05.5650|Debug|Shiju.Portal.Heart|-- Completed in 3 ms with result: SqlDataReader  |
2015-07-15 11:40:05.5650|Debug|Shiju.Portal.Heart|  |
2015-07-15 11:40:05.5650|Debug|Shiju.Portal.Heart|SELECT       [GroupBy1].[A1] AS [C1]      FROM ( SELECT           COUNT_BIG(1) AS [A1]          FROM [dbo].[Parties] AS [Extent1]      )  AS [GroupBy1]|
2015-07-15 11:40:05.5650|Debug|Shiju.Portal.Heart|  |
2015-07-15 11:40:05.5650|Debug|Shiju.Portal.Heart|-- Executing at 2015/7/15 11:40:05 +08:00  |
2015-07-15 11:40:05.5810|Debug|Shiju.Portal.Heart|-- Completed in 3 ms with result: SqlDataReader  |
2015-07-15 11:40:05.5810|Debug|Shiju.Portal.Heart|  |
2015-07-15 11:40:05.5810|Debug|Shiju.Portal.Heart|SELECT TOP (@p__linq__0)       [Extent1].[Id] AS [Id],       [Extent1].[CreatorUserId] AS [CreatorUserId],       [Extent1].[Sponsor] AS [Sponsor],       [Extent1].[BeginTime] AS [BeginTime],       [Extent1].[EndTime] AS [EndTime],       [Extent1].[Title] AS [Title],       [Extent1].[Description] AS [Description],       [Extent1].[Address] AS [Address],       [Extent1].[Images] AS [Images],       [Extent1].[Kind] AS [Kind],       [Extent1].[MaxUserCount] AS [MaxUserCount],       [Extent1].[DirectFriendVisible] AS [DirectFriendVisible],       [Extent1].[IsHot] AS [IsHot],       [Extent1].[LikeCount] AS [LikeCount],       [Extent1].[CommentCount] AS [CommentCount],       [Extent1].[VoteTitle] AS [VoteTitle],       [Extent1].[VoteChoicesJson] AS [VoteChoicesJson],       [Extent1].[VoteResult0Count] AS [VoteResult0Count],       [Extent1].[VoteResult1Count] AS [VoteResult1Count],       [Extent1].[VoteResult2Count] AS [VoteResult2Count],       [Extent1].[VoteResult3Count] AS [VoteResult3Count],       [Extent1].[VoteResult4Count] AS [VoteResult4Count],       [Extent1].[IsDisabled] AS [IsDisabled],       [Extent1].[CreatedTime] AS [CreatedTime]      FROM [dbo].[Parties] AS [Extent1]      ORDER BY [Extent1].[CreatedTime] DESC, [Extent1].[Id] ASC|
2015-07-15 11:40:05.5810|Debug|Shiju.Portal.Heart|  |
2015-07-15 11:40:05.5810|Debug|Shiju.Portal.Heart|-- p__linq__0: '40' (Type = Int32)  |
2015-07-15 11:40:05.5810|Debug|Shiju.Portal.Heart|-- Executing at 2015/7/15 11:40:05 +08:00  |
2015-07-15 11:40:05.5810|Debug|Shiju.Portal.Heart|-- Completed in 3 ms with result: SqlDataReader  |
2015-07-15 11:40:05.5810|Debug|Shiju.Portal.Heart|  |
2015-07-15 11:40:20.4298|Debug|Shiju.Portal.Heart|SELECT       [Extent1].[Id] AS [Id],       [Extent1].[PartyId] AS [PartyId],       [Extent1].[UserId] AS [UserId],       [Extent1].[TargetUserId] AS [TargetUserId],       [Extent1].[Text] AS [Text],       [Extent1].[AudioId] AS [AudioId],       [Extent1].[VoteResult] AS [VoteResult],       [Extent1].[CreatedTime] AS [CreatedTime]      FROM [dbo].[PartyComments] AS [Extent1]      WHERE ([Extent1].[PartyId] = @p__linq__0) AND (@p__linq__0 IS NOT NULL)|
2015-07-15 11:40:20.4298|Debug|Shiju.Portal.Heart|  |
2015-07-15 11:40:20.4298|Debug|Shiju.Portal.Heart|-- p__linq__0: '6b64cca7-d8aa-4ef8-8a35-d90a4514dded' (Type = Guid)  |
2015-07-15 11:40:20.4298|Debug|Shiju.Portal.Heart|-- Executing at 2015/7/15 11:40:20 +08:00  |
2015-07-15 11:40:20.4347|Debug|Shiju.Portal.Heart|-- Completed in 3 ms with result: SqlDataReader  |
2015-07-15 11:40:20.4347|Debug|Shiju.Portal.Heart|  |
2015-07-15 11:40:24.5532|Debug|Shiju.Portal.Heart|SELECT       [Extent1].[Id] AS [Id],       [Extent1].[PartyId] AS [PartyId],       [Extent1].[UserId] AS [UserId],       [Extent1].[TargetUserId] AS [TargetUserId],       [Extent1].[Text] AS [Text],       [Extent1].[AudioId] AS [AudioId],       [Extent1].[VoteResult] AS [VoteResult],       [Extent1].[CreatedTime] AS [CreatedTime]      FROM [dbo].[PartyComments] AS [Extent1]      WHERE ([Extent1].[PartyId] = @p__linq__0) AND (@p__linq__0 IS NOT NULL)|
2015-07-15 11:40:24.5532|Debug|Shiju.Portal.Heart|  |
2015-07-15 11:40:24.5552|Debug|Shiju.Portal.Heart|-- p__linq__0: '909fc9c3-4660-4e47-8367-001fd2d3e13d' (Type = Guid)  |
2015-07-15 11:40:24.5552|Debug|Shiju.Portal.Heart|-- Executing at 2015/7/15 11:40:24 +08:00  |
2015-07-15 11:40:24.5552|Debug|Shiju.Portal.Heart|-- Completed in 4 ms with result: SqlDataReader  |
2015-07-15 11:40:24.5552|Debug|Shiju.Portal.Heart|  |
2015-07-15 11:40:27.6131|Debug|Shiju.Portal.Heart|SELECT       [Extent1].[Id] AS [Id],       [Extent1].[PartyId] AS [PartyId],       [Extent1].[UserId] AS [UserId],       [Extent1].[TargetUserId] AS [TargetUserId],       [Extent1].[Text] AS [Text],       [Extent1].[AudioId] AS [AudioId],       [Extent1].[VoteResult] AS [VoteResult],       [Extent1].[CreatedTime] AS [CreatedTime]      FROM [dbo].[PartyComments] AS [Extent1]      WHERE ([Extent1].[PartyId] = @p__linq__0) AND (@p__linq__0 IS NOT NULL)|
2015-07-15 11:40:27.6131|Debug|Shiju.Portal.Heart|  |
2015-07-15 11:40:27.6131|Debug|Shiju.Portal.Heart|-- p__linq__0: 'cd3e2b9d-7b9e-4dfa-adc5-fc48e69feb83' (Type = Guid)  |
2015-07-15 11:40:27.6131|Debug|Shiju.Portal.Heart|-- Executing at 2015/7/15 11:40:27 +08:00  |
2015-07-15 11:40:27.6171|Debug|Shiju.Portal.Heart|-- Completed in 2 ms with result: SqlDataReader  |
2015-07-15 11:40:27.6171|Debug|Shiju.Portal.Heart|  |
2015-07-15 11:40:30.5539|Debug|Shiju.Portal.Heart|SELECT       [Extent1].[Id] AS [Id],       [Extent1].[PartyId] AS [PartyId],       [Extent1].[UserId] AS [UserId],       [Extent1].[TargetUserId] AS [TargetUserId],       [Extent1].[Text] AS [Text],       [Extent1].[AudioId] AS [AudioId],       [Extent1].[VoteResult] AS [VoteResult],       [Extent1].[CreatedTime] AS [CreatedTime]      FROM [dbo].[PartyComments] AS [Extent1]      WHERE ([Extent1].[PartyId] = @p__linq__0) AND (@p__linq__0 IS NOT NULL)|
2015-07-15 11:40:30.5539|Debug|Shiju.Portal.Heart|  |
2015-07-15 11:40:30.5539|Debug|Shiju.Portal.Heart|-- p__linq__0: 'dc06183a-e231-4b36-8556-91a22da71e61' (Type = Guid)  |
2015-07-15 11:40:30.5539|Debug|Shiju.Portal.Heart|-- Executing at 2015/7/15 11:40:30 +08:00  |
2015-07-15 11:40:30.5539|Debug|Shiju.Portal.Heart|-- Completed in 2 ms with result: SqlDataReader  |
2015-07-15 11:40:30.5539|Debug|Shiju.Portal.Heart|  |
2015-07-15 11:40:33.4688|Debug|Shiju.Portal.Heart|SELECT       [Extent1].[Id] AS [Id],       [Extent1].[PartyId] AS [PartyId],       [Extent1].[UserId] AS [UserId],       [Extent1].[TargetUserId] AS [TargetUserId],       [Extent1].[Text] AS [Text],       [Extent1].[AudioId] AS [AudioId],       [Extent1].[VoteResult] AS [VoteResult],       [Extent1].[CreatedTime] AS [CreatedTime]      FROM [dbo].[PartyComments] AS [Extent1]      WHERE ([Extent1].[PartyId] = @p__linq__0) AND (@p__linq__0 IS NOT NULL)|
2015-07-15 11:40:33.4688|Debug|Shiju.Portal.Heart|  |
2015-07-15 11:40:33.4688|Debug|Shiju.Portal.Heart|-- p__linq__0: 'dc06183a-e231-4b36-8556-91a22da73e61' (Type = Guid)  |
2015-07-15 11:40:33.4688|Debug|Shiju.Portal.Heart|-- Executing at 2015/7/15 11:40:33 +08:00  |
2015-07-15 11:40:33.4688|Debug|Shiju.Portal.Heart|-- Completed in 2 ms with result: SqlDataReader  |
2015-07-15 11:40:33.4688|Debug|Shiju.Portal.Heart|  |
2015-07-15 11:40:33.9966|Debug|Shiju.Portal.Heart|SELECT TOP (2)       [Extent1].[Id] AS [Id],       [Extent1].[Status] AS [Status],       [Extent1].[PhoneNumber] AS [PhoneNumber],       [Extent1].[NickName] AS [NickName],       [Extent1].[Signature] AS [Signature],       [Extent1].[Portrait] AS [Portrait],       [Extent1].[Gender] AS [Gender],       [Extent1].[District] AS [District],       [Extent1].[BackgroundImage] AS [BackgroundImage],       [Extent1].[CreatedTime] AS [CreatedTime],       [Extent1].[SignUpTime] AS [SignUpTime]      FROM [dbo].[Users] AS [Extent1]      WHERE [Extent1].[Id] = @p0|
2015-07-15 11:40:33.9966|Debug|Shiju.Portal.Heart|  |
2015-07-15 11:40:33.9966|Debug|Shiju.Portal.Heart|-- p0: 'dc06183a-e231-4b36-8556-97a32da71e11' (Type = Guid)  |
2015-07-15 11:40:33.9966|Debug|Shiju.Portal.Heart|-- Executing at 2015/7/15 11:40:34 +08:00  |
2015-07-15 11:40:34.0066|Debug|Shiju.Portal.Heart|-- Completed in 2 ms with result: SqlDataReader  |
2015-07-15 11:40:34.0066|Debug|Shiju.Portal.Heart|  |
2015-07-15 11:40:34.0066|Debug|Shiju.Portal.Heart|SELECT TOP (2)       [Extent1].[Id] AS [Id],       [Extent1].[Status] AS [Status],       [Extent1].[PhoneNumber] AS [PhoneNumber],       [Extent1].[NickName] AS [NickName],       [Extent1].[Signature] AS [Signature],       [Extent1].[Portrait] AS [Portrait],       [Extent1].[Gender] AS [Gender],       [Extent1].[District] AS [District],       [Extent1].[BackgroundImage] AS [BackgroundImage],       [Extent1].[CreatedTime] AS [CreatedTime],       [Extent1].[SignUpTime] AS [SignUpTime]      FROM [dbo].[Users] AS [Extent1]      WHERE [Extent1].[Id] = @p0|
2015-07-15 11:40:34.0066|Debug|Shiju.Portal.Heart|  |
2015-07-15 11:40:34.0066|Debug|Shiju.Portal.Heart|-- p0: 'dc06183a-e231-4b36-8556-97a32da72e11' (Type = Guid)  |
2015-07-15 11:40:34.0066|Debug|Shiju.Portal.Heart|-- Executing at 2015/7/15 11:40:34 +08:00  |
2015-07-15 11:40:34.0066|Debug|Shiju.Portal.Heart|-- Completed in 1 ms with result: SqlDataReader  |
2015-07-15 11:40:34.0066|Debug|Shiju.Portal.Heart|  |
2015-07-15 14:15:48.8986|Debug|Shiju.Portal.Heart|SELECT       [GroupBy1].[A1] AS [C1]      FROM ( SELECT           COUNT(1) AS [A1]          FROM [dbo].[Participants] AS [Extent1]          WHERE ([Extent1].[PartyId] = @p__linq__0) AND (@p__linq__0 IS NOT NULL)      )  AS [GroupBy1]|
2015-07-15 14:15:48.9296|Debug|Shiju.Portal.Heart|  |
2015-07-15 14:15:48.9296|Debug|Shiju.Portal.Heart|-- p__linq__0: '6b64cca7-d8aa-4ef8-8a35-d90a4514dded' (Type = Guid)  |
2015-07-15 14:15:48.9296|Debug|Shiju.Portal.Heart|-- Executing at 2015/7/15 14:15:48 +08:00  |
2015-07-15 14:15:48.9366|Debug|Shiju.Portal.Heart|-- Completed in 6 ms with result: SqlDataReader  |
2015-07-15 14:15:48.9366|Debug|Shiju.Portal.Heart|  |
2015-07-15 14:15:54.2325|Debug|Shiju.Portal.Heart|SELECT       [Extent1].[Id] AS [Id],       [Extent1].[PartyId] AS [PartyId],       [Extent1].[UserId] AS [UserId],       [Extent1].[TargetUserId] AS [TargetUserId],       [Extent1].[Text] AS [Text],       [Extent1].[AudioId] AS [AudioId],       [Extent1].[VoteResult] AS [VoteResult],       [Extent1].[CreatedTime] AS [CreatedTime]      FROM [dbo].[PartyComments] AS [Extent1]      WHERE ([Extent1].[PartyId] = @p__linq__0) AND (@p__linq__0 IS NOT NULL)|
2015-07-15 14:15:54.2325|Debug|Shiju.Portal.Heart|  |
2015-07-15 14:15:54.2325|Debug|Shiju.Portal.Heart|-- p__linq__0: '6b64cca7-d8aa-4ef8-8a35-d90a4514dded' (Type = Guid)  |
2015-07-15 14:15:54.2325|Debug|Shiju.Portal.Heart|-- Executing at 2015/7/15 14:15:54 +08:00  |
2015-07-15 14:15:54.2325|Debug|Shiju.Portal.Heart|-- Completed in 1 ms with result: SqlDataReader  |
2015-07-15 14:15:54.2325|Debug|Shiju.Portal.Heart|  |
2015-07-15 14:15:56.8125|Debug|Shiju.Portal.Heart|SELECT       [Extent1].[Id] AS [Id],       [Extent1].[PartyId] AS [PartyId],       [Extent1].[UserId] AS [UserId],       [Extent1].[TargetUserId] AS [TargetUserId],       [Extent1].[Text] AS [Text],       [Extent1].[AudioId] AS [AudioId],       [Extent1].[VoteResult] AS [VoteResult],       [Extent1].[CreatedTime] AS [CreatedTime]      FROM [dbo].[PartyComments] AS [Extent1]      WHERE ([Extent1].[PartyId] = @p__linq__0) AND (@p__linq__0 IS NOT NULL)|
2015-07-15 14:15:56.8125|Debug|Shiju.Portal.Heart|  |
2015-07-15 14:15:56.8125|Debug|Shiju.Portal.Heart|-- p__linq__0: 'dc06183a-e231-4b36-8556-91a22da73e61' (Type = Guid)  |
2015-07-15 14:15:56.8125|Debug|Shiju.Portal.Heart|-- Executing at 2015/7/15 14:15:56 +08:00  |
2015-07-15 14:15:56.8125|Debug|Shiju.Portal.Heart|-- Completed in 1 ms with result: SqlDataReader  |
2015-07-15 14:15:56.8125|Debug|Shiju.Portal.Heart|  |
2015-07-15 14:15:56.8125|Debug|Shiju.Portal.Heart|SELECT TOP (2)       [Extent1].[Id] AS [Id],       [Extent1].[Status] AS [Status],       [Extent1].[PhoneNumber] AS [PhoneNumber],       [Extent1].[NickName] AS [NickName],       [Extent1].[Signature] AS [Signature],       [Extent1].[Portrait] AS [Portrait],       [Extent1].[Gender] AS [Gender],       [Extent1].[District] AS [District],       [Extent1].[BackgroundImage] AS [BackgroundImage],       [Extent1].[CreatedTime] AS [CreatedTime],       [Extent1].[SignUpTime] AS [SignUpTime]      FROM [dbo].[Users] AS [Extent1]      WHERE [Extent1].[Id] = @p0|
2015-07-15 14:15:56.8125|Debug|Shiju.Portal.Heart|  |
2015-07-15 14:15:56.8125|Debug|Shiju.Portal.Heart|-- p0: 'dc06183a-e231-4b36-8556-97a32da71e11' (Type = Guid)  |
2015-07-15 14:15:56.8125|Debug|Shiju.Portal.Heart|-- Executing at 2015/7/15 14:15:56 +08:00  |
2015-07-15 14:15:56.8125|Debug|Shiju.Portal.Heart|-- Completed in 1 ms with result: SqlDataReader  |
2015-07-15 14:15:56.8125|Debug|Shiju.Portal.Heart|  |
2015-07-15 14:15:56.8125|Debug|Shiju.Portal.Heart|SELECT TOP (2)       [Extent1].[Id] AS [Id],       [Extent1].[Status] AS [Status],       [Extent1].[PhoneNumber] AS [PhoneNumber],       [Extent1].[NickName] AS [NickName],       [Extent1].[Signature] AS [Signature],       [Extent1].[Portrait] AS [Portrait],       [Extent1].[Gender] AS [Gender],       [Extent1].[District] AS [District],       [Extent1].[BackgroundImage] AS [BackgroundImage],       [Extent1].[CreatedTime] AS [CreatedTime],       [Extent1].[SignUpTime] AS [SignUpTime]      FROM [dbo].[Users] AS [Extent1]      WHERE [Extent1].[Id] = @p0|
2015-07-15 14:15:56.8125|Debug|Shiju.Portal.Heart|  |
2015-07-15 14:15:56.8125|Debug|Shiju.Portal.Heart|-- p0: 'dc06183a-e231-4b36-8556-97a32da72e11' (Type = Guid)  |
2015-07-15 14:15:56.8215|Debug|Shiju.Portal.Heart|-- Executing at 2015/7/15 14:15:56 +08:00  |
2015-07-15 14:15:56.8215|Debug|Shiju.Portal.Heart|-- Completed in 4 ms with result: SqlDataReader  |
2015-07-15 14:15:56.8215|Debug|Shiju.Portal.Heart|  |
