2015-11-02 11:41:45.8466|Debug|Shiju.Portal.Heart|  SELECT Count(*)  FROM INFORMATION_SCHEMA.TABLES AS t  WHERE t.TABLE_TYPE = 'BASE TABLE'      AND (t.TABLE_SCHEMA + '.' + t.TABLE_NAME IN ('dbo.Accounts','dbo.FriendRequests','dbo.Friends','dbo.Participants','dbo.Parties','dbo.PartyComments','dbo.PartyLikes','dbo.Users','dbo.VerificationCodes')          OR t.TABLE_NAME = 'EdmMetadata')|
2015-11-02 11:41:45.8466|Debug|Shiju.Portal.Heart|  |
2015-11-02 11:41:45.8466|Debug|Shiju.Portal.Heart|-- Executing at 2015/11/2 11:41:45 +08:00  |
2015-11-02 11:41:45.9626|Debug|Shiju.Portal.Heart|-- Completed in 111 ms with result: 9  |
2015-11-02 11:41:45.9626|Debug|Shiju.Portal.Heart|  |
2015-11-02 11:41:46.0176|Debug|Shiju.Portal.Heart|SELECT       [GroupBy1].[A1] AS [C1]      FROM ( SELECT           COUNT(1) AS [A1]          FROM [dbo].[__MigrationHistory] AS [Extent1]      )  AS [GroupBy1]|
2015-11-02 11:41:46.0176|Debug|Shiju.Portal.Heart|  |
2015-11-02 11:41:46.0176|Debug|Shiju.Portal.Heart|-- Executing at 2015/11/2 11:41:46 +08:00  |
2015-11-02 11:41:46.0646|Debug|Shiju.Portal.Heart|-- Completed in 44 ms with result: SqlDataReader  |
2015-11-02 11:41:46.0646|Debug|Shiju.Portal.Heart|  |
2015-11-02 11:41:46.0646|Debug|Shiju.Portal.Heart|SELECT       [GroupBy1].[A1] AS [C1]      FROM ( SELECT           COUNT(1) AS [A1]          FROM [dbo].[__MigrationHistory] AS [Extent1]          WHERE ([Extent1].[ContextKey] = @p__linq__0) AND (@p__linq__0 IS NOT NULL)      )  AS [GroupBy1]|
2015-11-02 11:41:46.0646|Debug|Shiju.Portal.Heart|  |
2015-11-02 11:41:46.0736|Debug|Shiju.Portal.Heart|-- p__linq__0: 'ShiJu.Models.ShiJuDbContext' (Type = String, Size = 4000)  |
2015-11-02 11:41:46.0736|Debug|Shiju.Portal.Heart|-- Executing at 2015/11/2 11:41:46 +08:00  |
2015-11-02 11:41:46.1076|Debug|Shiju.Portal.Heart|-- Completed in 33 ms with result: SqlDataReader  |
2015-11-02 11:41:46.1076|Debug|Shiju.Portal.Heart|  |
2015-11-02 11:41:46.1936|Debug|Shiju.Portal.Heart|SELECT       [GroupBy1].[A1] AS [C1]      FROM ( SELECT           COUNT(1) AS [A1]          FROM [dbo].[__MigrationHistory] AS [Extent1]      )  AS [GroupBy1]|
2015-11-02 11:41:46.1936|Debug|Shiju.Portal.Heart|  |
2015-11-02 11:41:46.1936|Debug|Shiju.Portal.Heart|-- Executing at 2015/11/2 11:41:46 +08:00  |
2015-11-02 11:41:46.2366|Debug|Shiju.Portal.Heart|-- Completed in 42 ms with result: SqlDataReader  |
2015-11-02 11:41:46.2366|Debug|Shiju.Portal.Heart|  |
2015-11-02 11:41:46.2466|Debug|Shiju.Portal.Heart|SELECT       [GroupBy1].[A1] AS [C1]      FROM ( SELECT           COUNT(1) AS [A1]          FROM [dbo].[__MigrationHistory] AS [Extent1]          WHERE ([Extent1].[ContextKey] = @p__linq__0) AND (@p__linq__0 IS NOT NULL)      )  AS [GroupBy1]|
2015-11-02 11:41:46.2466|Debug|Shiju.Portal.Heart|  |
2015-11-02 11:41:46.2466|Debug|Shiju.Portal.Heart|-- p__linq__0: 'ShiJu.Models.ShiJuDbContext' (Type = String, Size = 4000)  |
2015-11-02 11:41:46.2466|Debug|Shiju.Portal.Heart|-- Executing at 2015/11/2 11:41:46 +08:00  |
2015-11-02 11:41:46.2846|Debug|Shiju.Portal.Heart|-- Completed in 37 ms with result: SqlDataReader  |
2015-11-02 11:41:46.2846|Debug|Shiju.Portal.Heart|  |
2015-11-02 11:41:46.2976|Debug|Shiju.Portal.Heart|SELECT TOP (1)       [Project1].[C1] AS [C1],       [Project1].[MigrationId] AS [MigrationId],       [Project1].[Model] AS [Model]      FROM ( SELECT           [Extent1].[MigrationId] AS [MigrationId],           [Extent1].[Model] AS [Model],           1 AS [C1]          FROM [dbo].[__MigrationHistory] AS [Extent1]          WHERE ([Extent1].[ContextKey] = @p__linq__0) AND (@p__linq__0 IS NOT NULL)      )  AS [Project1]      ORDER BY [Project1].[MigrationId] DESC|
2015-11-02 11:41:46.2976|Debug|Shiju.Portal.Heart|  |
2015-11-02 11:41:46.2976|Debug|Shiju.Portal.Heart|-- p__linq__0: 'ShiJu.Models.ShiJuDbContext' (Type = String, Size = 4000)  |
2015-11-02 11:41:46.2976|Debug|Shiju.Portal.Heart|-- Executing at 2015/11/2 11:41:46 +08:00  |
2015-11-02 11:41:46.3416|Debug|Shiju.Portal.Heart|-- Completed in 44 ms with result: SqlDataReader  |
2015-11-02 11:41:46.3416|Debug|Shiju.Portal.Heart|  |
2015-11-02 11:41:48.4696|Debug|Shiju.Portal.Heart|SELECT       [Extent1].[Id] AS [Id],       [Extent1].[Status] AS [Status],       [Extent1].[PhoneNumber] AS [PhoneNumber],       [Extent1].[NickName] AS [NickName],       [Extent1].[Signature] AS [Signature],       [Extent1].[Portrait] AS [Portrait],       [Extent1].[Gender] AS [Gender],       [Extent1].[District] AS [District],       [Extent1].[BackgroundImage] AS [BackgroundImage],       [Extent1].[NeedNotification] AS [NeedNotification],       [Extent1].[CreatedTime] AS [CreatedTime],       [Extent1].[SignUpTime] AS [SignUpTime]      FROM [dbo].[Users] AS [Extent1]|
2015-11-02 11:41:48.4696|Debug|Shiju.Portal.Heart|  |
2015-11-02 11:41:48.4696|Debug|Shiju.Portal.Heart|-- Executing at 2015/11/2 11:41:48 +08:00  |
2015-11-02 11:41:48.5546|Debug|Shiju.Portal.Heart|-- Completed in 78 ms with result: SqlDataReader  |
2015-11-02 11:41:48.5546|Debug|Shiju.Portal.Heart|  |
2015-11-02 11:41:58.3970|Debug|Shiju.Portal.Heart|SELECT       [Extent1].[Id] AS [Id],       [Extent1].[CreatorUserId] AS [CreatorUserId],       [Extent1].[Sponsor] AS [Sponsor],       [Extent1].[BeginTime] AS [BeginTime],       [Extent1].[EndTime] AS [EndTime],       [Extent1].[Title] AS [Title],       [Extent1].[Description] AS [Description],       [Extent1].[Address] AS [Address],       [Extent1].[Images] AS [Images],       [Extent1].[Kind] AS [Kind],       [Extent1].[MaxUserCount] AS [MaxUserCount],       [Extent1].[DirectFriendVisible] AS [DirectFriendVisible],       [Extent1].[IsPublic] AS [IsPublic],       [Extent1].[LikeCount] AS [LikeCount],       [Extent1].[CommentCount] AS [CommentCount],       [Extent1].[VoteTitle] AS [VoteTitle],       [Extent1].[VoteChoicesJson] AS [VoteChoicesJson],       [Extent1].[VoteResult0Count] AS [VoteResult0Count],       [Extent1].[VoteResult1Count] AS [VoteResult1Count],       [Extent1].[VoteResult2Count] AS [VoteResult2Count],       [Extent1].[VoteResult3Count] AS [VoteResult3Count],       [Extent1].[VoteResult4Count] AS [VoteResult4Count],       [Extent1].[IsDisabled] AS [IsDisabled],       [Extent1].[CreatedTime] AS [CreatedTime]      FROM [dbo].[Parties] AS [Extent1]|
2015-11-02 11:41:58.3970|Debug|Shiju.Portal.Heart|  |
2015-11-02 11:41:58.3970|Debug|Shiju.Portal.Heart|-- Executing at 2015/11/2 11:41:58 +08:00  |
2015-11-02 11:41:58.4590|Debug|Shiju.Portal.Heart|-- Completed in 61 ms with result: SqlDataReader  |
2015-11-02 11:41:58.4590|Debug|Shiju.Portal.Heart|  |
2015-11-02 11:43:20.3746|Debug|Shiju.Portal.Heart|SELECT       [Extent1].[Id] AS [Id],       [Extent1].[PartyId] AS [PartyId],       [Extent1].[UserId] AS [UserId],       [Extent1].[TargetUserId] AS [TargetUserId],       [Extent1].[Text] AS [Text],       [Extent1].[AudioJson] AS [AudioJson],       [Extent1].[VoteResult] AS [VoteResult],       [Extent1].[CreatedTime] AS [CreatedTime]      FROM [dbo].[PartyComments] AS [Extent1]      WHERE ([Extent1].[PartyId] = @p__linq__0) AND (@p__linq__0 IS NOT NULL)|
2015-11-02 11:43:20.3746|Debug|Shiju.Portal.Heart|  |
2015-11-02 11:43:20.3746|Debug|Shiju.Portal.Heart|-- p__linq__0: '9f468982-5978-486b-93be-e47e8371ee4d' (Type = Guid)  |
2015-11-02 11:43:20.3746|Debug|Shiju.Portal.Heart|-- Executing at 2015/11/2 11:43:20 +08:00  |
2015-11-02 11:43:20.4468|Debug|Shiju.Portal.Heart|-- Completed in 69 ms with result: SqlDataReader  |
2015-11-02 11:43:20.4468|Debug|Shiju.Portal.Heart|  |
2015-11-02 11:43:20.6596|Debug|Shiju.Portal.Heart|SELECT TOP (2)       [Extent1].[Id] AS [Id],       [Extent1].[Status] AS [Status],       [Extent1].[PhoneNumber] AS [PhoneNumber],       [Extent1].[NickName] AS [NickName],       [Extent1].[Signature] AS [Signature],       [Extent1].[Portrait] AS [Portrait],       [Extent1].[Gender] AS [Gender],       [Extent1].[District] AS [District],       [Extent1].[BackgroundImage] AS [BackgroundImage],       [Extent1].[NeedNotification] AS [NeedNotification],       [Extent1].[CreatedTime] AS [CreatedTime],       [Extent1].[SignUpTime] AS [SignUpTime]      FROM [dbo].[Users] AS [Extent1]      WHERE [Extent1].[Id] = @p0|
2015-11-02 11:43:20.6596|Debug|Shiju.Portal.Heart|  |
2015-11-02 11:43:20.6596|Debug|Shiju.Portal.Heart|-- p0: '38b162b0-8aa3-4bbf-91c5-e691d46fce39' (Type = Guid)  |
2015-11-02 11:43:20.6596|Debug|Shiju.Portal.Heart|-- Executing at 2015/11/2 11:43:20 +08:00  |
2015-11-02 11:43:20.7056|Debug|Shiju.Portal.Heart|-- Completed in 35 ms with result: SqlDataReader  |
2015-11-02 11:43:20.7056|Debug|Shiju.Portal.Heart|  |
2015-11-02 11:43:28.9136|Debug|Shiju.Portal.Heart|SELECT       [GroupBy1].[A1] AS [C1]      FROM ( SELECT           COUNT(1) AS [A1]          FROM [dbo].[Participants] AS [Extent1]          WHERE ([Extent1].[PartyId] = @p__linq__0) AND (@p__linq__0 IS NOT NULL)      )  AS [GroupBy1]|
2015-11-02 11:43:28.9156|Debug|Shiju.Portal.Heart|  |
2015-11-02 11:43:28.9156|Debug|Shiju.Portal.Heart|-- p__linq__0: '9f468982-5978-486b-93be-e47e8371ee4d' (Type = Guid)  |
2015-11-02 11:43:28.9156|Debug|Shiju.Portal.Heart|-- Executing at 2015/11/2 11:43:28 +08:00  |
2015-11-02 11:43:29.0477|Debug|Shiju.Portal.Heart|-- Completed in 131 ms with result: SqlDataReader  |
2015-11-02 11:43:29.0477|Debug|Shiju.Portal.Heart|  |
2015-11-02 13:14:47.9228|Debug|Shiju.Portal.Heart|SELECT       [Extent1].[Id] AS [Id],       [Extent1].[CreatorUserId] AS [CreatorUserId],       [Extent1].[Sponsor] AS [Sponsor],       [Extent1].[BeginTime] AS [BeginTime],       [Extent1].[EndTime] AS [EndTime],       [Extent1].[Title] AS [Title],       [Extent1].[Description] AS [Description],       [Extent1].[Address] AS [Address],       [Extent1].[Images] AS [Images],       [Extent1].[Kind] AS [Kind],       [Extent1].[MaxUserCount] AS [MaxUserCount],       [Extent1].[DirectFriendVisible] AS [DirectFriendVisible],       [Extent1].[IsPublic] AS [IsPublic],       [Extent1].[LikeCount] AS [LikeCount],       [Extent1].[CommentCount] AS [CommentCount],       [Extent1].[VoteTitle] AS [VoteTitle],       [Extent1].[VoteChoicesJson] AS [VoteChoicesJson],       [Extent1].[VoteResult0Count] AS [VoteResult0Count],       [Extent1].[VoteResult1Count] AS [VoteResult1Count],       [Extent1].[VoteResult2Count] AS [VoteResult2Count],       [Extent1].[VoteResult3Count] AS [VoteResult3Count],       [Extent1].[VoteResult4Count] AS [VoteResult4Count],       [Extent1].[IsDisabled] AS [IsDisabled],       [Extent1].[CreatedTime] AS [CreatedTime]      FROM [dbo].[Parties] AS [Extent1]|
2015-11-02 13:14:47.9478|Debug|Shiju.Portal.Heart|  |
2015-11-02 13:14:47.9478|Debug|Shiju.Portal.Heart|-- Executing at 2015/11/2 13:14:47 +08:00  |
2015-11-02 13:14:48.1908|Debug|Shiju.Portal.Heart|-- Completed in 241 ms with result: SqlDataReader  |
2015-11-02 13:14:48.1908|Debug|Shiju.Portal.Heart|  |
2015-11-02 13:14:52.2875|Debug|Shiju.Portal.Heart|SELECT       [Extent1].[Id] AS [Id],       [Extent1].[CreatorUserId] AS [CreatorUserId],       [Extent1].[Sponsor] AS [Sponsor],       [Extent1].[BeginTime] AS [BeginTime],       [Extent1].[EndTime] AS [EndTime],       [Extent1].[Title] AS [Title],       [Extent1].[Description] AS [Description],       [Extent1].[Address] AS [Address],       [Extent1].[Images] AS [Images],       [Extent1].[Kind] AS [Kind],       [Extent1].[MaxUserCount] AS [MaxUserCount],       [Extent1].[DirectFriendVisible] AS [DirectFriendVisible],       [Extent1].[IsPublic] AS [IsPublic],       [Extent1].[LikeCount] AS [LikeCount],       [Extent1].[CommentCount] AS [CommentCount],       [Extent1].[VoteTitle] AS [VoteTitle],       [Extent1].[VoteChoicesJson] AS [VoteChoicesJson],       [Extent1].[VoteResult0Count] AS [VoteResult0Count],       [Extent1].[VoteResult1Count] AS [VoteResult1Count],       [Extent1].[VoteResult2Count] AS [VoteResult2Count],       [Extent1].[VoteResult3Count] AS [VoteResult3Count],       [Extent1].[VoteResult4Count] AS [VoteResult4Count],       [Extent1].[IsDisabled] AS [IsDisabled],       [Extent1].[CreatedTime] AS [CreatedTime]      FROM [dbo].[Parties] AS [Extent1]|
2015-11-02 13:14:52.2875|Debug|Shiju.Portal.Heart|  |
2015-11-02 13:14:52.2875|Debug|Shiju.Portal.Heart|-- Executing at 2015/11/2 13:14:52 +08:00  |
2015-11-02 13:14:52.3535|Debug|Shiju.Portal.Heart|-- Completed in 64 ms with result: SqlDataReader  |
2015-11-02 13:14:52.3535|Debug|Shiju.Portal.Heart|  |
2015-11-02 13:14:54.8223|Debug|Shiju.Portal.Heart|SELECT       [Extent1].[Id] AS [Id],       [Extent1].[CreatorUserId] AS [CreatorUserId],       [Extent1].[Sponsor] AS [Sponsor],       [Extent1].[BeginTime] AS [BeginTime],       [Extent1].[EndTime] AS [EndTime],       [Extent1].[Title] AS [Title],       [Extent1].[Description] AS [Description],       [Extent1].[Address] AS [Address],       [Extent1].[Images] AS [Images],       [Extent1].[Kind] AS [Kind],       [Extent1].[MaxUserCount] AS [MaxUserCount],       [Extent1].[DirectFriendVisible] AS [DirectFriendVisible],       [Extent1].[IsPublic] AS [IsPublic],       [Extent1].[LikeCount] AS [LikeCount],       [Extent1].[CommentCount] AS [CommentCount],       [Extent1].[VoteTitle] AS [VoteTitle],       [Extent1].[VoteChoicesJson] AS [VoteChoicesJson],       [Extent1].[VoteResult0Count] AS [VoteResult0Count],       [Extent1].[VoteResult1Count] AS [VoteResult1Count],       [Extent1].[VoteResult2Count] AS [VoteResult2Count],       [Extent1].[VoteResult3Count] AS [VoteResult3Count],       [Extent1].[VoteResult4Count] AS [VoteResult4Count],       [Extent1].[IsDisabled] AS [IsDisabled],       [Extent1].[CreatedTime] AS [CreatedTime]      FROM [dbo].[Parties] AS [Extent1]|
2015-11-02 13:14:54.8223|Debug|Shiju.Portal.Heart|  |
2015-11-02 13:14:54.8223|Debug|Shiju.Portal.Heart|-- Executing at 2015/11/2 13:14:54 +08:00  |
2015-11-02 13:14:55.8741|Debug|Shiju.Portal.Heart|-- Completed in 1050 ms with result: SqlDataReader  |
2015-11-02 13:14:55.8741|Debug|Shiju.Portal.Heart|  |
2015-11-02 13:14:57.8740|Debug|Shiju.Portal.Heart|SELECT       [Extent1].[Id] AS [Id],       [Extent1].[CreatorUserId] AS [CreatorUserId],       [Extent1].[Sponsor] AS [Sponsor],       [Extent1].[BeginTime] AS [BeginTime],       [Extent1].[EndTime] AS [EndTime],       [Extent1].[Title] AS [Title],       [Extent1].[Description] AS [Description],       [Extent1].[Address] AS [Address],       [Extent1].[Images] AS [Images],       [Extent1].[Kind] AS [Kind],       [Extent1].[MaxUserCount] AS [MaxUserCount],       [Extent1].[DirectFriendVisible] AS [DirectFriendVisible],       [Extent1].[IsPublic] AS [IsPublic],       [Extent1].[LikeCount] AS [LikeCount],       [Extent1].[CommentCount] AS [CommentCount],       [Extent1].[VoteTitle] AS [VoteTitle],       [Extent1].[VoteChoicesJson] AS [VoteChoicesJson],       [Extent1].[VoteResult0Count] AS [VoteResult0Count],       [Extent1].[VoteResult1Count] AS [VoteResult1Count],       [Extent1].[VoteResult2Count] AS [VoteResult2Count],       [Extent1].[VoteResult3Count] AS [VoteResult3Count],       [Extent1].[VoteResult4Count] AS [VoteResult4Count],       [Extent1].[IsDisabled] AS [IsDisabled],       [Extent1].[CreatedTime] AS [CreatedTime]      FROM [dbo].[Parties] AS [Extent1]|
2015-11-02 13:14:57.8740|Debug|Shiju.Portal.Heart|  |
2015-11-02 13:14:57.8740|Debug|Shiju.Portal.Heart|-- Executing at 2015/11/2 13:14:57 +08:00  |
2015-11-02 13:14:57.9469|Debug|Shiju.Portal.Heart|-- Completed in 63 ms with result: SqlDataReader  |
2015-11-02 13:14:57.9469|Debug|Shiju.Portal.Heart|  |
2015-11-02 13:15:00.0728|Debug|Shiju.Portal.Heart|SELECT       [Extent1].[Id] AS [Id],       [Extent1].[CreatorUserId] AS [CreatorUserId],       [Extent1].[Sponsor] AS [Sponsor],       [Extent1].[BeginTime] AS [BeginTime],       [Extent1].[EndTime] AS [EndTime],       [Extent1].[Title] AS [Title],       [Extent1].[Description] AS [Description],       [Extent1].[Address] AS [Address],       [Extent1].[Images] AS [Images],       [Extent1].[Kind] AS [Kind],       [Extent1].[MaxUserCount] AS [MaxUserCount],       [Extent1].[DirectFriendVisible] AS [DirectFriendVisible],       [Extent1].[IsPublic] AS [IsPublic],       [Extent1].[LikeCount] AS [LikeCount],       [Extent1].[CommentCount] AS [CommentCount],       [Extent1].[VoteTitle] AS [VoteTitle],       [Extent1].[VoteChoicesJson] AS [VoteChoicesJson],       [Extent1].[VoteResult0Count] AS [VoteResult0Count],       [Extent1].[VoteResult1Count] AS [VoteResult1Count],       [Extent1].[VoteResult2Count] AS [VoteResult2Count],       [Extent1].[VoteResult3Count] AS [VoteResult3Count],       [Extent1].[VoteResult4Count] AS [VoteResult4Count],       [Extent1].[IsDisabled] AS [IsDisabled],       [Extent1].[CreatedTime] AS [CreatedTime]      FROM [dbo].[Parties] AS [Extent1]|
2015-11-02 13:15:00.0728|Debug|Shiju.Portal.Heart|  |
2015-11-02 13:15:00.0728|Debug|Shiju.Portal.Heart|-- Executing at 2015/11/2 13:15:00 +08:00  |
2015-11-02 13:15:00.1328|Debug|Shiju.Portal.Heart|-- Completed in 59 ms with result: SqlDataReader  |
2015-11-02 13:15:00.1328|Debug|Shiju.Portal.Heart|  |
2015-11-02 14:29:19.2162|Debug|Shiju.Portal.Heart|SELECT       [GroupBy1].[A1] AS [C1]      FROM ( SELECT           COUNT(1) AS [A1]          FROM [dbo].[Participants] AS [Extent1]          WHERE ([Extent1].[PartyId] = @p__linq__0) AND (@p__linq__0 IS NOT NULL)      )  AS [GroupBy1]|
2015-11-02 14:29:19.2522|Debug|Shiju.Portal.Heart|  |
2015-11-02 14:29:19.2522|Debug|Shiju.Portal.Heart|-- p__linq__0: '9f468982-5978-486b-93be-e47e8371ee4d' (Type = Guid)  |
2015-11-02 14:29:19.2522|Debug|Shiju.Portal.Heart|-- Executing at 2015/11/2 14:29:19 +08:00  |
2015-11-02 14:29:19.3212|Debug|Shiju.Portal.Heart|-- Completed in 68 ms with result: SqlDataReader  |
2015-11-02 14:29:19.3212|Debug|Shiju.Portal.Heart|  |
2015-11-02 14:29:24.8251|Debug|Shiju.Portal.Heart|SELECT       [Extent1].[Id] AS [Id],       [Extent1].[PartyId] AS [PartyId],       [Extent1].[UserId] AS [UserId],       [Extent1].[TargetUserId] AS [TargetUserId],       [Extent1].[Text] AS [Text],       [Extent1].[AudioJson] AS [AudioJson],       [Extent1].[VoteResult] AS [VoteResult],       [Extent1].[CreatedTime] AS [CreatedTime]      FROM [dbo].[PartyComments] AS [Extent1]      WHERE ([Extent1].[PartyId] = @p__linq__0) AND (@p__linq__0 IS NOT NULL)|
2015-11-02 14:29:24.8251|Debug|Shiju.Portal.Heart|  |
2015-11-02 14:29:24.8251|Debug|Shiju.Portal.Heart|-- p__linq__0: '9f468982-5978-486b-93be-e47e8371ee4d' (Type = Guid)  |
2015-11-02 14:29:24.8251|Debug|Shiju.Portal.Heart|-- Executing at 2015/11/2 14:29:24 +08:00  |
2015-11-02 14:29:24.8841|Debug|Shiju.Portal.Heart|-- Completed in 57 ms with result: SqlDataReader  |
2015-11-02 14:29:24.8841|Debug|Shiju.Portal.Heart|  |
2015-11-02 14:29:24.8841|Debug|Shiju.Portal.Heart|SELECT TOP (2)       [Extent1].[Id] AS [Id],       [Extent1].[Status] AS [Status],       [Extent1].[PhoneNumber] AS [PhoneNumber],       [Extent1].[NickName] AS [NickName],       [Extent1].[Signature] AS [Signature],       [Extent1].[Portrait] AS [Portrait],       [Extent1].[Gender] AS [Gender],       [Extent1].[District] AS [District],       [Extent1].[BackgroundImage] AS [BackgroundImage],       [Extent1].[NeedNotification] AS [NeedNotification],       [Extent1].[CreatedTime] AS [CreatedTime],       [Extent1].[SignUpTime] AS [SignUpTime]      FROM [dbo].[Users] AS [Extent1]      WHERE [Extent1].[Id] = @p0|
2015-11-02 14:29:24.8841|Debug|Shiju.Portal.Heart|  |
2015-11-02 14:29:24.8841|Debug|Shiju.Portal.Heart|-- p0: '38b162b0-8aa3-4bbf-91c5-e691d46fce39' (Type = Guid)  |
2015-11-02 14:29:24.8841|Debug|Shiju.Portal.Heart|-- Executing at 2015/11/2 14:29:24 +08:00  |
2015-11-02 14:29:24.9701|Debug|Shiju.Portal.Heart|-- Completed in 79 ms with result: SqlDataReader  |
2015-11-02 14:29:24.9701|Debug|Shiju.Portal.Heart|  |
2015-11-02 14:29:33.5323|Debug|Shiju.Portal.Heart|SELECT       [Extent1].[Id] AS [Id],       [Extent1].[PartyId] AS [PartyId],       [Extent1].[UserId] AS [UserId],       [Extent1].[TargetUserId] AS [TargetUserId],       [Extent1].[Text] AS [Text],       [Extent1].[AudioJson] AS [AudioJson],       [Extent1].[VoteResult] AS [VoteResult],       [Extent1].[CreatedTime] AS [CreatedTime]      FROM [dbo].[PartyComments] AS [Extent1]      WHERE ([Extent1].[PartyId] = @p__linq__0) AND (@p__linq__0 IS NOT NULL)|
2015-11-02 14:29:33.5362|Debug|Shiju.Portal.Heart|  |
2015-11-02 14:29:33.5362|Debug|Shiju.Portal.Heart|-- p__linq__0: '1904204c-7f67-41b6-9f74-b89f67dbe25e' (Type = Guid)  |
2015-11-02 14:29:33.5362|Debug|Shiju.Portal.Heart|-- Executing at 2015/11/2 14:29:33 +08:00  |
2015-11-02 14:29:33.6142|Debug|Shiju.Portal.Heart|-- Completed in 74 ms with result: SqlDataReader  |
2015-11-02 14:29:33.6142|Debug|Shiju.Portal.Heart|  |
2015-11-02 14:29:33.6142|Debug|Shiju.Portal.Heart|SELECT TOP (2)       [Extent1].[Id] AS [Id],       [Extent1].[Status] AS [Status],       [Extent1].[PhoneNumber] AS [PhoneNumber],       [Extent1].[NickName] AS [NickName],       [Extent1].[Signature] AS [Signature],       [Extent1].[Portrait] AS [Portrait],       [Extent1].[Gender] AS [Gender],       [Extent1].[District] AS [District],       [Extent1].[BackgroundImage] AS [BackgroundImage],       [Extent1].[NeedNotification] AS [NeedNotification],       [Extent1].[CreatedTime] AS [CreatedTime],       [Extent1].[SignUpTime] AS [SignUpTime]      FROM [dbo].[Users] AS [Extent1]      WHERE [Extent1].[Id] = @p0|
2015-11-02 14:29:33.6142|Debug|Shiju.Portal.Heart|  |
2015-11-02 14:29:33.6142|Debug|Shiju.Portal.Heart|-- p0: 'fdeddf61-fcbb-4c20-9fc7-53ee4308051a' (Type = Guid)  |
2015-11-02 14:29:33.6142|Debug|Shiju.Portal.Heart|-- Executing at 2015/11/2 14:29:33 +08:00  |
2015-11-02 14:29:33.7212|Debug|Shiju.Portal.Heart|-- Completed in 93 ms with result: SqlDataReader  |
2015-11-02 14:29:33.7212|Debug|Shiju.Portal.Heart|  |
2015-11-02 14:29:49.3541|Debug|Shiju.Portal.Heart|SELECT       [Extent1].[Id] AS [Id],       [Extent1].[PartyId] AS [PartyId],       [Extent1].[UserId] AS [UserId],       [Extent1].[TargetUserId] AS [TargetUserId],       [Extent1].[Text] AS [Text],       [Extent1].[AudioJson] AS [AudioJson],       [Extent1].[VoteResult] AS [VoteResult],       [Extent1].[CreatedTime] AS [CreatedTime]      FROM [dbo].[PartyComments] AS [Extent1]      WHERE ([Extent1].[PartyId] = @p__linq__0) AND (@p__linq__0 IS NOT NULL)|
2015-11-02 14:29:49.3541|Debug|Shiju.Portal.Heart|  |
2015-11-02 14:29:49.3541|Debug|Shiju.Portal.Heart|-- p__linq__0: 'e3c3726a-e6bd-4389-a650-8df2c6f77e88' (Type = Guid)  |
2015-11-02 14:29:49.3641|Debug|Shiju.Portal.Heart|-- Executing at 2015/11/2 14:29:49 +08:00  |
2015-11-02 14:29:49.4252|Debug|Shiju.Portal.Heart|-- Completed in 59 ms with result: SqlDataReader  |
2015-11-02 14:29:49.4252|Debug|Shiju.Portal.Heart|  |
2015-11-02 14:29:52.3151|Debug|Shiju.Portal.Heart|SELECT       [Extent1].[Id] AS [Id],       [Extent1].[PartyId] AS [PartyId],       [Extent1].[UserId] AS [UserId],       [Extent1].[TargetUserId] AS [TargetUserId],       [Extent1].[Text] AS [Text],       [Extent1].[AudioJson] AS [AudioJson],       [Extent1].[VoteResult] AS [VoteResult],       [Extent1].[CreatedTime] AS [CreatedTime]      FROM [dbo].[PartyComments] AS [Extent1]      WHERE ([Extent1].[PartyId] = @p__linq__0) AND (@p__linq__0 IS NOT NULL)|
2015-11-02 14:29:52.3151|Debug|Shiju.Portal.Heart|  |
2015-11-02 14:29:52.3161|Debug|Shiju.Portal.Heart|-- p__linq__0: 'f91bb902-1305-470f-8865-3308c5c3c420' (Type = Guid)  |
2015-11-02 14:29:52.3161|Debug|Shiju.Portal.Heart|-- Executing at 2015/11/2 14:29:52 +08:00  |
2015-11-02 14:29:52.3771|Debug|Shiju.Portal.Heart|-- Completed in 60 ms with result: SqlDataReader  |
2015-11-02 14:29:52.3771|Debug|Shiju.Portal.Heart|  |
2015-11-02 14:29:55.1421|Debug|Shiju.Portal.Heart|SELECT       [Extent1].[Id] AS [Id],       [Extent1].[PartyId] AS [PartyId],       [Extent1].[UserId] AS [UserId],       [Extent1].[TargetUserId] AS [TargetUserId],       [Extent1].[Text] AS [Text],       [Extent1].[AudioJson] AS [AudioJson],       [Extent1].[VoteResult] AS [VoteResult],       [Extent1].[CreatedTime] AS [CreatedTime]      FROM [dbo].[PartyComments] AS [Extent1]      WHERE ([Extent1].[PartyId] = @p__linq__0) AND (@p__linq__0 IS NOT NULL)|
2015-11-02 14:29:55.1421|Debug|Shiju.Portal.Heart|  |
2015-11-02 14:29:55.1421|Debug|Shiju.Portal.Heart|-- p__linq__0: '18a33c17-5b77-46d9-b5bd-c970c8a47834' (Type = Guid)  |
2015-11-02 14:29:55.1421|Debug|Shiju.Portal.Heart|-- Executing at 2015/11/2 14:29:55 +08:00  |
2015-11-02 14:29:56.1221|Debug|Shiju.Portal.Heart|-- Completed in 979 ms with result: SqlDataReader  |
2015-11-02 14:29:56.1221|Debug|Shiju.Portal.Heart|  |
2015-11-02 14:29:59.2420|Debug|Shiju.Portal.Heart|SELECT       [Extent1].[Id] AS [Id],       [Extent1].[PartyId] AS [PartyId],       [Extent1].[UserId] AS [UserId],       [Extent1].[TargetUserId] AS [TargetUserId],       [Extent1].[Text] AS [Text],       [Extent1].[AudioJson] AS [AudioJson],       [Extent1].[VoteResult] AS [VoteResult],       [Extent1].[CreatedTime] AS [CreatedTime]      FROM [dbo].[PartyComments] AS [Extent1]      WHERE ([Extent1].[PartyId] = @p__linq__0) AND (@p__linq__0 IS NOT NULL)|
2015-11-02 14:29:59.2420|Debug|Shiju.Portal.Heart|  |
2015-11-02 14:29:59.2420|Debug|Shiju.Portal.Heart|-- p__linq__0: '48fd86b6-0435-4486-9dc6-ebad2bbfe421' (Type = Guid)  |
2015-11-02 14:29:59.2420|Debug|Shiju.Portal.Heart|-- Executing at 2015/11/2 14:29:59 +08:00  |
2015-11-02 14:29:59.3530|Debug|Shiju.Portal.Heart|-- Completed in 109 ms with result: SqlDataReader  |
2015-11-02 14:29:59.3530|Debug|Shiju.Portal.Heart|  |
2015-11-02 14:29:59.3690|Debug|Shiju.Portal.Heart|SELECT TOP (2)       [Extent1].[Id] AS [Id],       [Extent1].[Status] AS [Status],       [Extent1].[PhoneNumber] AS [PhoneNumber],       [Extent1].[NickName] AS [NickName],       [Extent1].[Signature] AS [Signature],       [Extent1].[Portrait] AS [Portrait],       [Extent1].[Gender] AS [Gender],       [Extent1].[District] AS [District],       [Extent1].[BackgroundImage] AS [BackgroundImage],       [Extent1].[NeedNotification] AS [NeedNotification],       [Extent1].[CreatedTime] AS [CreatedTime],       [Extent1].[SignUpTime] AS [SignUpTime]      FROM [dbo].[Users] AS [Extent1]      WHERE [Extent1].[Id] = @p0|
2015-11-02 14:29:59.3690|Debug|Shiju.Portal.Heart|  |
2015-11-02 14:29:59.3690|Debug|Shiju.Portal.Heart|-- p0: '38b162b0-8aa3-4bbf-91c5-e691d46fce39' (Type = Guid)  |
2015-11-02 14:29:59.3690|Debug|Shiju.Portal.Heart|-- Executing at 2015/11/2 14:29:59 +08:00  |
2015-11-02 14:29:59.4670|Debug|Shiju.Portal.Heart|-- Completed in 96 ms with result: SqlDataReader  |
2015-11-02 14:29:59.4670|Debug|Shiju.Portal.Heart|  |
2015-11-02 15:04:47.7775|Debug|Shiju.Portal.Heart|SELECT       [Extent1].[Id] AS [Id],       [Extent1].[Status] AS [Status],       [Extent1].[PhoneNumber] AS [PhoneNumber],       [Extent1].[NickName] AS [NickName],       [Extent1].[Signature] AS [Signature],       [Extent1].[Portrait] AS [Portrait],       [Extent1].[Gender] AS [Gender],       [Extent1].[District] AS [District],       [Extent1].[BackgroundImage] AS [BackgroundImage],       [Extent1].[NeedNotification] AS [NeedNotification],       [Extent1].[CreatedTime] AS [CreatedTime],       [Extent1].[SignUpTime] AS [SignUpTime]      FROM [dbo].[Users] AS [Extent1]|
2015-11-02 15:04:47.7775|Debug|Shiju.Portal.Heart|  |
2015-11-02 15:04:47.7775|Debug|Shiju.Portal.Heart|-- Executing at 2015/11/2 15:04:47 +08:00  |
2015-11-02 15:04:48.5395|Debug|Shiju.Portal.Heart|-- Completed in 759 ms with result: SqlDataReader  |
2015-11-02 15:04:48.5395|Debug|Shiju.Portal.Heart|  |
