2015-07-20 11:07:38.0521|Debug|Shiju.Portal.Heart|  SELECT Count(*)  FROM INFORMATION_SCHEMA.TABLES AS t  WHERE t.TABLE_TYPE = 'BASE TABLE'      AND (t.TABLE_SCHEMA + '.' + t.TABLE_NAME IN ('dbo.Accounts','dbo.FriendRequests','dbo.Friends','dbo.Participants','dbo.Parties','dbo.PartyComments','dbo.PartyLikes','dbo.Users','dbo.VerificationCodes')          OR t.TABLE_NAME = 'EdmMetadata')|
2015-07-20 11:07:38.0521|Debug|Shiju.Portal.Heart|  |
2015-07-20 11:07:38.0541|Debug|Shiju.Portal.Heart|-- Executing at 2015/7/20 11:07:38 +08:00  |
2015-07-20 11:07:38.0541|Debug|Shiju.Portal.Heart|-- Completed in 5 ms with result: 9  |
2015-07-20 11:07:38.0541|Debug|Shiju.Portal.Heart|  |
2015-07-20 11:07:38.0541|Debug|Shiju.Portal.Heart|SELECT       [GroupBy1].[A1] AS [C1]      FROM ( SELECT           COUNT(1) AS [A1]          FROM [dbo].[__MigrationHistory] AS [Extent1]      )  AS [GroupBy1]|
2015-07-20 11:07:38.0541|Debug|Shiju.Portal.Heart|  |
2015-07-20 11:07:38.0541|Debug|Shiju.Portal.Heart|-- Executing at 2015/7/20 11:07:38 +08:00  |
2015-07-20 11:07:38.0541|Debug|Shiju.Portal.Heart|-- Completed in 1 ms with result: SqlDataReader  |
2015-07-20 11:07:38.0541|Debug|Shiju.Portal.Heart|  |
2015-07-20 11:07:38.0701|Debug|Shiju.Portal.Heart|SELECT       [GroupBy1].[A1] AS [C1]      FROM ( SELECT           COUNT(1) AS [A1]          FROM [dbo].[__MigrationHistory] AS [Extent1]          WHERE ([Extent1].[ContextKey] = @p__linq__0) AND (@p__linq__0 IS NOT NULL)      )  AS [GroupBy1]|
2015-07-20 11:07:38.0701|Debug|Shiju.Portal.Heart|  |
2015-07-20 11:07:38.0701|Debug|Shiju.Portal.Heart|-- p__linq__0: 'ShiJu.Models.ShiJuDbContext' (Type = String, Size = 4000)  |
2015-07-20 11:07:38.0701|Debug|Shiju.Portal.Heart|-- Executing at 2015/7/20 11:07:38 +08:00  |
2015-07-20 11:07:38.0701|Debug|Shiju.Portal.Heart|-- Completed in 1 ms with result: SqlDataReader  |
2015-07-20 11:07:38.0701|Debug|Shiju.Portal.Heart|  |
2015-07-20 11:07:38.1021|Debug|Shiju.Portal.Heart|SELECT       [GroupBy1].[A1] AS [C1]      FROM ( SELECT           COUNT(1) AS [A1]          FROM [dbo].[__MigrationHistory] AS [Extent1]      )  AS [GroupBy1]|
2015-07-20 11:07:38.1021|Debug|Shiju.Portal.Heart|  |
2015-07-20 11:07:38.1021|Debug|Shiju.Portal.Heart|-- Executing at 2015/7/20 11:07:38 +08:00  |
2015-07-20 11:07:38.1021|Debug|Shiju.Portal.Heart|-- Completed in 0 ms with result: SqlDataReader  |
2015-07-20 11:07:38.1021|Debug|Shiju.Portal.Heart|  |
2015-07-20 11:07:38.1021|Debug|Shiju.Portal.Heart|SELECT       [GroupBy1].[A1] AS [C1]      FROM ( SELECT           COUNT(1) AS [A1]          FROM [dbo].[__MigrationHistory] AS [Extent1]          WHERE ([Extent1].[ContextKey] = @p__linq__0) AND (@p__linq__0 IS NOT NULL)      )  AS [GroupBy1]|
2015-07-20 11:07:38.1021|Debug|Shiju.Portal.Heart|  |
2015-07-20 11:07:38.1021|Debug|Shiju.Portal.Heart|-- p__linq__0: 'ShiJu.Models.ShiJuDbContext' (Type = String, Size = 4000)  |
2015-07-20 11:07:38.1021|Debug|Shiju.Portal.Heart|-- Executing at 2015/7/20 11:07:38 +08:00  |
2015-07-20 11:07:38.1021|Debug|Shiju.Portal.Heart|-- Completed in 1 ms with result: SqlDataReader  |
2015-07-20 11:07:38.1021|Debug|Shiju.Portal.Heart|  |
2015-07-20 11:07:38.1171|Debug|Shiju.Portal.Heart|SELECT TOP (1)       [Project1].[C1] AS [C1],       [Project1].[MigrationId] AS [MigrationId],       [Project1].[Model] AS [Model]      FROM ( SELECT           [Extent1].[MigrationId] AS [MigrationId],           [Extent1].[Model] AS [Model],           1 AS [C1]          FROM [dbo].[__MigrationHistory] AS [Extent1]          WHERE ([Extent1].[ContextKey] = @p__linq__0) AND (@p__linq__0 IS NOT NULL)      )  AS [Project1]      ORDER BY [Project1].[MigrationId] DESC|
2015-07-20 11:07:38.1171|Debug|Shiju.Portal.Heart|  |
2015-07-20 11:07:38.1171|Debug|Shiju.Portal.Heart|-- p__linq__0: 'ShiJu.Models.ShiJuDbContext' (Type = String, Size = 4000)  |
2015-07-20 11:07:38.1171|Debug|Shiju.Portal.Heart|-- Executing at 2015/7/20 11:07:38 +08:00  |
2015-07-20 11:07:38.1171|Debug|Shiju.Portal.Heart|-- Completed in 1 ms with result: SqlDataReader  |
2015-07-20 11:07:38.1171|Debug|Shiju.Portal.Heart|  |
2015-07-20 11:07:38.1941|Debug|Shiju.Portal.Heart|SELECT       [Extent1].[Id] AS [Id],       [Extent1].[Status] AS [Status],       [Extent1].[PhoneNumber] AS [PhoneNumber],       [Extent1].[NickName] AS [NickName],       [Extent1].[Signature] AS [Signature],       [Extent1].[Portrait] AS [Portrait],       [Extent1].[Gender] AS [Gender],       [Extent1].[District] AS [District],       [Extent1].[BackgroundImage] AS [BackgroundImage],       [Extent1].[CreatedTime] AS [CreatedTime],       [Extent1].[SignUpTime] AS [SignUpTime]      FROM [dbo].[Users] AS [Extent1]|
2015-07-20 11:07:38.1941|Debug|Shiju.Portal.Heart|  |
2015-07-20 11:07:38.1941|Debug|Shiju.Portal.Heart|-- Executing at 2015/7/20 11:07:38 +08:00  |
2015-07-20 11:07:38.1951|Debug|Shiju.Portal.Heart|-- Completed in 1 ms with result: SqlDataReader  |
2015-07-20 11:07:38.1951|Debug|Shiju.Portal.Heart|  |
2015-07-20 11:07:38.3170|Debug|Shiju.Portal.Heart|SELECT       [GroupBy1].[A1] AS [C1]      FROM ( SELECT           COUNT_BIG(1) AS [A1]          FROM [dbo].[Users] AS [Extent1]      )  AS [GroupBy1]|
2015-07-20 11:07:38.3170|Debug|Shiju.Portal.Heart|  |
2015-07-20 11:07:38.3170|Debug|Shiju.Portal.Heart|-- Executing at 2015/7/20 11:07:38 +08:00  |
2015-07-20 11:07:38.3200|Debug|Shiju.Portal.Heart|-- Completed in 1 ms with result: SqlDataReader  |
2015-07-20 11:07:38.3200|Debug|Shiju.Portal.Heart|  |
2015-07-20 11:07:38.5139|Debug|Shiju.Portal.Heart|SELECT TOP (@p__linq__0)       [Extent1].[Id] AS [Id],       [Extent1].[Status] AS [Status],       [Extent1].[PhoneNumber] AS [PhoneNumber],       [Extent1].[NickName] AS [NickName],       [Extent1].[Signature] AS [Signature],       [Extent1].[Portrait] AS [Portrait],       [Extent1].[Gender] AS [Gender],       [Extent1].[District] AS [District],       [Extent1].[BackgroundImage] AS [BackgroundImage],       [Extent1].[CreatedTime] AS [CreatedTime],       [Extent1].[SignUpTime] AS [SignUpTime]      FROM [dbo].[Users] AS [Extent1]      ORDER BY [Extent1].[CreatedTime] DESC, [Extent1].[Id] ASC|
2015-07-20 11:07:38.5139|Debug|Shiju.Portal.Heart|  |
2015-07-20 11:07:38.5139|Debug|Shiju.Portal.Heart|-- p__linq__0: '40' (Type = Int32)  |
2015-07-20 11:07:38.5139|Debug|Shiju.Portal.Heart|-- Executing at 2015/7/20 11:07:38 +08:00  |
2015-07-20 11:07:38.5139|Debug|Shiju.Portal.Heart|-- Completed in 1 ms with result: SqlDataReader  |
2015-07-20 11:07:38.5139|Debug|Shiju.Portal.Heart|  |
2015-07-20 11:07:42.6075|Debug|Shiju.Portal.Heart|SELECT       [Extent1].[Id] AS [Id],       [Extent1].[CreatorUserId] AS [CreatorUserId],       [Extent1].[Sponsor] AS [Sponsor],       [Extent1].[BeginTime] AS [BeginTime],       [Extent1].[EndTime] AS [EndTime],       [Extent1].[Title] AS [Title],       [Extent1].[Description] AS [Description],       [Extent1].[Address] AS [Address],       [Extent1].[Images] AS [Images],       [Extent1].[Kind] AS [Kind],       [Extent1].[MaxUserCount] AS [MaxUserCount],       [Extent1].[DirectFriendVisible] AS [DirectFriendVisible],       [Extent1].[IsHot] AS [IsHot],       [Extent1].[LikeCount] AS [LikeCount],       [Extent1].[CommentCount] AS [CommentCount],       [Extent1].[VoteTitle] AS [VoteTitle],       [Extent1].[VoteChoicesJson] AS [VoteChoicesJson],       [Extent1].[VoteResult0Count] AS [VoteResult0Count],       [Extent1].[VoteResult1Count] AS [VoteResult1Count],       [Extent1].[VoteResult2Count] AS [VoteResult2Count],       [Extent1].[VoteResult3Count] AS [VoteResult3Count],       [Extent1].[VoteResult4Count] AS [VoteResult4Count],       [Extent1].[IsDisabled] AS [IsDisabled],       [Extent1].[CreatedTime] AS [CreatedTime]      FROM [dbo].[Parties] AS [Extent1]|
2015-07-20 11:07:42.6075|Debug|Shiju.Portal.Heart|  |
2015-07-20 11:07:42.6075|Debug|Shiju.Portal.Heart|-- Executing at 2015/7/20 11:07:42 +08:00  |
2015-07-20 11:07:42.6075|Debug|Shiju.Portal.Heart|-- Completed in 1 ms with result: SqlDataReader  |
2015-07-20 11:07:42.6075|Debug|Shiju.Portal.Heart|  |
2015-07-20 11:07:42.6225|Debug|Shiju.Portal.Heart|SELECT       [GroupBy1].[A1] AS [C1]      FROM ( SELECT           COUNT_BIG(1) AS [A1]          FROM [dbo].[Parties] AS [Extent1]      )  AS [GroupBy1]|
2015-07-20 11:07:42.6225|Debug|Shiju.Portal.Heart|  |
2015-07-20 11:07:42.6225|Debug|Shiju.Portal.Heart|-- Executing at 2015/7/20 11:07:42 +08:00  |
2015-07-20 11:07:42.6225|Debug|Shiju.Portal.Heart|-- Completed in 1 ms with result: SqlDataReader  |
2015-07-20 11:07:42.6225|Debug|Shiju.Portal.Heart|  |
2015-07-20 11:07:42.6225|Debug|Shiju.Portal.Heart|SELECT TOP (@p__linq__0)       [Extent1].[Id] AS [Id],       [Extent1].[CreatorUserId] AS [CreatorUserId],       [Extent1].[Sponsor] AS [Sponsor],       [Extent1].[BeginTime] AS [BeginTime],       [Extent1].[EndTime] AS [EndTime],       [Extent1].[Title] AS [Title],       [Extent1].[Description] AS [Description],       [Extent1].[Address] AS [Address],       [Extent1].[Images] AS [Images],       [Extent1].[Kind] AS [Kind],       [Extent1].[MaxUserCount] AS [MaxUserCount],       [Extent1].[DirectFriendVisible] AS [DirectFriendVisible],       [Extent1].[IsHot] AS [IsHot],       [Extent1].[LikeCount] AS [LikeCount],       [Extent1].[CommentCount] AS [CommentCount],       [Extent1].[VoteTitle] AS [VoteTitle],       [Extent1].[VoteChoicesJson] AS [VoteChoicesJson],       [Extent1].[VoteResult0Count] AS [VoteResult0Count],       [Extent1].[VoteResult1Count] AS [VoteResult1Count],       [Extent1].[VoteResult2Count] AS [VoteResult2Count],       [Extent1].[VoteResult3Count] AS [VoteResult3Count],       [Extent1].[VoteResult4Count] AS [VoteResult4Count],       [Extent1].[IsDisabled] AS [IsDisabled],       [Extent1].[CreatedTime] AS [CreatedTime]      FROM [dbo].[Parties] AS [Extent1]      ORDER BY [Extent1].[CreatedTime] DESC, [Extent1].[Id] ASC|
2015-07-20 11:07:42.6225|Debug|Shiju.Portal.Heart|  |
2015-07-20 11:07:42.6225|Debug|Shiju.Portal.Heart|-- p__linq__0: '40' (Type = Int32)  |
2015-07-20 11:07:42.6225|Debug|Shiju.Portal.Heart|-- Executing at 2015/7/20 11:07:42 +08:00  |
2015-07-20 11:07:42.6225|Debug|Shiju.Portal.Heart|-- Completed in 1 ms with result: SqlDataReader  |
2015-07-20 11:07:42.6225|Debug|Shiju.Portal.Heart|  |
2015-07-20 11:07:44.6398|Debug|Shiju.Portal.Heart|SELECT       [Extent1].[Id] AS [Id],       [Extent1].[PartyId] AS [PartyId],       [Extent1].[UserId] AS [UserId],       [Extent1].[TargetUserId] AS [TargetUserId],       [Extent1].[Text] AS [Text],       [Extent1].[AudioId] AS [AudioId],       [Extent1].[VoteResult] AS [VoteResult],       [Extent1].[CreatedTime] AS [CreatedTime]      FROM [dbo].[PartyComments] AS [Extent1]      WHERE ([Extent1].[PartyId] = @p__linq__0) AND (@p__linq__0 IS NOT NULL)|
2015-07-20 11:07:44.6398|Debug|Shiju.Portal.Heart|  |
2015-07-20 11:07:44.6398|Debug|Shiju.Portal.Heart|-- p__linq__0: '909fc9c3-4660-4e47-8367-001fd2d3e13d' (Type = Guid)  |
2015-07-20 11:07:44.6398|Debug|Shiju.Portal.Heart|-- Executing at 2015/7/20 11:07:44 +08:00  |
2015-07-20 11:07:44.6398|Debug|Shiju.Portal.Heart|-- Completed in 3 ms with result: SqlDataReader  |
2015-07-20 11:07:44.6398|Debug|Shiju.Portal.Heart|  |
2015-07-20 11:07:51.5517|Debug|Shiju.Portal.Heart|SELECT       [Extent1].[Id] AS [Id],       [Extent1].[CreatorUserId] AS [CreatorUserId],       [Extent1].[Sponsor] AS [Sponsor],       [Extent1].[BeginTime] AS [BeginTime],       [Extent1].[EndTime] AS [EndTime],       [Extent1].[Title] AS [Title],       [Extent1].[Description] AS [Description],       [Extent1].[Address] AS [Address],       [Extent1].[Images] AS [Images],       [Extent1].[Kind] AS [Kind],       [Extent1].[MaxUserCount] AS [MaxUserCount],       [Extent1].[DirectFriendVisible] AS [DirectFriendVisible],       [Extent1].[IsHot] AS [IsHot],       [Extent1].[LikeCount] AS [LikeCount],       [Extent1].[CommentCount] AS [CommentCount],       [Extent1].[VoteTitle] AS [VoteTitle],       [Extent1].[VoteChoicesJson] AS [VoteChoicesJson],       [Extent1].[VoteResult0Count] AS [VoteResult0Count],       [Extent1].[VoteResult1Count] AS [VoteResult1Count],       [Extent1].[VoteResult2Count] AS [VoteResult2Count],       [Extent1].[VoteResult3Count] AS [VoteResult3Count],       [Extent1].[VoteResult4Count] AS [VoteResult4Count],       [Extent1].[IsDisabled] AS [IsDisabled],       [Extent1].[CreatedTime] AS [CreatedTime]      FROM [dbo].[Parties] AS [Extent1]|
2015-07-20 11:07:51.5517|Debug|Shiju.Portal.Heart|  |
2015-07-20 11:07:51.5517|Debug|Shiju.Portal.Heart|-- Executing at 2015/7/20 11:07:51 +08:00  |
2015-07-20 11:07:51.5517|Debug|Shiju.Portal.Heart|-- Completed in 2 ms with result: SqlDataReader  |
2015-07-20 11:07:51.5517|Debug|Shiju.Portal.Heart|  |
2015-07-20 11:07:52.1219|Debug|Shiju.Portal.Heart|SELECT       [Extent1].[Id] AS [Id],       [Extent1].[CreatorUserId] AS [CreatorUserId],       [Extent1].[Sponsor] AS [Sponsor],       [Extent1].[BeginTime] AS [BeginTime],       [Extent1].[EndTime] AS [EndTime],       [Extent1].[Title] AS [Title],       [Extent1].[Description] AS [Description],       [Extent1].[Address] AS [Address],       [Extent1].[Images] AS [Images],       [Extent1].[Kind] AS [Kind],       [Extent1].[MaxUserCount] AS [MaxUserCount],       [Extent1].[DirectFriendVisible] AS [DirectFriendVisible],       [Extent1].[IsHot] AS [IsHot],       [Extent1].[LikeCount] AS [LikeCount],       [Extent1].[CommentCount] AS [CommentCount],       [Extent1].[VoteTitle] AS [VoteTitle],       [Extent1].[VoteChoicesJson] AS [VoteChoicesJson],       [Extent1].[VoteResult0Count] AS [VoteResult0Count],       [Extent1].[VoteResult1Count] AS [VoteResult1Count],       [Extent1].[VoteResult2Count] AS [VoteResult2Count],       [Extent1].[VoteResult3Count] AS [VoteResult3Count],       [Extent1].[VoteResult4Count] AS [VoteResult4Count],       [Extent1].[IsDisabled] AS [IsDisabled],       [Extent1].[CreatedTime] AS [CreatedTime]      FROM [dbo].[Parties] AS [Extent1]|
2015-07-20 11:07:52.1219|Debug|Shiju.Portal.Heart|  |
2015-07-20 11:07:52.1219|Debug|Shiju.Portal.Heart|-- Executing at 2015/7/20 11:07:52 +08:00  |
2015-07-20 11:07:52.1219|Debug|Shiju.Portal.Heart|-- Completed in 2 ms with result: SqlDataReader  |
2015-07-20 11:07:52.1269|Debug|Shiju.Portal.Heart|  |
2015-07-20 11:07:52.4508|Debug|Shiju.Portal.Heart|SELECT       [GroupBy1].[A1] AS [C1]      FROM ( SELECT           COUNT_BIG(1) AS [A1]          FROM [dbo].[Parties] AS [Extent1]          WHERE (((CASE WHEN ([Extent1].[Title] LIKE @p__linq__0 ESCAPE N'~') THEN cast(1 as bit) WHEN ( NOT ([Extent1].[Title] LIKE @p__linq__0 ESCAPE N'~')) THEN cast(0 as bit) END) = @p__linq__1) AND ( NOT ((CASE WHEN ([Extent1].[Title] LIKE @p__linq__0 ESCAPE N'~') THEN cast(1 as bit) WHEN ( NOT ([Extent1].[Title] LIKE @p__linq__0 ESCAPE N'~')) THEN cast(0 as bit) END IS NULL) OR (@p__linq__1 IS NULL)))) OR ((CASE WHEN ([Extent1].[Title] LIKE @p__linq__0 ESCAPE N'~') THEN cast(1 as bit) WHEN ( NOT ([Extent1].[Title] LIKE @p__linq__0 ESCAPE N'~')) THEN cast(0 as bit) END IS NULL) AND (@p__linq__1 IS NULL)) OR (((CASE WHEN ([Extent1].[Description] LIKE @p__linq__2 ESCAPE N'~') THEN cast(1 as bit) WHEN ( NOT ([Extent1].[Description] LIKE @p__linq__2 ESCAPE N'~')) THEN cast(0 as bit) END) = @p__linq__3) AND ( NOT ((CASE WHEN ([Extent1].[Description] LIKE @p__linq__2 ESCAPE N'~') THEN cast(1 as bit) WHEN ( NOT ([Extent1].[Description] LIKE @p__linq__2 ESCAPE N'~')) THEN cast(0 as bit) END IS NULL) OR (@p__linq__3 IS NULL)))) OR ((CASE WHEN ([Extent1].[Description] LIKE @p__linq__2 ESCAPE N'~') THEN cast(1 as bit) WHEN ( NOT ([Extent1].[Description] LIKE @p__linq__2 ESCAPE N'~')) THEN cast(0 as bit) END IS NULL) AND (@p__linq__3 IS NULL)) OR (((CASE WHEN ([Extent1].[Address] LIKE @p__linq__4 ESCAPE N'~') THEN cast(1 as bit) WHEN ( NOT ([Extent1].[Address] LIKE @p__linq__4 ESCAPE N'~')) THEN cast(0 as bit) END) = @p__linq__5) AND ( NOT ((CASE WHEN ([Extent1].[Address] LIKE @p__linq__4 ESCAPE N'~') THEN cast(1 as bit) WHEN ( NOT ([Extent1].[Address] LIKE @p__linq__4 ESCAPE N'~')) THEN cast(0 as bit) END IS NULL) OR (@p__linq__5 IS NULL)))) OR ((CASE WHEN ([Extent1].[Address] LIKE @p__linq__4 ESCAPE N'~') THEN cast(1 as bit) WHEN ( NOT ([Extent1].[Address] LIKE @p__linq__4 ESCAPE N'~')) THEN cast(0 as bit) END IS NULL) AND (@p__linq__5 IS NULL))      )  AS [GroupBy1]|
2015-07-20 11:07:52.4508|Debug|Shiju.Portal.Heart|  |
2015-07-20 11:07:52.4508|Debug|Shiju.Portal.Heart|-- p__linq__0: '%込込%' (Type = String, Size = 4000)  |
2015-07-20 11:07:52.4508|Debug|Shiju.Portal.Heart|-- p__linq__1: 'True' (Type = Boolean)  |
2015-07-20 11:07:52.4558|Debug|Shiju.Portal.Heart|-- p__linq__2: '%込込%' (Type = String, Size = 4000)  |
2015-07-20 11:07:52.4558|Debug|Shiju.Portal.Heart|-- p__linq__3: 'True' (Type = Boolean)  |
2015-07-20 11:07:52.4558|Debug|Shiju.Portal.Heart|-- p__linq__4: '%込込%' (Type = String, Size = 4000)  |
2015-07-20 11:07:52.4558|Debug|Shiju.Portal.Heart|-- p__linq__5: 'True' (Type = Boolean)  |
2015-07-20 11:07:52.4558|Debug|Shiju.Portal.Heart|-- Executing at 2015/7/20 11:07:52 +08:00  |
2015-07-20 11:07:52.4558|Debug|Shiju.Portal.Heart|-- Completed in 12 ms with result: SqlDataReader  |
2015-07-20 11:07:52.4558|Debug|Shiju.Portal.Heart|  |
2015-07-20 11:07:52.4798|Debug|Shiju.Portal.Heart|SELECT TOP (@p__linq__6)       [Project1].[Id] AS [Id],       [Project1].[CreatorUserId] AS [CreatorUserId],       [Project1].[Sponsor] AS [Sponsor],       [Project1].[BeginTime] AS [BeginTime],       [Project1].[EndTime] AS [EndTime],       [Project1].[Title] AS [Title],       [Project1].[Description] AS [Description],       [Project1].[Address] AS [Address],       [Project1].[Images] AS [Images],       [Project1].[Kind] AS [Kind],       [Project1].[MaxUserCount] AS [MaxUserCount],       [Project1].[DirectFriendVisible] AS [DirectFriendVisible],       [Project1].[IsHot] AS [IsHot],       [Project1].[LikeCount] AS [LikeCount],       [Project1].[CommentCount] AS [CommentCount],       [Project1].[VoteTitle] AS [VoteTitle],       [Project1].[VoteChoicesJson] AS [VoteChoicesJson],       [Project1].[VoteResult0Count] AS [VoteResult0Count],       [Project1].[VoteResult1Count] AS [VoteResult1Count],       [Project1].[VoteResult2Count] AS [VoteResult2Count],       [Project1].[VoteResult3Count] AS [VoteResult3Count],       [Project1].[VoteResult4Count] AS [VoteResult4Count],       [Project1].[IsDisabled] AS [IsDisabled],       [Project1].[CreatedTime] AS [CreatedTime]      FROM ( SELECT           [Extent1].[Id] AS [Id],           [Extent1].[CreatorUserId] AS [CreatorUserId],           [Extent1].[Sponsor] AS [Sponsor],           [Extent1].[BeginTime] AS [BeginTime],           [Extent1].[EndTime] AS [EndTime],           [Extent1].[Title] AS [Title],           [Extent1].[Description] AS [Description],           [Extent1].[Address] AS [Address],           [Extent1].[Images] AS [Images],           [Extent1].[Kind] AS [Kind],           [Extent1].[MaxUserCount] AS [MaxUserCount],           [Extent1].[DirectFriendVisible] AS [DirectFriendVisible],           [Extent1].[IsHot] AS [IsHot],           [Extent1].[LikeCount] AS [LikeCount],           [Extent1].[CommentCount] AS [CommentCount],           [Extent1].[VoteTitle] AS [VoteTitle],           [Extent1].[VoteChoicesJson] AS [VoteChoicesJson],           [Extent1].[VoteResult0Count] AS [VoteResult0Count],           [Extent1].[VoteResult1Count] AS [VoteResult1Count],           [Extent1].[VoteResult2Count] AS [VoteResult2Count],           [Extent1].[VoteResult3Count] AS [VoteResult3Count],           [Extent1].[VoteResult4Count] AS [VoteResult4Count],           [Extent1].[IsDisabled] AS [IsDisabled],           [Extent1].[CreatedTime] AS [CreatedTime]          FROM [dbo].[Parties] AS [Extent1]          WHERE (((CASE WHEN ([Extent1].[Title] LIKE @p__linq__0 ESCAPE N'~') THEN cast(1 as bit) WHEN ( NOT ([Extent1].[Title] LIKE @p__linq__0 ESCAPE N'~')) THEN cast(0 as bit) END) = @p__linq__1) AND ( NOT ((CASE WHEN ([Extent1].[Title] LIKE @p__linq__0 ESCAPE N'~') THEN cast(1 as bit) WHEN ( NOT ([Extent1].[Title] LIKE @p__linq__0 ESCAPE N'~')) THEN cast(0 as bit) END IS NULL) OR (@p__linq__1 IS NULL)))) OR ((CASE WHEN ([Extent1].[Title] LIKE @p__linq__0 ESCAPE N'~') THEN cast(1 as bit) WHEN ( NOT ([Extent1].[Title] LIKE @p__linq__0 ESCAPE N'~')) THEN cast(0 as bit) END IS NULL) AND (@p__linq__1 IS NULL)) OR (((CASE WHEN ([Extent1].[Description] LIKE @p__linq__2 ESCAPE N'~') THEN cast(1 as bit) WHEN ( NOT ([Extent1].[Description] LIKE @p__linq__2 ESCAPE N'~')) THEN cast(0 as bit) END) = @p__linq__3) AND ( NOT ((CASE WHEN ([Extent1].[Description] LIKE @p__linq__2 ESCAPE N'~') THEN cast(1 as bit) WHEN ( NOT ([Extent1].[Description] LIKE @p__linq__2 ESCAPE N'~')) THEN cast(0 as bit) END IS NULL) OR (@p__linq__3 IS NULL)))) OR ((CASE WHEN ([Extent1].[Description] LIKE @p__linq__2 ESCAPE N'~') THEN cast(1 as bit) WHEN ( NOT ([Extent1].[Description] LIKE @p__linq__2 ESCAPE N'~')) THEN cast(0 as bit) END IS NULL) AND (@p__linq__3 IS NULL)) OR (((CASE WHEN ([Extent1].[Address] LIKE @p__linq__4 ESCAPE N'~') THEN cast(1 as bit) WHEN ( NOT ([Extent1].[Address] LIKE @p__linq__4 ESCAPE N'~')) THEN cast(0 as bit) END) = @p__linq__5) AND ( NOT ((CASE WHEN ([Extent1].[Address] LIKE @p__linq__4 ESCAPE N'~') THEN cast(1 as bit) WHEN ( NOT ([Extent1].[Address] LIKE @p__linq__4 ESCAPE N'~')) THEN cast(0 as bit) END IS NULL) OR (@p__linq__5 IS NULL)))) OR ((CASE WHEN ([Extent1].[Address] LIKE @p__linq__4 ESCAPE N'~') THEN cast(1 as bit) WHEN ( NOT ([Extent1].[Address] LIKE @p__linq__4 ESCAPE N'~')) THEN cast(0 as bit) END IS NULL) AND (@p__linq__5 IS NULL))      )  AS [Project1]      ORDER BY [Project1].[CreatedTime] DESC, [Project1].[Id] ASC|
2015-07-20 11:07:52.4798|Debug|Shiju.Portal.Heart|  |
2015-07-20 11:07:52.4798|Debug|Shiju.Portal.Heart|-- p__linq__0: '%込込%' (Type = String, Size = 4000)  |
2015-07-20 11:07:52.4798|Debug|Shiju.Portal.Heart|-- p__linq__1: 'True' (Type = Boolean)  |
2015-07-20 11:07:52.4798|Debug|Shiju.Portal.Heart|-- p__linq__2: '%込込%' (Type = String, Size = 4000)  |
2015-07-20 11:07:52.4798|Debug|Shiju.Portal.Heart|-- p__linq__3: 'True' (Type = Boolean)  |
2015-07-20 11:07:52.4798|Debug|Shiju.Portal.Heart|-- p__linq__4: '%込込%' (Type = String, Size = 4000)  |
2015-07-20 11:07:52.4798|Debug|Shiju.Portal.Heart|-- p__linq__5: 'True' (Type = Boolean)  |
2015-07-20 11:07:52.4798|Debug|Shiju.Portal.Heart|-- p__linq__6: '40' (Type = Int32)  |
2015-07-20 11:07:52.4798|Debug|Shiju.Portal.Heart|-- Executing at 2015/7/20 11:07:52 +08:00  |
2015-07-20 11:07:52.4968|Debug|Shiju.Portal.Heart|-- Completed in 13 ms with result: SqlDataReader  |
2015-07-20 11:07:52.4968|Debug|Shiju.Portal.Heart|  |
2015-07-20 11:07:54.5902|Debug|Shiju.Portal.Heart|SELECT       [Extent1].[Id] AS [Id],       [Extent1].[CreatorUserId] AS [CreatorUserId],       [Extent1].[Sponsor] AS [Sponsor],       [Extent1].[BeginTime] AS [BeginTime],       [Extent1].[EndTime] AS [EndTime],       [Extent1].[Title] AS [Title],       [Extent1].[Description] AS [Description],       [Extent1].[Address] AS [Address],       [Extent1].[Images] AS [Images],       [Extent1].[Kind] AS [Kind],       [Extent1].[MaxUserCount] AS [MaxUserCount],       [Extent1].[DirectFriendVisible] AS [DirectFriendVisible],       [Extent1].[IsHot] AS [IsHot],       [Extent1].[LikeCount] AS [LikeCount],       [Extent1].[CommentCount] AS [CommentCount],       [Extent1].[VoteTitle] AS [VoteTitle],       [Extent1].[VoteChoicesJson] AS [VoteChoicesJson],       [Extent1].[VoteResult0Count] AS [VoteResult0Count],       [Extent1].[VoteResult1Count] AS [VoteResult1Count],       [Extent1].[VoteResult2Count] AS [VoteResult2Count],       [Extent1].[VoteResult3Count] AS [VoteResult3Count],       [Extent1].[VoteResult4Count] AS [VoteResult4Count],       [Extent1].[IsDisabled] AS [IsDisabled],       [Extent1].[CreatedTime] AS [CreatedTime]      FROM [dbo].[Parties] AS [Extent1]|
2015-07-20 11:07:54.5902|Debug|Shiju.Portal.Heart|  |
2015-07-20 11:07:54.5902|Debug|Shiju.Portal.Heart|-- Executing at 2015/7/20 11:07:54 +08:00  |
2015-07-20 11:07:54.5902|Debug|Shiju.Portal.Heart|-- Completed in 3 ms with result: SqlDataReader  |
2015-07-20 11:07:54.5952|Debug|Shiju.Portal.Heart|  |
2015-07-20 11:07:54.5952|Debug|Shiju.Portal.Heart|SELECT       [GroupBy1].[A1] AS [C1]      FROM ( SELECT           COUNT_BIG(1) AS [A1]          FROM [dbo].[Parties] AS [Extent1]      )  AS [GroupBy1]|
2015-07-20 11:07:54.5952|Debug|Shiju.Portal.Heart|  |
2015-07-20 11:07:54.5952|Debug|Shiju.Portal.Heart|-- Executing at 2015/7/20 11:07:54 +08:00  |
2015-07-20 11:07:54.5952|Debug|Shiju.Portal.Heart|-- Completed in 3 ms with result: SqlDataReader  |
2015-07-20 11:07:54.5952|Debug|Shiju.Portal.Heart|  |
2015-07-20 11:07:54.5952|Debug|Shiju.Portal.Heart|SELECT TOP (@p__linq__0)       [Extent1].[Id] AS [Id],       [Extent1].[CreatorUserId] AS [CreatorUserId],       [Extent1].[Sponsor] AS [Sponsor],       [Extent1].[BeginTime] AS [BeginTime],       [Extent1].[EndTime] AS [EndTime],       [Extent1].[Title] AS [Title],       [Extent1].[Description] AS [Description],       [Extent1].[Address] AS [Address],       [Extent1].[Images] AS [Images],       [Extent1].[Kind] AS [Kind],       [Extent1].[MaxUserCount] AS [MaxUserCount],       [Extent1].[DirectFriendVisible] AS [DirectFriendVisible],       [Extent1].[IsHot] AS [IsHot],       [Extent1].[LikeCount] AS [LikeCount],       [Extent1].[CommentCount] AS [CommentCount],       [Extent1].[VoteTitle] AS [VoteTitle],       [Extent1].[VoteChoicesJson] AS [VoteChoicesJson],       [Extent1].[VoteResult0Count] AS [VoteResult0Count],       [Extent1].[VoteResult1Count] AS [VoteResult1Count],       [Extent1].[VoteResult2Count] AS [VoteResult2Count],       [Extent1].[VoteResult3Count] AS [VoteResult3Count],       [Extent1].[VoteResult4Count] AS [VoteResult4Count],       [Extent1].[IsDisabled] AS [IsDisabled],       [Extent1].[CreatedTime] AS [CreatedTime]      FROM [dbo].[Parties] AS [Extent1]      ORDER BY [Extent1].[CreatedTime] DESC, [Extent1].[Id] ASC|
2015-07-20 11:07:54.5952|Debug|Shiju.Portal.Heart|  |
2015-07-20 11:07:54.5952|Debug|Shiju.Portal.Heart|-- p__linq__0: '40' (Type = Int32)  |
2015-07-20 11:07:54.5952|Debug|Shiju.Portal.Heart|-- Executing at 2015/7/20 11:07:54 +08:00  |
2015-07-20 11:07:54.6112|Debug|Shiju.Portal.Heart|-- Completed in 2 ms with result: SqlDataReader  |
2015-07-20 11:07:54.6112|Debug|Shiju.Portal.Heart|  |
2015-07-20 11:08:00.4834|Debug|Shiju.Portal.Heart|SELECT       [Extent1].[Id] AS [Id],       [Extent1].[PartyId] AS [PartyId],       [Extent1].[UserId] AS [UserId],       [Extent1].[TargetUserId] AS [TargetUserId],       [Extent1].[Text] AS [Text],       [Extent1].[AudioId] AS [AudioId],       [Extent1].[VoteResult] AS [VoteResult],       [Extent1].[CreatedTime] AS [CreatedTime]      FROM [dbo].[PartyComments] AS [Extent1]      WHERE ([Extent1].[PartyId] = @p__linq__0) AND (@p__linq__0 IS NOT NULL)|
2015-07-20 11:08:00.4834|Debug|Shiju.Portal.Heart|  |
2015-07-20 11:08:00.4834|Debug|Shiju.Portal.Heart|-- p__linq__0: 'dc06183a-e231-4b36-8556-91a22da73e61' (Type = Guid)  |
2015-07-20 11:08:00.4834|Debug|Shiju.Portal.Heart|-- Executing at 2015/7/20 11:08:00 +08:00  |
2015-07-20 11:08:00.4834|Debug|Shiju.Portal.Heart|-- Completed in 2 ms with result: SqlDataReader  |
2015-07-20 11:08:00.4834|Debug|Shiju.Portal.Heart|  |
2015-07-20 11:08:00.6783|Debug|Shiju.Portal.Heart|SELECT TOP (2)       [Extent1].[Id] AS [Id],       [Extent1].[Status] AS [Status],       [Extent1].[PhoneNumber] AS [PhoneNumber],       [Extent1].[NickName] AS [NickName],       [Extent1].[Signature] AS [Signature],       [Extent1].[Portrait] AS [Portrait],       [Extent1].[Gender] AS [Gender],       [Extent1].[District] AS [District],       [Extent1].[BackgroundImage] AS [BackgroundImage],       [Extent1].[CreatedTime] AS [CreatedTime],       [Extent1].[SignUpTime] AS [SignUpTime]      FROM [dbo].[Users] AS [Extent1]      WHERE [Extent1].[Id] = @p0|
2015-07-20 11:08:00.6783|Debug|Shiju.Portal.Heart|  |
2015-07-20 11:08:00.6783|Debug|Shiju.Portal.Heart|-- p0: 'dc06183a-e231-4b36-8556-97a32da71e11' (Type = Guid)  |
2015-07-20 11:08:00.6783|Debug|Shiju.Portal.Heart|-- Executing at 2015/7/20 11:08:00 +08:00  |
2015-07-20 11:08:00.6783|Debug|Shiju.Portal.Heart|-- Completed in 1 ms with result: SqlDataReader  |
2015-07-20 11:08:00.6783|Debug|Shiju.Portal.Heart|  |
2015-07-20 11:08:00.6783|Debug|Shiju.Portal.Heart|SELECT TOP (2)       [Extent1].[Id] AS [Id],       [Extent1].[Status] AS [Status],       [Extent1].[PhoneNumber] AS [PhoneNumber],       [Extent1].[NickName] AS [NickName],       [Extent1].[Signature] AS [Signature],       [Extent1].[Portrait] AS [Portrait],       [Extent1].[Gender] AS [Gender],       [Extent1].[District] AS [District],       [Extent1].[BackgroundImage] AS [BackgroundImage],       [Extent1].[CreatedTime] AS [CreatedTime],       [Extent1].[SignUpTime] AS [SignUpTime]      FROM [dbo].[Users] AS [Extent1]      WHERE [Extent1].[Id] = @p0|
2015-07-20 11:08:00.6783|Debug|Shiju.Portal.Heart|  |
2015-07-20 11:08:00.6783|Debug|Shiju.Portal.Heart|-- p0: 'dc06183a-e231-4b36-8556-97a32da72e11' (Type = Guid)  |
2015-07-20 11:08:00.6783|Debug|Shiju.Portal.Heart|-- Executing at 2015/7/20 11:08:00 +08:00  |
2015-07-20 11:08:00.6783|Debug|Shiju.Portal.Heart|-- Completed in 1 ms with result: SqlDataReader  |
2015-07-20 11:08:00.6783|Debug|Shiju.Portal.Heart|  |
2015-07-20 13:44:38.9169|Debug|Shiju.Portal.Heart|SELECT       [GroupBy1].[A1] AS [C1]      FROM ( SELECT           COUNT(1) AS [A1]          FROM [dbo].[Participants] AS [Extent1]          WHERE ([Extent1].[PartyId] = @p__linq__0) AND (@p__linq__0 IS NOT NULL)      )  AS [GroupBy1]|
2015-07-20 13:44:38.9169|Debug|Shiju.Portal.Heart|  |
2015-07-20 13:44:38.9169|Debug|Shiju.Portal.Heart|-- p__linq__0: 'dc06183a-e231-4b36-8556-91a32da71e61' (Type = Guid)  |
2015-07-20 13:44:38.9169|Debug|Shiju.Portal.Heart|-- Executing at 2015/7/20 13:44:38 +08:00  |
2015-07-20 13:44:38.9209|Debug|Shiju.Portal.Heart|-- Completed in 2 ms with result: SqlDataReader  |
2015-07-20 13:44:38.9209|Debug|Shiju.Portal.Heart|  |
2015-07-20 13:45:00.8717|Debug|Shiju.Portal.Heart|SELECT       [GroupBy1].[A1] AS [C1]      FROM ( SELECT           COUNT(1) AS [A1]          FROM [dbo].[Participants] AS [Extent1]          WHERE ([Extent1].[PartyId] = @p__linq__0) AND (@p__linq__0 IS NOT NULL)      )  AS [GroupBy1]|
2015-07-20 13:45:00.8717|Debug|Shiju.Portal.Heart|  |
2015-07-20 13:45:00.8717|Debug|Shiju.Portal.Heart|-- p__linq__0: '6b64cca7-d8aa-4ef8-8a35-d90a4514dded' (Type = Guid)  |
2015-07-20 13:45:00.8717|Debug|Shiju.Portal.Heart|-- Executing at 2015/7/20 13:45:00 +08:00  |
2015-07-20 13:45:00.8747|Debug|Shiju.Portal.Heart|-- Completed in 1 ms with result: SqlDataReader  |
2015-07-20 13:45:00.8747|Debug|Shiju.Portal.Heart|  |
2015-07-20 13:45:10.9597|Debug|Shiju.Portal.Heart|SELECT       [Extent1].[Id] AS [Id],       [Extent1].[Status] AS [Status],       [Extent1].[PhoneNumber] AS [PhoneNumber],       [Extent1].[NickName] AS [NickName],       [Extent1].[Signature] AS [Signature],       [Extent1].[Portrait] AS [Portrait],       [Extent1].[Gender] AS [Gender],       [Extent1].[District] AS [District],       [Extent1].[BackgroundImage] AS [BackgroundImage],       [Extent1].[CreatedTime] AS [CreatedTime],       [Extent1].[SignUpTime] AS [SignUpTime]      FROM [dbo].[Users] AS [Extent1]|
2015-07-20 13:45:10.9597|Debug|Shiju.Portal.Heart|  |
2015-07-20 13:45:10.9597|Debug|Shiju.Portal.Heart|-- Executing at 2015/7/20 13:45:10 +08:00  |
2015-07-20 13:45:10.9597|Debug|Shiju.Portal.Heart|-- Completed in 0 ms with result: SqlDataReader  |
2015-07-20 13:45:10.9597|Debug|Shiju.Portal.Heart|  |
2015-07-20 13:45:10.9597|Debug|Shiju.Portal.Heart|SELECT       [GroupBy1].[A1] AS [C1]      FROM ( SELECT           COUNT_BIG(1) AS [A1]          FROM [dbo].[Users] AS [Extent1]      )  AS [GroupBy1]|
2015-07-20 13:45:10.9597|Debug|Shiju.Portal.Heart|  |
2015-07-20 13:45:10.9597|Debug|Shiju.Portal.Heart|-- Executing at 2015/7/20 13:45:10 +08:00  |
2015-07-20 13:45:10.9597|Debug|Shiju.Portal.Heart|-- Completed in 1 ms with result: SqlDataReader  |
2015-07-20 13:45:10.9597|Debug|Shiju.Portal.Heart|  |
2015-07-20 13:45:10.9597|Debug|Shiju.Portal.Heart|SELECT TOP (@p__linq__0)       [Extent1].[Id] AS [Id],       [Extent1].[Status] AS [Status],       [Extent1].[PhoneNumber] AS [PhoneNumber],       [Extent1].[NickName] AS [NickName],       [Extent1].[Signature] AS [Signature],       [Extent1].[Portrait] AS [Portrait],       [Extent1].[Gender] AS [Gender],       [Extent1].[District] AS [District],       [Extent1].[BackgroundImage] AS [BackgroundImage],       [Extent1].[CreatedTime] AS [CreatedTime],       [Extent1].[SignUpTime] AS [SignUpTime]      FROM [dbo].[Users] AS [Extent1]      ORDER BY [Extent1].[CreatedTime] DESC, [Extent1].[Id] ASC|
2015-07-20 13:45:10.9597|Debug|Shiju.Portal.Heart|  |
2015-07-20 13:45:10.9597|Debug|Shiju.Portal.Heart|-- p__linq__0: '40' (Type = Int32)  |
2015-07-20 13:45:10.9597|Debug|Shiju.Portal.Heart|-- Executing at 2015/7/20 13:45:10 +08:00  |
2015-07-20 13:45:10.9677|Debug|Shiju.Portal.Heart|-- Completed in 2 ms with result: SqlDataReader  |
2015-07-20 13:45:10.9677|Debug|Shiju.Portal.Heart|  |
2015-07-20 16:54:48.0612|Debug|Shiju.Portal.Heart|  SELECT Count(*)  FROM INFORMATION_SCHEMA.TABLES AS t  WHERE t.TABLE_TYPE = 'BASE TABLE'      AND (t.TABLE_SCHEMA + '.' + t.TABLE_NAME IN ('dbo.Accounts','dbo.FriendRequests','dbo.Friends','dbo.Participants','dbo.Parties','dbo.PartyComments','dbo.PartyLikes','dbo.Users','dbo.VerificationCodes')          OR t.TABLE_NAME = 'EdmMetadata')|
2015-07-20 16:54:48.0612|Debug|Shiju.Portal.Heart|  |
2015-07-20 16:54:48.0612|Debug|Shiju.Portal.Heart|-- Executing at 2015/7/20 16:54:48 +08:00  |
2015-07-20 16:54:48.0612|Debug|Shiju.Portal.Heart|-- Completed in 3 ms with result: 9  |
2015-07-20 16:54:48.0612|Debug|Shiju.Portal.Heart|  |
2015-07-20 16:54:49.7452|Debug|Shiju.Portal.Heart|SELECT       [GroupBy1].[A1] AS [C1]      FROM ( SELECT           COUNT(1) AS [A1]          FROM [dbo].[__MigrationHistory] AS [Extent1]      )  AS [GroupBy1]|
2015-07-20 16:54:49.7492|Debug|Shiju.Portal.Heart|  |
2015-07-20 16:54:49.7492|Debug|Shiju.Portal.Heart|-- Executing at 2015/7/20 16:54:49 +08:00  |
2015-07-20 16:54:49.7492|Debug|Shiju.Portal.Heart|-- Completed in 1 ms with result: SqlDataReader  |
2015-07-20 16:54:49.7492|Debug|Shiju.Portal.Heart|  |
2015-07-20 16:54:50.0242|Debug|Shiju.Portal.Heart|SELECT       [GroupBy1].[A1] AS [C1]      FROM ( SELECT           COUNT(1) AS [A1]          FROM [dbo].[__MigrationHistory] AS [Extent1]          WHERE ([Extent1].[ContextKey] = @p__linq__0) AND (@p__linq__0 IS NOT NULL)      )  AS [GroupBy1]|
2015-07-20 16:54:50.0242|Debug|Shiju.Portal.Heart|  |
2015-07-20 16:54:50.0302|Debug|Shiju.Portal.Heart|-- p__linq__0: 'ShiJu.Models.ShiJuDbContext' (Type = String, Size = 4000)  |
2015-07-20 16:54:50.0302|Debug|Shiju.Portal.Heart|-- Executing at 2015/7/20 16:54:50 +08:00  |
2015-07-20 16:54:50.0302|Debug|Shiju.Portal.Heart|-- Completed in 4 ms with result: SqlDataReader  |
2015-07-20 16:54:50.0302|Debug|Shiju.Portal.Heart|  |
2015-07-20 16:54:50.0832|Debug|Shiju.Portal.Heart|SELECT       [GroupBy1].[A1] AS [C1]      FROM ( SELECT           COUNT(1) AS [A1]          FROM [dbo].[__MigrationHistory] AS [Extent1]      )  AS [GroupBy1]|
2015-07-20 16:54:50.0832|Debug|Shiju.Portal.Heart|  |
2015-07-20 16:54:50.0832|Debug|Shiju.Portal.Heart|-- Executing at 2015/7/20 16:54:50 +08:00  |
2015-07-20 16:54:50.0832|Debug|Shiju.Portal.Heart|-- Completed in 2 ms with result: SqlDataReader  |
2015-07-20 16:54:50.0832|Debug|Shiju.Portal.Heart|  |
2015-07-20 16:54:50.0832|Debug|Shiju.Portal.Heart|SELECT       [GroupBy1].[A1] AS [C1]      FROM ( SELECT           COUNT(1) AS [A1]          FROM [dbo].[__MigrationHistory] AS [Extent1]          WHERE ([Extent1].[ContextKey] = @p__linq__0) AND (@p__linq__0 IS NOT NULL)      )  AS [GroupBy1]|
2015-07-20 16:54:50.0832|Debug|Shiju.Portal.Heart|  |
2015-07-20 16:54:50.0832|Debug|Shiju.Portal.Heart|-- p__linq__0: 'ShiJu.Models.ShiJuDbContext' (Type = String, Size = 4000)  |
2015-07-20 16:54:50.0832|Debug|Shiju.Portal.Heart|-- Executing at 2015/7/20 16:54:50 +08:00  |
2015-07-20 16:54:50.0922|Debug|Shiju.Portal.Heart|-- Completed in 0 ms with result: SqlDataReader  |
2015-07-20 16:54:50.0922|Debug|Shiju.Portal.Heart|  |
2015-07-20 16:54:50.2802|Debug|Shiju.Portal.Heart|SELECT TOP (1)       [Project1].[C1] AS [C1],       [Project1].[MigrationId] AS [MigrationId],       [Project1].[Model] AS [Model]      FROM ( SELECT           [Extent1].[MigrationId] AS [MigrationId],           [Extent1].[Model] AS [Model],           1 AS [C1]          FROM [dbo].[__MigrationHistory] AS [Extent1]          WHERE ([Extent1].[ContextKey] = @p__linq__0) AND (@p__linq__0 IS NOT NULL)      )  AS [Project1]      ORDER BY [Project1].[MigrationId] DESC|
2015-07-20 16:54:50.2802|Debug|Shiju.Portal.Heart|  |
2015-07-20 16:54:50.2802|Debug|Shiju.Portal.Heart|-- p__linq__0: 'ShiJu.Models.ShiJuDbContext' (Type = String, Size = 4000)  |
2015-07-20 16:54:50.2802|Debug|Shiju.Portal.Heart|-- Executing at 2015/7/20 16:54:50 +08:00  |
2015-07-20 16:54:50.2802|Debug|Shiju.Portal.Heart|-- Completed in 1 ms with result: SqlDataReader  |
2015-07-20 16:54:50.2802|Debug|Shiju.Portal.Heart|  |
2015-07-20 16:54:50.7012|Debug|Shiju.Portal.Heart|SELECT       [Extent1].[Id] AS [Id],       [Extent1].[Status] AS [Status],       [Extent1].[PhoneNumber] AS [PhoneNumber],       [Extent1].[NickName] AS [NickName],       [Extent1].[Signature] AS [Signature],       [Extent1].[Portrait] AS [Portrait],       [Extent1].[Gender] AS [Gender],       [Extent1].[District] AS [District],       [Extent1].[BackgroundImage] AS [BackgroundImage],       [Extent1].[CreatedTime] AS [CreatedTime],       [Extent1].[SignUpTime] AS [SignUpTime]      FROM [dbo].[Users] AS [Extent1]|
2015-07-20 16:54:50.7042|Debug|Shiju.Portal.Heart|  |
2015-07-20 16:54:50.7042|Debug|Shiju.Portal.Heart|-- Executing at 2015/7/20 16:54:50 +08:00  |
2015-07-20 16:54:50.7042|Debug|Shiju.Portal.Heart|-- Completed in 0 ms with result: SqlDataReader  |
2015-07-20 16:54:50.7042|Debug|Shiju.Portal.Heart|  |
2015-07-20 16:54:50.9792|Debug|Shiju.Portal.Heart|SELECT       [GroupBy1].[A1] AS [C1]      FROM ( SELECT           COUNT_BIG(1) AS [A1]          FROM [dbo].[Users] AS [Extent1]      )  AS [GroupBy1]|
2015-07-20 16:54:50.9792|Debug|Shiju.Portal.Heart|  |
2015-07-20 16:54:50.9792|Debug|Shiju.Portal.Heart|-- Executing at 2015/7/20 16:54:50 +08:00  |
2015-07-20 16:54:50.9832|Debug|Shiju.Portal.Heart|-- Completed in 3 ms with result: SqlDataReader  |
2015-07-20 16:54:50.9832|Debug|Shiju.Portal.Heart|  |
2015-07-20 16:54:51.3132|Debug|Shiju.Portal.Heart|SELECT TOP (@p__linq__0)       [Extent1].[Id] AS [Id],       [Extent1].[Status] AS [Status],       [Extent1].[PhoneNumber] AS [PhoneNumber],       [Extent1].[NickName] AS [NickName],       [Extent1].[Signature] AS [Signature],       [Extent1].[Portrait] AS [Portrait],       [Extent1].[Gender] AS [Gender],       [Extent1].[District] AS [District],       [Extent1].[BackgroundImage] AS [BackgroundImage],       [Extent1].[CreatedTime] AS [CreatedTime],       [Extent1].[SignUpTime] AS [SignUpTime]      FROM [dbo].[Users] AS [Extent1]      ORDER BY [Extent1].[CreatedTime] DESC, [Extent1].[Id] ASC|
2015-07-20 16:54:51.3132|Debug|Shiju.Portal.Heart|  |
2015-07-20 16:54:51.3132|Debug|Shiju.Portal.Heart|-- p__linq__0: '40' (Type = Int32)  |
2015-07-20 16:54:51.3132|Debug|Shiju.Portal.Heart|-- Executing at 2015/7/20 16:54:51 +08:00  |
2015-07-20 16:54:51.3132|Debug|Shiju.Portal.Heart|-- Completed in 1 ms with result: SqlDataReader  |
2015-07-20 16:54:51.3132|Debug|Shiju.Portal.Heart|  |
2015-07-20 16:55:04.7302|Debug|Shiju.Portal.Heart|SELECT       [Extent1].[Id] AS [Id],       [Extent1].[CreatorUserId] AS [CreatorUserId],       [Extent1].[Sponsor] AS [Sponsor],       [Extent1].[BeginTime] AS [BeginTime],       [Extent1].[EndTime] AS [EndTime],       [Extent1].[Title] AS [Title],       [Extent1].[Description] AS [Description],       [Extent1].[Address] AS [Address],       [Extent1].[Images] AS [Images],       [Extent1].[Kind] AS [Kind],       [Extent1].[MaxUserCount] AS [MaxUserCount],       [Extent1].[DirectFriendVisible] AS [DirectFriendVisible],       [Extent1].[IsHot] AS [IsHot],       [Extent1].[LikeCount] AS [LikeCount],       [Extent1].[CommentCount] AS [CommentCount],       [Extent1].[VoteTitle] AS [VoteTitle],       [Extent1].[VoteChoicesJson] AS [VoteChoicesJson],       [Extent1].[VoteResult0Count] AS [VoteResult0Count],       [Extent1].[VoteResult1Count] AS [VoteResult1Count],       [Extent1].[VoteResult2Count] AS [VoteResult2Count],       [Extent1].[VoteResult3Count] AS [VoteResult3Count],       [Extent1].[VoteResult4Count] AS [VoteResult4Count],       [Extent1].[IsDisabled] AS [IsDisabled],       [Extent1].[CreatedTime] AS [CreatedTime]      FROM [dbo].[Parties] AS [Extent1]|
2015-07-20 16:55:04.7302|Debug|Shiju.Portal.Heart|  |
2015-07-20 16:55:04.7302|Debug|Shiju.Portal.Heart|-- Executing at 2015/7/20 16:55:04 +08:00  |
2015-07-20 16:55:04.7342|Debug|Shiju.Portal.Heart|-- Completed in 2 ms with result: SqlDataReader  |
2015-07-20 16:55:04.7342|Debug|Shiju.Portal.Heart|  |
2015-07-20 16:55:04.7512|Debug|Shiju.Portal.Heart|SELECT       [GroupBy1].[A1] AS [C1]      FROM ( SELECT           COUNT_BIG(1) AS [A1]          FROM [dbo].[Parties] AS [Extent1]      )  AS [GroupBy1]|
2015-07-20 16:55:04.7512|Debug|Shiju.Portal.Heart|  |
2015-07-20 16:55:04.7512|Debug|Shiju.Portal.Heart|-- Executing at 2015/7/20 16:55:04 +08:00  |
2015-07-20 16:55:04.7512|Debug|Shiju.Portal.Heart|-- Completed in 1 ms with result: SqlDataReader  |
2015-07-20 16:55:04.7512|Debug|Shiju.Portal.Heart|  |
2015-07-20 16:55:04.7512|Debug|Shiju.Portal.Heart|SELECT TOP (@p__linq__0)       [Extent1].[Id] AS [Id],       [Extent1].[CreatorUserId] AS [CreatorUserId],       [Extent1].[Sponsor] AS [Sponsor],       [Extent1].[BeginTime] AS [BeginTime],       [Extent1].[EndTime] AS [EndTime],       [Extent1].[Title] AS [Title],       [Extent1].[Description] AS [Description],       [Extent1].[Address] AS [Address],       [Extent1].[Images] AS [Images],       [Extent1].[Kind] AS [Kind],       [Extent1].[MaxUserCount] AS [MaxUserCount],       [Extent1].[DirectFriendVisible] AS [DirectFriendVisible],       [Extent1].[IsHot] AS [IsHot],       [Extent1].[LikeCount] AS [LikeCount],       [Extent1].[CommentCount] AS [CommentCount],       [Extent1].[VoteTitle] AS [VoteTitle],       [Extent1].[VoteChoicesJson] AS [VoteChoicesJson],       [Extent1].[VoteResult0Count] AS [VoteResult0Count],       [Extent1].[VoteResult1Count] AS [VoteResult1Count],       [Extent1].[VoteResult2Count] AS [VoteResult2Count],       [Extent1].[VoteResult3Count] AS [VoteResult3Count],       [Extent1].[VoteResult4Count] AS [VoteResult4Count],       [Extent1].[IsDisabled] AS [IsDisabled],       [Extent1].[CreatedTime] AS [CreatedTime]      FROM [dbo].[Parties] AS [Extent1]      ORDER BY [Extent1].[CreatedTime] DESC, [Extent1].[Id] ASC|
2015-07-20 16:55:04.7512|Debug|Shiju.Portal.Heart|  |
2015-07-20 16:55:04.7512|Debug|Shiju.Portal.Heart|-- p__linq__0: '40' (Type = Int32)  |
2015-07-20 16:55:04.7512|Debug|Shiju.Portal.Heart|-- Executing at 2015/7/20 16:55:04 +08:00  |
2015-07-20 16:55:04.7642|Debug|Shiju.Portal.Heart|-- Completed in 4 ms with result: SqlDataReader  |
2015-07-20 16:55:04.7642|Debug|Shiju.Portal.Heart|  |
2015-07-20 16:55:06.8512|Debug|Shiju.Portal.Heart|SELECT       [Extent1].[Id] AS [Id],       [Extent1].[PartyId] AS [PartyId],       [Extent1].[UserId] AS [UserId],       [Extent1].[TargetUserId] AS [TargetUserId],       [Extent1].[Text] AS [Text],       [Extent1].[AudioId] AS [AudioId],       [Extent1].[VoteResult] AS [VoteResult],       [Extent1].[CreatedTime] AS [CreatedTime]      FROM [dbo].[PartyComments] AS [Extent1]      WHERE ([Extent1].[PartyId] = @p__linq__0) AND (@p__linq__0 IS NOT NULL)|
2015-07-20 16:55:06.8512|Debug|Shiju.Portal.Heart|  |
2015-07-20 16:55:06.8512|Debug|Shiju.Portal.Heart|-- p__linq__0: '909fc9c3-4660-4e47-8367-001fd2d3e13d' (Type = Guid)  |
2015-07-20 16:55:06.8512|Debug|Shiju.Portal.Heart|-- Executing at 2015/7/20 16:55:06 +08:00  |
2015-07-20 16:55:06.8512|Debug|Shiju.Portal.Heart|-- Completed in 2 ms with result: SqlDataReader  |
2015-07-20 16:55:06.8512|Debug|Shiju.Portal.Heart|  |
2015-07-20 16:55:10.7826|Debug|Shiju.Portal.Heart|SELECT       [Extent1].[Id] AS [Id],       [Extent1].[PartyId] AS [PartyId],       [Extent1].[UserId] AS [UserId],       [Extent1].[TargetUserId] AS [TargetUserId],       [Extent1].[Text] AS [Text],       [Extent1].[AudioId] AS [AudioId],       [Extent1].[VoteResult] AS [VoteResult],       [Extent1].[CreatedTime] AS [CreatedTime]      FROM [dbo].[PartyComments] AS [Extent1]      WHERE ([Extent1].[PartyId] = @p__linq__0) AND (@p__linq__0 IS NOT NULL)|
2015-07-20 16:55:10.7826|Debug|Shiju.Portal.Heart|  |
2015-07-20 16:55:10.7826|Debug|Shiju.Portal.Heart|-- p__linq__0: 'dc06183a-e231-4b36-8556-91a22da73e61' (Type = Guid)  |
2015-07-20 16:55:10.7826|Debug|Shiju.Portal.Heart|-- Executing at 2015/7/20 16:55:10 +08:00  |
2015-07-20 16:55:10.7826|Debug|Shiju.Portal.Heart|-- Completed in 0 ms with result: SqlDataReader  |
2015-07-20 16:55:10.7826|Debug|Shiju.Portal.Heart|  |
2015-07-20 16:55:10.9876|Debug|Shiju.Portal.Heart|SELECT TOP (2)       [Extent1].[Id] AS [Id],       [Extent1].[Status] AS [Status],       [Extent1].[PhoneNumber] AS [PhoneNumber],       [Extent1].[NickName] AS [NickName],       [Extent1].[Signature] AS [Signature],       [Extent1].[Portrait] AS [Portrait],       [Extent1].[Gender] AS [Gender],       [Extent1].[District] AS [District],       [Extent1].[BackgroundImage] AS [BackgroundImage],       [Extent1].[CreatedTime] AS [CreatedTime],       [Extent1].[SignUpTime] AS [SignUpTime]      FROM [dbo].[Users] AS [Extent1]      WHERE [Extent1].[Id] = @p0|
2015-07-20 16:55:10.9876|Debug|Shiju.Portal.Heart|  |
2015-07-20 16:55:10.9876|Debug|Shiju.Portal.Heart|-- p0: 'dc06183a-e231-4b36-8556-97a32da71e11' (Type = Guid)  |
2015-07-20 16:55:10.9876|Debug|Shiju.Portal.Heart|-- Executing at 2015/7/20 16:55:10 +08:00  |
2015-07-20 16:55:10.9876|Debug|Shiju.Portal.Heart|-- Completed in 5 ms with result: SqlDataReader  |
2015-07-20 16:55:10.9876|Debug|Shiju.Portal.Heart|  |
2015-07-20 16:55:10.9876|Debug|Shiju.Portal.Heart|SELECT TOP (2)       [Extent1].[Id] AS [Id],       [Extent1].[Status] AS [Status],       [Extent1].[PhoneNumber] AS [PhoneNumber],       [Extent1].[NickName] AS [NickName],       [Extent1].[Signature] AS [Signature],       [Extent1].[Portrait] AS [Portrait],       [Extent1].[Gender] AS [Gender],       [Extent1].[District] AS [District],       [Extent1].[BackgroundImage] AS [BackgroundImage],       [Extent1].[CreatedTime] AS [CreatedTime],       [Extent1].[SignUpTime] AS [SignUpTime]      FROM [dbo].[Users] AS [Extent1]      WHERE [Extent1].[Id] = @p0|
2015-07-20 16:55:10.9876|Debug|Shiju.Portal.Heart|  |
2015-07-20 16:55:10.9986|Debug|Shiju.Portal.Heart|-- p0: 'dc06183a-e231-4b36-8556-97a32da72e11' (Type = Guid)  |
2015-07-20 16:55:10.9986|Debug|Shiju.Portal.Heart|-- Executing at 2015/7/20 16:55:10 +08:00  |
2015-07-20 16:55:10.9986|Debug|Shiju.Portal.Heart|-- Completed in 1 ms with result: SqlDataReader  |
2015-07-20 16:55:10.9986|Debug|Shiju.Portal.Heart|  |
