2015-10-22 17:40:51.9134|Debug|Shiju.Portal.Heart|  SELECT Count(*)  FROM INFORMATION_SCHEMA.TABLES AS t  WHERE t.TABLE_TYPE = 'BASE TABLE'      AND (t.TABLE_SCHEMA + '.' + t.TABLE_NAME IN ('dbo.Accounts','dbo.FriendRequests','dbo.Friends','dbo.Participants','dbo.Parties','dbo.PartyComments','dbo.PartyLikes','dbo.Users','dbo.VerificationCodes')          OR t.TABLE_NAME = 'EdmMetadata')|
2015-10-22 17:40:51.9134|Debug|Shiju.Portal.Heart|  |
2015-10-22 17:40:51.9134|Debug|Shiju.Portal.Heart|-- Executing at 2015/10/22 17:40:51 +08:00  |
2015-10-22 17:40:51.9444|Debug|Shiju.Portal.Heart|-- Completed in 23 ms with result: 9  |
2015-10-22 17:40:51.9444|Debug|Shiju.Portal.Heart|  |
2015-10-22 17:40:51.9784|Debug|Shiju.Portal.Heart|SELECT       [GroupBy1].[A1] AS [C1]      FROM ( SELECT           COUNT(1) AS [A1]          FROM [dbo].[__MigrationHistory] AS [Extent1]      )  AS [GroupBy1]|
2015-10-22 17:40:51.9784|Debug|Shiju.Portal.Heart|  |
2015-10-22 17:40:51.9784|Debug|Shiju.Portal.Heart|-- Executing at 2015/10/22 17:40:51 +08:00  |
2015-10-22 17:40:52.0124|Debug|Shiju.Portal.Heart|-- Completed in 33 ms with result: SqlDataReader  |
2015-10-22 17:40:52.0124|Debug|Shiju.Portal.Heart|  |
2015-10-22 17:40:52.0274|Debug|Shiju.Portal.Heart|SELECT       [GroupBy1].[A1] AS [C1]      FROM ( SELECT           COUNT(1) AS [A1]          FROM [dbo].[__MigrationHistory] AS [Extent1]          WHERE ([Extent1].[ContextKey] = @p__linq__0) AND (@p__linq__0 IS NOT NULL)      )  AS [GroupBy1]|
2015-10-22 17:40:52.0274|Debug|Shiju.Portal.Heart|  |
2015-10-22 17:40:52.0274|Debug|Shiju.Portal.Heart|-- p__linq__0: 'ShiJu.Models.ShiJuDbContext' (Type = String, Size = 4000)  |
2015-10-22 17:40:52.0274|Debug|Shiju.Portal.Heart|-- Executing at 2015/10/22 17:40:52 +08:00  |
2015-10-22 17:40:52.0684|Debug|Shiju.Portal.Heart|-- Completed in 38 ms with result: SqlDataReader  |
2015-10-22 17:40:52.0684|Debug|Shiju.Portal.Heart|  |
2015-10-22 17:40:52.1594|Debug|Shiju.Portal.Heart|SELECT       [GroupBy1].[A1] AS [C1]      FROM ( SELECT           COUNT(1) AS [A1]          FROM [dbo].[__MigrationHistory] AS [Extent1]      )  AS [GroupBy1]|
2015-10-22 17:40:52.1594|Debug|Shiju.Portal.Heart|  |
2015-10-22 17:40:52.1594|Debug|Shiju.Portal.Heart|-- Executing at 2015/10/22 17:40:52 +08:00  |
2015-10-22 17:40:52.2134|Debug|Shiju.Portal.Heart|-- Completed in 52 ms with result: SqlDataReader  |
2015-10-22 17:40:52.2134|Debug|Shiju.Portal.Heart|  |
2015-10-22 17:40:52.2264|Debug|Shiju.Portal.Heart|SELECT       [GroupBy1].[A1] AS [C1]      FROM ( SELECT           COUNT(1) AS [A1]          FROM [dbo].[__MigrationHistory] AS [Extent1]          WHERE ([Extent1].[ContextKey] = @p__linq__0) AND (@p__linq__0 IS NOT NULL)      )  AS [GroupBy1]|
2015-10-22 17:40:52.2264|Debug|Shiju.Portal.Heart|  |
2015-10-22 17:40:52.2264|Debug|Shiju.Portal.Heart|-- p__linq__0: 'ShiJu.Models.ShiJuDbContext' (Type = String, Size = 4000)  |
2015-10-22 17:40:52.2264|Debug|Shiju.Portal.Heart|-- Executing at 2015/10/22 17:40:52 +08:00  |
2015-10-22 17:40:52.2924|Debug|Shiju.Portal.Heart|-- Completed in 64 ms with result: SqlDataReader  |
2015-10-22 17:40:52.2924|Debug|Shiju.Portal.Heart|  |
2015-10-22 17:40:52.3051|Debug|Shiju.Portal.Heart|SELECT TOP (1)       [Project1].[C1] AS [C1],       [Project1].[MigrationId] AS [MigrationId],       [Project1].[Model] AS [Model]      FROM ( SELECT           [Extent1].[MigrationId] AS [MigrationId],           [Extent1].[Model] AS [Model],           1 AS [C1]          FROM [dbo].[__MigrationHistory] AS [Extent1]          WHERE ([Extent1].[ContextKey] = @p__linq__0) AND (@p__linq__0 IS NOT NULL)      )  AS [Project1]      ORDER BY [Project1].[MigrationId] DESC|
2015-10-22 17:40:52.3051|Debug|Shiju.Portal.Heart|  |
2015-10-22 17:40:52.3051|Debug|Shiju.Portal.Heart|-- p__linq__0: 'ShiJu.Models.ShiJuDbContext' (Type = String, Size = 4000)  |
2015-10-22 17:40:52.3051|Debug|Shiju.Portal.Heart|-- Executing at 2015/10/22 17:40:52 +08:00  |
2015-10-22 17:40:52.3634|Debug|Shiju.Portal.Heart|-- Completed in 57 ms with result: SqlDataReader  |
2015-10-22 17:40:52.3634|Debug|Shiju.Portal.Heart|  |
2015-10-22 17:40:54.1834|Debug|Shiju.Portal.Heart|SELECT       [Extent1].[Id] AS [Id],       [Extent1].[Status] AS [Status],       [Extent1].[PhoneNumber] AS [PhoneNumber],       [Extent1].[NickName] AS [NickName],       [Extent1].[Signature] AS [Signature],       [Extent1].[Portrait] AS [Portrait],       [Extent1].[Gender] AS [Gender],       [Extent1].[District] AS [District],       [Extent1].[BackgroundImage] AS [BackgroundImage],       [Extent1].[CreatedTime] AS [CreatedTime],       [Extent1].[SignUpTime] AS [SignUpTime]      FROM [dbo].[Users] AS [Extent1]|
2015-10-22 17:40:54.1834|Debug|Shiju.Portal.Heart|  |
2015-10-22 17:40:54.1834|Debug|Shiju.Portal.Heart|-- Executing at 2015/10/22 17:40:54 +08:00  |
2015-10-22 17:40:54.2235|Debug|Shiju.Portal.Heart|-- Completed in 37 ms with result: SqlDataReader  |
2015-10-22 17:40:54.2235|Debug|Shiju.Portal.Heart|  |
2015-10-22 17:40:54.4704|Debug|Shiju.Portal.Heart|SELECT       [GroupBy1].[A1] AS [C1]      FROM ( SELECT           COUNT_BIG(1) AS [A1]          FROM [dbo].[Users] AS [Extent1]      )  AS [GroupBy1]|
2015-10-22 17:40:54.4704|Debug|Shiju.Portal.Heart|  |
2015-10-22 17:40:54.4704|Debug|Shiju.Portal.Heart|-- Executing at 2015/10/22 17:40:54 +08:00  |
2015-10-22 17:40:54.5374|Debug|Shiju.Portal.Heart|-- Completed in 64 ms with result: SqlDataReader  |
2015-10-22 17:40:54.5374|Debug|Shiju.Portal.Heart|  |
2015-10-22 17:40:54.9144|Debug|Shiju.Portal.Heart|SELECT TOP (@p__linq__0)       [Extent1].[Id] AS [Id],       [Extent1].[Status] AS [Status],       [Extent1].[PhoneNumber] AS [PhoneNumber],       [Extent1].[NickName] AS [NickName],       [Extent1].[Signature] AS [Signature],       [Extent1].[Portrait] AS [Portrait],       [Extent1].[Gender] AS [Gender],       [Extent1].[District] AS [District],       [Extent1].[BackgroundImage] AS [BackgroundImage],       [Extent1].[CreatedTime] AS [CreatedTime],       [Extent1].[SignUpTime] AS [SignUpTime]      FROM [dbo].[Users] AS [Extent1]      ORDER BY [Extent1].[CreatedTime] DESC, [Extent1].[Id] ASC|
2015-10-22 17:40:54.9144|Debug|Shiju.Portal.Heart|  |
2015-10-22 17:40:54.9144|Debug|Shiju.Portal.Heart|-- p__linq__0: '50' (Type = Int32)  |
2015-10-22 17:40:54.9144|Debug|Shiju.Portal.Heart|-- Executing at 2015/10/22 17:40:54 +08:00  |
2015-10-22 17:40:54.9684|Debug|Shiju.Portal.Heart|-- Completed in 52 ms with result: SqlDataReader  |
2015-10-22 17:40:54.9684|Debug|Shiju.Portal.Heart|  |
2015-10-22 17:41:13.4374|Debug|Shiju.Portal.Heart|SELECT       [Extent1].[Id] AS [Id],       [Extent1].[CreatorUserId] AS [CreatorUserId],       [Extent1].[Sponsor] AS [Sponsor],       [Extent1].[BeginTime] AS [BeginTime],       [Extent1].[EndTime] AS [EndTime],       [Extent1].[Title] AS [Title],       [Extent1].[Description] AS [Description],       [Extent1].[Address] AS [Address],       [Extent1].[Images] AS [Images],       [Extent1].[Kind] AS [Kind],       [Extent1].[MaxUserCount] AS [MaxUserCount],       [Extent1].[DirectFriendVisible] AS [DirectFriendVisible],       [Extent1].[IsPublic] AS [IsPublic],       [Extent1].[LikeCount] AS [LikeCount],       [Extent1].[CommentCount] AS [CommentCount],       [Extent1].[VoteTitle] AS [VoteTitle],       [Extent1].[VoteChoicesJson] AS [VoteChoicesJson],       [Extent1].[VoteResult0Count] AS [VoteResult0Count],       [Extent1].[VoteResult1Count] AS [VoteResult1Count],       [Extent1].[VoteResult2Count] AS [VoteResult2Count],       [Extent1].[VoteResult3Count] AS [VoteResult3Count],       [Extent1].[VoteResult4Count] AS [VoteResult4Count],       [Extent1].[IsDisabled] AS [IsDisabled],       [Extent1].[CreatedTime] AS [CreatedTime]      FROM [dbo].[Parties] AS [Extent1]|
2015-10-22 17:41:13.4374|Debug|Shiju.Portal.Heart|  |
2015-10-22 17:41:13.4374|Debug|Shiju.Portal.Heart|-- Executing at 2015/10/22 17:41:13 +08:00  |
2015-10-22 17:41:14.0974|Debug|Shiju.Portal.Heart|-- Completed in 657 ms with result: SqlDataReader  |
2015-10-22 17:41:14.0974|Debug|Shiju.Portal.Heart|  |
2015-10-22 17:41:14.1234|Debug|Shiju.Portal.Heart|SELECT       [GroupBy1].[A1] AS [C1]      FROM ( SELECT           COUNT_BIG(1) AS [A1]          FROM [dbo].[Parties] AS [Extent1]      )  AS [GroupBy1]|
2015-10-22 17:41:14.1234|Debug|Shiju.Portal.Heart|  |
2015-10-22 17:41:14.1234|Debug|Shiju.Portal.Heart|-- Executing at 2015/10/22 17:41:14 +08:00  |
2015-10-22 17:41:14.1764|Debug|Shiju.Portal.Heart|-- Completed in 52 ms with result: SqlDataReader  |
2015-10-22 17:41:14.1764|Debug|Shiju.Portal.Heart|  |
2015-10-22 17:41:14.2164|Debug|Shiju.Portal.Heart|SELECT TOP (@p__linq__0)       [Extent1].[Id] AS [Id],       [Extent1].[CreatorUserId] AS [CreatorUserId],       [Extent1].[Sponsor] AS [Sponsor],       [Extent1].[BeginTime] AS [BeginTime],       [Extent1].[EndTime] AS [EndTime],       [Extent1].[Title] AS [Title],       [Extent1].[Description] AS [Description],       [Extent1].[Address] AS [Address],       [Extent1].[Images] AS [Images],       [Extent1].[Kind] AS [Kind],       [Extent1].[MaxUserCount] AS [MaxUserCount],       [Extent1].[DirectFriendVisible] AS [DirectFriendVisible],       [Extent1].[IsPublic] AS [IsPublic],       [Extent1].[LikeCount] AS [LikeCount],       [Extent1].[CommentCount] AS [CommentCount],       [Extent1].[VoteTitle] AS [VoteTitle],       [Extent1].[VoteChoicesJson] AS [VoteChoicesJson],       [Extent1].[VoteResult0Count] AS [VoteResult0Count],       [Extent1].[VoteResult1Count] AS [VoteResult1Count],       [Extent1].[VoteResult2Count] AS [VoteResult2Count],       [Extent1].[VoteResult3Count] AS [VoteResult3Count],       [Extent1].[VoteResult4Count] AS [VoteResult4Count],       [Extent1].[IsDisabled] AS [IsDisabled],       [Extent1].[CreatedTime] AS [CreatedTime]      FROM [dbo].[Parties] AS [Extent1]      ORDER BY [Extent1].[CreatedTime] DESC, [Extent1].[Id] ASC|
2015-10-22 17:41:14.2164|Debug|Shiju.Portal.Heart|  |
2015-10-22 17:41:14.2164|Debug|Shiju.Portal.Heart|-- p__linq__0: '50' (Type = Int32)  |
2015-10-22 17:41:14.2164|Debug|Shiju.Portal.Heart|-- Executing at 2015/10/22 17:41:14 +08:00  |
2015-10-22 17:41:14.7844|Debug|Shiju.Portal.Heart|-- Completed in 567 ms with result: SqlDataReader  |
2015-10-22 17:41:14.7844|Debug|Shiju.Portal.Heart|  |
2015-10-22 17:41:27.7665|Debug|Shiju.Portal.Heart|SELECT       [Extent1].[Id] AS [Id],       [Extent1].[Status] AS [Status],       [Extent1].[PhoneNumber] AS [PhoneNumber],       [Extent1].[NickName] AS [NickName],       [Extent1].[Signature] AS [Signature],       [Extent1].[Portrait] AS [Portrait],       [Extent1].[Gender] AS [Gender],       [Extent1].[District] AS [District],       [Extent1].[BackgroundImage] AS [BackgroundImage],       [Extent1].[CreatedTime] AS [CreatedTime],       [Extent1].[SignUpTime] AS [SignUpTime]      FROM [dbo].[Users] AS [Extent1]|
2015-10-22 17:41:27.7665|Debug|Shiju.Portal.Heart|  |
2015-10-22 17:41:27.7755|Debug|Shiju.Portal.Heart|-- Executing at 2015/10/22 17:41:27 +08:00  |
2015-10-22 17:41:27.8135|Debug|Shiju.Portal.Heart|-- Completed in 36 ms with result: SqlDataReader  |
2015-10-22 17:41:27.8135|Debug|Shiju.Portal.Heart|  |
2015-10-22 17:41:27.8285|Debug|Shiju.Portal.Heart|SELECT       [GroupBy1].[A1] AS [C1]      FROM ( SELECT           COUNT_BIG(1) AS [A1]          FROM [dbo].[Users] AS [Extent1]      )  AS [GroupBy1]|
2015-10-22 17:41:27.8285|Debug|Shiju.Portal.Heart|  |
2015-10-22 17:41:27.8285|Debug|Shiju.Portal.Heart|-- Executing at 2015/10/22 17:41:27 +08:00  |
2015-10-22 17:41:28.0155|Debug|Shiju.Portal.Heart|-- Completed in 186 ms with result: SqlDataReader  |
2015-10-22 17:41:28.0155|Debug|Shiju.Portal.Heart|  |
2015-10-22 17:41:28.0155|Debug|Shiju.Portal.Heart|SELECT TOP (@p__linq__0)       [Extent1].[Id] AS [Id],       [Extent1].[Status] AS [Status],       [Extent1].[PhoneNumber] AS [PhoneNumber],       [Extent1].[NickName] AS [NickName],       [Extent1].[Signature] AS [Signature],       [Extent1].[Portrait] AS [Portrait],       [Extent1].[Gender] AS [Gender],       [Extent1].[District] AS [District],       [Extent1].[BackgroundImage] AS [BackgroundImage],       [Extent1].[CreatedTime] AS [CreatedTime],       [Extent1].[SignUpTime] AS [SignUpTime]      FROM [dbo].[Users] AS [Extent1]      ORDER BY [Extent1].[CreatedTime] DESC, [Extent1].[Id] ASC|
2015-10-22 17:41:28.0155|Debug|Shiju.Portal.Heart|  |
2015-10-22 17:41:28.0155|Debug|Shiju.Portal.Heart|-- p__linq__0: '50' (Type = Int32)  |
2015-10-22 17:41:28.0155|Debug|Shiju.Portal.Heart|-- Executing at 2015/10/22 17:41:28 +08:00  |
2015-10-22 17:41:28.0465|Debug|Shiju.Portal.Heart|-- Completed in 26 ms with result: SqlDataReader  |
2015-10-22 17:41:28.0465|Debug|Shiju.Portal.Heart|  |
