2016-01-11 15:13:52.9979|Debug|Shiju.Portal.Heart|  SELECT Count(*)  FROM INFORMATION_SCHEMA.TABLES AS t  WHERE t.TABLE_TYPE = 'BASE TABLE'      AND (t.TABLE_SCHEMA + '.' + t.TABLE_NAME IN ('dbo.Accounts','dbo.FriendRequests','dbo.Friends','dbo.Participants','dbo.Parties','dbo.PartyComments','dbo.PartyLikes','dbo.Users','dbo.VerificationCodes')          OR t.TABLE_NAME = 'EdmMetadata')|
2016-01-11 15:13:52.9979|Debug|Shiju.Portal.Heart|  |
2016-01-11 15:13:52.9979|Debug|Shiju.Portal.Heart|-- Executing at 2016/1/11 15:13:52 +08:00  |
2016-01-11 15:13:53.0315|Debug|Shiju.Portal.Heart|-- Completed in 28 ms with result: 9  |
2016-01-11 15:13:53.0315|Debug|Shiju.Portal.Heart|  |
2016-01-11 15:13:53.0691|Debug|Shiju.Portal.Heart|SELECT       [GroupBy1].[A1] AS [C1]      FROM ( SELECT           COUNT(1) AS [A1]          FROM [dbo].[__MigrationHistory] AS [Extent1]      )  AS [GroupBy1]|
2016-01-11 15:13:53.0691|Debug|Shiju.Portal.Heart|  |
2016-01-11 15:13:53.0691|Debug|Shiju.Portal.Heart|-- Executing at 2016/1/11 15:13:53 +08:00  |
2016-01-11 15:13:53.1580|Debug|Shiju.Portal.Heart|-- Completed in 87 ms with result: SqlDataReader  |
2016-01-11 15:13:53.1580|Debug|Shiju.Portal.Heart|  |
2016-01-11 15:13:53.1728|Debug|Shiju.Portal.Heart|SELECT       [GroupBy1].[A1] AS [C1]      FROM ( SELECT           COUNT(1) AS [A1]          FROM [dbo].[__MigrationHistory] AS [Extent1]          WHERE ([Extent1].[ContextKey] = @p__linq__0) AND (@p__linq__0 IS NOT NULL)      )  AS [GroupBy1]|
2016-01-11 15:13:53.1728|Debug|Shiju.Portal.Heart|  |
2016-01-11 15:13:53.1778|Debug|Shiju.Portal.Heart|-- p__linq__0: 'ShiJu.Models.ShiJuDbContext' (Type = String, Size = 4000)  |
2016-01-11 15:13:53.1778|Debug|Shiju.Portal.Heart|-- Executing at 2016/1/11 15:13:53 +08:00  |
2016-01-11 15:13:53.2474|Debug|Shiju.Portal.Heart|-- Completed in 68 ms with result: SqlDataReader  |
2016-01-11 15:13:53.2474|Debug|Shiju.Portal.Heart|  |
2016-01-11 15:13:53.3128|Debug|Shiju.Portal.Heart|SELECT       [GroupBy1].[A1] AS [C1]      FROM ( SELECT           COUNT(1) AS [A1]          FROM [dbo].[__MigrationHistory] AS [Extent1]      )  AS [GroupBy1]|
2016-01-11 15:13:53.3128|Debug|Shiju.Portal.Heart|  |
2016-01-11 15:13:53.3128|Debug|Shiju.Portal.Heart|-- Executing at 2016/1/11 15:13:53 +08:00  |
2016-01-11 15:13:53.3619|Debug|Shiju.Portal.Heart|-- Completed in 47 ms with result: SqlDataReader  |
2016-01-11 15:13:53.3619|Debug|Shiju.Portal.Heart|  |
2016-01-11 15:13:53.3998|Debug|Shiju.Portal.Heart|SELECT       [GroupBy1].[A1] AS [C1]      FROM ( SELECT           COUNT(1) AS [A1]          FROM [dbo].[__MigrationHistory] AS [Extent1]          WHERE ([Extent1].[ContextKey] = @p__linq__0) AND (@p__linq__0 IS NOT NULL)      )  AS [GroupBy1]|
2016-01-11 15:13:53.3998|Debug|Shiju.Portal.Heart|  |
2016-01-11 15:13:53.3998|Debug|Shiju.Portal.Heart|-- p__linq__0: 'ShiJu.Models.ShiJuDbContext' (Type = String, Size = 4000)  |
2016-01-11 15:13:53.3998|Debug|Shiju.Portal.Heart|-- Executing at 2016/1/11 15:13:53 +08:00  |
2016-01-11 15:13:53.5300|Debug|Shiju.Portal.Heart|-- Completed in 127 ms with result: SqlDataReader  |
2016-01-11 15:13:53.5300|Debug|Shiju.Portal.Heart|  |
2016-01-11 15:13:53.5533|Debug|Shiju.Portal.Heart|SELECT TOP (1)       [Project1].[C1] AS [C1],       [Project1].[MigrationId] AS [MigrationId],       [Project1].[Model] AS [Model]      FROM ( SELECT           [Extent1].[MigrationId] AS [MigrationId],           [Extent1].[Model] AS [Model],           1 AS [C1]          FROM [dbo].[__MigrationHistory] AS [Extent1]          WHERE ([Extent1].[ContextKey] = @p__linq__0) AND (@p__linq__0 IS NOT NULL)      )  AS [Project1]      ORDER BY [Project1].[MigrationId] DESC|
2016-01-11 15:13:53.5533|Debug|Shiju.Portal.Heart|  |
2016-01-11 15:13:53.5533|Debug|Shiju.Portal.Heart|-- p__linq__0: 'ShiJu.Models.ShiJuDbContext' (Type = String, Size = 4000)  |
2016-01-11 15:13:53.5533|Debug|Shiju.Portal.Heart|-- Executing at 2016/1/11 15:13:53 +08:00  |
2016-01-11 15:13:53.5900|Debug|Shiju.Portal.Heart|-- Completed in 35 ms with result: SqlDataReader  |
2016-01-11 15:13:53.5900|Debug|Shiju.Portal.Heart|  |
2016-01-11 15:13:55.5035|Debug|Shiju.Portal.Heart|SELECT       [Extent1].[Id] AS [Id],       [Extent1].[Status] AS [Status],       [Extent1].[PhoneNumber] AS [PhoneNumber],       [Extent1].[NickName] AS [NickName],       [Extent1].[Signature] AS [Signature],       [Extent1].[Portrait] AS [Portrait],       [Extent1].[Gender] AS [Gender],       [Extent1].[District] AS [District],       [Extent1].[BackgroundImage] AS [BackgroundImage],       [Extent1].[NeedNotification] AS [NeedNotification],       [Extent1].[CreatedTime] AS [CreatedTime],       [Extent1].[SignUpTime] AS [SignUpTime]      FROM [dbo].[Users] AS [Extent1]|
2016-01-11 15:13:55.5035|Debug|Shiju.Portal.Heart|  |
2016-01-11 15:13:55.5035|Debug|Shiju.Portal.Heart|-- Executing at 2016/1/11 15:13:55 +08:00  |
2016-01-11 15:13:55.5887|Debug|Shiju.Portal.Heart|-- Completed in 80 ms with result: SqlDataReader  |
2016-01-11 15:13:55.5887|Debug|Shiju.Portal.Heart|  |
2016-01-11 15:16:05.5231|Debug|Shiju.Portal.Heart|  SELECT Count(*)  FROM INFORMATION_SCHEMA.TABLES AS t  WHERE t.TABLE_TYPE = 'BASE TABLE'      AND (t.TABLE_SCHEMA + '.' + t.TABLE_NAME IN ('dbo.Accounts','dbo.FriendRequests','dbo.Friends','dbo.Participants','dbo.Parties','dbo.PartyComments','dbo.PartyLikes','dbo.Users','dbo.VerificationCodes')          OR t.TABLE_NAME = 'EdmMetadata')|
2016-01-11 15:16:05.5231|Debug|Shiju.Portal.Heart|  |
2016-01-11 15:16:05.5231|Debug|Shiju.Portal.Heart|-- Executing at 2016/1/11 15:16:05 +08:00  |
2016-01-11 15:16:05.8561|Debug|Shiju.Portal.Heart|-- Completed in 325 ms with result: 9  |
2016-01-11 15:16:05.8561|Debug|Shiju.Portal.Heart|  |
2016-01-11 15:16:07.2530|Debug|Shiju.Portal.Heart|SELECT       [GroupBy1].[A1] AS [C1]      FROM ( SELECT           COUNT(1) AS [A1]          FROM [dbo].[__MigrationHistory] AS [Extent1]      )  AS [GroupBy1]|
2016-01-11 15:16:07.2540|Debug|Shiju.Portal.Heart|  |
2016-01-11 15:16:07.2540|Debug|Shiju.Portal.Heart|-- Executing at 2016/1/11 15:16:07 +08:00  |
2016-01-11 15:16:07.2990|Debug|Shiju.Portal.Heart|-- Completed in 44 ms with result: SqlDataReader  |
2016-01-11 15:16:07.2990|Debug|Shiju.Portal.Heart|  |
2016-01-11 15:16:07.4340|Debug|Shiju.Portal.Heart|SELECT       [GroupBy1].[A1] AS [C1]      FROM ( SELECT           COUNT(1) AS [A1]          FROM [dbo].[__MigrationHistory] AS [Extent1]          WHERE ([Extent1].[ContextKey] = @p__linq__0) AND (@p__linq__0 IS NOT NULL)      )  AS [GroupBy1]|
2016-01-11 15:16:07.4340|Debug|Shiju.Portal.Heart|  |
2016-01-11 15:16:07.4340|Debug|Shiju.Portal.Heart|-- p__linq__0: 'ShiJu.Models.ShiJuDbContext' (Type = String, Size = 4000)  |
2016-01-11 15:16:07.4340|Debug|Shiju.Portal.Heart|-- Executing at 2016/1/11 15:16:07 +08:00  |
2016-01-11 15:16:07.5270|Debug|Shiju.Portal.Heart|-- Completed in 89 ms with result: SqlDataReader  |
2016-01-11 15:16:07.5270|Debug|Shiju.Portal.Heart|  |
2016-01-11 15:16:07.6850|Debug|Shiju.Portal.Heart|SELECT       [GroupBy1].[A1] AS [C1]      FROM ( SELECT           COUNT(1) AS [A1]          FROM [dbo].[__MigrationHistory] AS [Extent1]      )  AS [GroupBy1]|
2016-01-11 15:16:07.6850|Debug|Shiju.Portal.Heart|  |
2016-01-11 15:16:07.6850|Debug|Shiju.Portal.Heart|-- Executing at 2016/1/11 15:16:07 +08:00  |
2016-01-11 15:16:07.8391|Debug|Shiju.Portal.Heart|-- Completed in 151 ms with result: SqlDataReader  |
2016-01-11 15:16:07.8391|Debug|Shiju.Portal.Heart|  |
2016-01-11 15:16:07.8700|Debug|Shiju.Portal.Heart|SELECT       [GroupBy1].[A1] AS [C1]      FROM ( SELECT           COUNT(1) AS [A1]          FROM [dbo].[__MigrationHistory] AS [Extent1]          WHERE ([Extent1].[ContextKey] = @p__linq__0) AND (@p__linq__0 IS NOT NULL)      )  AS [GroupBy1]|
2016-01-11 15:16:07.8700|Debug|Shiju.Portal.Heart|  |
2016-01-11 15:16:07.8700|Debug|Shiju.Portal.Heart|-- p__linq__0: 'ShiJu.Models.ShiJuDbContext' (Type = String, Size = 4000)  |
2016-01-11 15:16:07.8700|Debug|Shiju.Portal.Heart|-- Executing at 2016/1/11 15:16:07 +08:00  |
2016-01-11 15:16:07.9550|Debug|Shiju.Portal.Heart|-- Completed in 82 ms with result: SqlDataReader  |
2016-01-11 15:16:07.9550|Debug|Shiju.Portal.Heart|  |
2016-01-11 15:16:08.1780|Debug|Shiju.Portal.Heart|SELECT TOP (1)       [Project1].[C1] AS [C1],       [Project1].[MigrationId] AS [MigrationId],       [Project1].[Model] AS [Model]      FROM ( SELECT           [Extent1].[MigrationId] AS [MigrationId],           [Extent1].[Model] AS [Model],           1 AS [C1]          FROM [dbo].[__MigrationHistory] AS [Extent1]          WHERE ([Extent1].[ContextKey] = @p__linq__0) AND (@p__linq__0 IS NOT NULL)      )  AS [Project1]      ORDER BY [Project1].[MigrationId] DESC|
2016-01-11 15:16:08.1780|Debug|Shiju.Portal.Heart|  |
2016-01-11 15:16:08.1780|Debug|Shiju.Portal.Heart|-- p__linq__0: 'ShiJu.Models.ShiJuDbContext' (Type = String, Size = 4000)  |
2016-01-11 15:16:08.1780|Debug|Shiju.Portal.Heart|-- Executing at 2016/1/11 15:16:08 +08:00  |
2016-01-11 15:16:08.2770|Debug|Shiju.Portal.Heart|-- Completed in 91 ms with result: SqlDataReader  |
2016-01-11 15:16:08.2770|Debug|Shiju.Portal.Heart|  |
2016-01-11 15:16:10.6450|Debug|Shiju.Portal.Heart|SELECT       [Extent1].[Id] AS [Id],       [Extent1].[CreatorUserId] AS [CreatorUserId],       [Extent1].[Sponsor] AS [Sponsor],       [Extent1].[BeginTime] AS [BeginTime],       [Extent1].[EndTime] AS [EndTime],       [Extent1].[Title] AS [Title],       [Extent1].[Description] AS [Description],       [Extent1].[Address] AS [Address],       [Extent1].[Images] AS [Images],       [Extent1].[Kind] AS [Kind],       [Extent1].[MaxUserCount] AS [MaxUserCount],       [Extent1].[DirectFriendVisible] AS [DirectFriendVisible],       [Extent1].[IsPublic] AS [IsPublic],       [Extent1].[LikeCount] AS [LikeCount],       [Extent1].[CommentCount] AS [CommentCount],       [Extent1].[VoteTitle] AS [VoteTitle],       [Extent1].[VoteChoicesJson] AS [VoteChoicesJson],       [Extent1].[VoteResult0Count] AS [VoteResult0Count],       [Extent1].[VoteResult1Count] AS [VoteResult1Count],       [Extent1].[VoteResult2Count] AS [VoteResult2Count],       [Extent1].[VoteResult3Count] AS [VoteResult3Count],       [Extent1].[VoteResult4Count] AS [VoteResult4Count],       [Extent1].[IsDisabled] AS [IsDisabled],       [Extent1].[CreatedTime] AS [CreatedTime]      FROM [dbo].[Parties] AS [Extent1]|
2016-01-11 15:16:10.6450|Debug|Shiju.Portal.Heart|  |
2016-01-11 15:16:10.6450|Debug|Shiju.Portal.Heart|-- Executing at 2016/1/11 15:16:10 +08:00  |
2016-01-11 15:16:10.6880|Debug|Shiju.Portal.Heart|-- Completed in 41 ms with result: SqlDataReader  |
2016-01-11 15:16:10.6880|Debug|Shiju.Portal.Heart|  |
2016-01-11 15:16:10.7020|Debug|Shiju.Portal.Heart|SELECT       [Extent1].[Id] AS [Id],       [Extent1].[Status] AS [Status],       [Extent1].[PhoneNumber] AS [PhoneNumber],       [Extent1].[NickName] AS [NickName],       [Extent1].[Signature] AS [Signature],       [Extent1].[Portrait] AS [Portrait],       [Extent1].[Gender] AS [Gender],       [Extent1].[District] AS [District],       [Extent1].[BackgroundImage] AS [BackgroundImage],       [Extent1].[NeedNotification] AS [NeedNotification],       [Extent1].[CreatedTime] AS [CreatedTime],       [Extent1].[SignUpTime] AS [SignUpTime]      FROM [dbo].[Users] AS [Extent1]|
2016-01-11 15:16:10.7020|Debug|Shiju.Portal.Heart|  |
2016-01-11 15:16:10.7020|Debug|Shiju.Portal.Heart|-- Executing at 2016/1/11 15:16:10 +08:00  |
2016-01-11 15:16:10.8020|Debug|Shiju.Portal.Heart|-- Completed in 99 ms with result: SqlDataReader  |
2016-01-11 15:16:10.8020|Debug|Shiju.Portal.Heart|  |
2016-01-11 15:17:22.2322|Debug|Shiju.Portal.Heart|SELECT       [Extent1].[Id] AS [Id],       [Extent1].[Status] AS [Status],       [Extent1].[PhoneNumber] AS [PhoneNumber],       [Extent1].[NickName] AS [NickName],       [Extent1].[Signature] AS [Signature],       [Extent1].[Portrait] AS [Portrait],       [Extent1].[Gender] AS [Gender],       [Extent1].[District] AS [District],       [Extent1].[BackgroundImage] AS [BackgroundImage],       [Extent1].[NeedNotification] AS [NeedNotification],       [Extent1].[CreatedTime] AS [CreatedTime],       [Extent1].[SignUpTime] AS [SignUpTime]      FROM [dbo].[Users] AS [Extent1]|
2016-01-11 15:17:22.2322|Debug|Shiju.Portal.Heart|  |
2016-01-11 15:17:22.2322|Debug|Shiju.Portal.Heart|-- Executing at 2016/1/11 15:17:22 +08:00  |
2016-01-11 15:17:22.4992|Debug|Shiju.Portal.Heart|-- Completed in 265 ms with result: SqlDataReader  |
2016-01-11 15:17:22.4992|Debug|Shiju.Portal.Heart|  |
2016-01-11 15:18:47.7011|Debug|Shiju.Portal.Heart|SELECT       [Extent1].[Id] AS [Id],       [Extent1].[Status] AS [Status],       [Extent1].[PhoneNumber] AS [PhoneNumber],       [Extent1].[NickName] AS [NickName],       [Extent1].[Signature] AS [Signature],       [Extent1].[Portrait] AS [Portrait],       [Extent1].[Gender] AS [Gender],       [Extent1].[District] AS [District],       [Extent1].[BackgroundImage] AS [BackgroundImage],       [Extent1].[NeedNotification] AS [NeedNotification],       [Extent1].[CreatedTime] AS [CreatedTime],       [Extent1].[SignUpTime] AS [SignUpTime]      FROM [dbo].[Users] AS [Extent1]|
2016-01-11 15:18:47.7011|Debug|Shiju.Portal.Heart|  |
2016-01-11 15:18:47.7011|Debug|Shiju.Portal.Heart|-- Executing at 2016/1/11 15:18:47 +08:00  |
2016-01-11 15:18:48.1591|Debug|Shiju.Portal.Heart|-- Completed in 457 ms with result: SqlDataReader  |
2016-01-11 15:18:48.1591|Debug|Shiju.Portal.Heart|  |
2016-01-11 15:18:51.2705|Debug|Shiju.Portal.Heart|SELECT       [Extent1].[Id] AS [Id],       [Extent1].[CreatorUserId] AS [CreatorUserId],       [Extent1].[Sponsor] AS [Sponsor],       [Extent1].[BeginTime] AS [BeginTime],       [Extent1].[EndTime] AS [EndTime],       [Extent1].[Title] AS [Title],       [Extent1].[Description] AS [Description],       [Extent1].[Address] AS [Address],       [Extent1].[Images] AS [Images],       [Extent1].[Kind] AS [Kind],       [Extent1].[MaxUserCount] AS [MaxUserCount],       [Extent1].[DirectFriendVisible] AS [DirectFriendVisible],       [Extent1].[IsPublic] AS [IsPublic],       [Extent1].[LikeCount] AS [LikeCount],       [Extent1].[CommentCount] AS [CommentCount],       [Extent1].[VoteTitle] AS [VoteTitle],       [Extent1].[VoteChoicesJson] AS [VoteChoicesJson],       [Extent1].[VoteResult0Count] AS [VoteResult0Count],       [Extent1].[VoteResult1Count] AS [VoteResult1Count],       [Extent1].[VoteResult2Count] AS [VoteResult2Count],       [Extent1].[VoteResult3Count] AS [VoteResult3Count],       [Extent1].[VoteResult4Count] AS [VoteResult4Count],       [Extent1].[IsDisabled] AS [IsDisabled],       [Extent1].[CreatedTime] AS [CreatedTime]      FROM [dbo].[Parties] AS [Extent1]|
2016-01-11 15:18:51.2705|Debug|Shiju.Portal.Heart|  |
2016-01-11 15:18:51.2705|Debug|Shiju.Portal.Heart|-- Executing at 2016/1/11 15:18:51 +08:00  |
2016-01-11 15:18:51.3015|Debug|Shiju.Portal.Heart|-- Completed in 31 ms with result: SqlDataReader  |
2016-01-11 15:18:51.3015|Debug|Shiju.Portal.Heart|  |
2016-01-11 15:18:56.4266|Debug|Shiju.Portal.Heart|SELECT       [Extent1].[Id] AS [Id],       [Extent1].[Status] AS [Status],       [Extent1].[PhoneNumber] AS [PhoneNumber],       [Extent1].[NickName] AS [NickName],       [Extent1].[Signature] AS [Signature],       [Extent1].[Portrait] AS [Portrait],       [Extent1].[Gender] AS [Gender],       [Extent1].[District] AS [District],       [Extent1].[BackgroundImage] AS [BackgroundImage],       [Extent1].[NeedNotification] AS [NeedNotification],       [Extent1].[CreatedTime] AS [CreatedTime],       [Extent1].[SignUpTime] AS [SignUpTime]      FROM [dbo].[Users] AS [Extent1]|
2016-01-11 15:18:56.4266|Debug|Shiju.Portal.Heart|  |
2016-01-11 15:18:56.4266|Debug|Shiju.Portal.Heart|-- Executing at 2016/1/11 15:18:56 +08:00  |
2016-01-11 15:18:56.6945|Debug|Shiju.Portal.Heart|-- Completed in 266 ms with result: SqlDataReader  |
2016-01-11 15:18:56.6945|Debug|Shiju.Portal.Heart|  |
2016-01-11 15:18:59.6808|Debug|Shiju.Portal.Heart|SELECT       [Extent1].[Id] AS [Id],       [Extent1].[CreatorUserId] AS [CreatorUserId],       [Extent1].[Sponsor] AS [Sponsor],       [Extent1].[BeginTime] AS [BeginTime],       [Extent1].[EndTime] AS [EndTime],       [Extent1].[Title] AS [Title],       [Extent1].[Description] AS [Description],       [Extent1].[Address] AS [Address],       [Extent1].[Images] AS [Images],       [Extent1].[Kind] AS [Kind],       [Extent1].[MaxUserCount] AS [MaxUserCount],       [Extent1].[DirectFriendVisible] AS [DirectFriendVisible],       [Extent1].[IsPublic] AS [IsPublic],       [Extent1].[LikeCount] AS [LikeCount],       [Extent1].[CommentCount] AS [CommentCount],       [Extent1].[VoteTitle] AS [VoteTitle],       [Extent1].[VoteChoicesJson] AS [VoteChoicesJson],       [Extent1].[VoteResult0Count] AS [VoteResult0Count],       [Extent1].[VoteResult1Count] AS [VoteResult1Count],       [Extent1].[VoteResult2Count] AS [VoteResult2Count],       [Extent1].[VoteResult3Count] AS [VoteResult3Count],       [Extent1].[VoteResult4Count] AS [VoteResult4Count],       [Extent1].[IsDisabled] AS [IsDisabled],       [Extent1].[CreatedTime] AS [CreatedTime]      FROM [dbo].[Parties] AS [Extent1]|
2016-01-11 15:18:59.6808|Debug|Shiju.Portal.Heart|  |
2016-01-11 15:18:59.6808|Debug|Shiju.Portal.Heart|-- Executing at 2016/1/11 15:18:59 +08:00  |
2016-01-11 15:18:59.7198|Debug|Shiju.Portal.Heart|-- Completed in 35 ms with result: SqlDataReader  |
2016-01-11 15:18:59.7198|Debug|Shiju.Portal.Heart|  |
2016-01-11 15:19:15.4166|Debug|Shiju.Portal.Heart|SELECT       [Extent1].[Id] AS [Id],       [Extent1].[Status] AS [Status],       [Extent1].[PhoneNumber] AS [PhoneNumber],       [Extent1].[NickName] AS [NickName],       [Extent1].[Signature] AS [Signature],       [Extent1].[Portrait] AS [Portrait],       [Extent1].[Gender] AS [Gender],       [Extent1].[District] AS [District],       [Extent1].[BackgroundImage] AS [BackgroundImage],       [Extent1].[NeedNotification] AS [NeedNotification],       [Extent1].[CreatedTime] AS [CreatedTime],       [Extent1].[SignUpTime] AS [SignUpTime]      FROM [dbo].[Users] AS [Extent1]|
2016-01-11 15:19:15.4166|Debug|Shiju.Portal.Heart|  |
2016-01-11 15:19:15.4236|Debug|Shiju.Portal.Heart|-- Executing at 2016/1/11 15:19:15 +08:00  |
2016-01-11 15:19:15.8561|Debug|Shiju.Portal.Heart|-- Completed in 429 ms with result: SqlDataReader  |
2016-01-11 15:19:15.8561|Debug|Shiju.Portal.Heart|  |
2016-01-11 15:19:18.4762|Debug|Shiju.Portal.Heart|SELECT       [Extent1].[Id] AS [Id],       [Extent1].[CreatorUserId] AS [CreatorUserId],       [Extent1].[Sponsor] AS [Sponsor],       [Extent1].[BeginTime] AS [BeginTime],       [Extent1].[EndTime] AS [EndTime],       [Extent1].[Title] AS [Title],       [Extent1].[Description] AS [Description],       [Extent1].[Address] AS [Address],       [Extent1].[Images] AS [Images],       [Extent1].[Kind] AS [Kind],       [Extent1].[MaxUserCount] AS [MaxUserCount],       [Extent1].[DirectFriendVisible] AS [DirectFriendVisible],       [Extent1].[IsPublic] AS [IsPublic],       [Extent1].[LikeCount] AS [LikeCount],       [Extent1].[CommentCount] AS [CommentCount],       [Extent1].[VoteTitle] AS [VoteTitle],       [Extent1].[VoteChoicesJson] AS [VoteChoicesJson],       [Extent1].[VoteResult0Count] AS [VoteResult0Count],       [Extent1].[VoteResult1Count] AS [VoteResult1Count],       [Extent1].[VoteResult2Count] AS [VoteResult2Count],       [Extent1].[VoteResult3Count] AS [VoteResult3Count],       [Extent1].[VoteResult4Count] AS [VoteResult4Count],       [Extent1].[IsDisabled] AS [IsDisabled],       [Extent1].[CreatedTime] AS [CreatedTime]      FROM [dbo].[Parties] AS [Extent1]|
2016-01-11 15:19:18.4762|Debug|Shiju.Portal.Heart|  |
2016-01-11 15:19:18.4762|Debug|Shiju.Portal.Heart|-- Executing at 2016/1/11 15:19:18 +08:00  |
2016-01-11 15:19:18.5062|Debug|Shiju.Portal.Heart|-- Completed in 28 ms with result: SqlDataReader  |
2016-01-11 15:19:18.5062|Debug|Shiju.Portal.Heart|  |
2016-01-11 15:27:06.8324|Debug|Shiju.Portal.Heart|SELECT       [Extent1].[Id] AS [Id],       [Extent1].[Status] AS [Status],       [Extent1].[PhoneNumber] AS [PhoneNumber],       [Extent1].[NickName] AS [NickName],       [Extent1].[Signature] AS [Signature],       [Extent1].[Portrait] AS [Portrait],       [Extent1].[Gender] AS [Gender],       [Extent1].[District] AS [District],       [Extent1].[BackgroundImage] AS [BackgroundImage],       [Extent1].[NeedNotification] AS [NeedNotification],       [Extent1].[CreatedTime] AS [CreatedTime],       [Extent1].[SignUpTime] AS [SignUpTime]      FROM [dbo].[Users] AS [Extent1]|
2016-01-11 15:27:06.8324|Debug|Shiju.Portal.Heart|  |
2016-01-11 15:27:06.8324|Debug|Shiju.Portal.Heart|-- Executing at 2016/1/11 15:27:06 +08:00  |
2016-01-11 15:27:06.9854|Debug|Shiju.Portal.Heart|-- Completed in 152 ms with result: SqlDataReader  |
2016-01-11 15:27:06.9854|Debug|Shiju.Portal.Heart|  |
2016-01-11 15:27:45.8699|Debug|Shiju.Portal.Heart|SELECT       [Extent1].[Id] AS [Id],       [Extent1].[CreatorUserId] AS [CreatorUserId],       [Extent1].[Sponsor] AS [Sponsor],       [Extent1].[BeginTime] AS [BeginTime],       [Extent1].[EndTime] AS [EndTime],       [Extent1].[Title] AS [Title],       [Extent1].[Description] AS [Description],       [Extent1].[Address] AS [Address],       [Extent1].[Images] AS [Images],       [Extent1].[Kind] AS [Kind],       [Extent1].[MaxUserCount] AS [MaxUserCount],       [Extent1].[DirectFriendVisible] AS [DirectFriendVisible],       [Extent1].[IsPublic] AS [IsPublic],       [Extent1].[LikeCount] AS [LikeCount],       [Extent1].[CommentCount] AS [CommentCount],       [Extent1].[VoteTitle] AS [VoteTitle],       [Extent1].[VoteChoicesJson] AS [VoteChoicesJson],       [Extent1].[VoteResult0Count] AS [VoteResult0Count],       [Extent1].[VoteResult1Count] AS [VoteResult1Count],       [Extent1].[VoteResult2Count] AS [VoteResult2Count],       [Extent1].[VoteResult3Count] AS [VoteResult3Count],       [Extent1].[VoteResult4Count] AS [VoteResult4Count],       [Extent1].[IsDisabled] AS [IsDisabled],       [Extent1].[CreatedTime] AS [CreatedTime]      FROM [dbo].[Parties] AS [Extent1]|
2016-01-11 15:27:45.8699|Debug|Shiju.Portal.Heart|  |
2016-01-11 15:27:45.8699|Debug|Shiju.Portal.Heart|-- Executing at 2016/1/11 15:27:45 +08:00  |
2016-01-11 15:27:45.9169|Debug|Shiju.Portal.Heart|-- Completed in 45 ms with result: SqlDataReader  |
2016-01-11 15:27:45.9169|Debug|Shiju.Portal.Heart|  |
2016-01-11 15:27:55.3876|Debug|Shiju.Portal.Heart|SELECT       [Extent1].[Id] AS [Id],       [Extent1].[Status] AS [Status],       [Extent1].[PhoneNumber] AS [PhoneNumber],       [Extent1].[NickName] AS [NickName],       [Extent1].[Signature] AS [Signature],       [Extent1].[Portrait] AS [Portrait],       [Extent1].[Gender] AS [Gender],       [Extent1].[District] AS [District],       [Extent1].[BackgroundImage] AS [BackgroundImage],       [Extent1].[NeedNotification] AS [NeedNotification],       [Extent1].[CreatedTime] AS [CreatedTime],       [Extent1].[SignUpTime] AS [SignUpTime]      FROM [dbo].[Users] AS [Extent1]|
2016-01-11 15:27:55.3886|Debug|Shiju.Portal.Heart|  |
2016-01-11 15:27:55.3886|Debug|Shiju.Portal.Heart|-- Executing at 2016/1/11 15:27:55 +08:00  |
2016-01-11 15:27:55.7261|Debug|Shiju.Portal.Heart|-- Completed in 337 ms with result: SqlDataReader  |
2016-01-11 15:27:55.7261|Debug|Shiju.Portal.Heart|  |
2016-01-11 15:27:57.3362|Debug|Shiju.Portal.Heart|SELECT       [Extent1].[Id] AS [Id],       [Extent1].[CreatorUserId] AS [CreatorUserId],       [Extent1].[Sponsor] AS [Sponsor],       [Extent1].[BeginTime] AS [BeginTime],       [Extent1].[EndTime] AS [EndTime],       [Extent1].[Title] AS [Title],       [Extent1].[Description] AS [Description],       [Extent1].[Address] AS [Address],       [Extent1].[Images] AS [Images],       [Extent1].[Kind] AS [Kind],       [Extent1].[MaxUserCount] AS [MaxUserCount],       [Extent1].[DirectFriendVisible] AS [DirectFriendVisible],       [Extent1].[IsPublic] AS [IsPublic],       [Extent1].[LikeCount] AS [LikeCount],       [Extent1].[CommentCount] AS [CommentCount],       [Extent1].[VoteTitle] AS [VoteTitle],       [Extent1].[VoteChoicesJson] AS [VoteChoicesJson],       [Extent1].[VoteResult0Count] AS [VoteResult0Count],       [Extent1].[VoteResult1Count] AS [VoteResult1Count],       [Extent1].[VoteResult2Count] AS [VoteResult2Count],       [Extent1].[VoteResult3Count] AS [VoteResult3Count],       [Extent1].[VoteResult4Count] AS [VoteResult4Count],       [Extent1].[IsDisabled] AS [IsDisabled],       [Extent1].[CreatedTime] AS [CreatedTime]      FROM [dbo].[Parties] AS [Extent1]|
2016-01-11 15:27:57.3362|Debug|Shiju.Portal.Heart|  |
2016-01-11 15:27:57.3362|Debug|Shiju.Portal.Heart|-- Executing at 2016/1/11 15:27:57 +08:00  |
2016-01-11 15:27:57.3703|Debug|Shiju.Portal.Heart|-- Completed in 32 ms with result: SqlDataReader  |
2016-01-11 15:27:57.3703|Debug|Shiju.Portal.Heart|  |
2016-01-11 15:27:59.8219|Debug|Shiju.Portal.Heart|SELECT       [Extent1].[Id] AS [Id],       [Extent1].[Status] AS [Status],       [Extent1].[PhoneNumber] AS [PhoneNumber],       [Extent1].[NickName] AS [NickName],       [Extent1].[Signature] AS [Signature],       [Extent1].[Portrait] AS [Portrait],       [Extent1].[Gender] AS [Gender],       [Extent1].[District] AS [District],       [Extent1].[BackgroundImage] AS [BackgroundImage],       [Extent1].[NeedNotification] AS [NeedNotification],       [Extent1].[CreatedTime] AS [CreatedTime],       [Extent1].[SignUpTime] AS [SignUpTime]      FROM [dbo].[Users] AS [Extent1]|
2016-01-11 15:27:59.8219|Debug|Shiju.Portal.Heart|  |
2016-01-11 15:27:59.8219|Debug|Shiju.Portal.Heart|-- Executing at 2016/1/11 15:27:59 +08:00  |
2016-01-11 15:27:59.8709|Debug|Shiju.Portal.Heart|-- Completed in 48 ms with result: SqlDataReader  |
2016-01-11 15:27:59.8729|Debug|Shiju.Portal.Heart|  |
2016-01-11 15:28:11.0141|Debug|Shiju.Portal.Heart|SELECT       [Extent1].[Id] AS [Id],       [Extent1].[CreatorUserId] AS [CreatorUserId],       [Extent1].[Sponsor] AS [Sponsor],       [Extent1].[BeginTime] AS [BeginTime],       [Extent1].[EndTime] AS [EndTime],       [Extent1].[Title] AS [Title],       [Extent1].[Description] AS [Description],       [Extent1].[Address] AS [Address],       [Extent1].[Images] AS [Images],       [Extent1].[Kind] AS [Kind],       [Extent1].[MaxUserCount] AS [MaxUserCount],       [Extent1].[DirectFriendVisible] AS [DirectFriendVisible],       [Extent1].[IsPublic] AS [IsPublic],       [Extent1].[LikeCount] AS [LikeCount],       [Extent1].[CommentCount] AS [CommentCount],       [Extent1].[VoteTitle] AS [VoteTitle],       [Extent1].[VoteChoicesJson] AS [VoteChoicesJson],       [Extent1].[VoteResult0Count] AS [VoteResult0Count],       [Extent1].[VoteResult1Count] AS [VoteResult1Count],       [Extent1].[VoteResult2Count] AS [VoteResult2Count],       [Extent1].[VoteResult3Count] AS [VoteResult3Count],       [Extent1].[VoteResult4Count] AS [VoteResult4Count],       [Extent1].[IsDisabled] AS [IsDisabled],       [Extent1].[CreatedTime] AS [CreatedTime]      FROM [dbo].[Parties] AS [Extent1]|
2016-01-11 15:28:11.0141|Debug|Shiju.Portal.Heart|  |
2016-01-11 15:28:11.0141|Debug|Shiju.Portal.Heart|-- Executing at 2016/1/11 15:28:11 +08:00  |
2016-01-11 15:28:11.0611|Debug|Shiju.Portal.Heart|-- Completed in 45 ms with result: SqlDataReader  |
2016-01-11 15:28:11.0611|Debug|Shiju.Portal.Heart|  |
2016-01-11 15:28:12.6379|Debug|Shiju.Portal.Heart|SELECT       [Extent1].[Id] AS [Id],       [Extent1].[Status] AS [Status],       [Extent1].[PhoneNumber] AS [PhoneNumber],       [Extent1].[NickName] AS [NickName],       [Extent1].[Signature] AS [Signature],       [Extent1].[Portrait] AS [Portrait],       [Extent1].[Gender] AS [Gender],       [Extent1].[District] AS [District],       [Extent1].[BackgroundImage] AS [BackgroundImage],       [Extent1].[NeedNotification] AS [NeedNotification],       [Extent1].[CreatedTime] AS [CreatedTime],       [Extent1].[SignUpTime] AS [SignUpTime]      FROM [dbo].[Users] AS [Extent1]|
2016-01-11 15:28:12.6379|Debug|Shiju.Portal.Heart|  |
2016-01-11 15:28:12.6379|Debug|Shiju.Portal.Heart|-- Executing at 2016/1/11 15:28:12 +08:00  |
2016-01-11 15:28:12.6899|Debug|Shiju.Portal.Heart|-- Completed in 51 ms with result: SqlDataReader  |
2016-01-11 15:28:12.6899|Debug|Shiju.Portal.Heart|  |
2016-01-11 15:53:46.0452|Debug|Shiju.Portal.Heart|  SELECT Count(*)  FROM INFORMATION_SCHEMA.TABLES AS t  WHERE t.TABLE_TYPE = 'BASE TABLE'      AND (t.TABLE_SCHEMA + '.' + t.TABLE_NAME IN ('dbo.Accounts','dbo.FriendRequests','dbo.Friends','dbo.Participants','dbo.Parties','dbo.PartyComments','dbo.PartyLikes','dbo.Users','dbo.VerificationCodes')          OR t.TABLE_NAME = 'EdmMetadata')|
2016-01-11 15:53:46.0452|Debug|Shiju.Portal.Heart|  |
2016-01-11 15:53:46.0452|Debug|Shiju.Portal.Heart|-- Executing at 2016/1/11 15:53:46 +08:00  |
2016-01-11 15:53:46.2988|Debug|Shiju.Portal.Heart|-- Completed in 250 ms with result: 9  |
2016-01-11 15:53:46.2988|Debug|Shiju.Portal.Heart|  |
2016-01-11 15:53:46.6958|Debug|Shiju.Portal.Heart|SELECT       [GroupBy1].[A1] AS [C1]      FROM ( SELECT           COUNT(1) AS [A1]          FROM [dbo].[__MigrationHistory] AS [Extent1]      )  AS [GroupBy1]|
2016-01-11 15:53:46.6958|Debug|Shiju.Portal.Heart|  |
2016-01-11 15:53:46.6958|Debug|Shiju.Portal.Heart|-- Executing at 2016/1/11 15:53:46 +08:00  |
2016-01-11 15:53:46.7328|Debug|Shiju.Portal.Heart|-- Completed in 35 ms with result: SqlDataReader  |
2016-01-11 15:53:46.7328|Debug|Shiju.Portal.Heart|  |
2016-01-11 15:53:46.7328|Debug|Shiju.Portal.Heart|SELECT       [GroupBy1].[A1] AS [C1]      FROM ( SELECT           COUNT(1) AS [A1]          FROM [dbo].[__MigrationHistory] AS [Extent1]          WHERE ([Extent1].[ContextKey] = @p__linq__0) AND (@p__linq__0 IS NOT NULL)      )  AS [GroupBy1]|
2016-01-11 15:53:46.7328|Debug|Shiju.Portal.Heart|  |
2016-01-11 15:53:46.7328|Debug|Shiju.Portal.Heart|-- p__linq__0: 'ShiJu.Models.ShiJuDbContext' (Type = String, Size = 4000)  |
2016-01-11 15:53:46.7328|Debug|Shiju.Portal.Heart|-- Executing at 2016/1/11 15:53:46 +08:00  |
2016-01-11 15:53:46.7693|Debug|Shiju.Portal.Heart|-- Completed in 31 ms with result: SqlDataReader  |
2016-01-11 15:53:46.7693|Debug|Shiju.Portal.Heart|  |
2016-01-11 15:53:46.8396|Debug|Shiju.Portal.Heart|SELECT       [GroupBy1].[A1] AS [C1]      FROM ( SELECT           COUNT(1) AS [A1]          FROM [dbo].[__MigrationHistory] AS [Extent1]      )  AS [GroupBy1]|
2016-01-11 15:53:46.8396|Debug|Shiju.Portal.Heart|  |
2016-01-11 15:53:46.8396|Debug|Shiju.Portal.Heart|-- Executing at 2016/1/11 15:53:46 +08:00  |
2016-01-11 15:53:46.8683|Debug|Shiju.Portal.Heart|-- Completed in 28 ms with result: SqlDataReader  |
2016-01-11 15:53:46.8683|Debug|Shiju.Portal.Heart|  |
2016-01-11 15:53:46.8733|Debug|Shiju.Portal.Heart|SELECT       [GroupBy1].[A1] AS [C1]      FROM ( SELECT           COUNT(1) AS [A1]          FROM [dbo].[__MigrationHistory] AS [Extent1]          WHERE ([Extent1].[ContextKey] = @p__linq__0) AND (@p__linq__0 IS NOT NULL)      )  AS [GroupBy1]|
2016-01-11 15:53:46.8733|Debug|Shiju.Portal.Heart|  |
2016-01-11 15:53:46.8733|Debug|Shiju.Portal.Heart|-- p__linq__0: 'ShiJu.Models.ShiJuDbContext' (Type = String, Size = 4000)  |
2016-01-11 15:53:46.8733|Debug|Shiju.Portal.Heart|-- Executing at 2016/1/11 15:53:46 +08:00  |
2016-01-11 15:53:46.9071|Debug|Shiju.Portal.Heart|-- Completed in 32 ms with result: SqlDataReader  |
2016-01-11 15:53:46.9071|Debug|Shiju.Portal.Heart|  |
2016-01-11 15:53:46.9071|Debug|Shiju.Portal.Heart|SELECT TOP (1)       [Project1].[C1] AS [C1],       [Project1].[MigrationId] AS [MigrationId],       [Project1].[Model] AS [Model]      FROM ( SELECT           [Extent1].[MigrationId] AS [MigrationId],           [Extent1].[Model] AS [Model],           1 AS [C1]          FROM [dbo].[__MigrationHistory] AS [Extent1]          WHERE ([Extent1].[ContextKey] = @p__linq__0) AND (@p__linq__0 IS NOT NULL)      )  AS [Project1]      ORDER BY [Project1].[MigrationId] DESC|
2016-01-11 15:53:46.9071|Debug|Shiju.Portal.Heart|  |
2016-01-11 15:53:46.9071|Debug|Shiju.Portal.Heart|-- p__linq__0: 'ShiJu.Models.ShiJuDbContext' (Type = String, Size = 4000)  |
2016-01-11 15:53:46.9071|Debug|Shiju.Portal.Heart|-- Executing at 2016/1/11 15:53:46 +08:00  |
2016-01-11 15:53:46.9428|Debug|Shiju.Portal.Heart|-- Completed in 25 ms with result: SqlDataReader  |
2016-01-11 15:53:46.9428|Debug|Shiju.Portal.Heart|  |
2016-01-11 15:53:49.2500|Debug|Shiju.Portal.Heart|SELECT       [Extent1].[Id] AS [Id],       [Extent1].[Status] AS [Status],       [Extent1].[PhoneNumber] AS [PhoneNumber],       [Extent1].[NickName] AS [NickName],       [Extent1].[Signature] AS [Signature],       [Extent1].[Portrait] AS [Portrait],       [Extent1].[Gender] AS [Gender],       [Extent1].[District] AS [District],       [Extent1].[BackgroundImage] AS [BackgroundImage],       [Extent1].[NeedNotification] AS [NeedNotification],       [Extent1].[CreatedTime] AS [CreatedTime],       [Extent1].[SignUpTime] AS [SignUpTime]      FROM [dbo].[Users] AS [Extent1]|
2016-01-11 15:53:49.2500|Debug|Shiju.Portal.Heart|  |
2016-01-11 15:53:49.2500|Debug|Shiju.Portal.Heart|-- Executing at 2016/1/11 15:53:49 +08:00  |
2016-01-11 15:53:49.2900|Debug|Shiju.Portal.Heart|-- Completed in 38 ms with result: SqlDataReader  |
2016-01-11 15:53:49.2900|Debug|Shiju.Portal.Heart|  |
2016-01-11 15:53:49.7620|Debug|Shiju.Portal.Heart|SELECT       [Extent1].[Id] AS [Id],       [Extent1].[CreatorUserId] AS [CreatorUserId],       [Extent1].[Sponsor] AS [Sponsor],       [Extent1].[BeginTime] AS [BeginTime],       [Extent1].[EndTime] AS [EndTime],       [Extent1].[Title] AS [Title],       [Extent1].[Description] AS [Description],       [Extent1].[Address] AS [Address],       [Extent1].[Images] AS [Images],       [Extent1].[Kind] AS [Kind],       [Extent1].[MaxUserCount] AS [MaxUserCount],       [Extent1].[DirectFriendVisible] AS [DirectFriendVisible],       [Extent1].[IsPublic] AS [IsPublic],       [Extent1].[LikeCount] AS [LikeCount],       [Extent1].[CommentCount] AS [CommentCount],       [Extent1].[VoteTitle] AS [VoteTitle],       [Extent1].[VoteChoicesJson] AS [VoteChoicesJson],       [Extent1].[VoteResult0Count] AS [VoteResult0Count],       [Extent1].[VoteResult1Count] AS [VoteResult1Count],       [Extent1].[VoteResult2Count] AS [VoteResult2Count],       [Extent1].[VoteResult3Count] AS [VoteResult3Count],       [Extent1].[VoteResult4Count] AS [VoteResult4Count],       [Extent1].[IsDisabled] AS [IsDisabled],       [Extent1].[CreatedTime] AS [CreatedTime]      FROM [dbo].[Parties] AS [Extent1]|
2016-01-11 15:53:49.7620|Debug|Shiju.Portal.Heart|  |
2016-01-11 15:53:49.7620|Debug|Shiju.Portal.Heart|-- Executing at 2016/1/11 15:53:49 +08:00  |
2016-01-11 15:53:49.7950|Debug|Shiju.Portal.Heart|-- Completed in 31 ms with result: SqlDataReader  |
2016-01-11 15:53:49.7950|Debug|Shiju.Portal.Heart|  |
2016-01-11 15:53:53.1411|Debug|Shiju.Portal.Heart|SELECT       [Extent1].[Id] AS [Id],       [Extent1].[Status] AS [Status],       [Extent1].[PhoneNumber] AS [PhoneNumber],       [Extent1].[NickName] AS [NickName],       [Extent1].[Signature] AS [Signature],       [Extent1].[Portrait] AS [Portrait],       [Extent1].[Gender] AS [Gender],       [Extent1].[District] AS [District],       [Extent1].[BackgroundImage] AS [BackgroundImage],       [Extent1].[NeedNotification] AS [NeedNotification],       [Extent1].[CreatedTime] AS [CreatedTime],       [Extent1].[SignUpTime] AS [SignUpTime]      FROM [dbo].[Users] AS [Extent1]|
2016-01-11 15:53:53.1411|Debug|Shiju.Portal.Heart|  |
2016-01-11 15:53:53.1411|Debug|Shiju.Portal.Heart|-- Executing at 2016/1/11 15:53:53 +08:00  |
2016-01-11 15:53:53.1820|Debug|Shiju.Portal.Heart|-- Completed in 34 ms with result: SqlDataReader  |
2016-01-11 15:53:53.1820|Debug|Shiju.Portal.Heart|  |
2016-01-11 15:55:04.3912|Debug|Shiju.Portal.Heart|SELECT       [Extent1].[Id] AS [Id],       [Extent1].[Status] AS [Status],       [Extent1].[PhoneNumber] AS [PhoneNumber],       [Extent1].[NickName] AS [NickName],       [Extent1].[Signature] AS [Signature],       [Extent1].[Portrait] AS [Portrait],       [Extent1].[Gender] AS [Gender],       [Extent1].[District] AS [District],       [Extent1].[BackgroundImage] AS [BackgroundImage],       [Extent1].[NeedNotification] AS [NeedNotification],       [Extent1].[CreatedTime] AS [CreatedTime],       [Extent1].[SignUpTime] AS [SignUpTime]      FROM [dbo].[Users] AS [Extent1]|
2016-01-11 15:55:04.3912|Debug|Shiju.Portal.Heart|  |
2016-01-11 15:55:04.3912|Debug|Shiju.Portal.Heart|-- Executing at 2016/1/11 15:55:04 +08:00  |
2016-01-11 15:55:04.4372|Debug|Shiju.Portal.Heart|-- Completed in 44 ms with result: SqlDataReader  |
2016-01-11 15:55:04.4372|Debug|Shiju.Portal.Heart|  |
2016-01-11 15:55:08.6186|Debug|Shiju.Portal.Heart|SELECT       [Extent1].[Id] AS [Id],       [Extent1].[CreatorUserId] AS [CreatorUserId],       [Extent1].[Sponsor] AS [Sponsor],       [Extent1].[BeginTime] AS [BeginTime],       [Extent1].[EndTime] AS [EndTime],       [Extent1].[Title] AS [Title],       [Extent1].[Description] AS [Description],       [Extent1].[Address] AS [Address],       [Extent1].[Images] AS [Images],       [Extent1].[Kind] AS [Kind],       [Extent1].[MaxUserCount] AS [MaxUserCount],       [Extent1].[DirectFriendVisible] AS [DirectFriendVisible],       [Extent1].[IsPublic] AS [IsPublic],       [Extent1].[LikeCount] AS [LikeCount],       [Extent1].[CommentCount] AS [CommentCount],       [Extent1].[VoteTitle] AS [VoteTitle],       [Extent1].[VoteChoicesJson] AS [VoteChoicesJson],       [Extent1].[VoteResult0Count] AS [VoteResult0Count],       [Extent1].[VoteResult1Count] AS [VoteResult1Count],       [Extent1].[VoteResult2Count] AS [VoteResult2Count],       [Extent1].[VoteResult3Count] AS [VoteResult3Count],       [Extent1].[VoteResult4Count] AS [VoteResult4Count],       [Extent1].[IsDisabled] AS [IsDisabled],       [Extent1].[CreatedTime] AS [CreatedTime]      FROM [dbo].[Parties] AS [Extent1]|
2016-01-11 15:55:08.6186|Debug|Shiju.Portal.Heart|  |
2016-01-11 15:55:08.6186|Debug|Shiju.Portal.Heart|-- Executing at 2016/1/11 15:55:08 +08:00  |
2016-01-11 15:55:08.6506|Debug|Shiju.Portal.Heart|-- Completed in 27 ms with result: SqlDataReader  |
2016-01-11 15:55:08.6506|Debug|Shiju.Portal.Heart|  |
2016-01-11 15:55:12.2326|Debug|Shiju.Portal.Heart|SELECT       [Extent1].[Id] AS [Id],       [Extent1].[Status] AS [Status],       [Extent1].[PhoneNumber] AS [PhoneNumber],       [Extent1].[NickName] AS [NickName],       [Extent1].[Signature] AS [Signature],       [Extent1].[Portrait] AS [Portrait],       [Extent1].[Gender] AS [Gender],       [Extent1].[District] AS [District],       [Extent1].[BackgroundImage] AS [BackgroundImage],       [Extent1].[NeedNotification] AS [NeedNotification],       [Extent1].[CreatedTime] AS [CreatedTime],       [Extent1].[SignUpTime] AS [SignUpTime]      FROM [dbo].[Users] AS [Extent1]|
2016-01-11 15:55:12.2326|Debug|Shiju.Portal.Heart|  |
2016-01-11 15:55:12.2326|Debug|Shiju.Portal.Heart|-- Executing at 2016/1/11 15:55:12 +08:00  |
2016-01-11 15:55:12.2843|Debug|Shiju.Portal.Heart|-- Completed in 45 ms with result: SqlDataReader  |
2016-01-11 15:55:12.2843|Debug|Shiju.Portal.Heart|  |
2016-01-11 15:57:38.8940|Debug|Shiju.Portal.Heart|SELECT       [Extent1].[Id] AS [Id],       [Extent1].[CreatorUserId] AS [CreatorUserId],       [Extent1].[Sponsor] AS [Sponsor],       [Extent1].[BeginTime] AS [BeginTime],       [Extent1].[EndTime] AS [EndTime],       [Extent1].[Title] AS [Title],       [Extent1].[Description] AS [Description],       [Extent1].[Address] AS [Address],       [Extent1].[Images] AS [Images],       [Extent1].[Kind] AS [Kind],       [Extent1].[MaxUserCount] AS [MaxUserCount],       [Extent1].[DirectFriendVisible] AS [DirectFriendVisible],       [Extent1].[IsPublic] AS [IsPublic],       [Extent1].[LikeCount] AS [LikeCount],       [Extent1].[CommentCount] AS [CommentCount],       [Extent1].[VoteTitle] AS [VoteTitle],       [Extent1].[VoteChoicesJson] AS [VoteChoicesJson],       [Extent1].[VoteResult0Count] AS [VoteResult0Count],       [Extent1].[VoteResult1Count] AS [VoteResult1Count],       [Extent1].[VoteResult2Count] AS [VoteResult2Count],       [Extent1].[VoteResult3Count] AS [VoteResult3Count],       [Extent1].[VoteResult4Count] AS [VoteResult4Count],       [Extent1].[IsDisabled] AS [IsDisabled],       [Extent1].[CreatedTime] AS [CreatedTime]      FROM [dbo].[Parties] AS [Extent1]|
2016-01-11 15:57:38.8940|Debug|Shiju.Portal.Heart|  |
2016-01-11 15:57:38.8940|Debug|Shiju.Portal.Heart|-- Executing at 2016/1/11 15:57:38 +08:00  |
2016-01-11 15:57:38.9420|Debug|Shiju.Portal.Heart|-- Completed in 46 ms with result: SqlDataReader  |
2016-01-11 15:57:38.9420|Debug|Shiju.Portal.Heart|  |
2016-01-11 15:57:41.9269|Debug|Shiju.Portal.Heart|SELECT       [Extent1].[Id] AS [Id],       [Extent1].[Status] AS [Status],       [Extent1].[PhoneNumber] AS [PhoneNumber],       [Extent1].[NickName] AS [NickName],       [Extent1].[Signature] AS [Signature],       [Extent1].[Portrait] AS [Portrait],       [Extent1].[Gender] AS [Gender],       [Extent1].[District] AS [District],       [Extent1].[BackgroundImage] AS [BackgroundImage],       [Extent1].[NeedNotification] AS [NeedNotification],       [Extent1].[CreatedTime] AS [CreatedTime],       [Extent1].[SignUpTime] AS [SignUpTime]      FROM [dbo].[Users] AS [Extent1]|
2016-01-11 15:57:41.9269|Debug|Shiju.Portal.Heart|  |
2016-01-11 15:57:41.9269|Debug|Shiju.Portal.Heart|-- Executing at 2016/1/11 15:57:41 +08:00  |
2016-01-11 15:57:41.9739|Debug|Shiju.Portal.Heart|-- Completed in 39 ms with result: SqlDataReader  |
2016-01-11 15:57:41.9739|Debug|Shiju.Portal.Heart|  |
2016-01-11 15:57:48.6858|Debug|Shiju.Portal.Heart|SELECT       [Extent1].[Id] AS [Id],       [Extent1].[Status] AS [Status],       [Extent1].[PhoneNumber] AS [PhoneNumber],       [Extent1].[NickName] AS [NickName],       [Extent1].[Signature] AS [Signature],       [Extent1].[Portrait] AS [Portrait],       [Extent1].[Gender] AS [Gender],       [Extent1].[District] AS [District],       [Extent1].[BackgroundImage] AS [BackgroundImage],       [Extent1].[NeedNotification] AS [NeedNotification],       [Extent1].[CreatedTime] AS [CreatedTime],       [Extent1].[SignUpTime] AS [SignUpTime]      FROM [dbo].[Users] AS [Extent1]|
2016-01-11 15:57:48.6858|Debug|Shiju.Portal.Heart|  |
2016-01-11 15:57:48.6858|Debug|Shiju.Portal.Heart|-- Executing at 2016/1/11 15:57:48 +08:00  |
2016-01-11 15:57:48.8129|Debug|Shiju.Portal.Heart|-- Completed in 124 ms with result: SqlDataReader  |
2016-01-11 15:57:48.8129|Debug|Shiju.Portal.Heart|  |
