2015-10-13 16:58:54.4335|Debug|Shiju.Portal.Heart|  SELECT Count(*)  FROM INFORMATION_SCHEMA.TABLES AS t  WHERE t.TABLE_TYPE = 'BASE TABLE'      AND (t.TABLE_SCHEMA + '.' + t.TABLE_NAME IN ('dbo.Accounts','dbo.FriendRequests','dbo.Friends','dbo.Participants','dbo.Parties','dbo.PartyComments','dbo.PartyLikes','dbo.Users','dbo.VerificationCodes')          OR t.TABLE_NAME = 'EdmMetadata')|
2015-10-13 16:58:54.4615|Debug|Shiju.Portal.Heart|  |
2015-10-13 16:58:54.4615|Debug|Shiju.Portal.Heart|-- Executing at 2015/10/13 16:58:54 +08:00  |
2015-10-13 16:58:54.4885|Debug|Shiju.Portal.Heart|-- Completed in 22 ms with result: 9  |
2015-10-13 16:58:54.4885|Debug|Shiju.Portal.Heart|  |
2015-10-13 16:58:54.5245|Debug|Shiju.Portal.Heart|SELECT       [GroupBy1].[A1] AS [C1]      FROM ( SELECT           COUNT(1) AS [A1]          FROM [dbo].[__MigrationHistory] AS [Extent1]      )  AS [GroupBy1]|
2015-10-13 16:58:54.5245|Debug|Shiju.Portal.Heart|  |
2015-10-13 16:58:54.5245|Debug|Shiju.Portal.Heart|-- Executing at 2015/10/13 16:58:54 +08:00  |
2015-10-13 16:58:54.5525|Debug|Shiju.Portal.Heart|-- Completed in 26 ms with result: SqlDataReader  |
2015-10-13 16:58:54.5525|Debug|Shiju.Portal.Heart|  |
2015-10-13 16:58:54.5525|Debug|Shiju.Portal.Heart|SELECT       [GroupBy1].[A1] AS [C1]      FROM ( SELECT           COUNT(1) AS [A1]          FROM [dbo].[__MigrationHistory] AS [Extent1]          WHERE ([Extent1].[ContextKey] = @p__linq__0) AND (@p__linq__0 IS NOT NULL)      )  AS [GroupBy1]|
2015-10-13 16:58:54.5525|Debug|Shiju.Portal.Heart|  |
2015-10-13 16:58:54.5625|Debug|Shiju.Portal.Heart|-- p__linq__0: 'ShiJu.Models.ShiJuDbContext' (Type = String, Size = 4000)  |
2015-10-13 16:58:54.5625|Debug|Shiju.Portal.Heart|-- Executing at 2015/10/13 16:58:54 +08:00  |
2015-10-13 16:58:54.6005|Debug|Shiju.Portal.Heart|-- Completed in 38 ms with result: SqlDataReader  |
2015-10-13 16:58:54.6005|Debug|Shiju.Portal.Heart|  |
2015-10-13 16:58:54.6665|Debug|Shiju.Portal.Heart|SELECT       [GroupBy1].[A1] AS [C1]      FROM ( SELECT           COUNT(1) AS [A1]          FROM [dbo].[__MigrationHistory] AS [Extent1]      )  AS [GroupBy1]|
2015-10-13 16:58:54.6665|Debug|Shiju.Portal.Heart|  |
2015-10-13 16:58:54.6665|Debug|Shiju.Portal.Heart|-- Executing at 2015/10/13 16:58:54 +08:00  |
2015-10-13 16:58:54.6955|Debug|Shiju.Portal.Heart|-- Completed in 28 ms with result: SqlDataReader  |
2015-10-13 16:58:54.6955|Debug|Shiju.Portal.Heart|  |
2015-10-13 16:58:54.7045|Debug|Shiju.Portal.Heart|SELECT       [GroupBy1].[A1] AS [C1]      FROM ( SELECT           COUNT(1) AS [A1]          FROM [dbo].[__MigrationHistory] AS [Extent1]          WHERE ([Extent1].[ContextKey] = @p__linq__0) AND (@p__linq__0 IS NOT NULL)      )  AS [GroupBy1]|
2015-10-13 16:58:54.7045|Debug|Shiju.Portal.Heart|  |
2015-10-13 16:58:54.7045|Debug|Shiju.Portal.Heart|-- p__linq__0: 'ShiJu.Models.ShiJuDbContext' (Type = String, Size = 4000)  |
2015-10-13 16:58:54.7045|Debug|Shiju.Portal.Heart|-- Executing at 2015/10/13 16:58:54 +08:00  |
2015-10-13 16:58:54.7445|Debug|Shiju.Portal.Heart|-- Completed in 37 ms with result: SqlDataReader  |
2015-10-13 16:58:54.7445|Debug|Shiju.Portal.Heart|  |
2015-10-13 16:58:54.7595|Debug|Shiju.Portal.Heart|SELECT TOP (1)       [Project1].[C1] AS [C1],       [Project1].[MigrationId] AS [MigrationId],       [Project1].[Model] AS [Model]      FROM ( SELECT           [Extent1].[MigrationId] AS [MigrationId],           [Extent1].[Model] AS [Model],           1 AS [C1]          FROM [dbo].[__MigrationHistory] AS [Extent1]          WHERE ([Extent1].[ContextKey] = @p__linq__0) AND (@p__linq__0 IS NOT NULL)      )  AS [Project1]      ORDER BY [Project1].[MigrationId] DESC|
2015-10-13 16:58:54.7595|Debug|Shiju.Portal.Heart|  |
2015-10-13 16:58:54.7595|Debug|Shiju.Portal.Heart|-- p__linq__0: 'ShiJu.Models.ShiJuDbContext' (Type = String, Size = 4000)  |
2015-10-13 16:58:54.7595|Debug|Shiju.Portal.Heart|-- Executing at 2015/10/13 16:58:54 +08:00  |
2015-10-13 16:58:54.7905|Debug|Shiju.Portal.Heart|-- Completed in 30 ms with result: SqlDataReader  |
2015-10-13 16:58:54.7905|Debug|Shiju.Portal.Heart|  |
2015-10-13 16:58:56.6065|Debug|Shiju.Portal.Heart|SELECT       [Extent1].[Id] AS [Id],       [Extent1].[Status] AS [Status],       [Extent1].[PhoneNumber] AS [PhoneNumber],       [Extent1].[NickName] AS [NickName],       [Extent1].[Signature] AS [Signature],       [Extent1].[Portrait] AS [Portrait],       [Extent1].[Gender] AS [Gender],       [Extent1].[District] AS [District],       [Extent1].[BackgroundImage] AS [BackgroundImage],       [Extent1].[CreatedTime] AS [CreatedTime],       [Extent1].[SignUpTime] AS [SignUpTime]      FROM [dbo].[Users] AS [Extent1]|
2015-10-13 16:58:56.6065|Debug|Shiju.Portal.Heart|  |
2015-10-13 16:58:56.6065|Debug|Shiju.Portal.Heart|-- Executing at 2015/10/13 16:58:56 +08:00  |
2015-10-13 16:58:56.6865|Debug|Shiju.Portal.Heart|-- Completed in 78 ms with result: SqlDataReader  |
2015-10-13 16:58:56.6865|Debug|Shiju.Portal.Heart|  |
2015-10-13 16:58:56.9625|Debug|Shiju.Portal.Heart|SELECT       [GroupBy1].[A1] AS [C1]      FROM ( SELECT           COUNT_BIG(1) AS [A1]          FROM [dbo].[Users] AS [Extent1]      )  AS [GroupBy1]|
2015-10-13 16:58:56.9625|Debug|Shiju.Portal.Heart|  |
2015-10-13 16:58:56.9625|Debug|Shiju.Portal.Heart|-- Executing at 2015/10/13 16:58:56 +08:00  |
2015-10-13 16:58:57.0305|Debug|Shiju.Portal.Heart|-- Completed in 66 ms with result: SqlDataReader  |
2015-10-13 16:58:57.0315|Debug|Shiju.Portal.Heart|  |
2015-10-13 16:58:57.3875|Debug|Shiju.Portal.Heart|SELECT TOP (@p__linq__0)       [Extent1].[Id] AS [Id],       [Extent1].[Status] AS [Status],       [Extent1].[PhoneNumber] AS [PhoneNumber],       [Extent1].[NickName] AS [NickName],       [Extent1].[Signature] AS [Signature],       [Extent1].[Portrait] AS [Portrait],       [Extent1].[Gender] AS [Gender],       [Extent1].[District] AS [District],       [Extent1].[BackgroundImage] AS [BackgroundImage],       [Extent1].[CreatedTime] AS [CreatedTime],       [Extent1].[SignUpTime] AS [SignUpTime]      FROM [dbo].[Users] AS [Extent1]      ORDER BY [Extent1].[CreatedTime] DESC, [Extent1].[Id] ASC|
2015-10-13 16:58:57.3875|Debug|Shiju.Portal.Heart|  |
2015-10-13 16:58:57.3875|Debug|Shiju.Portal.Heart|-- p__linq__0: '40' (Type = Int32)  |
2015-10-13 16:58:57.3875|Debug|Shiju.Portal.Heart|-- Executing at 2015/10/13 16:58:57 +08:00  |
2015-10-13 16:58:57.4335|Debug|Shiju.Portal.Heart|-- Completed in 44 ms with result: SqlDataReader  |
2015-10-13 16:58:57.4335|Debug|Shiju.Portal.Heart|  |
2015-10-13 17:02:28.9141|Debug|Shiju.Portal.Heart|SELECT       [Extent1].[Id] AS [Id],       [Extent1].[Status] AS [Status],       [Extent1].[PhoneNumber] AS [PhoneNumber],       [Extent1].[NickName] AS [NickName],       [Extent1].[Signature] AS [Signature],       [Extent1].[Portrait] AS [Portrait],       [Extent1].[Gender] AS [Gender],       [Extent1].[District] AS [District],       [Extent1].[BackgroundImage] AS [BackgroundImage],       [Extent1].[CreatedTime] AS [CreatedTime],       [Extent1].[SignUpTime] AS [SignUpTime]      FROM [dbo].[Users] AS [Extent1]|
2015-10-13 17:02:29.3211|Debug|Shiju.Portal.Heart|  |
2015-10-13 17:02:29.3211|Debug|Shiju.Portal.Heart|-- Executing at 2015/10/13 17:02:29 +08:00  |
2015-10-13 17:02:29.5741|Debug|Shiju.Portal.Heart|-- Completed in 251 ms with result: SqlDataReader  |
2015-10-13 17:02:29.5741|Debug|Shiju.Portal.Heart|  |
2015-10-13 17:02:29.5921|Debug|Shiju.Portal.Heart|SELECT       [GroupBy1].[A1] AS [C1]      FROM ( SELECT           COUNT_BIG(1) AS [A1]          FROM [dbo].[Users] AS [Extent1]      )  AS [GroupBy1]|
2015-10-13 17:02:29.5921|Debug|Shiju.Portal.Heart|  |
2015-10-13 17:02:29.5921|Debug|Shiju.Portal.Heart|-- Executing at 2015/10/13 17:02:29 +08:00  |
2015-10-13 17:02:30.0771|Debug|Shiju.Portal.Heart|-- Completed in 483 ms with result: SqlDataReader  |
2015-10-13 17:02:30.0771|Debug|Shiju.Portal.Heart|  |
2015-10-13 17:02:30.1001|Debug|Shiju.Portal.Heart|SELECT TOP (@p__linq__0)       [Extent1].[Id] AS [Id],       [Extent1].[Status] AS [Status],       [Extent1].[PhoneNumber] AS [PhoneNumber],       [Extent1].[NickName] AS [NickName],       [Extent1].[Signature] AS [Signature],       [Extent1].[Portrait] AS [Portrait],       [Extent1].[Gender] AS [Gender],       [Extent1].[District] AS [District],       [Extent1].[BackgroundImage] AS [BackgroundImage],       [Extent1].[CreatedTime] AS [CreatedTime],       [Extent1].[SignUpTime] AS [SignUpTime]      FROM [dbo].[Users] AS [Extent1]      ORDER BY [Extent1].[CreatedTime] DESC, [Extent1].[Id] ASC|
2015-10-13 17:02:30.1001|Debug|Shiju.Portal.Heart|  |
2015-10-13 17:02:30.1001|Debug|Shiju.Portal.Heart|-- p__linq__0: '40' (Type = Int32)  |
2015-10-13 17:02:30.1001|Debug|Shiju.Portal.Heart|-- Executing at 2015/10/13 17:02:30 +08:00  |
2015-10-13 17:02:30.3041|Debug|Shiju.Portal.Heart|-- Completed in 202 ms with result: SqlDataReader  |
2015-10-13 17:02:30.3041|Debug|Shiju.Portal.Heart|  |
2015-10-13 17:02:41.9810|Debug|Shiju.Portal.Heart|SELECT TOP (2)       [Extent1].[Id] AS [Id],       [Extent1].[Status] AS [Status],       [Extent1].[PhoneNumber] AS [PhoneNumber],       [Extent1].[NickName] AS [NickName],       [Extent1].[Signature] AS [Signature],       [Extent1].[Portrait] AS [Portrait],       [Extent1].[Gender] AS [Gender],       [Extent1].[District] AS [District],       [Extent1].[BackgroundImage] AS [BackgroundImage],       [Extent1].[CreatedTime] AS [CreatedTime],       [Extent1].[SignUpTime] AS [SignUpTime]      FROM [dbo].[Users] AS [Extent1]      WHERE [Extent1].[Id] = @p0|
2015-10-13 17:02:41.9810|Debug|Shiju.Portal.Heart|  |
2015-10-13 17:02:41.9810|Debug|Shiju.Portal.Heart|-- p0: '83372fb6-716e-4a67-960a-9e3e8a2bb5dc' (Type = Guid)  |
2015-10-13 17:02:41.9810|Debug|Shiju.Portal.Heart|-- Executing at 2015/10/13 17:02:41 +08:00  |
2015-10-13 17:02:42.1330|Debug|Shiju.Portal.Heart|-- Completed in 142 ms with result: SqlDataReader  |
2015-10-13 17:02:42.1330|Debug|Shiju.Portal.Heart|  |
2015-10-13 17:02:42.5990|Debug|Shiju.Portal.Heart|UPDATE [dbo].[Users]  SET [Status] = @0  WHERE ([Id] = @1)  |
2015-10-13 17:02:42.5990|Debug|Shiju.Portal.Heart|-- @0: '2' (Type = Int64)  |
2015-10-13 17:02:42.5990|Debug|Shiju.Portal.Heart|-- @1: '83372fb6-716e-4a67-960a-9e3e8a2bb5dc' (Type = Guid)  |
2015-10-13 17:02:42.5990|Debug|Shiju.Portal.Heart|-- Executing at 2015/10/13 17:02:42 +08:00  |
2015-10-13 17:02:42.7210|Debug|Shiju.Portal.Heart|-- Completed in 114 ms with result: 1  |
2015-10-13 17:02:42.7210|Debug|Shiju.Portal.Heart|  |
2015-10-13 17:02:42.9630|Debug|Shiju.Portal.Heart|SELECT       [Extent1].[Id] AS [Id],       [Extent1].[Status] AS [Status],       [Extent1].[PhoneNumber] AS [PhoneNumber],       [Extent1].[NickName] AS [NickName],       [Extent1].[Signature] AS [Signature],       [Extent1].[Portrait] AS [Portrait],       [Extent1].[Gender] AS [Gender],       [Extent1].[District] AS [District],       [Extent1].[BackgroundImage] AS [BackgroundImage],       [Extent1].[CreatedTime] AS [CreatedTime],       [Extent1].[SignUpTime] AS [SignUpTime]      FROM [dbo].[Users] AS [Extent1]|
2015-10-13 17:02:42.9740|Debug|Shiju.Portal.Heart|  |
2015-10-13 17:02:42.9740|Debug|Shiju.Portal.Heart|-- Executing at 2015/10/13 17:02:42 +08:00  |
2015-10-13 17:02:43.0280|Debug|Shiju.Portal.Heart|-- Completed in 42 ms with result: SqlDataReader  |
2015-10-13 17:02:43.0280|Debug|Shiju.Portal.Heart|  |
2015-10-13 17:02:43.0280|Debug|Shiju.Portal.Heart|SELECT       [GroupBy1].[A1] AS [C1]      FROM ( SELECT           COUNT_BIG(1) AS [A1]          FROM [dbo].[Users] AS [Extent1]      )  AS [GroupBy1]|
2015-10-13 17:02:43.0280|Debug|Shiju.Portal.Heart|  |
2015-10-13 17:02:43.0280|Debug|Shiju.Portal.Heart|-- Executing at 2015/10/13 17:02:43 +08:00  |
2015-10-13 17:02:43.0830|Debug|Shiju.Portal.Heart|-- Completed in 42 ms with result: SqlDataReader  |
2015-10-13 17:02:43.0830|Debug|Shiju.Portal.Heart|  |
2015-10-13 17:02:43.0830|Debug|Shiju.Portal.Heart|SELECT TOP (@p__linq__0)       [Extent1].[Id] AS [Id],       [Extent1].[Status] AS [Status],       [Extent1].[PhoneNumber] AS [PhoneNumber],       [Extent1].[NickName] AS [NickName],       [Extent1].[Signature] AS [Signature],       [Extent1].[Portrait] AS [Portrait],       [Extent1].[Gender] AS [Gender],       [Extent1].[District] AS [District],       [Extent1].[BackgroundImage] AS [BackgroundImage],       [Extent1].[CreatedTime] AS [CreatedTime],       [Extent1].[SignUpTime] AS [SignUpTime]      FROM [dbo].[Users] AS [Extent1]      ORDER BY [Extent1].[CreatedTime] DESC, [Extent1].[Id] ASC|
2015-10-13 17:02:43.0830|Debug|Shiju.Portal.Heart|  |
2015-10-13 17:02:43.0830|Debug|Shiju.Portal.Heart|-- p__linq__0: '40' (Type = Int32)  |
2015-10-13 17:02:43.0830|Debug|Shiju.Portal.Heart|-- Executing at 2015/10/13 17:02:43 +08:00  |
2015-10-13 17:02:43.1190|Debug|Shiju.Portal.Heart|-- Completed in 28 ms with result: SqlDataReader  |
2015-10-13 17:02:43.1190|Debug|Shiju.Portal.Heart|  |
2015-10-13 17:02:46.8460|Debug|Shiju.Portal.Heart|SELECT TOP (2)       [Extent1].[Id] AS [Id],       [Extent1].[Status] AS [Status],       [Extent1].[PhoneNumber] AS [PhoneNumber],       [Extent1].[NickName] AS [NickName],       [Extent1].[Signature] AS [Signature],       [Extent1].[Portrait] AS [Portrait],       [Extent1].[Gender] AS [Gender],       [Extent1].[District] AS [District],       [Extent1].[BackgroundImage] AS [BackgroundImage],       [Extent1].[CreatedTime] AS [CreatedTime],       [Extent1].[SignUpTime] AS [SignUpTime]      FROM [dbo].[Users] AS [Extent1]      WHERE [Extent1].[Id] = @p0|
2015-10-13 17:02:46.8460|Debug|Shiju.Portal.Heart|  |
2015-10-13 17:02:46.8460|Debug|Shiju.Portal.Heart|-- p0: '83372fb6-716e-4a67-960a-9e3e8a2bb5dc' (Type = Guid)  |
2015-10-13 17:02:46.8460|Debug|Shiju.Portal.Heart|-- Executing at 2015/10/13 17:02:46 +08:00  |
2015-10-13 17:02:46.9120|Debug|Shiju.Portal.Heart|-- Completed in 58 ms with result: SqlDataReader  |
2015-10-13 17:02:46.9120|Debug|Shiju.Portal.Heart|  |
2015-10-13 17:02:46.9120|Debug|Shiju.Portal.Heart|UPDATE [dbo].[Users]  SET [Status] = @0  WHERE ([Id] = @1)  |
2015-10-13 17:02:46.9120|Debug|Shiju.Portal.Heart|-- @0: '0' (Type = Int64)  |
2015-10-13 17:02:46.9120|Debug|Shiju.Portal.Heart|-- @1: '83372fb6-716e-4a67-960a-9e3e8a2bb5dc' (Type = Guid)  |
2015-10-13 17:02:46.9120|Debug|Shiju.Portal.Heart|-- Executing at 2015/10/13 17:02:46 +08:00  |
2015-10-13 17:02:46.9460|Debug|Shiju.Portal.Heart|-- Completed in 27 ms with result: 1  |
2015-10-13 17:02:46.9460|Debug|Shiju.Portal.Heart|  |
2015-10-13 17:02:47.0550|Debug|Shiju.Portal.Heart|SELECT       [Extent1].[Id] AS [Id],       [Extent1].[Status] AS [Status],       [Extent1].[PhoneNumber] AS [PhoneNumber],       [Extent1].[NickName] AS [NickName],       [Extent1].[Signature] AS [Signature],       [Extent1].[Portrait] AS [Portrait],       [Extent1].[Gender] AS [Gender],       [Extent1].[District] AS [District],       [Extent1].[BackgroundImage] AS [BackgroundImage],       [Extent1].[CreatedTime] AS [CreatedTime],       [Extent1].[SignUpTime] AS [SignUpTime]      FROM [dbo].[Users] AS [Extent1]|
2015-10-13 17:02:47.0590|Debug|Shiju.Portal.Heart|  |
2015-10-13 17:02:47.0590|Debug|Shiju.Portal.Heart|-- Executing at 2015/10/13 17:02:47 +08:00  |
2015-10-13 17:02:47.1120|Debug|Shiju.Portal.Heart|-- Completed in 44 ms with result: SqlDataReader  |
2015-10-13 17:02:47.1120|Debug|Shiju.Portal.Heart|  |
2015-10-13 17:02:47.1120|Debug|Shiju.Portal.Heart|SELECT       [GroupBy1].[A1] AS [C1]      FROM ( SELECT           COUNT_BIG(1) AS [A1]          FROM [dbo].[Users] AS [Extent1]      )  AS [GroupBy1]|
2015-10-13 17:02:47.1120|Debug|Shiju.Portal.Heart|  |
2015-10-13 17:02:47.1120|Debug|Shiju.Portal.Heart|-- Executing at 2015/10/13 17:02:47 +08:00  |
2015-10-13 17:02:47.1720|Debug|Shiju.Portal.Heart|-- Completed in 52 ms with result: SqlDataReader  |
2015-10-13 17:02:47.1720|Debug|Shiju.Portal.Heart|  |
2015-10-13 17:02:47.1720|Debug|Shiju.Portal.Heart|SELECT TOP (@p__linq__0)       [Extent1].[Id] AS [Id],       [Extent1].[Status] AS [Status],       [Extent1].[PhoneNumber] AS [PhoneNumber],       [Extent1].[NickName] AS [NickName],       [Extent1].[Signature] AS [Signature],       [Extent1].[Portrait] AS [Portrait],       [Extent1].[Gender] AS [Gender],       [Extent1].[District] AS [District],       [Extent1].[BackgroundImage] AS [BackgroundImage],       [Extent1].[CreatedTime] AS [CreatedTime],       [Extent1].[SignUpTime] AS [SignUpTime]      FROM [dbo].[Users] AS [Extent1]      ORDER BY [Extent1].[CreatedTime] DESC, [Extent1].[Id] ASC|
2015-10-13 17:02:47.1720|Debug|Shiju.Portal.Heart|  |
2015-10-13 17:02:47.1720|Debug|Shiju.Portal.Heart|-- p__linq__0: '40' (Type = Int32)  |
2015-10-13 17:02:47.1720|Debug|Shiju.Portal.Heart|-- Executing at 2015/10/13 17:02:47 +08:00  |
2015-10-13 17:02:47.2070|Debug|Shiju.Portal.Heart|-- Completed in 25 ms with result: SqlDataReader  |
2015-10-13 17:02:47.2070|Debug|Shiju.Portal.Heart|  |
2015-10-13 17:03:08.3824|Debug|Shiju.Portal.Heart|SELECT       [Extent1].[Id] AS [Id],       [Extent1].[CreatorUserId] AS [CreatorUserId],       [Extent1].[Sponsor] AS [Sponsor],       [Extent1].[BeginTime] AS [BeginTime],       [Extent1].[EndTime] AS [EndTime],       [Extent1].[Title] AS [Title],       [Extent1].[Description] AS [Description],       [Extent1].[Address] AS [Address],       [Extent1].[Images] AS [Images],       [Extent1].[Kind] AS [Kind],       [Extent1].[MaxUserCount] AS [MaxUserCount],       [Extent1].[DirectFriendVisible] AS [DirectFriendVisible],       [Extent1].[IsPublic] AS [IsPublic],       [Extent1].[LikeCount] AS [LikeCount],       [Extent1].[CommentCount] AS [CommentCount],       [Extent1].[VoteTitle] AS [VoteTitle],       [Extent1].[VoteChoicesJson] AS [VoteChoicesJson],       [Extent1].[VoteResult0Count] AS [VoteResult0Count],       [Extent1].[VoteResult1Count] AS [VoteResult1Count],       [Extent1].[VoteResult2Count] AS [VoteResult2Count],       [Extent1].[VoteResult3Count] AS [VoteResult3Count],       [Extent1].[VoteResult4Count] AS [VoteResult4Count],       [Extent1].[IsDisabled] AS [IsDisabled],       [Extent1].[CreatedTime] AS [CreatedTime]      FROM [dbo].[Parties] AS [Extent1]|
2015-10-13 17:03:08.3944|Debug|Shiju.Portal.Heart|  |
2015-10-13 17:03:08.3944|Debug|Shiju.Portal.Heart|-- Executing at 2015/10/13 17:03:08 +08:00  |
2015-10-13 17:03:08.7784|Debug|Shiju.Portal.Heart|-- Completed in 383 ms with result: SqlDataReader  |
2015-10-13 17:03:08.7784|Debug|Shiju.Portal.Heart|  |
2015-10-13 17:03:08.8284|Debug|Shiju.Portal.Heart|SELECT       [GroupBy1].[A1] AS [C1]      FROM ( SELECT           COUNT_BIG(1) AS [A1]          FROM [dbo].[Parties] AS [Extent1]      )  AS [GroupBy1]|
2015-10-13 17:03:08.8284|Debug|Shiju.Portal.Heart|  |
2015-10-13 17:03:08.8284|Debug|Shiju.Portal.Heart|-- Executing at 2015/10/13 17:03:08 +08:00  |
2015-10-13 17:03:08.8644|Debug|Shiju.Portal.Heart|-- Completed in 35 ms with result: SqlDataReader  |
2015-10-13 17:03:08.8644|Debug|Shiju.Portal.Heart|  |
2015-10-13 17:03:08.8784|Debug|Shiju.Portal.Heart|SELECT TOP (@p__linq__0)       [Extent1].[Id] AS [Id],       [Extent1].[CreatorUserId] AS [CreatorUserId],       [Extent1].[Sponsor] AS [Sponsor],       [Extent1].[BeginTime] AS [BeginTime],       [Extent1].[EndTime] AS [EndTime],       [Extent1].[Title] AS [Title],       [Extent1].[Description] AS [Description],       [Extent1].[Address] AS [Address],       [Extent1].[Images] AS [Images],       [Extent1].[Kind] AS [Kind],       [Extent1].[MaxUserCount] AS [MaxUserCount],       [Extent1].[DirectFriendVisible] AS [DirectFriendVisible],       [Extent1].[IsPublic] AS [IsPublic],       [Extent1].[LikeCount] AS [LikeCount],       [Extent1].[CommentCount] AS [CommentCount],       [Extent1].[VoteTitle] AS [VoteTitle],       [Extent1].[VoteChoicesJson] AS [VoteChoicesJson],       [Extent1].[VoteResult0Count] AS [VoteResult0Count],       [Extent1].[VoteResult1Count] AS [VoteResult1Count],       [Extent1].[VoteResult2Count] AS [VoteResult2Count],       [Extent1].[VoteResult3Count] AS [VoteResult3Count],       [Extent1].[VoteResult4Count] AS [VoteResult4Count],       [Extent1].[IsDisabled] AS [IsDisabled],       [Extent1].[CreatedTime] AS [CreatedTime]      FROM [dbo].[Parties] AS [Extent1]      ORDER BY [Extent1].[CreatedTime] DESC, [Extent1].[Id] ASC|
2015-10-13 17:03:08.8784|Debug|Shiju.Portal.Heart|  |
2015-10-13 17:03:08.8784|Debug|Shiju.Portal.Heart|-- p__linq__0: '40' (Type = Int32)  |
2015-10-13 17:03:08.8784|Debug|Shiju.Portal.Heart|-- Executing at 2015/10/13 17:03:08 +08:00  |
2015-10-13 17:03:09.0434|Debug|Shiju.Portal.Heart|-- Completed in 164 ms with result: SqlDataReader  |
2015-10-13 17:03:09.0434|Debug|Shiju.Portal.Heart|  |
