2015-11-12 15:23:44.5897|Debug|Shiju.Portal.Heart|  SELECT Count(*)  FROM INFORMATION_SCHEMA.TABLES AS t  WHERE t.TABLE_TYPE = 'BASE TABLE'      AND (t.TABLE_SCHEMA + '.' + t.TABLE_NAME IN ('dbo.Accounts','dbo.FriendRequests','dbo.Friends','dbo.Participants','dbo.Parties','dbo.PartyComments','dbo.PartyLikes','dbo.Users','dbo.VerificationCodes')          OR t.TABLE_NAME = 'EdmMetadata')|
2015-11-12 15:23:44.5897|Debug|Shiju.Portal.Heart|  |
2015-11-12 15:23:44.5897|Debug|Shiju.Portal.Heart|-- Executing at 2015/11/12 15:23:44 +08:00  |
2015-11-12 15:23:44.6587|Debug|Shiju.Portal.Heart|-- Completed in 65 ms with result: 9  |
2015-11-12 15:23:44.6587|Debug|Shiju.Portal.Heart|  |
2015-11-12 15:23:44.7447|Debug|Shiju.Portal.Heart|SELECT       [GroupBy1].[A1] AS [C1]      FROM ( SELECT           COUNT(1) AS [A1]          FROM [dbo].[__MigrationHistory] AS [Extent1]      )  AS [GroupBy1]|
2015-11-12 15:23:44.7447|Debug|Shiju.Portal.Heart|  |
2015-11-12 15:23:44.7447|Debug|Shiju.Portal.Heart|-- Executing at 2015/11/12 15:23:44 +08:00  |
2015-11-12 15:23:44.7877|Debug|Shiju.Portal.Heart|-- Completed in 42 ms with result: SqlDataReader  |
2015-11-12 15:23:44.7877|Debug|Shiju.Portal.Heart|  |
2015-11-12 15:23:44.7877|Debug|Shiju.Portal.Heart|SELECT       [GroupBy1].[A1] AS [C1]      FROM ( SELECT           COUNT(1) AS [A1]          FROM [dbo].[__MigrationHistory] AS [Extent1]          WHERE ([Extent1].[ContextKey] = @p__linq__0) AND (@p__linq__0 IS NOT NULL)      )  AS [GroupBy1]|
2015-11-12 15:23:44.7877|Debug|Shiju.Portal.Heart|  |
2015-11-12 15:23:44.7937|Debug|Shiju.Portal.Heart|-- p__linq__0: 'ShiJu.Models.ShiJuDbContext' (Type = String, Size = 4000)  |
2015-11-12 15:23:44.7937|Debug|Shiju.Portal.Heart|-- Executing at 2015/11/12 15:23:44 +08:00  |
2015-11-12 15:23:44.8157|Debug|Shiju.Portal.Heart|-- Completed in 22 ms with result: SqlDataReader  |
2015-11-12 15:23:44.8157|Debug|Shiju.Portal.Heart|  |
2015-11-12 15:23:44.8607|Debug|Shiju.Portal.Heart|SELECT       [GroupBy1].[A1] AS [C1]      FROM ( SELECT           COUNT(1) AS [A1]          FROM [dbo].[__MigrationHistory] AS [Extent1]      )  AS [GroupBy1]|
2015-11-12 15:23:44.8607|Debug|Shiju.Portal.Heart|  |
2015-11-12 15:23:44.8607|Debug|Shiju.Portal.Heart|-- Executing at 2015/11/12 15:23:44 +08:00  |
2015-11-12 15:23:44.9567|Debug|Shiju.Portal.Heart|-- Completed in 95 ms with result: SqlDataReader  |
2015-11-12 15:23:44.9567|Debug|Shiju.Portal.Heart|  |
2015-11-12 15:23:44.9567|Debug|Shiju.Portal.Heart|SELECT       [GroupBy1].[A1] AS [C1]      FROM ( SELECT           COUNT(1) AS [A1]          FROM [dbo].[__MigrationHistory] AS [Extent1]          WHERE ([Extent1].[ContextKey] = @p__linq__0) AND (@p__linq__0 IS NOT NULL)      )  AS [GroupBy1]|
2015-11-12 15:23:44.9567|Debug|Shiju.Portal.Heart|  |
2015-11-12 15:23:44.9567|Debug|Shiju.Portal.Heart|-- p__linq__0: 'ShiJu.Models.ShiJuDbContext' (Type = String, Size = 4000)  |
2015-11-12 15:23:44.9567|Debug|Shiju.Portal.Heart|-- Executing at 2015/11/12 15:23:44 +08:00  |
2015-11-12 15:23:45.0327|Debug|Shiju.Portal.Heart|-- Completed in 71 ms with result: SqlDataReader  |
2015-11-12 15:23:45.0327|Debug|Shiju.Portal.Heart|  |
2015-11-12 15:23:45.0327|Debug|Shiju.Portal.Heart|SELECT TOP (1)       [Project1].[C1] AS [C1],       [Project1].[MigrationId] AS [MigrationId],       [Project1].[Model] AS [Model]      FROM ( SELECT           [Extent1].[MigrationId] AS [MigrationId],           [Extent1].[Model] AS [Model],           1 AS [C1]          FROM [dbo].[__MigrationHistory] AS [Extent1]          WHERE ([Extent1].[ContextKey] = @p__linq__0) AND (@p__linq__0 IS NOT NULL)      )  AS [Project1]      ORDER BY [Project1].[MigrationId] DESC|
2015-11-12 15:23:45.0327|Debug|Shiju.Portal.Heart|  |
2015-11-12 15:23:45.0327|Debug|Shiju.Portal.Heart|-- p__linq__0: 'ShiJu.Models.ShiJuDbContext' (Type = String, Size = 4000)  |
2015-11-12 15:23:45.0327|Debug|Shiju.Portal.Heart|-- Executing at 2015/11/12 15:23:45 +08:00  |
2015-11-12 15:23:45.0997|Debug|Shiju.Portal.Heart|-- Completed in 60 ms with result: SqlDataReader  |
2015-11-12 15:23:45.0997|Debug|Shiju.Portal.Heart|  |
2015-11-12 15:23:46.4707|Debug|Shiju.Portal.Heart|SELECT       [Extent1].[Id] AS [Id],       [Extent1].[Status] AS [Status],       [Extent1].[PhoneNumber] AS [PhoneNumber],       [Extent1].[NickName] AS [NickName],       [Extent1].[Signature] AS [Signature],       [Extent1].[Portrait] AS [Portrait],       [Extent1].[Gender] AS [Gender],       [Extent1].[District] AS [District],       [Extent1].[BackgroundImage] AS [BackgroundImage],       [Extent1].[NeedNotification] AS [NeedNotification],       [Extent1].[CreatedTime] AS [CreatedTime],       [Extent1].[SignUpTime] AS [SignUpTime]      FROM [dbo].[Users] AS [Extent1]|
2015-11-12 15:23:46.4707|Debug|Shiju.Portal.Heart|  |
2015-11-12 15:23:46.4707|Debug|Shiju.Portal.Heart|-- Executing at 2015/11/12 15:23:46 +08:00  |
2015-11-12 15:23:46.5217|Debug|Shiju.Portal.Heart|-- Completed in 48 ms with result: SqlDataReader  |
2015-11-12 15:23:46.5217|Debug|Shiju.Portal.Heart|  |
2015-11-12 15:25:06.0968|Debug|Shiju.Portal.Heart|UPDATE [dbo].[Users]  SET [Status] = @0, [PhoneNumber] = @1, [NickName] = @2, [Signature] = @3, [Portrait] = @4, [Gender] = @5, [District] = @6, [BackgroundImage] = @7, [NeedNotification] = @8, [CreatedTime] = @9, [SignUpTime] = @10  WHERE ([Id] = @11)  |
2015-11-12 15:25:06.0968|Debug|Shiju.Portal.Heart|-- @0: '0' (Type = Int64)  |
2015-11-12 15:25:06.0968|Debug|Shiju.Portal.Heart|-- @1: '123456789' (Type = String, Size = 64)  |
2015-11-12 15:25:06.0968|Debug|Shiju.Portal.Heart|-- @2: '海绵宝' (Type = String, Size = 128)  |
2015-11-12 15:25:06.0968|Debug|Shiju.Portal.Heart|-- @3: 'Whew' (Type = String, Size = 512)  |
2015-11-12 15:25:06.0968|Debug|Shiju.Portal.Heart|-- @4: '9684dd7a-b9f5-fc11-494f-75c8a5364323' (Type = Guid)  |
2015-11-12 15:25:06.0968|Debug|Shiju.Portal.Heart|-- @5: '1' (Type = Int64)  |
2015-11-12 15:25:06.0968|Debug|Shiju.Portal.Heart|-- @6: '西班牙' (Type = String, Size = 128)  |
2015-11-12 15:25:06.0968|Debug|Shiju.Portal.Heart|-- @7: '9684dd7a-b9f5-fc11-494f-75c8a5364323' (Type = Guid)  |
2015-11-12 15:25:06.0968|Debug|Shiju.Portal.Heart|-- @8: 'False' (Type = Boolean)  |
2015-11-12 15:25:06.0968|Debug|Shiju.Portal.Heart|-- @9: '2015/11/4 6:59:00' (Type = DateTime2)  |
2015-11-12 15:25:06.0968|Debug|Shiju.Portal.Heart|-- @10: '2015/11/4 6:59:23' (Type = DateTime2)  |
2015-11-12 15:25:06.0968|Debug|Shiju.Portal.Heart|-- @11: 'c6f191b6-0668-4884-b5a8-6940409a5911' (Type = Guid)  |
2015-11-12 15:25:06.0968|Debug|Shiju.Portal.Heart|-- Executing at 2015/11/12 15:25:06 +08:00  |
2015-11-12 15:25:06.2068|Debug|Shiju.Portal.Heart|-- Completed in 100 ms with result: 1  |
2015-11-12 15:25:06.2068|Debug|Shiju.Portal.Heart|  |
2015-11-12 15:25:06.4018|Debug|Shiju.Portal.Heart|SELECT       [Extent1].[Id] AS [Id],       [Extent1].[Status] AS [Status],       [Extent1].[PhoneNumber] AS [PhoneNumber],       [Extent1].[NickName] AS [NickName],       [Extent1].[Signature] AS [Signature],       [Extent1].[Portrait] AS [Portrait],       [Extent1].[Gender] AS [Gender],       [Extent1].[District] AS [District],       [Extent1].[BackgroundImage] AS [BackgroundImage],       [Extent1].[NeedNotification] AS [NeedNotification],       [Extent1].[CreatedTime] AS [CreatedTime],       [Extent1].[SignUpTime] AS [SignUpTime]      FROM [dbo].[Users] AS [Extent1]|
2015-11-12 15:25:06.4018|Debug|Shiju.Portal.Heart|  |
2015-11-12 15:25:06.4018|Debug|Shiju.Portal.Heart|-- Executing at 2015/11/12 15:25:06 +08:00  |
2015-11-12 15:25:06.4558|Debug|Shiju.Portal.Heart|-- Completed in 53 ms with result: SqlDataReader  |
2015-11-12 15:25:06.4558|Debug|Shiju.Portal.Heart|  |
2015-11-12 15:25:13.8717|Debug|Shiju.Portal.Heart|SELECT       [Extent1].[Id] AS [Id],       [Extent1].[Status] AS [Status],       [Extent1].[PhoneNumber] AS [PhoneNumber],       [Extent1].[NickName] AS [NickName],       [Extent1].[Signature] AS [Signature],       [Extent1].[Portrait] AS [Portrait],       [Extent1].[Gender] AS [Gender],       [Extent1].[District] AS [District],       [Extent1].[BackgroundImage] AS [BackgroundImage],       [Extent1].[NeedNotification] AS [NeedNotification],       [Extent1].[CreatedTime] AS [CreatedTime],       [Extent1].[SignUpTime] AS [SignUpTime]      FROM [dbo].[Users] AS [Extent1]|
2015-11-12 15:25:13.8717|Debug|Shiju.Portal.Heart|  |
2015-11-12 15:25:13.8717|Debug|Shiju.Portal.Heart|-- Executing at 2015/11/12 15:25:13 +08:00  |
2015-11-12 15:25:13.9147|Debug|Shiju.Portal.Heart|-- Completed in 39 ms with result: SqlDataReader  |
2015-11-12 15:25:13.9147|Debug|Shiju.Portal.Heart|  |
2015-11-12 16:06:37.2647|Debug|Shiju.Portal.Heart|  SELECT Count(*)  FROM INFORMATION_SCHEMA.TABLES AS t  WHERE t.TABLE_TYPE = 'BASE TABLE'      AND (t.TABLE_SCHEMA + '.' + t.TABLE_NAME IN ('dbo.Accounts','dbo.FriendRequests','dbo.Friends','dbo.Participants','dbo.Parties','dbo.PartyComments','dbo.PartyLikes','dbo.Users','dbo.VerificationCodes')          OR t.TABLE_NAME = 'EdmMetadata')|
2015-11-12 16:06:37.3167|Debug|Shiju.Portal.Heart|  |
2015-11-12 16:06:37.3167|Debug|Shiju.Portal.Heart|-- Executing at 2015/11/12 16:06:37 +08:00  |
2015-11-12 16:06:37.4097|Debug|Shiju.Portal.Heart|-- Completed in 87 ms with result: 9  |
2015-11-12 16:06:37.4097|Debug|Shiju.Portal.Heart|  |
2015-11-12 16:06:39.2417|Debug|Shiju.Portal.Heart|SELECT       [GroupBy1].[A1] AS [C1]      FROM ( SELECT           COUNT(1) AS [A1]          FROM [dbo].[__MigrationHistory] AS [Extent1]      )  AS [GroupBy1]|
2015-11-12 16:06:39.2417|Debug|Shiju.Portal.Heart|  |
2015-11-12 16:06:39.2417|Debug|Shiju.Portal.Heart|-- Executing at 2015/11/12 16:06:39 +08:00  |
2015-11-12 16:06:39.3467|Debug|Shiju.Portal.Heart|-- Completed in 103 ms with result: SqlDataReader  |
2015-11-12 16:06:39.3467|Debug|Shiju.Portal.Heart|  |
2015-11-12 16:06:39.5586|Debug|Shiju.Portal.Heart|SELECT       [GroupBy1].[A1] AS [C1]      FROM ( SELECT           COUNT(1) AS [A1]          FROM [dbo].[__MigrationHistory] AS [Extent1]          WHERE ([Extent1].[ContextKey] = @p__linq__0) AND (@p__linq__0 IS NOT NULL)      )  AS [GroupBy1]|
2015-11-12 16:06:39.5586|Debug|Shiju.Portal.Heart|  |
2015-11-12 16:06:39.5586|Debug|Shiju.Portal.Heart|-- p__linq__0: 'ShiJu.Models.ShiJuDbContext' (Type = String, Size = 4000)  |
2015-11-12 16:06:39.5586|Debug|Shiju.Portal.Heart|-- Executing at 2015/11/12 16:06:39 +08:00  |
2015-11-12 16:06:39.6137|Debug|Shiju.Portal.Heart|-- Completed in 51 ms with result: SqlDataReader  |
2015-11-12 16:06:39.6137|Debug|Shiju.Portal.Heart|  |
2015-11-12 16:06:39.6936|Debug|Shiju.Portal.Heart|SELECT       [GroupBy1].[A1] AS [C1]      FROM ( SELECT           COUNT(1) AS [A1]          FROM [dbo].[__MigrationHistory] AS [Extent1]      )  AS [GroupBy1]|
2015-11-12 16:06:39.6936|Debug|Shiju.Portal.Heart|  |
2015-11-12 16:06:39.6936|Debug|Shiju.Portal.Heart|-- Executing at 2015/11/12 16:06:39 +08:00  |
2015-11-12 16:06:39.7416|Debug|Shiju.Portal.Heart|-- Completed in 48 ms with result: SqlDataReader  |
2015-11-12 16:06:39.7416|Debug|Shiju.Portal.Heart|  |
2015-11-12 16:06:39.7516|Debug|Shiju.Portal.Heart|SELECT       [GroupBy1].[A1] AS [C1]      FROM ( SELECT           COUNT(1) AS [A1]          FROM [dbo].[__MigrationHistory] AS [Extent1]          WHERE ([Extent1].[ContextKey] = @p__linq__0) AND (@p__linq__0 IS NOT NULL)      )  AS [GroupBy1]|
2015-11-12 16:06:39.7516|Debug|Shiju.Portal.Heart|  |
2015-11-12 16:06:39.7516|Debug|Shiju.Portal.Heart|-- p__linq__0: 'ShiJu.Models.ShiJuDbContext' (Type = String, Size = 4000)  |
2015-11-12 16:06:39.7516|Debug|Shiju.Portal.Heart|-- Executing at 2015/11/12 16:06:39 +08:00  |
2015-11-12 16:06:39.8016|Debug|Shiju.Portal.Heart|-- Completed in 49 ms with result: SqlDataReader  |
2015-11-12 16:06:39.8016|Debug|Shiju.Portal.Heart|  |
2015-11-12 16:06:39.9216|Debug|Shiju.Portal.Heart|SELECT TOP (1)       [Project1].[C1] AS [C1],       [Project1].[MigrationId] AS [MigrationId],       [Project1].[Model] AS [Model]      FROM ( SELECT           [Extent1].[MigrationId] AS [MigrationId],           [Extent1].[Model] AS [Model],           1 AS [C1]          FROM [dbo].[__MigrationHistory] AS [Extent1]          WHERE ([Extent1].[ContextKey] = @p__linq__0) AND (@p__linq__0 IS NOT NULL)      )  AS [Project1]      ORDER BY [Project1].[MigrationId] DESC|
2015-11-12 16:06:39.9216|Debug|Shiju.Portal.Heart|  |
2015-11-12 16:06:39.9216|Debug|Shiju.Portal.Heart|-- p__linq__0: 'ShiJu.Models.ShiJuDbContext' (Type = String, Size = 4000)  |
2015-11-12 16:06:39.9216|Debug|Shiju.Portal.Heart|-- Executing at 2015/11/12 16:06:39 +08:00  |
2015-11-12 16:06:39.9766|Debug|Shiju.Portal.Heart|-- Completed in 54 ms with result: SqlDataReader  |
2015-11-12 16:06:39.9776|Debug|Shiju.Portal.Heart|  |
2015-11-12 16:06:41.4796|Debug|Shiju.Portal.Heart|SELECT       [Extent1].[Id] AS [Id],       [Extent1].[Status] AS [Status],       [Extent1].[PhoneNumber] AS [PhoneNumber],       [Extent1].[NickName] AS [NickName],       [Extent1].[Signature] AS [Signature],       [Extent1].[Portrait] AS [Portrait],       [Extent1].[Gender] AS [Gender],       [Extent1].[District] AS [District],       [Extent1].[BackgroundImage] AS [BackgroundImage],       [Extent1].[NeedNotification] AS [NeedNotification],       [Extent1].[CreatedTime] AS [CreatedTime],       [Extent1].[SignUpTime] AS [SignUpTime]      FROM [dbo].[Users] AS [Extent1]|
2015-11-12 16:06:41.4796|Debug|Shiju.Portal.Heart|  |
2015-11-12 16:06:41.4796|Debug|Shiju.Portal.Heart|-- Executing at 2015/11/12 16:06:41 +08:00  |
2015-11-12 16:06:41.5296|Debug|Shiju.Portal.Heart|-- Completed in 49 ms with result: SqlDataReader  |
2015-11-12 16:06:41.5296|Debug|Shiju.Portal.Heart|  |
2015-11-12 16:10:00.3518|Debug|Shiju.Portal.Heart|  SELECT Count(*)  FROM INFORMATION_SCHEMA.TABLES AS t  WHERE t.TABLE_TYPE = 'BASE TABLE'      AND (t.TABLE_SCHEMA + '.' + t.TABLE_NAME IN ('dbo.Accounts','dbo.FriendRequests','dbo.Friends','dbo.Participants','dbo.Parties','dbo.PartyComments','dbo.PartyLikes','dbo.Users','dbo.VerificationCodes')          OR t.TABLE_NAME = 'EdmMetadata')|
2015-11-12 16:10:00.3518|Debug|Shiju.Portal.Heart|  |
2015-11-12 16:10:00.3518|Debug|Shiju.Portal.Heart|-- Executing at 2015/11/12 16:10:00 +08:00  |
2015-11-12 16:10:00.4240|Debug|Shiju.Portal.Heart|-- Completed in 60 ms with result: 9  |
2015-11-12 16:10:00.4240|Debug|Shiju.Portal.Heart|  |
2015-11-12 16:10:00.4978|Debug|Shiju.Portal.Heart|SELECT       [GroupBy1].[A1] AS [C1]      FROM ( SELECT           COUNT(1) AS [A1]          FROM [dbo].[__MigrationHistory] AS [Extent1]      )  AS [GroupBy1]|
2015-11-12 16:10:00.4978|Debug|Shiju.Portal.Heart|  |
2015-11-12 16:10:00.4978|Debug|Shiju.Portal.Heart|-- Executing at 2015/11/12 16:10:00 +08:00  |
2015-11-12 16:10:00.5438|Debug|Shiju.Portal.Heart|-- Completed in 44 ms with result: SqlDataReader  |
2015-11-12 16:10:00.5438|Debug|Shiju.Portal.Heart|  |
2015-11-12 16:10:00.5438|Debug|Shiju.Portal.Heart|SELECT       [GroupBy1].[A1] AS [C1]      FROM ( SELECT           COUNT(1) AS [A1]          FROM [dbo].[__MigrationHistory] AS [Extent1]          WHERE ([Extent1].[ContextKey] = @p__linq__0) AND (@p__linq__0 IS NOT NULL)      )  AS [GroupBy1]|
2015-11-12 16:10:00.5438|Debug|Shiju.Portal.Heart|  |
2015-11-12 16:10:00.5438|Debug|Shiju.Portal.Heart|-- p__linq__0: 'ShiJu.Models.ShiJuDbContext' (Type = String, Size = 4000)  |
2015-11-12 16:10:00.5438|Debug|Shiju.Portal.Heart|-- Executing at 2015/11/12 16:10:00 +08:00  |
2015-11-12 16:10:00.6088|Debug|Shiju.Portal.Heart|-- Completed in 59 ms with result: SqlDataReader  |
2015-11-12 16:10:00.6088|Debug|Shiju.Portal.Heart|  |
2015-11-12 16:10:00.6998|Debug|Shiju.Portal.Heart|SELECT       [GroupBy1].[A1] AS [C1]      FROM ( SELECT           COUNT(1) AS [A1]          FROM [dbo].[__MigrationHistory] AS [Extent1]      )  AS [GroupBy1]|
2015-11-12 16:10:00.6998|Debug|Shiju.Portal.Heart|  |
2015-11-12 16:10:00.6998|Debug|Shiju.Portal.Heart|-- Executing at 2015/11/12 16:10:00 +08:00  |
2015-11-12 16:10:00.7418|Debug|Shiju.Portal.Heart|-- Completed in 40 ms with result: SqlDataReader  |
2015-11-12 16:10:00.7418|Debug|Shiju.Portal.Heart|  |
2015-11-12 16:10:00.7418|Debug|Shiju.Portal.Heart|SELECT       [GroupBy1].[A1] AS [C1]      FROM ( SELECT           COUNT(1) AS [A1]          FROM [dbo].[__MigrationHistory] AS [Extent1]          WHERE ([Extent1].[ContextKey] = @p__linq__0) AND (@p__linq__0 IS NOT NULL)      )  AS [GroupBy1]|
2015-11-12 16:10:00.7418|Debug|Shiju.Portal.Heart|  |
2015-11-12 16:10:00.7418|Debug|Shiju.Portal.Heart|-- p__linq__0: 'ShiJu.Models.ShiJuDbContext' (Type = String, Size = 4000)  |
2015-11-12 16:10:00.7418|Debug|Shiju.Portal.Heart|-- Executing at 2015/11/12 16:10:00 +08:00  |
2015-11-12 16:10:00.8008|Debug|Shiju.Portal.Heart|-- Completed in 47 ms with result: SqlDataReader  |
2015-11-12 16:10:00.8008|Debug|Shiju.Portal.Heart|  |
2015-11-12 16:10:00.8139|Debug|Shiju.Portal.Heart|SELECT TOP (1)       [Project1].[C1] AS [C1],       [Project1].[MigrationId] AS [MigrationId],       [Project1].[Model] AS [Model]      FROM ( SELECT           [Extent1].[MigrationId] AS [MigrationId],           [Extent1].[Model] AS [Model],           1 AS [C1]          FROM [dbo].[__MigrationHistory] AS [Extent1]          WHERE ([Extent1].[ContextKey] = @p__linq__0) AND (@p__linq__0 IS NOT NULL)      )  AS [Project1]      ORDER BY [Project1].[MigrationId] DESC|
2015-11-12 16:10:00.8139|Debug|Shiju.Portal.Heart|  |
2015-11-12 16:10:00.8139|Debug|Shiju.Portal.Heart|-- p__linq__0: 'ShiJu.Models.ShiJuDbContext' (Type = String, Size = 4000)  |
2015-11-12 16:10:00.8139|Debug|Shiju.Portal.Heart|-- Executing at 2015/11/12 16:10:00 +08:00  |
2015-11-12 16:10:00.8568|Debug|Shiju.Portal.Heart|-- Completed in 41 ms with result: SqlDataReader  |
2015-11-12 16:10:00.8568|Debug|Shiju.Portal.Heart|  |
2015-11-12 16:10:03.0688|Debug|Shiju.Portal.Heart|SELECT       [Extent1].[Id] AS [Id],       [Extent1].[Status] AS [Status],       [Extent1].[PhoneNumber] AS [PhoneNumber],       [Extent1].[NickName] AS [NickName],       [Extent1].[Signature] AS [Signature],       [Extent1].[Portrait] AS [Portrait],       [Extent1].[Gender] AS [Gender],       [Extent1].[District] AS [District],       [Extent1].[BackgroundImage] AS [BackgroundImage],       [Extent1].[NeedNotification] AS [NeedNotification],       [Extent1].[CreatedTime] AS [CreatedTime],       [Extent1].[SignUpTime] AS [SignUpTime]      FROM [dbo].[Users] AS [Extent1]|
2015-11-12 16:10:03.0688|Debug|Shiju.Portal.Heart|  |
2015-11-12 16:10:03.0688|Debug|Shiju.Portal.Heart|-- Executing at 2015/11/12 16:10:03 +08:00  |
2015-11-12 16:10:03.0998|Debug|Shiju.Portal.Heart|-- Completed in 30 ms with result: SqlDataReader  |
2015-11-12 16:10:03.0998|Debug|Shiju.Portal.Heart|  |
2015-11-12 16:14:44.1957|Debug|Shiju.Portal.Heart|  SELECT Count(*)  FROM INFORMATION_SCHEMA.TABLES AS t  WHERE t.TABLE_TYPE = 'BASE TABLE'      AND (t.TABLE_SCHEMA + '.' + t.TABLE_NAME IN ('dbo.Accounts','dbo.FriendRequests','dbo.Friends','dbo.Participants','dbo.Parties','dbo.PartyComments','dbo.PartyLikes','dbo.Users','dbo.VerificationCodes')          OR t.TABLE_NAME = 'EdmMetadata')|
2015-11-12 16:14:44.1957|Debug|Shiju.Portal.Heart|  |
2015-11-12 16:14:44.1957|Debug|Shiju.Portal.Heart|-- Executing at 2015/11/12 16:14:44 +08:00  |
2015-11-12 16:14:44.2697|Debug|Shiju.Portal.Heart|-- Completed in 57 ms with result: 9  |
2015-11-12 16:14:44.2697|Debug|Shiju.Portal.Heart|  |
2015-11-12 16:14:44.3157|Debug|Shiju.Portal.Heart|SELECT       [GroupBy1].[A1] AS [C1]      FROM ( SELECT           COUNT(1) AS [A1]          FROM [dbo].[__MigrationHistory] AS [Extent1]      )  AS [GroupBy1]|
2015-11-12 16:14:44.3157|Debug|Shiju.Portal.Heart|  |
2015-11-12 16:14:44.3157|Debug|Shiju.Portal.Heart|-- Executing at 2015/11/12 16:14:44 +08:00  |
2015-11-12 16:14:44.4117|Debug|Shiju.Portal.Heart|-- Completed in 94 ms with result: SqlDataReader  |
2015-11-12 16:14:44.4117|Debug|Shiju.Portal.Heart|  |
2015-11-12 16:14:44.4117|Debug|Shiju.Portal.Heart|SELECT       [GroupBy1].[A1] AS [C1]      FROM ( SELECT           COUNT(1) AS [A1]          FROM [dbo].[__MigrationHistory] AS [Extent1]          WHERE ([Extent1].[ContextKey] = @p__linq__0) AND (@p__linq__0 IS NOT NULL)      )  AS [GroupBy1]|
2015-11-12 16:14:44.4117|Debug|Shiju.Portal.Heart|  |
2015-11-12 16:14:44.4307|Debug|Shiju.Portal.Heart|-- p__linq__0: 'ShiJu.Models.ShiJuDbContext' (Type = String, Size = 4000)  |
2015-11-12 16:14:44.4307|Debug|Shiju.Portal.Heart|-- Executing at 2015/11/12 16:14:44 +08:00  |
2015-11-12 16:14:44.4817|Debug|Shiju.Portal.Heart|-- Completed in 51 ms with result: SqlDataReader  |
2015-11-12 16:14:44.4817|Debug|Shiju.Portal.Heart|  |
2015-11-12 16:14:44.5417|Debug|Shiju.Portal.Heart|SELECT       [GroupBy1].[A1] AS [C1]      FROM ( SELECT           COUNT(1) AS [A1]          FROM [dbo].[__MigrationHistory] AS [Extent1]      )  AS [GroupBy1]|
2015-11-12 16:14:44.5417|Debug|Shiju.Portal.Heart|  |
2015-11-12 16:14:44.5417|Debug|Shiju.Portal.Heart|-- Executing at 2015/11/12 16:14:44 +08:00  |
2015-11-12 16:14:44.5847|Debug|Shiju.Portal.Heart|-- Completed in 42 ms with result: SqlDataReader  |
2015-11-12 16:14:44.5847|Debug|Shiju.Portal.Heart|  |
2015-11-12 16:14:44.5847|Debug|Shiju.Portal.Heart|SELECT       [GroupBy1].[A1] AS [C1]      FROM ( SELECT           COUNT(1) AS [A1]          FROM [dbo].[__MigrationHistory] AS [Extent1]          WHERE ([Extent1].[ContextKey] = @p__linq__0) AND (@p__linq__0 IS NOT NULL)      )  AS [GroupBy1]|
2015-11-12 16:14:44.5847|Debug|Shiju.Portal.Heart|  |
2015-11-12 16:14:44.5847|Debug|Shiju.Portal.Heart|-- p__linq__0: 'ShiJu.Models.ShiJuDbContext' (Type = String, Size = 4000)  |
2015-11-12 16:14:44.5847|Debug|Shiju.Portal.Heart|-- Executing at 2015/11/12 16:14:44 +08:00  |
2015-11-12 16:14:44.6187|Debug|Shiju.Portal.Heart|-- Completed in 26 ms with result: SqlDataReader  |
2015-11-12 16:14:44.6187|Debug|Shiju.Portal.Heart|  |
2015-11-12 16:14:44.6417|Debug|Shiju.Portal.Heart|SELECT TOP (1)       [Project1].[C1] AS [C1],       [Project1].[MigrationId] AS [MigrationId],       [Project1].[Model] AS [Model]      FROM ( SELECT           [Extent1].[MigrationId] AS [MigrationId],           [Extent1].[Model] AS [Model],           1 AS [C1]          FROM [dbo].[__MigrationHistory] AS [Extent1]          WHERE ([Extent1].[ContextKey] = @p__linq__0) AND (@p__linq__0 IS NOT NULL)      )  AS [Project1]      ORDER BY [Project1].[MigrationId] DESC|
2015-11-12 16:14:44.6417|Debug|Shiju.Portal.Heart|  |
2015-11-12 16:14:44.6417|Debug|Shiju.Portal.Heart|-- p__linq__0: 'ShiJu.Models.ShiJuDbContext' (Type = String, Size = 4000)  |
2015-11-12 16:14:44.6417|Debug|Shiju.Portal.Heart|-- Executing at 2015/11/12 16:14:44 +08:00  |
2015-11-12 16:14:44.6797|Debug|Shiju.Portal.Heart|-- Completed in 36 ms with result: SqlDataReader  |
2015-11-12 16:14:44.6797|Debug|Shiju.Portal.Heart|  |
2015-11-12 16:14:46.1467|Debug|Shiju.Portal.Heart|SELECT       [Extent1].[Id] AS [Id],       [Extent1].[Status] AS [Status],       [Extent1].[PhoneNumber] AS [PhoneNumber],       [Extent1].[NickName] AS [NickName],       [Extent1].[Signature] AS [Signature],       [Extent1].[Portrait] AS [Portrait],       [Extent1].[Gender] AS [Gender],       [Extent1].[District] AS [District],       [Extent1].[BackgroundImage] AS [BackgroundImage],       [Extent1].[NeedNotification] AS [NeedNotification],       [Extent1].[CreatedTime] AS [CreatedTime],       [Extent1].[SignUpTime] AS [SignUpTime]      FROM [dbo].[Users] AS [Extent1]|
2015-11-12 16:14:46.1467|Debug|Shiju.Portal.Heart|  |
2015-11-12 16:14:46.1467|Debug|Shiju.Portal.Heart|-- Executing at 2015/11/12 16:14:46 +08:00  |
2015-11-12 16:14:46.1717|Debug|Shiju.Portal.Heart|-- Completed in 24 ms with result: SqlDataReader  |
2015-11-12 16:14:46.1717|Debug|Shiju.Portal.Heart|  |
2015-11-12 16:14:59.9676|Debug|Shiju.Portal.Heart|UPDATE [dbo].[Users]  SET [Status] = @0, [PhoneNumber] = @1, [NickName] = @2, [Signature] = @3, [Portrait] = @4, [Gender] = @5, [District] = @6, [BackgroundImage] = @7, [NeedNotification] = @8, [CreatedTime] = @9, [SignUpTime] = @10  WHERE ([Id] = @11)  |
2015-11-12 16:14:59.9676|Debug|Shiju.Portal.Heart|-- @0: '0' (Type = Int64)  |
2015-11-12 16:14:59.9676|Debug|Shiju.Portal.Heart|-- @1: '' (Type = String, Size = 64)  |
2015-11-12 16:14:59.9676|Debug|Shiju.Portal.Heart|-- @2: '凡人' (Type = String, Size = 128)  |
2015-11-12 16:14:59.9676|Debug|Shiju.Portal.Heart|-- @3: '5' (Type = String, Size = 512)  |
2015-11-12 16:14:59.9676|Debug|Shiju.Portal.Heart|-- @4: 'cdd001ed-4771-bce8-fbd1-59b1236cd7b8' (Type = Guid)  |
2015-11-12 16:14:59.9676|Debug|Shiju.Portal.Heart|-- @5: '0' (Type = Int64)  |
2015-11-12 16:14:59.9676|Debug|Shiju.Portal.Heart|-- @6: '5' (Type = String, Size = 128)  |
2015-11-12 16:14:59.9676|Debug|Shiju.Portal.Heart|-- @7: '00000000-0000-0000-0000-000000000000' (Type = Guid)  |
2015-11-12 16:14:59.9676|Debug|Shiju.Portal.Heart|-- @8: 'False' (Type = Boolean)  |
2015-11-12 16:14:59.9676|Debug|Shiju.Portal.Heart|-- @9: '2015/11/2 1:59:00' (Type = DateTime2)  |
2015-11-12 16:14:59.9736|Debug|Shiju.Portal.Heart|-- @10: '2015/11/2 1:59:54' (Type = DateTime2)  |
2015-11-12 16:14:59.9736|Debug|Shiju.Portal.Heart|-- @11: 'bc4410d4-168f-443c-a298-fff9ffd7b5f0' (Type = Guid)  |
2015-11-12 16:14:59.9736|Debug|Shiju.Portal.Heart|-- Executing at 2015/11/12 16:14:59 +08:00  |
2015-11-12 16:15:00.0886|Debug|Shiju.Portal.Heart|-- Completed in 112 ms with result: 1  |
2015-11-12 16:15:00.0886|Debug|Shiju.Portal.Heart|  |
2015-11-12 16:15:00.3526|Debug|Shiju.Portal.Heart|SELECT       [Extent1].[Id] AS [Id],       [Extent1].[Status] AS [Status],       [Extent1].[PhoneNumber] AS [PhoneNumber],       [Extent1].[NickName] AS [NickName],       [Extent1].[Signature] AS [Signature],       [Extent1].[Portrait] AS [Portrait],       [Extent1].[Gender] AS [Gender],       [Extent1].[District] AS [District],       [Extent1].[BackgroundImage] AS [BackgroundImage],       [Extent1].[NeedNotification] AS [NeedNotification],       [Extent1].[CreatedTime] AS [CreatedTime],       [Extent1].[SignUpTime] AS [SignUpTime]      FROM [dbo].[Users] AS [Extent1]|
2015-11-12 16:15:00.3526|Debug|Shiju.Portal.Heart|  |
2015-11-12 16:15:00.3526|Debug|Shiju.Portal.Heart|-- Executing at 2015/11/12 16:15:00 +08:00  |
2015-11-12 16:15:00.4846|Debug|Shiju.Portal.Heart|-- Completed in 130 ms with result: SqlDataReader  |
2015-11-12 16:15:00.4846|Debug|Shiju.Portal.Heart|  |
2015-11-12 16:15:40.1917|Debug|Shiju.Portal.Heart|UPDATE [dbo].[Users]  SET [Status] = @0, [PhoneNumber] = @1, [NickName] = @2, [Signature] = @3, [Portrait] = @4, [Gender] = @5, [District] = @6, [BackgroundImage] = @7, [NeedNotification] = @8, [CreatedTime] = @9, [SignUpTime] = @10  WHERE ([Id] = @11)  |
2015-11-12 16:15:40.1917|Debug|Shiju.Portal.Heart|-- @0: '0' (Type = Int64)  |
2015-11-12 16:15:40.1917|Debug|Shiju.Portal.Heart|-- @1: '13916842184' (Type = String, Size = 64)  |
2015-11-12 16:15:40.1917|Debug|Shiju.Portal.Heart|-- @2: '胜安小胜' (Type = String, Size = 128)  |
2015-11-12 16:15:40.1917|Debug|Shiju.Portal.Heart|-- @3: '爱拼才会赢' (Type = String, Size = 512)  |
2015-11-12 16:15:40.1917|Debug|Shiju.Portal.Heart|-- @4: 'b806f1ba-643c-f061-4a30-ca2befdb31f5' (Type = Guid)  |
2015-11-12 16:15:40.1917|Debug|Shiju.Portal.Heart|-- @5: '2' (Type = Int64)  |
2015-11-12 16:15:40.1917|Debug|Shiju.Portal.Heart|-- @6: '上海徐汇漕河泾' (Type = String, Size = 128)  |
2015-11-12 16:15:40.1917|Debug|Shiju.Portal.Heart|-- @7: '19abe861-bc40-9d26-00ea-be3a745b2957' (Type = Guid)  |
2015-11-12 16:15:40.1917|Debug|Shiju.Portal.Heart|-- @8: 'False' (Type = Boolean)  |
2015-11-12 16:15:40.1917|Debug|Shiju.Portal.Heart|-- @9: '2015/11/2 7:02:00' (Type = DateTime2)  |
2015-11-12 16:15:40.1917|Debug|Shiju.Portal.Heart|-- @10: '2015/11/2 7:02:45' (Type = DateTime2)  |
2015-11-12 16:15:40.1917|Debug|Shiju.Portal.Heart|-- @11: 'b0b3d758-b9f2-45fc-b3fc-ff902f884dce' (Type = Guid)  |
2015-11-12 16:15:40.1917|Debug|Shiju.Portal.Heart|-- Executing at 2015/11/12 16:15:40 +08:00  |
2015-11-12 16:15:41.8417|Debug|Shiju.Portal.Heart|-- Completed in 1644 ms with result: 1  |
2015-11-12 16:15:41.8417|Debug|Shiju.Portal.Heart|  |
2015-11-12 16:15:41.9637|Debug|Shiju.Portal.Heart|SELECT       [Extent1].[Id] AS [Id],       [Extent1].[Status] AS [Status],       [Extent1].[PhoneNumber] AS [PhoneNumber],       [Extent1].[NickName] AS [NickName],       [Extent1].[Signature] AS [Signature],       [Extent1].[Portrait] AS [Portrait],       [Extent1].[Gender] AS [Gender],       [Extent1].[District] AS [District],       [Extent1].[BackgroundImage] AS [BackgroundImage],       [Extent1].[NeedNotification] AS [NeedNotification],       [Extent1].[CreatedTime] AS [CreatedTime],       [Extent1].[SignUpTime] AS [SignUpTime]      FROM [dbo].[Users] AS [Extent1]|
2015-11-12 16:15:41.9637|Debug|Shiju.Portal.Heart|  |
2015-11-12 16:15:41.9637|Debug|Shiju.Portal.Heart|-- Executing at 2015/11/12 16:15:41 +08:00  |
2015-11-12 16:15:42.0147|Debug|Shiju.Portal.Heart|-- Completed in 50 ms with result: SqlDataReader  |
2015-11-12 16:15:42.0147|Debug|Shiju.Portal.Heart|  |
2015-11-12 16:15:52.3582|Debug|Shiju.Portal.Heart|UPDATE [dbo].[Users]  SET [Status] = @0, [PhoneNumber] = @1, [NickName] = @2, [Signature] = @3, [Portrait] = @4, [Gender] = @5, [District] = @6, [BackgroundImage] = @7, [NeedNotification] = @8, [CreatedTime] = @9, [SignUpTime] = @10  WHERE ([Id] = @11)  |
2015-11-12 16:15:52.3582|Debug|Shiju.Portal.Heart|-- @0: '0' (Type = Int64)  |
2015-11-12 16:15:52.3792|Debug|Shiju.Portal.Heart|-- @1: '13916842184' (Type = String, Size = 64)  |
2015-11-12 16:15:52.3792|Debug|Shiju.Portal.Heart|-- @2: '胜安小胜' (Type = String, Size = 128)  |
2015-11-12 16:15:52.4062|Debug|Shiju.Portal.Heart|-- @3: '爱拼才会赢' (Type = String, Size = 512)  |
2015-11-12 16:15:52.4172|Debug|Shiju.Portal.Heart|-- @4: 'b806f1ba-643c-f061-4a30-ca2befdb31f5' (Type = Guid)  |
2015-11-12 16:15:52.4292|Debug|Shiju.Portal.Heart|-- @5: '2' (Type = Int64)  |
2015-11-12 16:15:52.4292|Debug|Shiju.Portal.Heart|-- @6: '上海徐汇漕河泾' (Type = String, Size = 128)  |
2015-11-12 16:15:52.4292|Debug|Shiju.Portal.Heart|-- @7: '19abe861-bc40-9d26-00ea-be3a745b2957' (Type = Guid)  |
2015-11-12 16:15:52.4292|Debug|Shiju.Portal.Heart|-- @8: 'False' (Type = Boolean)  |
2015-11-12 16:15:52.4292|Debug|Shiju.Portal.Heart|-- @9: '2015/11/2 7:02:00' (Type = DateTime2)  |
2015-11-12 16:15:52.4292|Debug|Shiju.Portal.Heart|-- @10: '2015/11/2 7:02:45' (Type = DateTime2)  |
2015-11-12 16:15:52.4292|Debug|Shiju.Portal.Heart|-- @11: 'b0b3d758-b9f2-45fc-b3fc-ff902f884dce' (Type = Guid)  |
2015-11-12 16:15:52.4292|Debug|Shiju.Portal.Heart|-- Executing at 2015/11/12 16:15:52 +08:00  |
2015-11-12 16:15:52.5332|Debug|Shiju.Portal.Heart|-- Completed in 102 ms with result: 1  |
2015-11-12 16:15:52.5332|Debug|Shiju.Portal.Heart|  |
2015-11-12 16:15:52.6532|Debug|Shiju.Portal.Heart|SELECT       [Extent1].[Id] AS [Id],       [Extent1].[Status] AS [Status],       [Extent1].[PhoneNumber] AS [PhoneNumber],       [Extent1].[NickName] AS [NickName],       [Extent1].[Signature] AS [Signature],       [Extent1].[Portrait] AS [Portrait],       [Extent1].[Gender] AS [Gender],       [Extent1].[District] AS [District],       [Extent1].[BackgroundImage] AS [BackgroundImage],       [Extent1].[NeedNotification] AS [NeedNotification],       [Extent1].[CreatedTime] AS [CreatedTime],       [Extent1].[SignUpTime] AS [SignUpTime]      FROM [dbo].[Users] AS [Extent1]|
2015-11-12 16:15:52.6812|Debug|Shiju.Portal.Heart|  |
2015-11-12 16:15:52.6812|Debug|Shiju.Portal.Heart|-- Executing at 2015/11/12 16:15:52 +08:00  |
2015-11-12 16:15:52.7142|Debug|Shiju.Portal.Heart|-- Completed in 31 ms with result: SqlDataReader  |
2015-11-12 16:15:52.7142|Debug|Shiju.Portal.Heart|  |
