2015-11-19 13:58:06.6989|Debug|Shiju.Portal.Heart|  SELECT Count(*)  FROM INFORMATION_SCHEMA.TABLES AS t  WHERE t.TABLE_TYPE = 'BASE TABLE'      AND (t.TABLE_SCHEMA + '.' + t.TABLE_NAME IN ('dbo.Accounts','dbo.FriendRequests','dbo.Friends','dbo.Participants','dbo.Parties','dbo.PartyComments','dbo.PartyLikes','dbo.Users','dbo.VerificationCodes')          OR t.TABLE_NAME = 'EdmMetadata')|
2015-11-19 13:58:06.7099|Debug|Shiju.Portal.Heart|  |
2015-11-19 13:58:06.7099|Debug|Shiju.Portal.Heart|-- Executing at 2015/11/19 13:58:06 +08:00  |
2015-11-19 13:58:06.7869|Debug|Shiju.Portal.Heart|-- Completed in 69 ms with result: 9  |
2015-11-19 13:58:06.7869|Debug|Shiju.Portal.Heart|  |
2015-11-19 13:58:09.3049|Debug|Shiju.Portal.Heart|SELECT       [GroupBy1].[A1] AS [C1]      FROM ( SELECT           COUNT(1) AS [A1]          FROM [dbo].[__MigrationHistory] AS [Extent1]      )  AS [GroupBy1]|
2015-11-19 13:58:09.3049|Debug|Shiju.Portal.Heart|  |
2015-11-19 13:58:09.3049|Debug|Shiju.Portal.Heart|-- Executing at 2015/11/19 13:58:09 +08:00  |
2015-11-19 13:58:09.3979|Debug|Shiju.Portal.Heart|-- Completed in 91 ms with result: SqlDataReader  |
2015-11-19 13:58:09.3979|Debug|Shiju.Portal.Heart|  |
2015-11-19 13:58:09.5159|Debug|Shiju.Portal.Heart|SELECT       [GroupBy1].[A1] AS [C1]      FROM ( SELECT           COUNT(1) AS [A1]          FROM [dbo].[__MigrationHistory] AS [Extent1]          WHERE ([Extent1].[ContextKey] = @p__linq__0) AND (@p__linq__0 IS NOT NULL)      )  AS [GroupBy1]|
2015-11-19 13:58:09.5159|Debug|Shiju.Portal.Heart|  |
2015-11-19 13:58:09.5159|Debug|Shiju.Portal.Heart|-- p__linq__0: 'ShiJu.Models.ShiJuDbContext' (Type = String, Size = 4000)  |
2015-11-19 13:58:09.5159|Debug|Shiju.Portal.Heart|-- Executing at 2015/11/19 13:58:09 +08:00  |
2015-11-19 13:58:09.5839|Debug|Shiju.Portal.Heart|-- Completed in 63 ms with result: SqlDataReader  |
2015-11-19 13:58:09.5839|Debug|Shiju.Portal.Heart|  |
2015-11-19 13:58:09.7109|Debug|Shiju.Portal.Heart|SELECT       [GroupBy1].[A1] AS [C1]      FROM ( SELECT           COUNT(1) AS [A1]          FROM [dbo].[__MigrationHistory] AS [Extent1]      )  AS [GroupBy1]|
2015-11-19 13:58:09.7109|Debug|Shiju.Portal.Heart|  |
2015-11-19 13:58:09.7109|Debug|Shiju.Portal.Heart|-- Executing at 2015/11/19 13:58:09 +08:00  |
2015-11-19 13:58:09.7519|Debug|Shiju.Portal.Heart|-- Completed in 40 ms with result: SqlDataReader  |
2015-11-19 13:58:09.7519|Debug|Shiju.Portal.Heart|  |
2015-11-19 13:58:09.7519|Debug|Shiju.Portal.Heart|SELECT       [GroupBy1].[A1] AS [C1]      FROM ( SELECT           COUNT(1) AS [A1]          FROM [dbo].[__MigrationHistory] AS [Extent1]          WHERE ([Extent1].[ContextKey] = @p__linq__0) AND (@p__linq__0 IS NOT NULL)      )  AS [GroupBy1]|
2015-11-19 13:58:09.7519|Debug|Shiju.Portal.Heart|  |
2015-11-19 13:58:09.7519|Debug|Shiju.Portal.Heart|-- p__linq__0: 'ShiJu.Models.ShiJuDbContext' (Type = String, Size = 4000)  |
2015-11-19 13:58:09.7519|Debug|Shiju.Portal.Heart|-- Executing at 2015/11/19 13:58:09 +08:00  |
2015-11-19 13:58:09.8209|Debug|Shiju.Portal.Heart|-- Completed in 61 ms with result: SqlDataReader  |
2015-11-19 13:58:09.8209|Debug|Shiju.Portal.Heart|  |
2015-11-19 13:58:10.0179|Debug|Shiju.Portal.Heart|SELECT TOP (1)       [Project1].[C1] AS [C1],       [Project1].[MigrationId] AS [MigrationId],       [Project1].[Model] AS [Model]      FROM ( SELECT           [Extent1].[MigrationId] AS [MigrationId],           [Extent1].[Model] AS [Model],           1 AS [C1]          FROM [dbo].[__MigrationHistory] AS [Extent1]          WHERE ([Extent1].[ContextKey] = @p__linq__0) AND (@p__linq__0 IS NOT NULL)      )  AS [Project1]      ORDER BY [Project1].[MigrationId] DESC|
2015-11-19 13:58:10.0179|Debug|Shiju.Portal.Heart|  |
2015-11-19 13:58:10.0179|Debug|Shiju.Portal.Heart|-- p__linq__0: 'ShiJu.Models.ShiJuDbContext' (Type = String, Size = 4000)  |
2015-11-19 13:58:10.0179|Debug|Shiju.Portal.Heart|-- Executing at 2015/11/19 13:58:10 +08:00  |
2015-11-19 13:58:10.1289|Debug|Shiju.Portal.Heart|-- Completed in 109 ms with result: SqlDataReader  |
2015-11-19 13:58:10.1289|Debug|Shiju.Portal.Heart|  |
2015-11-19 13:58:11.6099|Debug|Shiju.Portal.Heart|SELECT       [Extent1].[Id] AS [Id],       [Extent1].[CreatorUserId] AS [CreatorUserId],       [Extent1].[Sponsor] AS [Sponsor],       [Extent1].[BeginTime] AS [BeginTime],       [Extent1].[EndTime] AS [EndTime],       [Extent1].[Title] AS [Title],       [Extent1].[Description] AS [Description],       [Extent1].[Address] AS [Address],       [Extent1].[Images] AS [Images],       [Extent1].[Kind] AS [Kind],       [Extent1].[MaxUserCount] AS [MaxUserCount],       [Extent1].[DirectFriendVisible] AS [DirectFriendVisible],       [Extent1].[IsPublic] AS [IsPublic],       [Extent1].[LikeCount] AS [LikeCount],       [Extent1].[CommentCount] AS [CommentCount],       [Extent1].[VoteTitle] AS [VoteTitle],       [Extent1].[VoteChoicesJson] AS [VoteChoicesJson],       [Extent1].[VoteResult0Count] AS [VoteResult0Count],       [Extent1].[VoteResult1Count] AS [VoteResult1Count],       [Extent1].[VoteResult2Count] AS [VoteResult2Count],       [Extent1].[VoteResult3Count] AS [VoteResult3Count],       [Extent1].[VoteResult4Count] AS [VoteResult4Count],       [Extent1].[IsDisabled] AS [IsDisabled],       [Extent1].[CreatedTime] AS [CreatedTime]      FROM [dbo].[Parties] AS [Extent1]|
2015-11-19 13:58:11.6099|Debug|Shiju.Portal.Heart|  |
2015-11-19 13:58:11.6099|Debug|Shiju.Portal.Heart|-- Executing at 2015/11/19 13:58:11 +08:00  |
2015-11-19 13:58:11.6399|Debug|Shiju.Portal.Heart|-- Completed in 28 ms with result: SqlDataReader  |
2015-11-19 13:58:11.6399|Debug|Shiju.Portal.Heart|  |
2015-11-19 14:20:49.3773|Debug|Shiju.Portal.Heart|SELECT       [Extent1].[Id] AS [Id],       [Extent1].[CreatorUserId] AS [CreatorUserId],       [Extent1].[Sponsor] AS [Sponsor],       [Extent1].[BeginTime] AS [BeginTime],       [Extent1].[EndTime] AS [EndTime],       [Extent1].[Title] AS [Title],       [Extent1].[Description] AS [Description],       [Extent1].[Address] AS [Address],       [Extent1].[Images] AS [Images],       [Extent1].[Kind] AS [Kind],       [Extent1].[MaxUserCount] AS [MaxUserCount],       [Extent1].[DirectFriendVisible] AS [DirectFriendVisible],       [Extent1].[IsPublic] AS [IsPublic],       [Extent1].[LikeCount] AS [LikeCount],       [Extent1].[CommentCount] AS [CommentCount],       [Extent1].[VoteTitle] AS [VoteTitle],       [Extent1].[VoteChoicesJson] AS [VoteChoicesJson],       [Extent1].[VoteResult0Count] AS [VoteResult0Count],       [Extent1].[VoteResult1Count] AS [VoteResult1Count],       [Extent1].[VoteResult2Count] AS [VoteResult2Count],       [Extent1].[VoteResult3Count] AS [VoteResult3Count],       [Extent1].[VoteResult4Count] AS [VoteResult4Count],       [Extent1].[IsDisabled] AS [IsDisabled],       [Extent1].[CreatedTime] AS [CreatedTime]      FROM [dbo].[Parties] AS [Extent1]|
2015-11-19 14:20:49.8513|Debug|Shiju.Portal.Heart|  |
2015-11-19 14:20:49.8513|Debug|Shiju.Portal.Heart|-- Executing at 2015/11/19 14:20:49 +08:00  |
2015-11-19 14:20:49.9633|Debug|Shiju.Portal.Heart|-- Completed in 110 ms with result: SqlDataReader  |
2015-11-19 14:20:49.9633|Debug|Shiju.Portal.Heart|  |
2015-11-19 14:47:10.0125|Debug|Shiju.Portal.Heart|  SELECT Count(*)  FROM INFORMATION_SCHEMA.TABLES AS t  WHERE t.TABLE_TYPE = 'BASE TABLE'      AND (t.TABLE_SCHEMA + '.' + t.TABLE_NAME IN ('dbo.Accounts','dbo.FriendRequests','dbo.Friends','dbo.Participants','dbo.Parties','dbo.PartyComments','dbo.PartyLikes','dbo.Users','dbo.VerificationCodes')          OR t.TABLE_NAME = 'EdmMetadata')|
2015-11-19 14:47:10.0595|Debug|Shiju.Portal.Heart|  |
2015-11-19 14:47:10.0665|Debug|Shiju.Portal.Heart|-- Executing at 2015/11/19 14:47:10 +08:00  |
2015-11-19 14:47:10.1525|Debug|Shiju.Portal.Heart|-- Completed in 77 ms with result: 9  |
2015-11-19 14:47:10.1525|Debug|Shiju.Portal.Heart|  |
2015-11-19 14:47:13.1275|Debug|Shiju.Portal.Heart|SELECT       [GroupBy1].[A1] AS [C1]      FROM ( SELECT           COUNT(1) AS [A1]          FROM [dbo].[__MigrationHistory] AS [Extent1]      )  AS [GroupBy1]|
2015-11-19 14:47:13.1285|Debug|Shiju.Portal.Heart|  |
2015-11-19 14:47:13.1285|Debug|Shiju.Portal.Heart|-- Executing at 2015/11/19 14:47:13 +08:00  |
2015-11-19 14:47:13.2005|Debug|Shiju.Portal.Heart|-- Completed in 67 ms with result: SqlDataReader  |
2015-11-19 14:47:13.2005|Debug|Shiju.Portal.Heart|  |
2015-11-19 14:47:13.3755|Debug|Shiju.Portal.Heart|SELECT       [GroupBy1].[A1] AS [C1]      FROM ( SELECT           COUNT(1) AS [A1]          FROM [dbo].[__MigrationHistory] AS [Extent1]          WHERE ([Extent1].[ContextKey] = @p__linq__0) AND (@p__linq__0 IS NOT NULL)      )  AS [GroupBy1]|
2015-11-19 14:47:13.3755|Debug|Shiju.Portal.Heart|  |
2015-11-19 14:47:13.3755|Debug|Shiju.Portal.Heart|-- p__linq__0: 'ShiJu.Models.ShiJuDbContext' (Type = String, Size = 4000)  |
2015-11-19 14:47:13.3755|Debug|Shiju.Portal.Heart|-- Executing at 2015/11/19 14:47:13 +08:00  |
2015-11-19 14:47:13.4485|Debug|Shiju.Portal.Heart|-- Completed in 68 ms with result: SqlDataReader  |
2015-11-19 14:47:13.4485|Debug|Shiju.Portal.Heart|  |
2015-11-19 14:47:13.5735|Debug|Shiju.Portal.Heart|SELECT       [GroupBy1].[A1] AS [C1]      FROM ( SELECT           COUNT(1) AS [A1]          FROM [dbo].[__MigrationHistory] AS [Extent1]      )  AS [GroupBy1]|
2015-11-19 14:47:13.5735|Debug|Shiju.Portal.Heart|  |
2015-11-19 14:47:13.5735|Debug|Shiju.Portal.Heart|-- Executing at 2015/11/19 14:47:13 +08:00  |
2015-11-19 14:47:13.6125|Debug|Shiju.Portal.Heart|-- Completed in 38 ms with result: SqlDataReader  |
2015-11-19 14:47:13.6125|Debug|Shiju.Portal.Heart|  |
2015-11-19 14:47:13.6125|Debug|Shiju.Portal.Heart|SELECT       [GroupBy1].[A1] AS [C1]      FROM ( SELECT           COUNT(1) AS [A1]          FROM [dbo].[__MigrationHistory] AS [Extent1]          WHERE ([Extent1].[ContextKey] = @p__linq__0) AND (@p__linq__0 IS NOT NULL)      )  AS [GroupBy1]|
2015-11-19 14:47:13.6125|Debug|Shiju.Portal.Heart|  |
2015-11-19 14:47:13.6125|Debug|Shiju.Portal.Heart|-- p__linq__0: 'ShiJu.Models.ShiJuDbContext' (Type = String, Size = 4000)  |
2015-11-19 14:47:13.6125|Debug|Shiju.Portal.Heart|-- Executing at 2015/11/19 14:47:13 +08:00  |
2015-11-19 14:47:13.6735|Debug|Shiju.Portal.Heart|-- Completed in 49 ms with result: SqlDataReader  |
2015-11-19 14:47:13.6735|Debug|Shiju.Portal.Heart|  |
2015-11-19 14:47:13.8105|Debug|Shiju.Portal.Heart|SELECT TOP (1)       [Project1].[C1] AS [C1],       [Project1].[MigrationId] AS [MigrationId],       [Project1].[Model] AS [Model]      FROM ( SELECT           [Extent1].[MigrationId] AS [MigrationId],           [Extent1].[Model] AS [Model],           1 AS [C1]          FROM [dbo].[__MigrationHistory] AS [Extent1]          WHERE ([Extent1].[ContextKey] = @p__linq__0) AND (@p__linq__0 IS NOT NULL)      )  AS [Project1]      ORDER BY [Project1].[MigrationId] DESC|
2015-11-19 14:47:13.8105|Debug|Shiju.Portal.Heart|  |
2015-11-19 14:47:13.8105|Debug|Shiju.Portal.Heart|-- p__linq__0: 'ShiJu.Models.ShiJuDbContext' (Type = String, Size = 4000)  |
2015-11-19 14:47:13.8105|Debug|Shiju.Portal.Heart|-- Executing at 2015/11/19 14:47:13 +08:00  |
2015-11-19 14:47:13.8635|Debug|Shiju.Portal.Heart|-- Completed in 52 ms with result: SqlDataReader  |
2015-11-19 14:47:13.8635|Debug|Shiju.Portal.Heart|  |
2015-11-19 14:47:16.2805|Debug|Shiju.Portal.Heart|SELECT       [Extent1].[Id] AS [Id],       [Extent1].[CreatorUserId] AS [CreatorUserId],       [Extent1].[Sponsor] AS [Sponsor],       [Extent1].[BeginTime] AS [BeginTime],       [Extent1].[EndTime] AS [EndTime],       [Extent1].[Title] AS [Title],       [Extent1].[Description] AS [Description],       [Extent1].[Address] AS [Address],       [Extent1].[Images] AS [Images],       [Extent1].[Kind] AS [Kind],       [Extent1].[MaxUserCount] AS [MaxUserCount],       [Extent1].[DirectFriendVisible] AS [DirectFriendVisible],       [Extent1].[IsPublic] AS [IsPublic],       [Extent1].[LikeCount] AS [LikeCount],       [Extent1].[CommentCount] AS [CommentCount],       [Extent1].[VoteTitle] AS [VoteTitle],       [Extent1].[VoteChoicesJson] AS [VoteChoicesJson],       [Extent1].[VoteResult0Count] AS [VoteResult0Count],       [Extent1].[VoteResult1Count] AS [VoteResult1Count],       [Extent1].[VoteResult2Count] AS [VoteResult2Count],       [Extent1].[VoteResult3Count] AS [VoteResult3Count],       [Extent1].[VoteResult4Count] AS [VoteResult4Count],       [Extent1].[IsDisabled] AS [IsDisabled],       [Extent1].[CreatedTime] AS [CreatedTime]      FROM [dbo].[Parties] AS [Extent1]|
2015-11-19 14:47:16.2805|Debug|Shiju.Portal.Heart|  |
2015-11-19 14:47:16.2805|Debug|Shiju.Portal.Heart|-- Executing at 2015/11/19 14:47:16 +08:00  |
2015-11-19 14:47:16.3155|Debug|Shiju.Portal.Heart|-- Completed in 33 ms with result: SqlDataReader  |
2015-11-19 14:47:16.3155|Debug|Shiju.Portal.Heart|  |
2015-11-19 14:48:12.3131|Debug|Shiju.Portal.Heart|SELECT       [Extent1].[Id] AS [Id],       [Extent1].[CreatorUserId] AS [CreatorUserId],       [Extent1].[Sponsor] AS [Sponsor],       [Extent1].[BeginTime] AS [BeginTime],       [Extent1].[EndTime] AS [EndTime],       [Extent1].[Title] AS [Title],       [Extent1].[Description] AS [Description],       [Extent1].[Address] AS [Address],       [Extent1].[Images] AS [Images],       [Extent1].[Kind] AS [Kind],       [Extent1].[MaxUserCount] AS [MaxUserCount],       [Extent1].[DirectFriendVisible] AS [DirectFriendVisible],       [Extent1].[IsPublic] AS [IsPublic],       [Extent1].[LikeCount] AS [LikeCount],       [Extent1].[CommentCount] AS [CommentCount],       [Extent1].[VoteTitle] AS [VoteTitle],       [Extent1].[VoteChoicesJson] AS [VoteChoicesJson],       [Extent1].[VoteResult0Count] AS [VoteResult0Count],       [Extent1].[VoteResult1Count] AS [VoteResult1Count],       [Extent1].[VoteResult2Count] AS [VoteResult2Count],       [Extent1].[VoteResult3Count] AS [VoteResult3Count],       [Extent1].[VoteResult4Count] AS [VoteResult4Count],       [Extent1].[IsDisabled] AS [IsDisabled],       [Extent1].[CreatedTime] AS [CreatedTime]      FROM [dbo].[Parties] AS [Extent1]|
2015-11-19 14:48:12.3185|Debug|Shiju.Portal.Heart|  |
2015-11-19 14:48:12.3185|Debug|Shiju.Portal.Heart|-- Executing at 2015/11/19 14:48:12 +08:00  |
2015-11-19 14:48:12.4275|Debug|Shiju.Portal.Heart|-- Completed in 100 ms with result: SqlDataReader  |
2015-11-19 14:48:12.4275|Debug|Shiju.Portal.Heart|  |
2015-11-19 14:51:33.9202|Debug|Shiju.Portal.Heart|SELECT       [Extent1].[Id] AS [Id],       [Extent1].[CreatorUserId] AS [CreatorUserId],       [Extent1].[Sponsor] AS [Sponsor],       [Extent1].[BeginTime] AS [BeginTime],       [Extent1].[EndTime] AS [EndTime],       [Extent1].[Title] AS [Title],       [Extent1].[Description] AS [Description],       [Extent1].[Address] AS [Address],       [Extent1].[Images] AS [Images],       [Extent1].[Kind] AS [Kind],       [Extent1].[MaxUserCount] AS [MaxUserCount],       [Extent1].[DirectFriendVisible] AS [DirectFriendVisible],       [Extent1].[IsPublic] AS [IsPublic],       [Extent1].[LikeCount] AS [LikeCount],       [Extent1].[CommentCount] AS [CommentCount],       [Extent1].[VoteTitle] AS [VoteTitle],       [Extent1].[VoteChoicesJson] AS [VoteChoicesJson],       [Extent1].[VoteResult0Count] AS [VoteResult0Count],       [Extent1].[VoteResult1Count] AS [VoteResult1Count],       [Extent1].[VoteResult2Count] AS [VoteResult2Count],       [Extent1].[VoteResult3Count] AS [VoteResult3Count],       [Extent1].[VoteResult4Count] AS [VoteResult4Count],       [Extent1].[IsDisabled] AS [IsDisabled],       [Extent1].[CreatedTime] AS [CreatedTime]      FROM [dbo].[Parties] AS [Extent1]|
2015-11-19 14:51:33.9202|Debug|Shiju.Portal.Heart|  |
2015-11-19 14:51:33.9202|Debug|Shiju.Portal.Heart|-- Executing at 2015/11/19 14:51:33 +08:00  |
2015-11-19 14:51:34.0342|Debug|Shiju.Portal.Heart|-- Completed in 111 ms with result: SqlDataReader  |
2015-11-19 14:51:34.0342|Debug|Shiju.Portal.Heart|  |
2015-11-19 14:54:17.0734|Debug|Shiju.Portal.Heart|SELECT       [Extent1].[Id] AS [Id],       [Extent1].[CreatorUserId] AS [CreatorUserId],       [Extent1].[Sponsor] AS [Sponsor],       [Extent1].[BeginTime] AS [BeginTime],       [Extent1].[EndTime] AS [EndTime],       [Extent1].[Title] AS [Title],       [Extent1].[Description] AS [Description],       [Extent1].[Address] AS [Address],       [Extent1].[Images] AS [Images],       [Extent1].[Kind] AS [Kind],       [Extent1].[MaxUserCount] AS [MaxUserCount],       [Extent1].[DirectFriendVisible] AS [DirectFriendVisible],       [Extent1].[IsPublic] AS [IsPublic],       [Extent1].[LikeCount] AS [LikeCount],       [Extent1].[CommentCount] AS [CommentCount],       [Extent1].[VoteTitle] AS [VoteTitle],       [Extent1].[VoteChoicesJson] AS [VoteChoicesJson],       [Extent1].[VoteResult0Count] AS [VoteResult0Count],       [Extent1].[VoteResult1Count] AS [VoteResult1Count],       [Extent1].[VoteResult2Count] AS [VoteResult2Count],       [Extent1].[VoteResult3Count] AS [VoteResult3Count],       [Extent1].[VoteResult4Count] AS [VoteResult4Count],       [Extent1].[IsDisabled] AS [IsDisabled],       [Extent1].[CreatedTime] AS [CreatedTime]      FROM [dbo].[Parties] AS [Extent1]|
2015-11-19 14:54:17.0734|Debug|Shiju.Portal.Heart|  |
2015-11-19 14:54:17.0734|Debug|Shiju.Portal.Heart|-- Executing at 2015/11/19 14:54:17 +08:00  |
2015-11-19 14:54:17.0994|Debug|Shiju.Portal.Heart|-- Completed in 25 ms with result: SqlDataReader  |
2015-11-19 14:54:17.0994|Debug|Shiju.Portal.Heart|  |
2015-11-19 14:54:40.7711|Debug|Shiju.Portal.Heart|SELECT       [Extent1].[Id] AS [Id],       [Extent1].[CreatorUserId] AS [CreatorUserId],       [Extent1].[Sponsor] AS [Sponsor],       [Extent1].[BeginTime] AS [BeginTime],       [Extent1].[EndTime] AS [EndTime],       [Extent1].[Title] AS [Title],       [Extent1].[Description] AS [Description],       [Extent1].[Address] AS [Address],       [Extent1].[Images] AS [Images],       [Extent1].[Kind] AS [Kind],       [Extent1].[MaxUserCount] AS [MaxUserCount],       [Extent1].[DirectFriendVisible] AS [DirectFriendVisible],       [Extent1].[IsPublic] AS [IsPublic],       [Extent1].[LikeCount] AS [LikeCount],       [Extent1].[CommentCount] AS [CommentCount],       [Extent1].[VoteTitle] AS [VoteTitle],       [Extent1].[VoteChoicesJson] AS [VoteChoicesJson],       [Extent1].[VoteResult0Count] AS [VoteResult0Count],       [Extent1].[VoteResult1Count] AS [VoteResult1Count],       [Extent1].[VoteResult2Count] AS [VoteResult2Count],       [Extent1].[VoteResult3Count] AS [VoteResult3Count],       [Extent1].[VoteResult4Count] AS [VoteResult4Count],       [Extent1].[IsDisabled] AS [IsDisabled],       [Extent1].[CreatedTime] AS [CreatedTime]      FROM [dbo].[Parties] AS [Extent1]|
2015-11-19 14:54:40.7711|Debug|Shiju.Portal.Heart|  |
2015-11-19 14:54:40.7711|Debug|Shiju.Portal.Heart|-- Executing at 2015/11/19 14:54:40 +08:00  |
2015-11-19 14:54:40.8561|Debug|Shiju.Portal.Heart|-- Completed in 84 ms with result: SqlDataReader  |
2015-11-19 14:54:40.8561|Debug|Shiju.Portal.Heart|  |
2015-11-19 14:55:00.8560|Debug|Shiju.Portal.Heart|SELECT       [Extent1].[Id] AS [Id],       [Extent1].[CreatorUserId] AS [CreatorUserId],       [Extent1].[Sponsor] AS [Sponsor],       [Extent1].[BeginTime] AS [BeginTime],       [Extent1].[EndTime] AS [EndTime],       [Extent1].[Title] AS [Title],       [Extent1].[Description] AS [Description],       [Extent1].[Address] AS [Address],       [Extent1].[Images] AS [Images],       [Extent1].[Kind] AS [Kind],       [Extent1].[MaxUserCount] AS [MaxUserCount],       [Extent1].[DirectFriendVisible] AS [DirectFriendVisible],       [Extent1].[IsPublic] AS [IsPublic],       [Extent1].[LikeCount] AS [LikeCount],       [Extent1].[CommentCount] AS [CommentCount],       [Extent1].[VoteTitle] AS [VoteTitle],       [Extent1].[VoteChoicesJson] AS [VoteChoicesJson],       [Extent1].[VoteResult0Count] AS [VoteResult0Count],       [Extent1].[VoteResult1Count] AS [VoteResult1Count],       [Extent1].[VoteResult2Count] AS [VoteResult2Count],       [Extent1].[VoteResult3Count] AS [VoteResult3Count],       [Extent1].[VoteResult4Count] AS [VoteResult4Count],       [Extent1].[IsDisabled] AS [IsDisabled],       [Extent1].[CreatedTime] AS [CreatedTime]      FROM [dbo].[Parties] AS [Extent1]|
2015-11-19 14:55:00.8560|Debug|Shiju.Portal.Heart|  |
2015-11-19 14:55:00.8560|Debug|Shiju.Portal.Heart|-- Executing at 2015/11/19 14:55:00 +08:00  |
2015-11-19 14:55:00.9810|Debug|Shiju.Portal.Heart|-- Completed in 121 ms with result: SqlDataReader  |
2015-11-19 14:55:00.9810|Debug|Shiju.Portal.Heart|  |
2015-11-19 14:55:11.6699|Debug|Shiju.Portal.Heart|SELECT       [GroupBy1].[A1] AS [C1]      FROM ( SELECT           COUNT(1) AS [A1]          FROM [dbo].[Participants] AS [Extent1]          WHERE ([Extent1].[PartyId] = @p__linq__0) AND (@p__linq__0 IS NOT NULL)      )  AS [GroupBy1]|
2015-11-19 14:55:11.6699|Debug|Shiju.Portal.Heart|  |
2015-11-19 14:55:11.6709|Debug|Shiju.Portal.Heart|-- p__linq__0: '63f4e816-ac93-4e79-acfa-283bae241177' (Type = Guid)  |
2015-11-19 14:55:11.6709|Debug|Shiju.Portal.Heart|-- Executing at 2015/11/19 14:55:11 +08:00  |
2015-11-19 14:55:11.7420|Debug|Shiju.Portal.Heart|-- Completed in 70 ms with result: SqlDataReader  |
2015-11-19 14:55:11.7420|Debug|Shiju.Portal.Heart|  |
2015-11-19 14:55:25.7818|Debug|Shiju.Portal.Heart|SELECT TOP (1)       [Extent1].[Id] AS [Id],       [Extent1].[CreatorUserId] AS [CreatorUserId],       [Extent1].[Sponsor] AS [Sponsor],       [Extent1].[BeginTime] AS [BeginTime],       [Extent1].[EndTime] AS [EndTime],       [Extent1].[Title] AS [Title],       [Extent1].[Description] AS [Description],       [Extent1].[Address] AS [Address],       [Extent1].[Images] AS [Images],       [Extent1].[Kind] AS [Kind],       [Extent1].[MaxUserCount] AS [MaxUserCount],       [Extent1].[DirectFriendVisible] AS [DirectFriendVisible],       [Extent1].[IsPublic] AS [IsPublic],       [Extent1].[LikeCount] AS [LikeCount],       [Extent1].[CommentCount] AS [CommentCount],       [Extent1].[VoteTitle] AS [VoteTitle],       [Extent1].[VoteChoicesJson] AS [VoteChoicesJson],       [Extent1].[VoteResult0Count] AS [VoteResult0Count],       [Extent1].[VoteResult1Count] AS [VoteResult1Count],       [Extent1].[VoteResult2Count] AS [VoteResult2Count],       [Extent1].[VoteResult3Count] AS [VoteResult3Count],       [Extent1].[VoteResult4Count] AS [VoteResult4Count],       [Extent1].[IsDisabled] AS [IsDisabled],       [Extent1].[CreatedTime] AS [CreatedTime]      FROM [dbo].[Parties] AS [Extent1]      WHERE ([Extent1].[Id] = @p__linq__0) AND (@p__linq__0 IS NOT NULL)|
2015-11-19 14:55:25.7818|Debug|Shiju.Portal.Heart|  |
2015-11-19 14:55:25.7818|Debug|Shiju.Portal.Heart|-- p__linq__0: '63f4e816-ac93-4e79-acfa-283bae241177' (Type = Guid)  |
2015-11-19 14:55:25.7818|Debug|Shiju.Portal.Heart|-- Executing at 2015/11/19 14:55:25 +08:00  |
2015-11-19 14:55:25.9458|Debug|Shiju.Portal.Heart|-- Completed in 158 ms with result: SqlDataReader  |
2015-11-19 14:55:25.9458|Debug|Shiju.Portal.Heart|  |
2015-11-19 14:55:26.3917|Debug|Shiju.Portal.Heart|SELECT       [Extent1].[Id] AS [Id],       [Extent1].[CreatorUserId] AS [CreatorUserId],       [Extent1].[Sponsor] AS [Sponsor],       [Extent1].[BeginTime] AS [BeginTime],       [Extent1].[EndTime] AS [EndTime],       [Extent1].[Title] AS [Title],       [Extent1].[Description] AS [Description],       [Extent1].[Address] AS [Address],       [Extent1].[Images] AS [Images],       [Extent1].[Kind] AS [Kind],       [Extent1].[MaxUserCount] AS [MaxUserCount],       [Extent1].[DirectFriendVisible] AS [DirectFriendVisible],       [Extent1].[IsPublic] AS [IsPublic],       [Extent1].[LikeCount] AS [LikeCount],       [Extent1].[CommentCount] AS [CommentCount],       [Extent1].[VoteTitle] AS [VoteTitle],       [Extent1].[VoteChoicesJson] AS [VoteChoicesJson],       [Extent1].[VoteResult0Count] AS [VoteResult0Count],       [Extent1].[VoteResult1Count] AS [VoteResult1Count],       [Extent1].[VoteResult2Count] AS [VoteResult2Count],       [Extent1].[VoteResult3Count] AS [VoteResult3Count],       [Extent1].[VoteResult4Count] AS [VoteResult4Count],       [Extent1].[IsDisabled] AS [IsDisabled],       [Extent1].[CreatedTime] AS [CreatedTime]      FROM [dbo].[Parties] AS [Extent1]|
2015-11-19 14:55:26.3917|Debug|Shiju.Portal.Heart|  |
2015-11-19 14:55:26.3917|Debug|Shiju.Portal.Heart|-- Executing at 2015/11/19 14:55:26 +08:00  |
2015-11-19 14:55:26.5097|Debug|Shiju.Portal.Heart|-- Completed in 117 ms with result: SqlDataReader  |
2015-11-19 14:55:26.5097|Debug|Shiju.Portal.Heart|  |
2015-11-19 14:55:30.9135|Debug|Shiju.Portal.Heart|SELECT       [GroupBy1].[A1] AS [C1]      FROM ( SELECT           COUNT(1) AS [A1]          FROM [dbo].[Participants] AS [Extent1]          WHERE ([Extent1].[PartyId] = @p__linq__0) AND (@p__linq__0 IS NOT NULL)      )  AS [GroupBy1]|
2015-11-19 14:55:30.9135|Debug|Shiju.Portal.Heart|  |
2015-11-19 14:55:30.9135|Debug|Shiju.Portal.Heart|-- p__linq__0: '63f4e816-ac93-4e79-acfa-283bae241177' (Type = Guid)  |
2015-11-19 14:55:30.9135|Debug|Shiju.Portal.Heart|-- Executing at 2015/11/19 14:55:30 +08:00  |
2015-11-19 14:55:31.2745|Debug|Shiju.Portal.Heart|-- Completed in 359 ms with result: SqlDataReader  |
2015-11-19 14:55:31.2745|Debug|Shiju.Portal.Heart|  |
2015-11-19 14:56:01.5868|Debug|Shiju.Portal.Heart|SELECT       [Extent1].[Id] AS [Id],       [Extent1].[CreatorUserId] AS [CreatorUserId],       [Extent1].[Sponsor] AS [Sponsor],       [Extent1].[BeginTime] AS [BeginTime],       [Extent1].[EndTime] AS [EndTime],       [Extent1].[Title] AS [Title],       [Extent1].[Description] AS [Description],       [Extent1].[Address] AS [Address],       [Extent1].[Images] AS [Images],       [Extent1].[Kind] AS [Kind],       [Extent1].[MaxUserCount] AS [MaxUserCount],       [Extent1].[DirectFriendVisible] AS [DirectFriendVisible],       [Extent1].[IsPublic] AS [IsPublic],       [Extent1].[LikeCount] AS [LikeCount],       [Extent1].[CommentCount] AS [CommentCount],       [Extent1].[VoteTitle] AS [VoteTitle],       [Extent1].[VoteChoicesJson] AS [VoteChoicesJson],       [Extent1].[VoteResult0Count] AS [VoteResult0Count],       [Extent1].[VoteResult1Count] AS [VoteResult1Count],       [Extent1].[VoteResult2Count] AS [VoteResult2Count],       [Extent1].[VoteResult3Count] AS [VoteResult3Count],       [Extent1].[VoteResult4Count] AS [VoteResult4Count],       [Extent1].[IsDisabled] AS [IsDisabled],       [Extent1].[CreatedTime] AS [CreatedTime]      FROM [dbo].[Parties] AS [Extent1]|
2015-11-19 14:56:01.5868|Debug|Shiju.Portal.Heart|  |
2015-11-19 14:56:01.5868|Debug|Shiju.Portal.Heart|-- Executing at 2015/11/19 14:56:01 +08:00  |
2015-11-19 14:56:01.6738|Debug|Shiju.Portal.Heart|-- Completed in 85 ms with result: SqlDataReader  |
2015-11-19 14:56:01.6738|Debug|Shiju.Portal.Heart|  |
2015-11-19 14:56:07.3768|Debug|Shiju.Portal.Heart|SELECT       [GroupBy1].[A1] AS [C1]      FROM ( SELECT           COUNT(1) AS [A1]          FROM [dbo].[Participants] AS [Extent1]          WHERE ([Extent1].[PartyId] = @p__linq__0) AND (@p__linq__0 IS NOT NULL)      )  AS [GroupBy1]|
2015-11-19 14:56:07.3768|Debug|Shiju.Portal.Heart|  |
2015-11-19 14:56:07.3768|Debug|Shiju.Portal.Heart|-- p__linq__0: '63f4e816-ac93-4e79-acfa-283bae241177' (Type = Guid)  |
2015-11-19 14:56:07.3768|Debug|Shiju.Portal.Heart|-- Executing at 2015/11/19 14:56:07 +08:00  |
2015-11-19 14:56:07.4088|Debug|Shiju.Portal.Heart|-- Completed in 31 ms with result: SqlDataReader  |
2015-11-19 14:56:07.4088|Debug|Shiju.Portal.Heart|  |
2015-11-19 15:54:44.3416|Debug|Shiju.Portal.Heart|  SELECT Count(*)  FROM INFORMATION_SCHEMA.TABLES AS t  WHERE t.TABLE_TYPE = 'BASE TABLE'      AND (t.TABLE_SCHEMA + '.' + t.TABLE_NAME IN ('dbo.Accounts','dbo.FriendRequests','dbo.Friends','dbo.Participants','dbo.Parties','dbo.PartyComments','dbo.PartyLikes','dbo.Users','dbo.VerificationCodes')          OR t.TABLE_NAME = 'EdmMetadata')|
2015-11-19 15:54:44.3756|Debug|Shiju.Portal.Heart|  |
2015-11-19 15:54:44.3756|Debug|Shiju.Portal.Heart|-- Executing at 2015/11/19 15:54:44 +08:00  |
2015-11-19 15:54:44.4856|Debug|Shiju.Portal.Heart|-- Completed in 102 ms with result: 9  |
2015-11-19 15:54:44.4856|Debug|Shiju.Portal.Heart|  |
2015-11-19 15:54:44.6255|Debug|Shiju.Portal.Heart|SELECT       [GroupBy1].[A1] AS [C1]      FROM ( SELECT           COUNT(1) AS [A1]          FROM [dbo].[__MigrationHistory] AS [Extent1]      )  AS [GroupBy1]|
2015-11-19 15:54:44.6255|Debug|Shiju.Portal.Heart|  |
2015-11-19 15:54:44.6255|Debug|Shiju.Portal.Heart|-- Executing at 2015/11/19 15:54:44 +08:00  |
2015-11-19 15:54:45.5625|Debug|Shiju.Portal.Heart|-- Completed in 935 ms with result: SqlDataReader  |
2015-11-19 15:54:45.5625|Debug|Shiju.Portal.Heart|  |
2015-11-19 15:54:45.5625|Debug|Shiju.Portal.Heart|SELECT       [GroupBy1].[A1] AS [C1]      FROM ( SELECT           COUNT(1) AS [A1]          FROM [dbo].[__MigrationHistory] AS [Extent1]          WHERE ([Extent1].[ContextKey] = @p__linq__0) AND (@p__linq__0 IS NOT NULL)      )  AS [GroupBy1]|
2015-11-19 15:54:45.5625|Debug|Shiju.Portal.Heart|  |
2015-11-19 15:54:45.5625|Debug|Shiju.Portal.Heart|-- p__linq__0: 'ShiJu.Models.ShiJuDbContext' (Type = String, Size = 4000)  |
2015-11-19 15:54:45.5625|Debug|Shiju.Portal.Heart|-- Executing at 2015/11/19 15:54:45 +08:00  |
2015-11-19 15:54:45.7265|Debug|Shiju.Portal.Heart|-- Completed in 151 ms with result: SqlDataReader  |
2015-11-19 15:54:45.7265|Debug|Shiju.Portal.Heart|  |
2015-11-19 15:54:45.8455|Debug|Shiju.Portal.Heart|SELECT       [GroupBy1].[A1] AS [C1]      FROM ( SELECT           COUNT(1) AS [A1]          FROM [dbo].[__MigrationHistory] AS [Extent1]      )  AS [GroupBy1]|
2015-11-19 15:54:45.8455|Debug|Shiju.Portal.Heart|  |
2015-11-19 15:54:45.8455|Debug|Shiju.Portal.Heart|-- Executing at 2015/11/19 15:54:45 +08:00  |
2015-11-19 15:54:46.6125|Debug|Shiju.Portal.Heart|-- Completed in 766 ms with result: SqlDataReader  |
2015-11-19 15:54:46.6125|Debug|Shiju.Portal.Heart|  |
2015-11-19 15:54:46.6245|Debug|Shiju.Portal.Heart|SELECT       [GroupBy1].[A1] AS [C1]      FROM ( SELECT           COUNT(1) AS [A1]          FROM [dbo].[__MigrationHistory] AS [Extent1]          WHERE ([Extent1].[ContextKey] = @p__linq__0) AND (@p__linq__0 IS NOT NULL)      )  AS [GroupBy1]|
2015-11-19 15:54:46.6245|Debug|Shiju.Portal.Heart|  |
2015-11-19 15:54:46.6245|Debug|Shiju.Portal.Heart|-- p__linq__0: 'ShiJu.Models.ShiJuDbContext' (Type = String, Size = 4000)  |
2015-11-19 15:54:46.6245|Debug|Shiju.Portal.Heart|-- Executing at 2015/11/19 15:54:46 +08:00  |
2015-11-19 15:54:46.6715|Debug|Shiju.Portal.Heart|-- Completed in 46 ms with result: SqlDataReader  |
2015-11-19 15:54:46.6715|Debug|Shiju.Portal.Heart|  |
2015-11-19 15:54:46.6715|Debug|Shiju.Portal.Heart|SELECT TOP (1)       [Project1].[C1] AS [C1],       [Project1].[MigrationId] AS [MigrationId],       [Project1].[Model] AS [Model]      FROM ( SELECT           [Extent1].[MigrationId] AS [MigrationId],           [Extent1].[Model] AS [Model],           1 AS [C1]          FROM [dbo].[__MigrationHistory] AS [Extent1]          WHERE ([Extent1].[ContextKey] = @p__linq__0) AND (@p__linq__0 IS NOT NULL)      )  AS [Project1]      ORDER BY [Project1].[MigrationId] DESC|
2015-11-19 15:54:46.6715|Debug|Shiju.Portal.Heart|  |
2015-11-19 15:54:46.7005|Debug|Shiju.Portal.Heart|-- p__linq__0: 'ShiJu.Models.ShiJuDbContext' (Type = String, Size = 4000)  |
2015-11-19 15:54:46.7005|Debug|Shiju.Portal.Heart|-- Executing at 2015/11/19 15:54:46 +08:00  |
2015-11-19 15:54:46.7495|Debug|Shiju.Portal.Heart|-- Completed in 48 ms with result: SqlDataReader  |
2015-11-19 15:54:46.7495|Debug|Shiju.Portal.Heart|  |
2015-11-19 15:54:47.8115|Debug|Shiju.Portal.Heart|SELECT       [Extent1].[Id] AS [Id],       [Extent1].[Status] AS [Status],       [Extent1].[PhoneNumber] AS [PhoneNumber],       [Extent1].[NickName] AS [NickName],       [Extent1].[Signature] AS [Signature],       [Extent1].[Portrait] AS [Portrait],       [Extent1].[Gender] AS [Gender],       [Extent1].[District] AS [District],       [Extent1].[BackgroundImage] AS [BackgroundImage],       [Extent1].[NeedNotification] AS [NeedNotification],       [Extent1].[CreatedTime] AS [CreatedTime],       [Extent1].[SignUpTime] AS [SignUpTime]      FROM [dbo].[Users] AS [Extent1]|
2015-11-19 15:54:47.8115|Debug|Shiju.Portal.Heart|  |
2015-11-19 15:54:47.8125|Debug|Shiju.Portal.Heart|-- Executing at 2015/11/19 15:54:47 +08:00  |
2015-11-19 15:54:47.8425|Debug|Shiju.Portal.Heart|-- Completed in 29 ms with result: SqlDataReader  |
2015-11-19 15:54:47.8425|Debug|Shiju.Portal.Heart|  |
2015-11-19 15:55:34.1188|Debug|Shiju.Portal.Heart|SELECT       [Extent1].[Id] AS [Id],       [Extent1].[Status] AS [Status],       [Extent1].[PhoneNumber] AS [PhoneNumber],       [Extent1].[NickName] AS [NickName],       [Extent1].[Signature] AS [Signature],       [Extent1].[Portrait] AS [Portrait],       [Extent1].[Gender] AS [Gender],       [Extent1].[District] AS [District],       [Extent1].[BackgroundImage] AS [BackgroundImage],       [Extent1].[NeedNotification] AS [NeedNotification],       [Extent1].[CreatedTime] AS [CreatedTime],       [Extent1].[SignUpTime] AS [SignUpTime]      FROM [dbo].[Users] AS [Extent1]|
2015-11-19 15:55:34.1188|Debug|Shiju.Portal.Heart|  |
2015-11-19 15:55:34.1188|Debug|Shiju.Portal.Heart|-- Executing at 2015/11/19 15:55:34 +08:00  |
2015-11-19 15:55:34.3578|Debug|Shiju.Portal.Heart|-- Completed in 237 ms with result: SqlDataReader  |
2015-11-19 15:55:34.3578|Debug|Shiju.Portal.Heart|  |
2015-11-19 15:55:36.3487|Debug|Shiju.Portal.Heart|SELECT       [Extent1].[Id] AS [Id],       [Extent1].[CreatorUserId] AS [CreatorUserId],       [Extent1].[Sponsor] AS [Sponsor],       [Extent1].[BeginTime] AS [BeginTime],       [Extent1].[EndTime] AS [EndTime],       [Extent1].[Title] AS [Title],       [Extent1].[Description] AS [Description],       [Extent1].[Address] AS [Address],       [Extent1].[Images] AS [Images],       [Extent1].[Kind] AS [Kind],       [Extent1].[MaxUserCount] AS [MaxUserCount],       [Extent1].[DirectFriendVisible] AS [DirectFriendVisible],       [Extent1].[IsPublic] AS [IsPublic],       [Extent1].[LikeCount] AS [LikeCount],       [Extent1].[CommentCount] AS [CommentCount],       [Extent1].[VoteTitle] AS [VoteTitle],       [Extent1].[VoteChoicesJson] AS [VoteChoicesJson],       [Extent1].[VoteResult0Count] AS [VoteResult0Count],       [Extent1].[VoteResult1Count] AS [VoteResult1Count],       [Extent1].[VoteResult2Count] AS [VoteResult2Count],       [Extent1].[VoteResult3Count] AS [VoteResult3Count],       [Extent1].[VoteResult4Count] AS [VoteResult4Count],       [Extent1].[IsDisabled] AS [IsDisabled],       [Extent1].[CreatedTime] AS [CreatedTime]      FROM [dbo].[Parties] AS [Extent1]|
2015-11-19 15:55:36.3487|Debug|Shiju.Portal.Heart|  |
2015-11-19 15:55:36.3487|Debug|Shiju.Portal.Heart|-- Executing at 2015/11/19 15:55:36 +08:00  |
2015-11-19 15:55:36.3737|Debug|Shiju.Portal.Heart|-- Completed in 26 ms with result: SqlDataReader  |
2015-11-19 15:55:36.3737|Debug|Shiju.Portal.Heart|  |
2015-11-19 15:55:39.4867|Debug|Shiju.Portal.Heart|SELECT       [Extent1].[Id] AS [Id],       [Extent1].[Status] AS [Status],       [Extent1].[PhoneNumber] AS [PhoneNumber],       [Extent1].[NickName] AS [NickName],       [Extent1].[Signature] AS [Signature],       [Extent1].[Portrait] AS [Portrait],       [Extent1].[Gender] AS [Gender],       [Extent1].[District] AS [District],       [Extent1].[BackgroundImage] AS [BackgroundImage],       [Extent1].[NeedNotification] AS [NeedNotification],       [Extent1].[CreatedTime] AS [CreatedTime],       [Extent1].[SignUpTime] AS [SignUpTime]      FROM [dbo].[Users] AS [Extent1]|
2015-11-19 15:55:39.4867|Debug|Shiju.Portal.Heart|  |
2015-11-19 15:55:39.4867|Debug|Shiju.Portal.Heart|-- Executing at 2015/11/19 15:55:39 +08:00  |
2015-11-19 15:55:39.7576|Debug|Shiju.Portal.Heart|-- Completed in 264 ms with result: SqlDataReader  |
2015-11-19 15:55:39.7576|Debug|Shiju.Portal.Heart|  |
2015-11-19 15:55:44.4996|Debug|Shiju.Portal.Heart|SELECT       [Extent1].[Id] AS [Id],       [Extent1].[CreatorUserId] AS [CreatorUserId],       [Extent1].[Sponsor] AS [Sponsor],       [Extent1].[BeginTime] AS [BeginTime],       [Extent1].[EndTime] AS [EndTime],       [Extent1].[Title] AS [Title],       [Extent1].[Description] AS [Description],       [Extent1].[Address] AS [Address],       [Extent1].[Images] AS [Images],       [Extent1].[Kind] AS [Kind],       [Extent1].[MaxUserCount] AS [MaxUserCount],       [Extent1].[DirectFriendVisible] AS [DirectFriendVisible],       [Extent1].[IsPublic] AS [IsPublic],       [Extent1].[LikeCount] AS [LikeCount],       [Extent1].[CommentCount] AS [CommentCount],       [Extent1].[VoteTitle] AS [VoteTitle],       [Extent1].[VoteChoicesJson] AS [VoteChoicesJson],       [Extent1].[VoteResult0Count] AS [VoteResult0Count],       [Extent1].[VoteResult1Count] AS [VoteResult1Count],       [Extent1].[VoteResult2Count] AS [VoteResult2Count],       [Extent1].[VoteResult3Count] AS [VoteResult3Count],       [Extent1].[VoteResult4Count] AS [VoteResult4Count],       [Extent1].[IsDisabled] AS [IsDisabled],       [Extent1].[CreatedTime] AS [CreatedTime]      FROM [dbo].[Parties] AS [Extent1]|
2015-11-19 15:55:44.4996|Debug|Shiju.Portal.Heart|  |
2015-11-19 15:55:44.4996|Debug|Shiju.Portal.Heart|-- Executing at 2015/11/19 15:55:44 +08:00  |
2015-11-19 15:55:44.5396|Debug|Shiju.Portal.Heart|-- Completed in 35 ms with result: SqlDataReader  |
2015-11-19 15:55:44.5396|Debug|Shiju.Portal.Heart|  |
2015-11-19 16:48:56.9676|Debug|Shiju.Portal.Heart|  SELECT Count(*)  FROM INFORMATION_SCHEMA.TABLES AS t  WHERE t.TABLE_TYPE = 'BASE TABLE'      AND (t.TABLE_SCHEMA + '.' + t.TABLE_NAME IN ('dbo.Accounts','dbo.FriendRequests','dbo.Friends','dbo.Participants','dbo.Parties','dbo.PartyComments','dbo.PartyLikes','dbo.Users','dbo.VerificationCodes')          OR t.TABLE_NAME = 'EdmMetadata')|
2015-11-19 16:48:57.0247|Debug|Shiju.Portal.Heart|  |
2015-11-19 16:48:57.0247|Debug|Shiju.Portal.Heart|-- Executing at 2015/11/19 16:48:57 +08:00  |
2015-11-19 16:48:57.0966|Debug|Shiju.Portal.Heart|-- Completed in 62 ms with result: 9  |
2015-11-19 16:48:57.0966|Debug|Shiju.Portal.Heart|  |
2015-11-19 16:49:00.4666|Debug|Shiju.Portal.Heart|SELECT       [GroupBy1].[A1] AS [C1]      FROM ( SELECT           COUNT(1) AS [A1]          FROM [dbo].[__MigrationHistory] AS [Extent1]      )  AS [GroupBy1]|
2015-11-19 16:49:00.4666|Debug|Shiju.Portal.Heart|  |
2015-11-19 16:49:00.4666|Debug|Shiju.Portal.Heart|-- Executing at 2015/11/19 16:49:00 +08:00  |
2015-11-19 16:49:00.5486|Debug|Shiju.Portal.Heart|-- Completed in 77 ms with result: SqlDataReader  |
2015-11-19 16:49:00.5486|Debug|Shiju.Portal.Heart|  |
2015-11-19 16:49:00.6746|Debug|Shiju.Portal.Heart|SELECT       [GroupBy1].[A1] AS [C1]      FROM ( SELECT           COUNT(1) AS [A1]          FROM [dbo].[__MigrationHistory] AS [Extent1]          WHERE ([Extent1].[ContextKey] = @p__linq__0) AND (@p__linq__0 IS NOT NULL)      )  AS [GroupBy1]|
2015-11-19 16:49:00.6746|Debug|Shiju.Portal.Heart|  |
2015-11-19 16:49:00.6806|Debug|Shiju.Portal.Heart|-- p__linq__0: 'ShiJu.Models.ShiJuDbContext' (Type = String, Size = 4000)  |
2015-11-19 16:49:00.6806|Debug|Shiju.Portal.Heart|-- Executing at 2015/11/19 16:49:00 +08:00  |
2015-11-19 16:49:00.7136|Debug|Shiju.Portal.Heart|-- Completed in 32 ms with result: SqlDataReader  |
2015-11-19 16:49:00.7136|Debug|Shiju.Portal.Heart|  |
2015-11-19 16:49:00.7916|Debug|Shiju.Portal.Heart|SELECT       [GroupBy1].[A1] AS [C1]      FROM ( SELECT           COUNT(1) AS [A1]          FROM [dbo].[__MigrationHistory] AS [Extent1]      )  AS [GroupBy1]|
2015-11-19 16:49:00.7916|Debug|Shiju.Portal.Heart|  |
2015-11-19 16:49:00.7916|Debug|Shiju.Portal.Heart|-- Executing at 2015/11/19 16:49:00 +08:00  |
2015-11-19 16:49:00.8286|Debug|Shiju.Portal.Heart|-- Completed in 35 ms with result: SqlDataReader  |
2015-11-19 16:49:00.8286|Debug|Shiju.Portal.Heart|  |
2015-11-19 16:49:00.8336|Debug|Shiju.Portal.Heart|SELECT       [GroupBy1].[A1] AS [C1]      FROM ( SELECT           COUNT(1) AS [A1]          FROM [dbo].[__MigrationHistory] AS [Extent1]          WHERE ([Extent1].[ContextKey] = @p__linq__0) AND (@p__linq__0 IS NOT NULL)      )  AS [GroupBy1]|
2015-11-19 16:49:00.8336|Debug|Shiju.Portal.Heart|  |
2015-11-19 16:49:00.8336|Debug|Shiju.Portal.Heart|-- p__linq__0: 'ShiJu.Models.ShiJuDbContext' (Type = String, Size = 4000)  |
2015-11-19 16:49:00.8336|Debug|Shiju.Portal.Heart|-- Executing at 2015/11/19 16:49:00 +08:00  |
2015-11-19 16:49:00.8717|Debug|Shiju.Portal.Heart|-- Completed in 36 ms with result: SqlDataReader  |
2015-11-19 16:49:00.8717|Debug|Shiju.Portal.Heart|  |
2015-11-19 16:49:00.9486|Debug|Shiju.Portal.Heart|SELECT TOP (1)       [Project1].[C1] AS [C1],       [Project1].[MigrationId] AS [MigrationId],       [Project1].[Model] AS [Model]      FROM ( SELECT           [Extent1].[MigrationId] AS [MigrationId],           [Extent1].[Model] AS [Model],           1 AS [C1]          FROM [dbo].[__MigrationHistory] AS [Extent1]          WHERE ([Extent1].[ContextKey] = @p__linq__0) AND (@p__linq__0 IS NOT NULL)      )  AS [Project1]      ORDER BY [Project1].[MigrationId] DESC|
2015-11-19 16:49:00.9486|Debug|Shiju.Portal.Heart|  |
2015-11-19 16:49:00.9486|Debug|Shiju.Portal.Heart|-- p__linq__0: 'ShiJu.Models.ShiJuDbContext' (Type = String, Size = 4000)  |
2015-11-19 16:49:00.9486|Debug|Shiju.Portal.Heart|-- Executing at 2015/11/19 16:49:00 +08:00  |
2015-11-19 16:49:00.9976|Debug|Shiju.Portal.Heart|-- Completed in 48 ms with result: SqlDataReader  |
2015-11-19 16:49:00.9976|Debug|Shiju.Portal.Heart|  |
2015-11-19 16:49:02.0795|Debug|Shiju.Portal.Heart|SELECT       [Extent1].[Id] AS [Id],       [Extent1].[Status] AS [Status],       [Extent1].[PhoneNumber] AS [PhoneNumber],       [Extent1].[NickName] AS [NickName],       [Extent1].[Signature] AS [Signature],       [Extent1].[Portrait] AS [Portrait],       [Extent1].[Gender] AS [Gender],       [Extent1].[District] AS [District],       [Extent1].[BackgroundImage] AS [BackgroundImage],       [Extent1].[NeedNotification] AS [NeedNotification],       [Extent1].[CreatedTime] AS [CreatedTime],       [Extent1].[SignUpTime] AS [SignUpTime]      FROM [dbo].[Users] AS [Extent1]|
2015-11-19 16:49:02.0795|Debug|Shiju.Portal.Heart|  |
2015-11-19 16:49:02.0835|Debug|Shiju.Portal.Heart|-- Executing at 2015/11/19 16:49:02 +08:00  |
2015-11-19 16:49:02.1125|Debug|Shiju.Portal.Heart|SELECT       [Extent1].[Id] AS [Id],       [Extent1].[CreatorUserId] AS [CreatorUserId],       [Extent1].[Sponsor] AS [Sponsor],       [Extent1].[BeginTime] AS [BeginTime],       [Extent1].[EndTime] AS [EndTime],       [Extent1].[Title] AS [Title],       [Extent1].[Description] AS [Description],       [Extent1].[Address] AS [Address],       [Extent1].[Images] AS [Images],       [Extent1].[Kind] AS [Kind],       [Extent1].[MaxUserCount] AS [MaxUserCount],       [Extent1].[DirectFriendVisible] AS [DirectFriendVisible],       [Extent1].[IsPublic] AS [IsPublic],       [Extent1].[LikeCount] AS [LikeCount],       [Extent1].[CommentCount] AS [CommentCount],       [Extent1].[VoteTitle] AS [VoteTitle],       [Extent1].[VoteChoicesJson] AS [VoteChoicesJson],       [Extent1].[VoteResult0Count] AS [VoteResult0Count],       [Extent1].[VoteResult1Count] AS [VoteResult1Count],       [Extent1].[VoteResult2Count] AS [VoteResult2Count],       [Extent1].[VoteResult3Count] AS [VoteResult3Count],       [Extent1].[VoteResult4Count] AS [VoteResult4Count],       [Extent1].[IsDisabled] AS [IsDisabled],       [Extent1].[CreatedTime] AS [CreatedTime]      FROM [dbo].[Parties] AS [Extent1]|
2015-11-19 16:49:02.1125|Debug|Shiju.Portal.Heart|  |
2015-11-19 16:49:02.1125|Debug|Shiju.Portal.Heart|-- Executing at 2015/11/19 16:49:02 +08:00  |
2015-11-19 16:49:02.1145|Debug|Shiju.Portal.Heart|-- Completed in 2 ms with result: SqlDataReader  |
2015-11-19 16:49:02.1145|Debug|Shiju.Portal.Heart|  |
2015-11-19 16:49:02.1495|Debug|Shiju.Portal.Heart|-- Completed in 2 ms with result: SqlDataReader  |
2015-11-19 16:49:02.1495|Debug|Shiju.Portal.Heart|  |
2015-11-19 18:30:24.0370|Debug|Shiju.Portal.Heart|  SELECT Count(*)  FROM INFORMATION_SCHEMA.TABLES AS t  WHERE t.TABLE_TYPE = 'BASE TABLE'      AND (t.TABLE_SCHEMA + '.' + t.TABLE_NAME IN ('dbo.Accounts','dbo.FriendRequests','dbo.Friends','dbo.Participants','dbo.Parties','dbo.PartyComments','dbo.PartyLikes','dbo.Users','dbo.VerificationCodes')          OR t.TABLE_NAME = 'EdmMetadata')|
2015-11-19 18:30:24.0541|Debug|Shiju.Portal.Heart|  |
2015-11-19 18:30:24.0541|Debug|Shiju.Portal.Heart|-- Executing at 2015/11/19 18:30:24 +08:00  |
2015-11-19 18:30:24.1000|Debug|Shiju.Portal.Heart|-- Completed in 40 ms with result: 9  |
2015-11-19 18:30:24.1000|Debug|Shiju.Portal.Heart|  |
2015-11-19 18:30:24.1460|Debug|Shiju.Portal.Heart|SELECT       [GroupBy1].[A1] AS [C1]      FROM ( SELECT           COUNT(1) AS [A1]          FROM [dbo].[__MigrationHistory] AS [Extent1]      )  AS [GroupBy1]|
2015-11-19 18:30:24.1460|Debug|Shiju.Portal.Heart|  |
2015-11-19 18:30:24.1460|Debug|Shiju.Portal.Heart|-- Executing at 2015/11/19 18:30:24 +08:00  |
2015-11-19 18:30:24.1900|Debug|Shiju.Portal.Heart|-- Completed in 42 ms with result: SqlDataReader  |
2015-11-19 18:30:24.1900|Debug|Shiju.Portal.Heart|  |
2015-11-19 18:30:24.1900|Debug|Shiju.Portal.Heart|SELECT       [GroupBy1].[A1] AS [C1]      FROM ( SELECT           COUNT(1) AS [A1]          FROM [dbo].[__MigrationHistory] AS [Extent1]          WHERE ([Extent1].[ContextKey] = @p__linq__0) AND (@p__linq__0 IS NOT NULL)      )  AS [GroupBy1]|
2015-11-19 18:30:24.1900|Debug|Shiju.Portal.Heart|  |
2015-11-19 18:30:24.1900|Debug|Shiju.Portal.Heart|-- p__linq__0: 'ShiJu.Models.ShiJuDbContext' (Type = String, Size = 4000)  |
2015-11-19 18:30:24.1900|Debug|Shiju.Portal.Heart|-- Executing at 2015/11/19 18:30:24 +08:00  |
2015-11-19 18:30:24.2300|Debug|Shiju.Portal.Heart|-- Completed in 34 ms with result: SqlDataReader  |
2015-11-19 18:30:24.2300|Debug|Shiju.Portal.Heart|  |
2015-11-19 18:30:24.3130|Debug|Shiju.Portal.Heart|SELECT       [GroupBy1].[A1] AS [C1]      FROM ( SELECT           COUNT(1) AS [A1]          FROM [dbo].[__MigrationHistory] AS [Extent1]      )  AS [GroupBy1]|
2015-11-19 18:30:24.3130|Debug|Shiju.Portal.Heart|  |
2015-11-19 18:30:24.3130|Debug|Shiju.Portal.Heart|-- Executing at 2015/11/19 18:30:24 +08:00  |
2015-11-19 18:30:24.3510|Debug|Shiju.Portal.Heart|-- Completed in 37 ms with result: SqlDataReader  |
2015-11-19 18:30:24.3510|Debug|Shiju.Portal.Heart|  |
2015-11-19 18:30:24.3620|Debug|Shiju.Portal.Heart|SELECT       [GroupBy1].[A1] AS [C1]      FROM ( SELECT           COUNT(1) AS [A1]          FROM [dbo].[__MigrationHistory] AS [Extent1]          WHERE ([Extent1].[ContextKey] = @p__linq__0) AND (@p__linq__0 IS NOT NULL)      )  AS [GroupBy1]|
2015-11-19 18:30:24.3620|Debug|Shiju.Portal.Heart|  |
2015-11-19 18:30:24.3620|Debug|Shiju.Portal.Heart|-- p__linq__0: 'ShiJu.Models.ShiJuDbContext' (Type = String, Size = 4000)  |
2015-11-19 18:30:24.3620|Debug|Shiju.Portal.Heart|-- Executing at 2015/11/19 18:30:24 +08:00  |
2015-11-19 18:30:24.4130|Debug|Shiju.Portal.Heart|-- Completed in 49 ms with result: SqlDataReader  |
2015-11-19 18:30:24.4130|Debug|Shiju.Portal.Heart|  |
2015-11-19 18:30:24.4290|Debug|Shiju.Portal.Heart|SELECT TOP (1)       [Project1].[C1] AS [C1],       [Project1].[MigrationId] AS [MigrationId],       [Project1].[Model] AS [Model]      FROM ( SELECT           [Extent1].[MigrationId] AS [MigrationId],           [Extent1].[Model] AS [Model],           1 AS [C1]          FROM [dbo].[__MigrationHistory] AS [Extent1]          WHERE ([Extent1].[ContextKey] = @p__linq__0) AND (@p__linq__0 IS NOT NULL)      )  AS [Project1]      ORDER BY [Project1].[MigrationId] DESC|
2015-11-19 18:30:24.4290|Debug|Shiju.Portal.Heart|  |
2015-11-19 18:30:24.4290|Debug|Shiju.Portal.Heart|-- p__linq__0: 'ShiJu.Models.ShiJuDbContext' (Type = String, Size = 4000)  |
2015-11-19 18:30:24.4290|Debug|Shiju.Portal.Heart|-- Executing at 2015/11/19 18:30:24 +08:00  |
2015-11-19 18:30:24.4750|Debug|Shiju.Portal.Heart|-- Completed in 44 ms with result: SqlDataReader  |
2015-11-19 18:30:24.4750|Debug|Shiju.Portal.Heart|  |
2015-11-19 18:30:25.9560|Debug|Shiju.Portal.Heart|SELECT       [Extent1].[Id] AS [Id],       [Extent1].[Status] AS [Status],       [Extent1].[PhoneNumber] AS [PhoneNumber],       [Extent1].[NickName] AS [NickName],       [Extent1].[Signature] AS [Signature],       [Extent1].[Portrait] AS [Portrait],       [Extent1].[Gender] AS [Gender],       [Extent1].[District] AS [District],       [Extent1].[BackgroundImage] AS [BackgroundImage],       [Extent1].[NeedNotification] AS [NeedNotification],       [Extent1].[CreatedTime] AS [CreatedTime],       [Extent1].[SignUpTime] AS [SignUpTime]      FROM [dbo].[Users] AS [Extent1]|
2015-11-19 18:30:25.9560|Debug|Shiju.Portal.Heart|  |
2015-11-19 18:30:25.9560|Debug|Shiju.Portal.Heart|-- Executing at 2015/11/19 18:30:25 +08:00  |
2015-11-19 18:30:25.9930|Debug|Shiju.Portal.Heart|-- Completed in 35 ms with result: SqlDataReader  |
2015-11-19 18:30:25.9930|Debug|Shiju.Portal.Heart|  |
