2015-11-03 09:23:35.7401|Debug|Shiju.Portal.Heart|  SELECT Count(*)  FROM INFORMATION_SCHEMA.TABLES AS t  WHERE t.TABLE_TYPE = 'BASE TABLE'      AND (t.TABLE_SCHEMA + '.' + t.TABLE_NAME IN ('dbo.Accounts','dbo.FriendRequests','dbo.Friends','dbo.Participants','dbo.Parties','dbo.PartyComments','dbo.PartyLikes','dbo.Users','dbo.VerificationCodes')          OR t.TABLE_NAME = 'EdmMetadata')|
2015-11-03 09:23:35.7836|Debug|Shiju.Portal.Heart|  |
2015-11-03 09:23:35.7836|Debug|Shiju.Portal.Heart|-- Executing at 2015/11/3 9:23:35 +08:00  |
2015-11-03 09:23:35.8406|Debug|Shiju.Portal.Heart|-- Completed in 48 ms with result: 9  |
2015-11-03 09:23:35.8406|Debug|Shiju.Portal.Heart|  |
2015-11-03 09:23:35.9636|Debug|Shiju.Portal.Heart|SELECT       [GroupBy1].[A1] AS [C1]      FROM ( SELECT           COUNT(1) AS [A1]          FROM [dbo].[__MigrationHistory] AS [Extent1]      )  AS [GroupBy1]|
2015-11-03 09:23:35.9636|Debug|Shiju.Portal.Heart|  |
2015-11-03 09:23:35.9636|Debug|Shiju.Portal.Heart|-- Executing at 2015/11/3 9:23:35 +08:00  |
2015-11-03 09:23:36.0646|Debug|Shiju.Portal.Heart|-- Completed in 98 ms with result: SqlDataReader  |
2015-11-03 09:23:36.0646|Debug|Shiju.Portal.Heart|  |
2015-11-03 09:23:36.0646|Debug|Shiju.Portal.Heart|SELECT       [GroupBy1].[A1] AS [C1]      FROM ( SELECT           COUNT(1) AS [A1]          FROM [dbo].[__MigrationHistory] AS [Extent1]          WHERE ([Extent1].[ContextKey] = @p__linq__0) AND (@p__linq__0 IS NOT NULL)      )  AS [GroupBy1]|
2015-11-03 09:23:36.0646|Debug|Shiju.Portal.Heart|  |
2015-11-03 09:23:36.1536|Debug|Shiju.Portal.Heart|-- p__linq__0: 'ShiJu.Models.ShiJuDbContext' (Type = String, Size = 4000)  |
2015-11-03 09:23:36.1536|Debug|Shiju.Portal.Heart|-- Executing at 2015/11/3 9:23:36 +08:00  |
2015-11-03 09:23:36.1966|Debug|Shiju.Portal.Heart|-- Completed in 41 ms with result: SqlDataReader  |
2015-11-03 09:23:36.1966|Debug|Shiju.Portal.Heart|  |
2015-11-03 09:23:36.2966|Debug|Shiju.Portal.Heart|SELECT       [GroupBy1].[A1] AS [C1]      FROM ( SELECT           COUNT(1) AS [A1]          FROM [dbo].[__MigrationHistory] AS [Extent1]      )  AS [GroupBy1]|
2015-11-03 09:23:36.2966|Debug|Shiju.Portal.Heart|  |
2015-11-03 09:23:36.2966|Debug|Shiju.Portal.Heart|-- Executing at 2015/11/3 9:23:36 +08:00  |
2015-11-03 09:23:36.3536|Debug|Shiju.Portal.Heart|-- Completed in 56 ms with result: SqlDataReader  |
2015-11-03 09:23:36.3536|Debug|Shiju.Portal.Heart|  |
2015-11-03 09:23:36.3616|Debug|Shiju.Portal.Heart|SELECT       [GroupBy1].[A1] AS [C1]      FROM ( SELECT           COUNT(1) AS [A1]          FROM [dbo].[__MigrationHistory] AS [Extent1]          WHERE ([Extent1].[ContextKey] = @p__linq__0) AND (@p__linq__0 IS NOT NULL)      )  AS [GroupBy1]|
2015-11-03 09:23:36.3616|Debug|Shiju.Portal.Heart|  |
2015-11-03 09:23:36.3616|Debug|Shiju.Portal.Heart|-- p__linq__0: 'ShiJu.Models.ShiJuDbContext' (Type = String, Size = 4000)  |
2015-11-03 09:23:36.3616|Debug|Shiju.Portal.Heart|-- Executing at 2015/11/3 9:23:36 +08:00  |
2015-11-03 09:23:36.3976|Debug|Shiju.Portal.Heart|-- Completed in 34 ms with result: SqlDataReader  |
2015-11-03 09:23:36.3976|Debug|Shiju.Portal.Heart|  |
2015-11-03 09:23:36.3976|Debug|Shiju.Portal.Heart|SELECT TOP (1)       [Project1].[C1] AS [C1],       [Project1].[MigrationId] AS [MigrationId],       [Project1].[Model] AS [Model]      FROM ( SELECT           [Extent1].[MigrationId] AS [MigrationId],           [Extent1].[Model] AS [Model],           1 AS [C1]          FROM [dbo].[__MigrationHistory] AS [Extent1]          WHERE ([Extent1].[ContextKey] = @p__linq__0) AND (@p__linq__0 IS NOT NULL)      )  AS [Project1]      ORDER BY [Project1].[MigrationId] DESC|
2015-11-03 09:23:36.3976|Debug|Shiju.Portal.Heart|  |
2015-11-03 09:23:36.3976|Debug|Shiju.Portal.Heart|-- p__linq__0: 'ShiJu.Models.ShiJuDbContext' (Type = String, Size = 4000)  |
2015-11-03 09:23:36.3976|Debug|Shiju.Portal.Heart|-- Executing at 2015/11/3 9:23:36 +08:00  |
2015-11-03 09:23:36.4436|Debug|Shiju.Portal.Heart|-- Completed in 37 ms with result: SqlDataReader  |
2015-11-03 09:23:36.4436|Debug|Shiju.Portal.Heart|  |
2015-11-03 09:23:38.0255|Debug|Shiju.Portal.Heart|SELECT       [Extent1].[Id] AS [Id],       [Extent1].[Status] AS [Status],       [Extent1].[PhoneNumber] AS [PhoneNumber],       [Extent1].[NickName] AS [NickName],       [Extent1].[Signature] AS [Signature],       [Extent1].[Portrait] AS [Portrait],       [Extent1].[Gender] AS [Gender],       [Extent1].[District] AS [District],       [Extent1].[BackgroundImage] AS [BackgroundImage],       [Extent1].[NeedNotification] AS [NeedNotification],       [Extent1].[CreatedTime] AS [CreatedTime],       [Extent1].[SignUpTime] AS [SignUpTime]      FROM [dbo].[Users] AS [Extent1]|
2015-11-03 09:23:38.0255|Debug|Shiju.Portal.Heart|  |
2015-11-03 09:23:38.0255|Debug|Shiju.Portal.Heart|-- Executing at 2015/11/3 9:23:38 +08:00  |
2015-11-03 09:23:38.0475|Debug|Shiju.Portal.Heart|-- Completed in 22 ms with result: SqlDataReader  |
2015-11-03 09:23:38.0485|Debug|Shiju.Portal.Heart|  |
2015-11-03 09:38:27.7895|Debug|Shiju.Portal.Heart|SELECT       [Extent1].[Id] AS [Id],       [Extent1].[CreatorUserId] AS [CreatorUserId],       [Extent1].[Sponsor] AS [Sponsor],       [Extent1].[BeginTime] AS [BeginTime],       [Extent1].[EndTime] AS [EndTime],       [Extent1].[Title] AS [Title],       [Extent1].[Description] AS [Description],       [Extent1].[Address] AS [Address],       [Extent1].[Images] AS [Images],       [Extent1].[Kind] AS [Kind],       [Extent1].[MaxUserCount] AS [MaxUserCount],       [Extent1].[DirectFriendVisible] AS [DirectFriendVisible],       [Extent1].[IsPublic] AS [IsPublic],       [Extent1].[LikeCount] AS [LikeCount],       [Extent1].[CommentCount] AS [CommentCount],       [Extent1].[VoteTitle] AS [VoteTitle],       [Extent1].[VoteChoicesJson] AS [VoteChoicesJson],       [Extent1].[VoteResult0Count] AS [VoteResult0Count],       [Extent1].[VoteResult1Count] AS [VoteResult1Count],       [Extent1].[VoteResult2Count] AS [VoteResult2Count],       [Extent1].[VoteResult3Count] AS [VoteResult3Count],       [Extent1].[VoteResult4Count] AS [VoteResult4Count],       [Extent1].[IsDisabled] AS [IsDisabled],       [Extent1].[CreatedTime] AS [CreatedTime]      FROM [dbo].[Parties] AS [Extent1]|
2015-11-03 09:38:27.8425|Debug|Shiju.Portal.Heart|  |
2015-11-03 09:38:27.8425|Debug|Shiju.Portal.Heart|-- Executing at 2015/11/3 9:38:27 +08:00  |
2015-11-03 09:38:27.8775|Debug|Shiju.Portal.Heart|-- Completed in 34 ms with result: SqlDataReader  |
2015-11-03 09:38:27.8775|Debug|Shiju.Portal.Heart|  |
2015-11-03 09:38:34.5045|Debug|Shiju.Portal.Heart|SELECT       [GroupBy1].[A1] AS [C1]      FROM ( SELECT           COUNT(1) AS [A1]          FROM [dbo].[Participants] AS [Extent1]          WHERE ([Extent1].[PartyId] = @p__linq__0) AND (@p__linq__0 IS NOT NULL)      )  AS [GroupBy1]|
2015-11-03 09:38:34.5045|Debug|Shiju.Portal.Heart|  |
2015-11-03 09:38:34.5075|Debug|Shiju.Portal.Heart|-- p__linq__0: '63f4e816-ac93-4e79-acfa-283bae241177' (Type = Guid)  |
2015-11-03 09:38:34.5075|Debug|Shiju.Portal.Heart|-- Executing at 2015/11/3 9:38:34 +08:00  |
2015-11-03 09:38:34.5570|Debug|Shiju.Portal.Heart|-- Completed in 48 ms with result: SqlDataReader  |
2015-11-03 09:38:34.5570|Debug|Shiju.Portal.Heart|  |
2015-11-03 09:39:57.8188|Debug|Shiju.Portal.Heart|SELECT       [GroupBy1].[A1] AS [C1]      FROM ( SELECT           COUNT(1) AS [A1]          FROM [dbo].[Participants] AS [Extent1]          WHERE ([Extent1].[PartyId] = @p__linq__0) AND (@p__linq__0 IS NOT NULL)      )  AS [GroupBy1]|
2015-11-03 09:39:57.8188|Debug|Shiju.Portal.Heart|  |
2015-11-03 09:39:57.8388|Debug|Shiju.Portal.Heart|-- p__linq__0: '63f4e816-ac93-4e79-acfa-283bae241177' (Type = Guid)  |
2015-11-03 09:39:57.8388|Debug|Shiju.Portal.Heart|-- Executing at 2015/11/3 9:39:57 +08:00  |
2015-11-03 09:39:57.9678|Debug|Shiju.Portal.Heart|-- Completed in 124 ms with result: SqlDataReader  |
2015-11-03 09:39:57.9678|Debug|Shiju.Portal.Heart|  |
2015-11-03 09:40:57.3939|Debug|Shiju.Portal.Heart|SELECT       [GroupBy1].[A1] AS [C1]      FROM ( SELECT           COUNT(1) AS [A1]          FROM [dbo].[Participants] AS [Extent1]          WHERE ([Extent1].[PartyId] = @p__linq__0) AND (@p__linq__0 IS NOT NULL)      )  AS [GroupBy1]|
2015-11-03 09:40:57.3939|Debug|Shiju.Portal.Heart|  |
2015-11-03 09:40:57.3939|Debug|Shiju.Portal.Heart|-- p__linq__0: '63f4e816-ac93-4e79-acfa-283bae241177' (Type = Guid)  |
2015-11-03 09:40:57.3939|Debug|Shiju.Portal.Heart|-- Executing at 2015/11/3 9:40:57 +08:00  |
2015-11-03 09:40:57.4410|Debug|Shiju.Portal.Heart|-- Completed in 43 ms with result: SqlDataReader  |
2015-11-03 09:40:57.4410|Debug|Shiju.Portal.Heart|  |
2015-11-03 10:48:29.4708|Debug|Shiju.Portal.Heart|  SELECT Count(*)  FROM INFORMATION_SCHEMA.TABLES AS t  WHERE t.TABLE_TYPE = 'BASE TABLE'      AND (t.TABLE_SCHEMA + '.' + t.TABLE_NAME IN ('dbo.Accounts','dbo.FriendRequests','dbo.Friends','dbo.Participants','dbo.Parties','dbo.PartyComments','dbo.PartyLikes','dbo.Users','dbo.VerificationCodes')          OR t.TABLE_NAME = 'EdmMetadata')|
2015-11-03 10:48:29.4958|Debug|Shiju.Portal.Heart|  |
2015-11-03 10:48:29.5198|Debug|Shiju.Portal.Heart|-- Executing at 2015/11/3 10:48:29 +08:00  |
2015-11-03 10:48:29.6158|Debug|Shiju.Portal.Heart|-- Completed in 90 ms with result: 9  |
2015-11-03 10:48:29.6158|Debug|Shiju.Portal.Heart|  |
2015-11-03 10:48:32.7598|Debug|Shiju.Portal.Heart|SELECT       [GroupBy1].[A1] AS [C1]      FROM ( SELECT           COUNT(1) AS [A1]          FROM [dbo].[__MigrationHistory] AS [Extent1]      )  AS [GroupBy1]|
2015-11-03 10:48:32.7598|Debug|Shiju.Portal.Heart|  |
2015-11-03 10:48:32.7598|Debug|Shiju.Portal.Heart|-- Executing at 2015/11/3 10:48:32 +08:00  |
2015-11-03 10:48:32.8248|Debug|Shiju.Portal.Heart|-- Completed in 62 ms with result: SqlDataReader  |
2015-11-03 10:48:32.8248|Debug|Shiju.Portal.Heart|  |
2015-11-03 10:48:32.9838|Debug|Shiju.Portal.Heart|SELECT       [GroupBy1].[A1] AS [C1]      FROM ( SELECT           COUNT(1) AS [A1]          FROM [dbo].[__MigrationHistory] AS [Extent1]          WHERE ([Extent1].[ContextKey] = @p__linq__0) AND (@p__linq__0 IS NOT NULL)      )  AS [GroupBy1]|
2015-11-03 10:48:32.9838|Debug|Shiju.Portal.Heart|  |
2015-11-03 10:48:32.9838|Debug|Shiju.Portal.Heart|-- p__linq__0: 'ShiJu.Models.ShiJuDbContext' (Type = String, Size = 4000)  |
2015-11-03 10:48:32.9838|Debug|Shiju.Portal.Heart|-- Executing at 2015/11/3 10:48:32 +08:00  |
2015-11-03 10:48:33.0249|Debug|Shiju.Portal.Heart|-- Completed in 39 ms with result: SqlDataReader  |
2015-11-03 10:48:33.0249|Debug|Shiju.Portal.Heart|  |
2015-11-03 10:48:33.1338|Debug|Shiju.Portal.Heart|SELECT       [GroupBy1].[A1] AS [C1]      FROM ( SELECT           COUNT(1) AS [A1]          FROM [dbo].[__MigrationHistory] AS [Extent1]      )  AS [GroupBy1]|
2015-11-03 10:48:33.1338|Debug|Shiju.Portal.Heart|  |
2015-11-03 10:48:33.1338|Debug|Shiju.Portal.Heart|-- Executing at 2015/11/3 10:48:33 +08:00  |
2015-11-03 10:48:33.1928|Debug|Shiju.Portal.Heart|-- Completed in 58 ms with result: SqlDataReader  |
2015-11-03 10:48:33.1928|Debug|Shiju.Portal.Heart|  |
2015-11-03 10:48:33.2049|Debug|Shiju.Portal.Heart|SELECT       [GroupBy1].[A1] AS [C1]      FROM ( SELECT           COUNT(1) AS [A1]          FROM [dbo].[__MigrationHistory] AS [Extent1]          WHERE ([Extent1].[ContextKey] = @p__linq__0) AND (@p__linq__0 IS NOT NULL)      )  AS [GroupBy1]|
2015-11-03 10:48:33.2049|Debug|Shiju.Portal.Heart|  |
2015-11-03 10:48:33.2049|Debug|Shiju.Portal.Heart|-- p__linq__0: 'ShiJu.Models.ShiJuDbContext' (Type = String, Size = 4000)  |
2015-11-03 10:48:33.2049|Debug|Shiju.Portal.Heart|-- Executing at 2015/11/3 10:48:33 +08:00  |
2015-11-03 10:48:33.2608|Debug|Shiju.Portal.Heart|-- Completed in 54 ms with result: SqlDataReader  |
2015-11-03 10:48:33.2608|Debug|Shiju.Portal.Heart|  |
2015-11-03 10:48:33.4147|Debug|Shiju.Portal.Heart|SELECT TOP (1)       [Project1].[C1] AS [C1],       [Project1].[MigrationId] AS [MigrationId],       [Project1].[Model] AS [Model]      FROM ( SELECT           [Extent1].[MigrationId] AS [MigrationId],           [Extent1].[Model] AS [Model],           1 AS [C1]          FROM [dbo].[__MigrationHistory] AS [Extent1]          WHERE ([Extent1].[ContextKey] = @p__linq__0) AND (@p__linq__0 IS NOT NULL)      )  AS [Project1]      ORDER BY [Project1].[MigrationId] DESC|
2015-11-03 10:48:33.4157|Debug|Shiju.Portal.Heart|  |
2015-11-03 10:48:33.4157|Debug|Shiju.Portal.Heart|-- p__linq__0: 'ShiJu.Models.ShiJuDbContext' (Type = String, Size = 4000)  |
2015-11-03 10:48:33.4157|Debug|Shiju.Portal.Heart|-- Executing at 2015/11/3 10:48:33 +08:00  |
2015-11-03 10:48:33.4698|Debug|Shiju.Portal.Heart|-- Completed in 53 ms with result: SqlDataReader  |
2015-11-03 10:48:33.4698|Debug|Shiju.Portal.Heart|  |
2015-11-03 10:48:35.3627|Debug|Shiju.Portal.Heart|SELECT       [Extent1].[Id] AS [Id],       [Extent1].[CreatorUserId] AS [CreatorUserId],       [Extent1].[Sponsor] AS [Sponsor],       [Extent1].[BeginTime] AS [BeginTime],       [Extent1].[EndTime] AS [EndTime],       [Extent1].[Title] AS [Title],       [Extent1].[Description] AS [Description],       [Extent1].[Address] AS [Address],       [Extent1].[Images] AS [Images],       [Extent1].[Kind] AS [Kind],       [Extent1].[MaxUserCount] AS [MaxUserCount],       [Extent1].[DirectFriendVisible] AS [DirectFriendVisible],       [Extent1].[IsPublic] AS [IsPublic],       [Extent1].[LikeCount] AS [LikeCount],       [Extent1].[CommentCount] AS [CommentCount],       [Extent1].[VoteTitle] AS [VoteTitle],       [Extent1].[VoteChoicesJson] AS [VoteChoicesJson],       [Extent1].[VoteResult0Count] AS [VoteResult0Count],       [Extent1].[VoteResult1Count] AS [VoteResult1Count],       [Extent1].[VoteResult2Count] AS [VoteResult2Count],       [Extent1].[VoteResult3Count] AS [VoteResult3Count],       [Extent1].[VoteResult4Count] AS [VoteResult4Count],       [Extent1].[IsDisabled] AS [IsDisabled],       [Extent1].[CreatedTime] AS [CreatedTime]      FROM [dbo].[Parties] AS [Extent1]|
2015-11-03 10:48:35.3627|Debug|Shiju.Portal.Heart|  |
2015-11-03 10:48:35.3627|Debug|Shiju.Portal.Heart|-- Executing at 2015/11/3 10:48:35 +08:00  |
2015-11-03 10:48:35.4027|Debug|Shiju.Portal.Heart|-- Completed in 38 ms with result: SqlDataReader  |
2015-11-03 10:48:35.4027|Debug|Shiju.Portal.Heart|  |
2015-11-03 10:51:37.1232|Debug|Shiju.Portal.Heart|SELECT       [GroupBy1].[A1] AS [C1]      FROM ( SELECT           COUNT(1) AS [A1]          FROM [dbo].[Participants] AS [Extent1]          WHERE ([Extent1].[PartyId] = @p__linq__0) AND (@p__linq__0 IS NOT NULL)      )  AS [GroupBy1]|
2015-11-03 10:51:37.1232|Debug|Shiju.Portal.Heart|  |
2015-11-03 10:51:37.1232|Debug|Shiju.Portal.Heart|-- p__linq__0: '63f4e816-ac93-4e79-acfa-283bae241177' (Type = Guid)  |
2015-11-03 10:51:37.1232|Debug|Shiju.Portal.Heart|-- Executing at 2015/11/3 10:51:37 +08:00  |
2015-11-03 10:51:37.4093|Debug|Shiju.Portal.Heart|-- Completed in 284 ms with result: SqlDataReader  |
2015-11-03 10:51:37.4093|Debug|Shiju.Portal.Heart|  |
2015-11-03 10:55:11.3931|Debug|Shiju.Portal.Heart|SELECT       [Extent1].[Id] AS [Id],       [Extent1].[CreatorUserId] AS [CreatorUserId],       [Extent1].[Sponsor] AS [Sponsor],       [Extent1].[BeginTime] AS [BeginTime],       [Extent1].[EndTime] AS [EndTime],       [Extent1].[Title] AS [Title],       [Extent1].[Description] AS [Description],       [Extent1].[Address] AS [Address],       [Extent1].[Images] AS [Images],       [Extent1].[Kind] AS [Kind],       [Extent1].[MaxUserCount] AS [MaxUserCount],       [Extent1].[DirectFriendVisible] AS [DirectFriendVisible],       [Extent1].[IsPublic] AS [IsPublic],       [Extent1].[LikeCount] AS [LikeCount],       [Extent1].[CommentCount] AS [CommentCount],       [Extent1].[VoteTitle] AS [VoteTitle],       [Extent1].[VoteChoicesJson] AS [VoteChoicesJson],       [Extent1].[VoteResult0Count] AS [VoteResult0Count],       [Extent1].[VoteResult1Count] AS [VoteResult1Count],       [Extent1].[VoteResult2Count] AS [VoteResult2Count],       [Extent1].[VoteResult3Count] AS [VoteResult3Count],       [Extent1].[VoteResult4Count] AS [VoteResult4Count],       [Extent1].[IsDisabled] AS [IsDisabled],       [Extent1].[CreatedTime] AS [CreatedTime]      FROM [dbo].[Parties] AS [Extent1]|
2015-11-03 10:55:11.3931|Debug|Shiju.Portal.Heart|  |
2015-11-03 10:55:11.3981|Debug|Shiju.Portal.Heart|-- Executing at 2015/11/3 10:55:11 +08:00  |
2015-11-03 10:55:11.4471|Debug|Shiju.Portal.Heart|-- Completed in 48 ms with result: SqlDataReader  |
2015-11-03 10:55:11.4471|Debug|Shiju.Portal.Heart|  |
2015-11-03 10:55:28.6750|Debug|Shiju.Portal.Heart|SELECT       [GroupBy1].[A1] AS [C1]      FROM ( SELECT           COUNT(1) AS [A1]          FROM [dbo].[Participants] AS [Extent1]          WHERE ([Extent1].[PartyId] = @p__linq__0) AND (@p__linq__0 IS NOT NULL)      )  AS [GroupBy1]|
2015-11-03 10:55:28.6750|Debug|Shiju.Portal.Heart|  |
2015-11-03 10:55:28.6810|Debug|Shiju.Portal.Heart|-- p__linq__0: '63f4e816-ac93-4e79-acfa-283bae241177' (Type = Guid)  |
2015-11-03 10:55:28.6810|Debug|Shiju.Portal.Heart|-- Executing at 2015/11/3 10:55:28 +08:00  |
2015-11-03 10:55:28.7340|Debug|Shiju.Portal.Heart|-- Completed in 39 ms with result: SqlDataReader  |
2015-11-03 10:55:28.7340|Debug|Shiju.Portal.Heart|  |
2015-11-03 10:56:31.7263|Debug|Shiju.Portal.Heart|SELECT       [Extent1].[Id] AS [Id],       [Extent1].[CreatorUserId] AS [CreatorUserId],       [Extent1].[Sponsor] AS [Sponsor],       [Extent1].[BeginTime] AS [BeginTime],       [Extent1].[EndTime] AS [EndTime],       [Extent1].[Title] AS [Title],       [Extent1].[Description] AS [Description],       [Extent1].[Address] AS [Address],       [Extent1].[Images] AS [Images],       [Extent1].[Kind] AS [Kind],       [Extent1].[MaxUserCount] AS [MaxUserCount],       [Extent1].[DirectFriendVisible] AS [DirectFriendVisible],       [Extent1].[IsPublic] AS [IsPublic],       [Extent1].[LikeCount] AS [LikeCount],       [Extent1].[CommentCount] AS [CommentCount],       [Extent1].[VoteTitle] AS [VoteTitle],       [Extent1].[VoteChoicesJson] AS [VoteChoicesJson],       [Extent1].[VoteResult0Count] AS [VoteResult0Count],       [Extent1].[VoteResult1Count] AS [VoteResult1Count],       [Extent1].[VoteResult2Count] AS [VoteResult2Count],       [Extent1].[VoteResult3Count] AS [VoteResult3Count],       [Extent1].[VoteResult4Count] AS [VoteResult4Count],       [Extent1].[IsDisabled] AS [IsDisabled],       [Extent1].[CreatedTime] AS [CreatedTime]      FROM [dbo].[Parties] AS [Extent1]|
2015-11-03 10:56:31.7263|Debug|Shiju.Portal.Heart|  |
2015-11-03 10:56:31.7263|Debug|Shiju.Portal.Heart|-- Executing at 2015/11/3 10:56:31 +08:00  |
2015-11-03 10:56:31.7813|Debug|Shiju.Portal.Heart|-- Completed in 51 ms with result: SqlDataReader  |
2015-11-03 10:56:31.7813|Debug|Shiju.Portal.Heart|  |
2015-11-03 10:56:43.6633|Debug|Shiju.Portal.Heart|SELECT       [GroupBy1].[A1] AS [C1]      FROM ( SELECT           COUNT(1) AS [A1]          FROM [dbo].[Participants] AS [Extent1]          WHERE ([Extent1].[PartyId] = @p__linq__0) AND (@p__linq__0 IS NOT NULL)      )  AS [GroupBy1]|
2015-11-03 10:56:43.6633|Debug|Shiju.Portal.Heart|  |
2015-11-03 10:56:43.6633|Debug|Shiju.Portal.Heart|-- p__linq__0: '63f4e816-ac93-4e79-acfa-283bae241177' (Type = Guid)  |
2015-11-03 10:56:43.6633|Debug|Shiju.Portal.Heart|-- Executing at 2015/11/3 10:56:43 +08:00  |
2015-11-03 10:56:43.7413|Debug|Shiju.Portal.Heart|-- Completed in 67 ms with result: SqlDataReader  |
2015-11-03 10:56:43.7413|Debug|Shiju.Portal.Heart|  |
2015-11-03 10:58:13.8448|Debug|Shiju.Portal.Heart|SELECT       [Extent1].[Id] AS [Id],       [Extent1].[CreatorUserId] AS [CreatorUserId],       [Extent1].[Sponsor] AS [Sponsor],       [Extent1].[BeginTime] AS [BeginTime],       [Extent1].[EndTime] AS [EndTime],       [Extent1].[Title] AS [Title],       [Extent1].[Description] AS [Description],       [Extent1].[Address] AS [Address],       [Extent1].[Images] AS [Images],       [Extent1].[Kind] AS [Kind],       [Extent1].[MaxUserCount] AS [MaxUserCount],       [Extent1].[DirectFriendVisible] AS [DirectFriendVisible],       [Extent1].[IsPublic] AS [IsPublic],       [Extent1].[LikeCount] AS [LikeCount],       [Extent1].[CommentCount] AS [CommentCount],       [Extent1].[VoteTitle] AS [VoteTitle],       [Extent1].[VoteChoicesJson] AS [VoteChoicesJson],       [Extent1].[VoteResult0Count] AS [VoteResult0Count],       [Extent1].[VoteResult1Count] AS [VoteResult1Count],       [Extent1].[VoteResult2Count] AS [VoteResult2Count],       [Extent1].[VoteResult3Count] AS [VoteResult3Count],       [Extent1].[VoteResult4Count] AS [VoteResult4Count],       [Extent1].[IsDisabled] AS [IsDisabled],       [Extent1].[CreatedTime] AS [CreatedTime]      FROM [dbo].[Parties] AS [Extent1]|
2015-11-03 10:58:13.8448|Debug|Shiju.Portal.Heart|  |
2015-11-03 10:58:13.8448|Debug|Shiju.Portal.Heart|-- Executing at 2015/11/3 10:58:13 +08:00  |
2015-11-03 10:58:13.9308|Debug|Shiju.Portal.Heart|-- Completed in 74 ms with result: SqlDataReader  |
2015-11-03 10:58:13.9308|Debug|Shiju.Portal.Heart|  |
2015-11-03 10:58:20.9776|Debug|Shiju.Portal.Heart|SELECT       [GroupBy1].[A1] AS [C1]      FROM ( SELECT           COUNT(1) AS [A1]          FROM [dbo].[Participants] AS [Extent1]          WHERE ([Extent1].[PartyId] = @p__linq__0) AND (@p__linq__0 IS NOT NULL)      )  AS [GroupBy1]|
2015-11-03 10:58:20.9776|Debug|Shiju.Portal.Heart|  |
2015-11-03 10:58:20.9776|Debug|Shiju.Portal.Heart|-- p__linq__0: '63f4e816-ac93-4e79-acfa-283bae241177' (Type = Guid)  |
2015-11-03 10:58:20.9776|Debug|Shiju.Portal.Heart|-- Executing at 2015/11/3 10:58:20 +08:00  |
2015-11-03 10:58:21.0356|Debug|Shiju.Portal.Heart|-- Completed in 44 ms with result: SqlDataReader  |
2015-11-03 10:58:21.0356|Debug|Shiju.Portal.Heart|  |
2015-11-03 11:00:06.1748|Debug|Shiju.Portal.Heart|SELECT       [Extent1].[Id] AS [Id],       [Extent1].[CreatorUserId] AS [CreatorUserId],       [Extent1].[Sponsor] AS [Sponsor],       [Extent1].[BeginTime] AS [BeginTime],       [Extent1].[EndTime] AS [EndTime],       [Extent1].[Title] AS [Title],       [Extent1].[Description] AS [Description],       [Extent1].[Address] AS [Address],       [Extent1].[Images] AS [Images],       [Extent1].[Kind] AS [Kind],       [Extent1].[MaxUserCount] AS [MaxUserCount],       [Extent1].[DirectFriendVisible] AS [DirectFriendVisible],       [Extent1].[IsPublic] AS [IsPublic],       [Extent1].[LikeCount] AS [LikeCount],       [Extent1].[CommentCount] AS [CommentCount],       [Extent1].[VoteTitle] AS [VoteTitle],       [Extent1].[VoteChoicesJson] AS [VoteChoicesJson],       [Extent1].[VoteResult0Count] AS [VoteResult0Count],       [Extent1].[VoteResult1Count] AS [VoteResult1Count],       [Extent1].[VoteResult2Count] AS [VoteResult2Count],       [Extent1].[VoteResult3Count] AS [VoteResult3Count],       [Extent1].[VoteResult4Count] AS [VoteResult4Count],       [Extent1].[IsDisabled] AS [IsDisabled],       [Extent1].[CreatedTime] AS [CreatedTime]      FROM [dbo].[Parties] AS [Extent1]|
2015-11-03 11:00:06.1801|Debug|Shiju.Portal.Heart|  |
2015-11-03 11:00:06.1801|Debug|Shiju.Portal.Heart|-- Executing at 2015/11/3 11:00:06 +08:00  |
2015-11-03 11:00:06.3578|Debug|Shiju.Portal.Heart|-- Completed in 176 ms with result: SqlDataReader  |
2015-11-03 11:00:06.3578|Debug|Shiju.Portal.Heart|  |
2015-11-03 11:00:13.1398|Debug|Shiju.Portal.Heart|SELECT       [GroupBy1].[A1] AS [C1]      FROM ( SELECT           COUNT(1) AS [A1]          FROM [dbo].[Participants] AS [Extent1]          WHERE ([Extent1].[PartyId] = @p__linq__0) AND (@p__linq__0 IS NOT NULL)      )  AS [GroupBy1]|
2015-11-03 11:00:13.1398|Debug|Shiju.Portal.Heart|  |
2015-11-03 11:00:13.1398|Debug|Shiju.Portal.Heart|-- p__linq__0: '63f4e816-ac93-4e79-acfa-283bae241177' (Type = Guid)  |
2015-11-03 11:00:13.1488|Debug|Shiju.Portal.Heart|-- Executing at 2015/11/3 11:00:13 +08:00  |
2015-11-03 11:00:13.1858|Debug|Shiju.Portal.Heart|-- Completed in 31 ms with result: SqlDataReader  |
2015-11-03 11:00:13.1858|Debug|Shiju.Portal.Heart|  |
2015-11-03 11:10:38.3281|Debug|Shiju.Portal.Heart|SELECT       [Extent1].[Id] AS [Id],       [Extent1].[CreatorUserId] AS [CreatorUserId],       [Extent1].[Sponsor] AS [Sponsor],       [Extent1].[BeginTime] AS [BeginTime],       [Extent1].[EndTime] AS [EndTime],       [Extent1].[Title] AS [Title],       [Extent1].[Description] AS [Description],       [Extent1].[Address] AS [Address],       [Extent1].[Images] AS [Images],       [Extent1].[Kind] AS [Kind],       [Extent1].[MaxUserCount] AS [MaxUserCount],       [Extent1].[DirectFriendVisible] AS [DirectFriendVisible],       [Extent1].[IsPublic] AS [IsPublic],       [Extent1].[LikeCount] AS [LikeCount],       [Extent1].[CommentCount] AS [CommentCount],       [Extent1].[VoteTitle] AS [VoteTitle],       [Extent1].[VoteChoicesJson] AS [VoteChoicesJson],       [Extent1].[VoteResult0Count] AS [VoteResult0Count],       [Extent1].[VoteResult1Count] AS [VoteResult1Count],       [Extent1].[VoteResult2Count] AS [VoteResult2Count],       [Extent1].[VoteResult3Count] AS [VoteResult3Count],       [Extent1].[VoteResult4Count] AS [VoteResult4Count],       [Extent1].[IsDisabled] AS [IsDisabled],       [Extent1].[CreatedTime] AS [CreatedTime]      FROM [dbo].[Parties] AS [Extent1]|
2015-11-03 11:10:38.3281|Debug|Shiju.Portal.Heart|  |
2015-11-03 11:10:38.3281|Debug|Shiju.Portal.Heart|-- Executing at 2015/11/3 11:10:38 +08:00  |
2015-11-03 11:10:38.3871|Debug|Shiju.Portal.Heart|-- Completed in 58 ms with result: SqlDataReader  |
2015-11-03 11:10:38.3871|Debug|Shiju.Portal.Heart|  |
2015-11-03 11:10:41.0890|Debug|Shiju.Portal.Heart|SELECT       [GroupBy1].[A1] AS [C1]      FROM ( SELECT           COUNT(1) AS [A1]          FROM [dbo].[Participants] AS [Extent1]          WHERE ([Extent1].[PartyId] = @p__linq__0) AND (@p__linq__0 IS NOT NULL)      )  AS [GroupBy1]|
2015-11-03 11:10:41.0890|Debug|Shiju.Portal.Heart|  |
2015-11-03 11:10:41.0890|Debug|Shiju.Portal.Heart|-- p__linq__0: '63f4e816-ac93-4e79-acfa-283bae241177' (Type = Guid)  |
2015-11-03 11:10:41.0890|Debug|Shiju.Portal.Heart|-- Executing at 2015/11/3 11:10:41 +08:00  |
2015-11-03 11:10:41.1681|Debug|Shiju.Portal.Heart|-- Completed in 76 ms with result: SqlDataReader  |
2015-11-03 11:10:41.1681|Debug|Shiju.Portal.Heart|  |
2015-11-03 11:11:10.5453|Debug|Shiju.Portal.Heart|SELECT       [GroupBy1].[A1] AS [C1]      FROM ( SELECT           COUNT(1) AS [A1]          FROM [dbo].[Participants] AS [Extent1]          WHERE ([Extent1].[PartyId] = @p__linq__0) AND (@p__linq__0 IS NOT NULL)      )  AS [GroupBy1]|
2015-11-03 11:11:10.5453|Debug|Shiju.Portal.Heart|  |
2015-11-03 11:11:10.5453|Debug|Shiju.Portal.Heart|-- p__linq__0: '63f4e816-ac93-4e79-acfa-283bae241177' (Type = Guid)  |
2015-11-03 11:11:10.5493|Debug|Shiju.Portal.Heart|-- Executing at 2015/11/3 11:11:10 +08:00  |
2015-11-03 11:11:10.6173|Debug|Shiju.Portal.Heart|-- Completed in 66 ms with result: SqlDataReader  |
2015-11-03 11:11:10.6173|Debug|Shiju.Portal.Heart|  |
2015-11-03 11:16:04.1776|Debug|Shiju.Portal.Heart|SELECT       [Extent1].[Id] AS [Id],       [Extent1].[CreatorUserId] AS [CreatorUserId],       [Extent1].[Sponsor] AS [Sponsor],       [Extent1].[BeginTime] AS [BeginTime],       [Extent1].[EndTime] AS [EndTime],       [Extent1].[Title] AS [Title],       [Extent1].[Description] AS [Description],       [Extent1].[Address] AS [Address],       [Extent1].[Images] AS [Images],       [Extent1].[Kind] AS [Kind],       [Extent1].[MaxUserCount] AS [MaxUserCount],       [Extent1].[DirectFriendVisible] AS [DirectFriendVisible],       [Extent1].[IsPublic] AS [IsPublic],       [Extent1].[LikeCount] AS [LikeCount],       [Extent1].[CommentCount] AS [CommentCount],       [Extent1].[VoteTitle] AS [VoteTitle],       [Extent1].[VoteChoicesJson] AS [VoteChoicesJson],       [Extent1].[VoteResult0Count] AS [VoteResult0Count],       [Extent1].[VoteResult1Count] AS [VoteResult1Count],       [Extent1].[VoteResult2Count] AS [VoteResult2Count],       [Extent1].[VoteResult3Count] AS [VoteResult3Count],       [Extent1].[VoteResult4Count] AS [VoteResult4Count],       [Extent1].[IsDisabled] AS [IsDisabled],       [Extent1].[CreatedTime] AS [CreatedTime]      FROM [dbo].[Parties] AS [Extent1]|
2015-11-03 11:16:04.1776|Debug|Shiju.Portal.Heart|  |
2015-11-03 11:16:04.1776|Debug|Shiju.Portal.Heart|-- Executing at 2015/11/3 11:16:04 +08:00  |
2015-11-03 11:16:04.2046|Debug|Shiju.Portal.Heart|-- Completed in 26 ms with result: SqlDataReader  |
2015-11-03 11:16:04.2046|Debug|Shiju.Portal.Heart|  |
2015-11-03 11:20:27.1354|Debug|Shiju.Portal.Heart|SELECT       [Extent1].[Id] AS [Id],       [Extent1].[CreatorUserId] AS [CreatorUserId],       [Extent1].[Sponsor] AS [Sponsor],       [Extent1].[BeginTime] AS [BeginTime],       [Extent1].[EndTime] AS [EndTime],       [Extent1].[Title] AS [Title],       [Extent1].[Description] AS [Description],       [Extent1].[Address] AS [Address],       [Extent1].[Images] AS [Images],       [Extent1].[Kind] AS [Kind],       [Extent1].[MaxUserCount] AS [MaxUserCount],       [Extent1].[DirectFriendVisible] AS [DirectFriendVisible],       [Extent1].[IsPublic] AS [IsPublic],       [Extent1].[LikeCount] AS [LikeCount],       [Extent1].[CommentCount] AS [CommentCount],       [Extent1].[VoteTitle] AS [VoteTitle],       [Extent1].[VoteChoicesJson] AS [VoteChoicesJson],       [Extent1].[VoteResult0Count] AS [VoteResult0Count],       [Extent1].[VoteResult1Count] AS [VoteResult1Count],       [Extent1].[VoteResult2Count] AS [VoteResult2Count],       [Extent1].[VoteResult3Count] AS [VoteResult3Count],       [Extent1].[VoteResult4Count] AS [VoteResult4Count],       [Extent1].[IsDisabled] AS [IsDisabled],       [Extent1].[CreatedTime] AS [CreatedTime]      FROM [dbo].[Parties] AS [Extent1]|
2015-11-03 11:20:27.1354|Debug|Shiju.Portal.Heart|  |
2015-11-03 11:20:27.1354|Debug|Shiju.Portal.Heart|-- Executing at 2015/11/3 11:20:27 +08:00  |
2015-11-03 11:20:27.1784|Debug|Shiju.Portal.Heart|-- Completed in 42 ms with result: SqlDataReader  |
2015-11-03 11:20:27.1784|Debug|Shiju.Portal.Heart|  |
2015-11-03 11:21:29.4707|Debug|Shiju.Portal.Heart|SELECT       [GroupBy1].[A1] AS [C1]      FROM ( SELECT           COUNT(1) AS [A1]          FROM [dbo].[Participants] AS [Extent1]          WHERE ([Extent1].[PartyId] = @p__linq__0) AND (@p__linq__0 IS NOT NULL)      )  AS [GroupBy1]|
2015-11-03 11:21:29.4707|Debug|Shiju.Portal.Heart|  |
2015-11-03 11:21:29.4707|Debug|Shiju.Portal.Heart|-- p__linq__0: '63f4e816-ac93-4e79-acfa-283bae241177' (Type = Guid)  |
2015-11-03 11:21:29.4707|Debug|Shiju.Portal.Heart|-- Executing at 2015/11/3 11:21:29 +08:00  |
2015-11-03 11:21:29.5977|Debug|Shiju.Portal.Heart|-- Completed in 123 ms with result: SqlDataReader  |
2015-11-03 11:21:29.5977|Debug|Shiju.Portal.Heart|  |
2015-11-03 11:26:01.4019|Debug|Shiju.Portal.Heart|SELECT       [Extent1].[Id] AS [Id],       [Extent1].[CreatorUserId] AS [CreatorUserId],       [Extent1].[Sponsor] AS [Sponsor],       [Extent1].[BeginTime] AS [BeginTime],       [Extent1].[EndTime] AS [EndTime],       [Extent1].[Title] AS [Title],       [Extent1].[Description] AS [Description],       [Extent1].[Address] AS [Address],       [Extent1].[Images] AS [Images],       [Extent1].[Kind] AS [Kind],       [Extent1].[MaxUserCount] AS [MaxUserCount],       [Extent1].[DirectFriendVisible] AS [DirectFriendVisible],       [Extent1].[IsPublic] AS [IsPublic],       [Extent1].[LikeCount] AS [LikeCount],       [Extent1].[CommentCount] AS [CommentCount],       [Extent1].[VoteTitle] AS [VoteTitle],       [Extent1].[VoteChoicesJson] AS [VoteChoicesJson],       [Extent1].[VoteResult0Count] AS [VoteResult0Count],       [Extent1].[VoteResult1Count] AS [VoteResult1Count],       [Extent1].[VoteResult2Count] AS [VoteResult2Count],       [Extent1].[VoteResult3Count] AS [VoteResult3Count],       [Extent1].[VoteResult4Count] AS [VoteResult4Count],       [Extent1].[IsDisabled] AS [IsDisabled],       [Extent1].[CreatedTime] AS [CreatedTime]      FROM [dbo].[Parties] AS [Extent1]|
2015-11-03 11:26:01.4019|Debug|Shiju.Portal.Heart|  |
2015-11-03 11:26:01.4019|Debug|Shiju.Portal.Heart|-- Executing at 2015/11/3 11:26:01 +08:00  |
2015-11-03 11:26:01.4239|Debug|Shiju.Portal.Heart|-- Completed in 21 ms with result: SqlDataReader  |
2015-11-03 11:26:01.4239|Debug|Shiju.Portal.Heart|  |
2015-11-03 11:26:08.7773|Debug|Shiju.Portal.Heart|SELECT       [GroupBy1].[A1] AS [C1]      FROM ( SELECT           COUNT(1) AS [A1]          FROM [dbo].[Participants] AS [Extent1]          WHERE ([Extent1].[PartyId] = @p__linq__0) AND (@p__linq__0 IS NOT NULL)      )  AS [GroupBy1]|
2015-11-03 11:26:08.7823|Debug|Shiju.Portal.Heart|  |
2015-11-03 11:26:08.7823|Debug|Shiju.Portal.Heart|-- p__linq__0: '63f4e816-ac93-4e79-acfa-283bae241177' (Type = Guid)  |
2015-11-03 11:26:08.7823|Debug|Shiju.Portal.Heart|-- Executing at 2015/11/3 11:26:08 +08:00  |
2015-11-03 11:26:08.8873|Debug|Shiju.Portal.Heart|-- Completed in 89 ms with result: SqlDataReader  |
2015-11-03 11:26:08.8873|Debug|Shiju.Portal.Heart|  |
2015-11-03 11:26:26.0841|Debug|Shiju.Portal.Heart|SELECT       [GroupBy1].[A1] AS [C1]      FROM ( SELECT           COUNT(1) AS [A1]          FROM [dbo].[Participants] AS [Extent1]          WHERE ([Extent1].[PartyId] = @p__linq__0) AND (@p__linq__0 IS NOT NULL)      )  AS [GroupBy1]|
2015-11-03 11:26:26.0841|Debug|Shiju.Portal.Heart|  |
2015-11-03 11:26:26.0841|Debug|Shiju.Portal.Heart|-- p__linq__0: '63f4e816-ac93-4e79-acfa-283bae241177' (Type = Guid)  |
2015-11-03 11:26:26.0841|Debug|Shiju.Portal.Heart|-- Executing at 2015/11/3 11:26:26 +08:00  |
2015-11-03 11:26:26.1471|Debug|Shiju.Portal.Heart|-- Completed in 61 ms with result: SqlDataReader  |
2015-11-03 11:26:26.1471|Debug|Shiju.Portal.Heart|  |
2015-11-03 11:27:44.9803|Debug|Shiju.Portal.Heart|SELECT       [Extent1].[Id] AS [Id],       [Extent1].[CreatorUserId] AS [CreatorUserId],       [Extent1].[Sponsor] AS [Sponsor],       [Extent1].[BeginTime] AS [BeginTime],       [Extent1].[EndTime] AS [EndTime],       [Extent1].[Title] AS [Title],       [Extent1].[Description] AS [Description],       [Extent1].[Address] AS [Address],       [Extent1].[Images] AS [Images],       [Extent1].[Kind] AS [Kind],       [Extent1].[MaxUserCount] AS [MaxUserCount],       [Extent1].[DirectFriendVisible] AS [DirectFriendVisible],       [Extent1].[IsPublic] AS [IsPublic],       [Extent1].[LikeCount] AS [LikeCount],       [Extent1].[CommentCount] AS [CommentCount],       [Extent1].[VoteTitle] AS [VoteTitle],       [Extent1].[VoteChoicesJson] AS [VoteChoicesJson],       [Extent1].[VoteResult0Count] AS [VoteResult0Count],       [Extent1].[VoteResult1Count] AS [VoteResult1Count],       [Extent1].[VoteResult2Count] AS [VoteResult2Count],       [Extent1].[VoteResult3Count] AS [VoteResult3Count],       [Extent1].[VoteResult4Count] AS [VoteResult4Count],       [Extent1].[IsDisabled] AS [IsDisabled],       [Extent1].[CreatedTime] AS [CreatedTime]      FROM [dbo].[Parties] AS [Extent1]|
2015-11-03 11:27:44.9803|Debug|Shiju.Portal.Heart|  |
2015-11-03 11:27:44.9803|Debug|Shiju.Portal.Heart|-- Executing at 2015/11/3 11:27:44 +08:00  |
2015-11-03 11:27:45.0054|Debug|Shiju.Portal.Heart|-- Completed in 24 ms with result: SqlDataReader  |
2015-11-03 11:27:45.0054|Debug|Shiju.Portal.Heart|  |
2015-11-03 11:27:48.4933|Debug|Shiju.Portal.Heart|SELECT       [GroupBy1].[A1] AS [C1]      FROM ( SELECT           COUNT(1) AS [A1]          FROM [dbo].[Participants] AS [Extent1]          WHERE ([Extent1].[PartyId] = @p__linq__0) AND (@p__linq__0 IS NOT NULL)      )  AS [GroupBy1]|
2015-11-03 11:27:48.4933|Debug|Shiju.Portal.Heart|  |
2015-11-03 11:27:48.4933|Debug|Shiju.Portal.Heart|-- p__linq__0: '63f4e816-ac93-4e79-acfa-283bae241177' (Type = Guid)  |
2015-11-03 11:27:48.4933|Debug|Shiju.Portal.Heart|-- Executing at 2015/11/3 11:27:48 +08:00  |
2015-11-03 11:27:48.6243|Debug|Shiju.Portal.Heart|-- Completed in 128 ms with result: SqlDataReader  |
2015-11-03 11:27:48.6243|Debug|Shiju.Portal.Heart|  |
2015-11-03 11:28:25.1089|Debug|Shiju.Portal.Heart|SELECT       [Extent1].[Id] AS [Id],       [Extent1].[CreatorUserId] AS [CreatorUserId],       [Extent1].[Sponsor] AS [Sponsor],       [Extent1].[BeginTime] AS [BeginTime],       [Extent1].[EndTime] AS [EndTime],       [Extent1].[Title] AS [Title],       [Extent1].[Description] AS [Description],       [Extent1].[Address] AS [Address],       [Extent1].[Images] AS [Images],       [Extent1].[Kind] AS [Kind],       [Extent1].[MaxUserCount] AS [MaxUserCount],       [Extent1].[DirectFriendVisible] AS [DirectFriendVisible],       [Extent1].[IsPublic] AS [IsPublic],       [Extent1].[LikeCount] AS [LikeCount],       [Extent1].[CommentCount] AS [CommentCount],       [Extent1].[VoteTitle] AS [VoteTitle],       [Extent1].[VoteChoicesJson] AS [VoteChoicesJson],       [Extent1].[VoteResult0Count] AS [VoteResult0Count],       [Extent1].[VoteResult1Count] AS [VoteResult1Count],       [Extent1].[VoteResult2Count] AS [VoteResult2Count],       [Extent1].[VoteResult3Count] AS [VoteResult3Count],       [Extent1].[VoteResult4Count] AS [VoteResult4Count],       [Extent1].[IsDisabled] AS [IsDisabled],       [Extent1].[CreatedTime] AS [CreatedTime]      FROM [dbo].[Parties] AS [Extent1]|
2015-11-03 11:28:25.1089|Debug|Shiju.Portal.Heart|  |
2015-11-03 11:28:25.1089|Debug|Shiju.Portal.Heart|-- Executing at 2015/11/3 11:28:25 +08:00  |
2015-11-03 11:28:25.1379|Debug|Shiju.Portal.Heart|-- Completed in 27 ms with result: SqlDataReader  |
2015-11-03 11:28:25.1379|Debug|Shiju.Portal.Heart|  |
2015-11-03 11:28:56.1924|Debug|Shiju.Portal.Heart|SELECT       [Extent1].[Id] AS [Id],       [Extent1].[CreatorUserId] AS [CreatorUserId],       [Extent1].[Sponsor] AS [Sponsor],       [Extent1].[BeginTime] AS [BeginTime],       [Extent1].[EndTime] AS [EndTime],       [Extent1].[Title] AS [Title],       [Extent1].[Description] AS [Description],       [Extent1].[Address] AS [Address],       [Extent1].[Images] AS [Images],       [Extent1].[Kind] AS [Kind],       [Extent1].[MaxUserCount] AS [MaxUserCount],       [Extent1].[DirectFriendVisible] AS [DirectFriendVisible],       [Extent1].[IsPublic] AS [IsPublic],       [Extent1].[LikeCount] AS [LikeCount],       [Extent1].[CommentCount] AS [CommentCount],       [Extent1].[VoteTitle] AS [VoteTitle],       [Extent1].[VoteChoicesJson] AS [VoteChoicesJson],       [Extent1].[VoteResult0Count] AS [VoteResult0Count],       [Extent1].[VoteResult1Count] AS [VoteResult1Count],       [Extent1].[VoteResult2Count] AS [VoteResult2Count],       [Extent1].[VoteResult3Count] AS [VoteResult3Count],       [Extent1].[VoteResult4Count] AS [VoteResult4Count],       [Extent1].[IsDisabled] AS [IsDisabled],       [Extent1].[CreatedTime] AS [CreatedTime]      FROM [dbo].[Parties] AS [Extent1]|
2015-11-03 11:28:56.1924|Debug|Shiju.Portal.Heart|  |
2015-11-03 11:28:56.1924|Debug|Shiju.Portal.Heart|-- Executing at 2015/11/3 11:28:56 +08:00  |
2015-11-03 11:28:56.3114|Debug|Shiju.Portal.Heart|-- Completed in 117 ms with result: SqlDataReader  |
2015-11-03 11:28:56.3114|Debug|Shiju.Portal.Heart|  |
2015-11-03 11:28:59.9684|Debug|Shiju.Portal.Heart|SELECT       [GroupBy1].[A1] AS [C1]      FROM ( SELECT           COUNT(1) AS [A1]          FROM [dbo].[Participants] AS [Extent1]          WHERE ([Extent1].[PartyId] = @p__linq__0) AND (@p__linq__0 IS NOT NULL)      )  AS [GroupBy1]|
2015-11-03 11:28:59.9684|Debug|Shiju.Portal.Heart|  |
2015-11-03 11:28:59.9684|Debug|Shiju.Portal.Heart|-- p__linq__0: 'dbb1ecfe-e71a-4f4d-b503-62bd939ade50' (Type = Guid)  |
2015-11-03 11:28:59.9684|Debug|Shiju.Portal.Heart|-- Executing at 2015/11/3 11:28:59 +08:00  |
2015-11-03 11:29:00.0384|Debug|Shiju.Portal.Heart|-- Completed in 61 ms with result: SqlDataReader  |
2015-11-03 11:29:00.0384|Debug|Shiju.Portal.Heart|  |
2015-11-03 11:30:36.7022|Debug|Shiju.Portal.Heart|SELECT       [Extent1].[Id] AS [Id],       [Extent1].[CreatorUserId] AS [CreatorUserId],       [Extent1].[Sponsor] AS [Sponsor],       [Extent1].[BeginTime] AS [BeginTime],       [Extent1].[EndTime] AS [EndTime],       [Extent1].[Title] AS [Title],       [Extent1].[Description] AS [Description],       [Extent1].[Address] AS [Address],       [Extent1].[Images] AS [Images],       [Extent1].[Kind] AS [Kind],       [Extent1].[MaxUserCount] AS [MaxUserCount],       [Extent1].[DirectFriendVisible] AS [DirectFriendVisible],       [Extent1].[IsPublic] AS [IsPublic],       [Extent1].[LikeCount] AS [LikeCount],       [Extent1].[CommentCount] AS [CommentCount],       [Extent1].[VoteTitle] AS [VoteTitle],       [Extent1].[VoteChoicesJson] AS [VoteChoicesJson],       [Extent1].[VoteResult0Count] AS [VoteResult0Count],       [Extent1].[VoteResult1Count] AS [VoteResult1Count],       [Extent1].[VoteResult2Count] AS [VoteResult2Count],       [Extent1].[VoteResult3Count] AS [VoteResult3Count],       [Extent1].[VoteResult4Count] AS [VoteResult4Count],       [Extent1].[IsDisabled] AS [IsDisabled],       [Extent1].[CreatedTime] AS [CreatedTime]      FROM [dbo].[Parties] AS [Extent1]|
2015-11-03 11:30:36.7022|Debug|Shiju.Portal.Heart|  |
2015-11-03 11:30:36.7022|Debug|Shiju.Portal.Heart|-- Executing at 2015/11/3 11:30:36 +08:00  |
2015-11-03 11:30:36.7402|Debug|Shiju.Portal.Heart|-- Completed in 36 ms with result: SqlDataReader  |
2015-11-03 11:30:36.7402|Debug|Shiju.Portal.Heart|  |
2015-11-03 11:31:13.1162|Debug|Shiju.Portal.Heart|SELECT       [Extent1].[Id] AS [Id],       [Extent1].[CreatorUserId] AS [CreatorUserId],       [Extent1].[Sponsor] AS [Sponsor],       [Extent1].[BeginTime] AS [BeginTime],       [Extent1].[EndTime] AS [EndTime],       [Extent1].[Title] AS [Title],       [Extent1].[Description] AS [Description],       [Extent1].[Address] AS [Address],       [Extent1].[Images] AS [Images],       [Extent1].[Kind] AS [Kind],       [Extent1].[MaxUserCount] AS [MaxUserCount],       [Extent1].[DirectFriendVisible] AS [DirectFriendVisible],       [Extent1].[IsPublic] AS [IsPublic],       [Extent1].[LikeCount] AS [LikeCount],       [Extent1].[CommentCount] AS [CommentCount],       [Extent1].[VoteTitle] AS [VoteTitle],       [Extent1].[VoteChoicesJson] AS [VoteChoicesJson],       [Extent1].[VoteResult0Count] AS [VoteResult0Count],       [Extent1].[VoteResult1Count] AS [VoteResult1Count],       [Extent1].[VoteResult2Count] AS [VoteResult2Count],       [Extent1].[VoteResult3Count] AS [VoteResult3Count],       [Extent1].[VoteResult4Count] AS [VoteResult4Count],       [Extent1].[IsDisabled] AS [IsDisabled],       [Extent1].[CreatedTime] AS [CreatedTime]      FROM [dbo].[Parties] AS [Extent1]|
2015-11-03 11:31:13.1162|Debug|Shiju.Portal.Heart|  |
2015-11-03 11:31:13.1162|Debug|Shiju.Portal.Heart|-- Executing at 2015/11/3 11:31:13 +08:00  |
2015-11-03 11:31:13.1628|Debug|Shiju.Portal.Heart|-- Completed in 44 ms with result: SqlDataReader  |
2015-11-03 11:31:13.1628|Debug|Shiju.Portal.Heart|  |
2015-11-03 11:46:29.2317|Debug|Shiju.Portal.Heart|SELECT       [GroupBy1].[A1] AS [C1]      FROM ( SELECT           COUNT(1) AS [A1]          FROM [dbo].[Participants] AS [Extent1]          WHERE ([Extent1].[PartyId] = @p__linq__0) AND (@p__linq__0 IS NOT NULL)      )  AS [GroupBy1]|
2015-11-03 11:46:29.2327|Debug|Shiju.Portal.Heart|  |
2015-11-03 11:46:29.2327|Debug|Shiju.Portal.Heart|-- p__linq__0: '34aa4983-5fae-4800-9ac3-520665e60f6c' (Type = Guid)  |
2015-11-03 11:46:29.2327|Debug|Shiju.Portal.Heart|-- Executing at 2015/11/3 11:46:29 +08:00  |
2015-11-03 11:46:29.3387|Debug|Shiju.Portal.Heart|-- Completed in 104 ms with result: SqlDataReader  |
2015-11-03 11:46:29.3387|Debug|Shiju.Portal.Heart|  |
2015-11-03 11:46:40.9829|Debug|Shiju.Portal.Heart|SELECT       [GroupBy1].[A1] AS [C1]      FROM ( SELECT           COUNT(1) AS [A1]          FROM [dbo].[Participants] AS [Extent1]          WHERE ([Extent1].[PartyId] = @p__linq__0) AND (@p__linq__0 IS NOT NULL)      )  AS [GroupBy1]|
2015-11-03 11:46:40.9829|Debug|Shiju.Portal.Heart|  |
2015-11-03 11:46:40.9829|Debug|Shiju.Portal.Heart|-- p__linq__0: '34aa4983-5fae-4800-9ac3-520665e60f6c' (Type = Guid)  |
2015-11-03 11:46:40.9829|Debug|Shiju.Portal.Heart|-- Executing at 2015/11/3 11:46:40 +08:00  |
2015-11-03 11:46:41.0739|Debug|Shiju.Portal.Heart|-- Completed in 88 ms with result: SqlDataReader  |
2015-11-03 11:46:41.0739|Debug|Shiju.Portal.Heart|  |
2015-11-03 11:47:59.3647|Debug|Shiju.Portal.Heart|SELECT       [GroupBy1].[A1] AS [C1]      FROM ( SELECT           COUNT(1) AS [A1]          FROM [dbo].[Participants] AS [Extent1]          WHERE ([Extent1].[PartyId] = @p__linq__0) AND (@p__linq__0 IS NOT NULL)      )  AS [GroupBy1]|
2015-11-03 11:47:59.3647|Debug|Shiju.Portal.Heart|  |
2015-11-03 11:47:59.3647|Debug|Shiju.Portal.Heart|-- p__linq__0: '34aa4983-5fae-4800-9ac3-520665e60f6c' (Type = Guid)  |
2015-11-03 11:47:59.3647|Debug|Shiju.Portal.Heart|-- Executing at 2015/11/3 11:47:59 +08:00  |
2015-11-03 11:47:59.5287|Debug|Shiju.Portal.Heart|-- Completed in 161 ms with result: SqlDataReader  |
2015-11-03 11:47:59.5297|Debug|Shiju.Portal.Heart|  |
2015-11-03 11:50:02.3436|Debug|Shiju.Portal.Heart|SELECT       [Extent1].[Id] AS [Id],       [Extent1].[CreatorUserId] AS [CreatorUserId],       [Extent1].[Sponsor] AS [Sponsor],       [Extent1].[BeginTime] AS [BeginTime],       [Extent1].[EndTime] AS [EndTime],       [Extent1].[Title] AS [Title],       [Extent1].[Description] AS [Description],       [Extent1].[Address] AS [Address],       [Extent1].[Images] AS [Images],       [Extent1].[Kind] AS [Kind],       [Extent1].[MaxUserCount] AS [MaxUserCount],       [Extent1].[DirectFriendVisible] AS [DirectFriendVisible],       [Extent1].[IsPublic] AS [IsPublic],       [Extent1].[LikeCount] AS [LikeCount],       [Extent1].[CommentCount] AS [CommentCount],       [Extent1].[VoteTitle] AS [VoteTitle],       [Extent1].[VoteChoicesJson] AS [VoteChoicesJson],       [Extent1].[VoteResult0Count] AS [VoteResult0Count],       [Extent1].[VoteResult1Count] AS [VoteResult1Count],       [Extent1].[VoteResult2Count] AS [VoteResult2Count],       [Extent1].[VoteResult3Count] AS [VoteResult3Count],       [Extent1].[VoteResult4Count] AS [VoteResult4Count],       [Extent1].[IsDisabled] AS [IsDisabled],       [Extent1].[CreatedTime] AS [CreatedTime]      FROM [dbo].[Parties] AS [Extent1]|
2015-11-03 11:50:02.3436|Debug|Shiju.Portal.Heart|  |
2015-11-03 11:50:02.3436|Debug|Shiju.Portal.Heart|-- Executing at 2015/11/3 11:50:02 +08:00  |
2015-11-03 11:50:02.3686|Debug|Shiju.Portal.Heart|-- Completed in 25 ms with result: SqlDataReader  |
2015-11-03 11:50:02.3686|Debug|Shiju.Portal.Heart|  |
2015-11-03 11:50:06.7116|Debug|Shiju.Portal.Heart|SELECT       [GroupBy1].[A1] AS [C1]      FROM ( SELECT           COUNT(1) AS [A1]          FROM [dbo].[Participants] AS [Extent1]          WHERE ([Extent1].[PartyId] = @p__linq__0) AND (@p__linq__0 IS NOT NULL)      )  AS [GroupBy1]|
2015-11-03 11:50:06.7116|Debug|Shiju.Portal.Heart|  |
2015-11-03 11:50:06.7116|Debug|Shiju.Portal.Heart|-- p__linq__0: '34aa4983-5fae-4800-9ac3-520665e60f6c' (Type = Guid)  |
2015-11-03 11:50:06.7116|Debug|Shiju.Portal.Heart|-- Executing at 2015/11/3 11:50:06 +08:00  |
2015-11-03 11:50:06.7776|Debug|Shiju.Portal.Heart|-- Completed in 63 ms with result: SqlDataReader  |
2015-11-03 11:50:06.7776|Debug|Shiju.Portal.Heart|  |
2015-11-03 11:59:07.2003|Debug|Shiju.Portal.Heart|SELECT       [GroupBy1].[A1] AS [C1]      FROM ( SELECT           COUNT(1) AS [A1]          FROM [dbo].[Participants] AS [Extent1]          WHERE ([Extent1].[PartyId] = @p__linq__0) AND (@p__linq__0 IS NOT NULL)      )  AS [GroupBy1]|
2015-11-03 11:59:07.2003|Debug|Shiju.Portal.Heart|  |
2015-11-03 11:59:07.2003|Debug|Shiju.Portal.Heart|-- p__linq__0: '48fd86b6-0435-4486-9dc6-ebad2bbfe421' (Type = Guid)  |
2015-11-03 11:59:07.2003|Debug|Shiju.Portal.Heart|-- Executing at 2015/11/3 11:59:07 +08:00  |
2015-11-03 11:59:07.4843|Debug|Shiju.Portal.Heart|-- Completed in 282 ms with result: SqlDataReader  |
2015-11-03 11:59:07.4843|Debug|Shiju.Portal.Heart|  |
2015-11-03 11:59:28.0373|Debug|Shiju.Portal.Heart|SELECT       [GroupBy1].[A1] AS [C1]      FROM ( SELECT           COUNT(1) AS [A1]          FROM [dbo].[Participants] AS [Extent1]          WHERE ([Extent1].[PartyId] = @p__linq__0) AND (@p__linq__0 IS NOT NULL)      )  AS [GroupBy1]|
2015-11-03 11:59:28.0373|Debug|Shiju.Portal.Heart|  |
2015-11-03 11:59:28.0373|Debug|Shiju.Portal.Heart|-- p__linq__0: '48fd86b6-0435-4486-9dc6-ebad2bbfe421' (Type = Guid)  |
2015-11-03 11:59:28.0373|Debug|Shiju.Portal.Heart|-- Executing at 2015/11/3 11:59:28 +08:00  |
2015-11-03 11:59:28.1373|Debug|Shiju.Portal.Heart|-- Completed in 98 ms with result: SqlDataReader  |
2015-11-03 11:59:28.1373|Debug|Shiju.Portal.Heart|  |
2015-11-03 12:03:58.5036|Debug|Shiju.Portal.Heart|SELECT       [GroupBy1].[A1] AS [C1]      FROM ( SELECT           COUNT(1) AS [A1]          FROM [dbo].[Participants] AS [Extent1]          WHERE ([Extent1].[PartyId] = @p__linq__0) AND (@p__linq__0 IS NOT NULL)      )  AS [GroupBy1]|
2015-11-03 12:03:58.5036|Debug|Shiju.Portal.Heart|  |
2015-11-03 12:03:58.5036|Debug|Shiju.Portal.Heart|-- p__linq__0: '48fd86b6-0435-4486-9dc6-ebad2bbfe421' (Type = Guid)  |
2015-11-03 12:03:58.5036|Debug|Shiju.Portal.Heart|-- Executing at 2015/11/3 12:03:58 +08:00  |
2015-11-03 12:03:58.6216|Debug|Shiju.Portal.Heart|-- Completed in 115 ms with result: SqlDataReader  |
2015-11-03 12:03:58.6216|Debug|Shiju.Portal.Heart|  |
2015-11-03 12:38:27.9577|Debug|Shiju.Portal.Heart|SELECT       [GroupBy1].[A1] AS [C1]      FROM ( SELECT           COUNT(1) AS [A1]          FROM [dbo].[Participants] AS [Extent1]          WHERE ([Extent1].[PartyId] = @p__linq__0) AND (@p__linq__0 IS NOT NULL)      )  AS [GroupBy1]|
2015-11-03 12:38:27.9577|Debug|Shiju.Portal.Heart|  |
2015-11-03 12:38:27.9577|Debug|Shiju.Portal.Heart|-- p__linq__0: '48fd86b6-0435-4486-9dc6-ebad2bbfe421' (Type = Guid)  |
2015-11-03 12:38:27.9577|Debug|Shiju.Portal.Heart|-- Executing at 2015/11/3 12:38:27 +08:00  |
2015-11-03 12:38:28.1527|Debug|Shiju.Portal.Heart|-- Completed in 193 ms with result: SqlDataReader  |
2015-11-03 12:38:28.1527|Debug|Shiju.Portal.Heart|  |
2015-11-03 12:42:13.0818|Debug|Shiju.Portal.Heart|SELECT       [Extent1].[Id] AS [Id],       [Extent1].[CreatorUserId] AS [CreatorUserId],       [Extent1].[Sponsor] AS [Sponsor],       [Extent1].[BeginTime] AS [BeginTime],       [Extent1].[EndTime] AS [EndTime],       [Extent1].[Title] AS [Title],       [Extent1].[Description] AS [Description],       [Extent1].[Address] AS [Address],       [Extent1].[Images] AS [Images],       [Extent1].[Kind] AS [Kind],       [Extent1].[MaxUserCount] AS [MaxUserCount],       [Extent1].[DirectFriendVisible] AS [DirectFriendVisible],       [Extent1].[IsPublic] AS [IsPublic],       [Extent1].[LikeCount] AS [LikeCount],       [Extent1].[CommentCount] AS [CommentCount],       [Extent1].[VoteTitle] AS [VoteTitle],       [Extent1].[VoteChoicesJson] AS [VoteChoicesJson],       [Extent1].[VoteResult0Count] AS [VoteResult0Count],       [Extent1].[VoteResult1Count] AS [VoteResult1Count],       [Extent1].[VoteResult2Count] AS [VoteResult2Count],       [Extent1].[VoteResult3Count] AS [VoteResult3Count],       [Extent1].[VoteResult4Count] AS [VoteResult4Count],       [Extent1].[IsDisabled] AS [IsDisabled],       [Extent1].[CreatedTime] AS [CreatedTime]      FROM [dbo].[Parties] AS [Extent1]|
2015-11-03 12:42:13.0818|Debug|Shiju.Portal.Heart|  |
2015-11-03 12:42:13.0818|Debug|Shiju.Portal.Heart|-- Executing at 2015/11/3 12:42:13 +08:00  |
2015-11-03 12:42:13.1178|Debug|Shiju.Portal.Heart|-- Completed in 35 ms with result: SqlDataReader  |
2015-11-03 12:42:13.1178|Debug|Shiju.Portal.Heart|  |
2015-11-03 12:42:23.1748|Debug|Shiju.Portal.Heart|SELECT       [GroupBy1].[A1] AS [C1]      FROM ( SELECT           COUNT(1) AS [A1]          FROM [dbo].[Participants] AS [Extent1]          WHERE ([Extent1].[PartyId] = @p__linq__0) AND (@p__linq__0 IS NOT NULL)      )  AS [GroupBy1]|
2015-11-03 12:42:23.1748|Debug|Shiju.Portal.Heart|  |
2015-11-03 12:42:23.1748|Debug|Shiju.Portal.Heart|-- p__linq__0: '48fd86b6-0435-4486-9dc6-ebad2bbfe421' (Type = Guid)  |
2015-11-03 12:42:23.1748|Debug|Shiju.Portal.Heart|-- Executing at 2015/11/3 12:42:23 +08:00  |
2015-11-03 12:42:23.2718|Debug|Shiju.Portal.Heart|-- Completed in 94 ms with result: SqlDataReader  |
2015-11-03 12:42:23.2718|Debug|Shiju.Portal.Heart|  |
2015-11-03 12:43:00.2330|Debug|Shiju.Portal.Heart|SELECT       [GroupBy1].[A1] AS [C1]      FROM ( SELECT           COUNT(1) AS [A1]          FROM [dbo].[Participants] AS [Extent1]          WHERE ([Extent1].[PartyId] = @p__linq__0) AND (@p__linq__0 IS NOT NULL)      )  AS [GroupBy1]|
2015-11-03 12:43:00.2330|Debug|Shiju.Portal.Heart|  |
2015-11-03 12:43:00.2330|Debug|Shiju.Portal.Heart|-- p__linq__0: '48fd86b6-0435-4486-9dc6-ebad2bbfe421' (Type = Guid)  |
2015-11-03 12:43:00.2330|Debug|Shiju.Portal.Heart|-- Executing at 2015/11/3 12:43:00 +08:00  |
2015-11-03 12:43:00.3310|Debug|Shiju.Portal.Heart|-- Completed in 96 ms with result: SqlDataReader  |
2015-11-03 12:43:00.3310|Debug|Shiju.Portal.Heart|  |
2015-11-03 12:45:16.7360|Debug|Shiju.Portal.Heart|SELECT       [Extent1].[Id] AS [Id],       [Extent1].[CreatorUserId] AS [CreatorUserId],       [Extent1].[Sponsor] AS [Sponsor],       [Extent1].[BeginTime] AS [BeginTime],       [Extent1].[EndTime] AS [EndTime],       [Extent1].[Title] AS [Title],       [Extent1].[Description] AS [Description],       [Extent1].[Address] AS [Address],       [Extent1].[Images] AS [Images],       [Extent1].[Kind] AS [Kind],       [Extent1].[MaxUserCount] AS [MaxUserCount],       [Extent1].[DirectFriendVisible] AS [DirectFriendVisible],       [Extent1].[IsPublic] AS [IsPublic],       [Extent1].[LikeCount] AS [LikeCount],       [Extent1].[CommentCount] AS [CommentCount],       [Extent1].[VoteTitle] AS [VoteTitle],       [Extent1].[VoteChoicesJson] AS [VoteChoicesJson],       [Extent1].[VoteResult0Count] AS [VoteResult0Count],       [Extent1].[VoteResult1Count] AS [VoteResult1Count],       [Extent1].[VoteResult2Count] AS [VoteResult2Count],       [Extent1].[VoteResult3Count] AS [VoteResult3Count],       [Extent1].[VoteResult4Count] AS [VoteResult4Count],       [Extent1].[IsDisabled] AS [IsDisabled],       [Extent1].[CreatedTime] AS [CreatedTime]      FROM [dbo].[Parties] AS [Extent1]|
2015-11-03 12:45:16.7360|Debug|Shiju.Portal.Heart|  |
2015-11-03 12:45:16.7360|Debug|Shiju.Portal.Heart|-- Executing at 2015/11/3 12:45:16 +08:00  |
2015-11-03 12:45:16.7670|Debug|Shiju.Portal.Heart|-- Completed in 29 ms with result: SqlDataReader  |
2015-11-03 12:45:16.7670|Debug|Shiju.Portal.Heart|  |
2015-11-03 12:45:19.2060|Debug|Shiju.Portal.Heart|SELECT       [GroupBy1].[A1] AS [C1]      FROM ( SELECT           COUNT(1) AS [A1]          FROM [dbo].[Participants] AS [Extent1]          WHERE ([Extent1].[PartyId] = @p__linq__0) AND (@p__linq__0 IS NOT NULL)      )  AS [GroupBy1]|
2015-11-03 12:45:19.2060|Debug|Shiju.Portal.Heart|  |
2015-11-03 12:45:19.2090|Debug|Shiju.Portal.Heart|-- p__linq__0: '48fd86b6-0435-4486-9dc6-ebad2bbfe421' (Type = Guid)  |
2015-11-03 12:45:19.2090|Debug|Shiju.Portal.Heart|-- Executing at 2015/11/3 12:45:19 +08:00  |
2015-11-03 12:45:19.2610|Debug|Shiju.Portal.Heart|-- Completed in 47 ms with result: SqlDataReader  |
2015-11-03 12:45:19.2610|Debug|Shiju.Portal.Heart|  |
2015-11-03 13:36:03.9655|Debug|Shiju.Portal.Heart|SELECT       [GroupBy1].[A1] AS [C1]      FROM ( SELECT           COUNT(1) AS [A1]          FROM [dbo].[Participants] AS [Extent1]          WHERE ([Extent1].[PartyId] = @p__linq__0) AND (@p__linq__0 IS NOT NULL)      )  AS [GroupBy1]|
2015-11-03 13:36:03.9655|Debug|Shiju.Portal.Heart|  |
2015-11-03 13:36:03.9655|Debug|Shiju.Portal.Heart|-- p__linq__0: '63f4e816-ac93-4e79-acfa-283bae241177' (Type = Guid)  |
2015-11-03 13:36:03.9655|Debug|Shiju.Portal.Heart|-- Executing at 2015/11/3 13:36:03 +08:00  |
2015-11-03 13:36:04.0995|Debug|Shiju.Portal.Heart|-- Completed in 133 ms with result: SqlDataReader  |
2015-11-03 13:36:04.0995|Debug|Shiju.Portal.Heart|  |
2015-11-03 13:36:14.4571|Debug|Shiju.Portal.Heart|SELECT       [GroupBy1].[A1] AS [C1]      FROM ( SELECT           COUNT(1) AS [A1]          FROM [dbo].[Participants] AS [Extent1]          WHERE ([Extent1].[PartyId] = @p__linq__0) AND (@p__linq__0 IS NOT NULL)      )  AS [GroupBy1]|
2015-11-03 13:36:14.4571|Debug|Shiju.Portal.Heart|  |
2015-11-03 13:36:14.4571|Debug|Shiju.Portal.Heart|-- p__linq__0: '48fd86b6-0435-4486-9dc6-ebad2bbfe421' (Type = Guid)  |
2015-11-03 13:36:14.4571|Debug|Shiju.Portal.Heart|-- Executing at 2015/11/3 13:36:14 +08:00  |
2015-11-03 13:36:14.5843|Debug|Shiju.Portal.Heart|-- Completed in 121 ms with result: SqlDataReader  |
2015-11-03 13:36:14.5843|Debug|Shiju.Portal.Heart|  |
2015-11-03 13:40:32.6220|Debug|Shiju.Portal.Heart|SELECT       [GroupBy1].[A1] AS [C1]      FROM ( SELECT           COUNT(1) AS [A1]          FROM [dbo].[Participants] AS [Extent1]          WHERE ([Extent1].[PartyId] = @p__linq__0) AND (@p__linq__0 IS NOT NULL)      )  AS [GroupBy1]|
2015-11-03 13:40:32.6320|Debug|Shiju.Portal.Heart|  |
2015-11-03 13:40:32.6540|Debug|Shiju.Portal.Heart|-- p__linq__0: '63f4e816-ac93-4e79-acfa-283bae241177' (Type = Guid)  |
2015-11-03 13:40:32.6540|Debug|Shiju.Portal.Heart|-- Executing at 2015/11/3 13:40:32 +08:00  |
2015-11-03 13:40:32.8890|Debug|Shiju.Portal.Heart|-- Completed in 232 ms with result: SqlDataReader  |
2015-11-03 13:40:32.8890|Debug|Shiju.Portal.Heart|  |
2015-11-03 13:40:45.3846|Debug|Shiju.Portal.Heart|SELECT       [Extent1].[Id] AS [Id],       [Extent1].[CreatorUserId] AS [CreatorUserId],       [Extent1].[Sponsor] AS [Sponsor],       [Extent1].[BeginTime] AS [BeginTime],       [Extent1].[EndTime] AS [EndTime],       [Extent1].[Title] AS [Title],       [Extent1].[Description] AS [Description],       [Extent1].[Address] AS [Address],       [Extent1].[Images] AS [Images],       [Extent1].[Kind] AS [Kind],       [Extent1].[MaxUserCount] AS [MaxUserCount],       [Extent1].[DirectFriendVisible] AS [DirectFriendVisible],       [Extent1].[IsPublic] AS [IsPublic],       [Extent1].[LikeCount] AS [LikeCount],       [Extent1].[CommentCount] AS [CommentCount],       [Extent1].[VoteTitle] AS [VoteTitle],       [Extent1].[VoteChoicesJson] AS [VoteChoicesJson],       [Extent1].[VoteResult0Count] AS [VoteResult0Count],       [Extent1].[VoteResult1Count] AS [VoteResult1Count],       [Extent1].[VoteResult2Count] AS [VoteResult2Count],       [Extent1].[VoteResult3Count] AS [VoteResult3Count],       [Extent1].[VoteResult4Count] AS [VoteResult4Count],       [Extent1].[IsDisabled] AS [IsDisabled],       [Extent1].[CreatedTime] AS [CreatedTime]      FROM [dbo].[Parties] AS [Extent1]|
2015-11-03 13:40:45.3946|Debug|Shiju.Portal.Heart|  |
2015-11-03 13:40:45.4716|Debug|Shiju.Portal.Heart|-- Executing at 2015/11/3 13:40:45 +08:00  |
2015-11-03 13:40:45.5306|Debug|Shiju.Portal.Heart|-- Completed in 57 ms with result: SqlDataReader  |
2015-11-03 13:40:45.5306|Debug|Shiju.Portal.Heart|  |
2015-11-03 13:40:51.5693|Debug|Shiju.Portal.Heart|SELECT       [GroupBy1].[A1] AS [C1]      FROM ( SELECT           COUNT(1) AS [A1]          FROM [dbo].[Participants] AS [Extent1]          WHERE ([Extent1].[PartyId] = @p__linq__0) AND (@p__linq__0 IS NOT NULL)      )  AS [GroupBy1]|
2015-11-03 13:40:51.5693|Debug|Shiju.Portal.Heart|  |
2015-11-03 13:40:51.5693|Debug|Shiju.Portal.Heart|-- p__linq__0: '63f4e816-ac93-4e79-acfa-283bae241177' (Type = Guid)  |
2015-11-03 13:40:51.5693|Debug|Shiju.Portal.Heart|-- Executing at 2015/11/3 13:40:51 +08:00  |
2015-11-03 13:40:51.6333|Debug|Shiju.Portal.Heart|-- Completed in 62 ms with result: SqlDataReader  |
2015-11-03 13:40:51.6333|Debug|Shiju.Portal.Heart|  |
2015-11-03 13:50:25.1402|Debug|Shiju.Portal.Heart|SELECT       [Extent1].[Id] AS [Id],       [Extent1].[Status] AS [Status],       [Extent1].[PhoneNumber] AS [PhoneNumber],       [Extent1].[NickName] AS [NickName],       [Extent1].[Signature] AS [Signature],       [Extent1].[Portrait] AS [Portrait],       [Extent1].[Gender] AS [Gender],       [Extent1].[District] AS [District],       [Extent1].[BackgroundImage] AS [BackgroundImage],       [Extent1].[NeedNotification] AS [NeedNotification],       [Extent1].[CreatedTime] AS [CreatedTime],       [Extent1].[SignUpTime] AS [SignUpTime]      FROM [dbo].[Users] AS [Extent1]|
2015-11-03 13:50:25.1402|Debug|Shiju.Portal.Heart|  |
2015-11-03 13:50:25.1402|Debug|Shiju.Portal.Heart|-- Executing at 2015/11/3 13:50:25 +08:00  |
2015-11-03 13:50:25.4402|Debug|Shiju.Portal.Heart|-- Completed in 302 ms with result: SqlDataReader  |
2015-11-03 13:50:25.4562|Debug|Shiju.Portal.Heart|  |
2015-11-03 13:50:48.9386|Debug|Shiju.Portal.Heart|SELECT       [Extent1].[Id] AS [Id],       [Extent1].[CreatorUserId] AS [CreatorUserId],       [Extent1].[Sponsor] AS [Sponsor],       [Extent1].[BeginTime] AS [BeginTime],       [Extent1].[EndTime] AS [EndTime],       [Extent1].[Title] AS [Title],       [Extent1].[Description] AS [Description],       [Extent1].[Address] AS [Address],       [Extent1].[Images] AS [Images],       [Extent1].[Kind] AS [Kind],       [Extent1].[MaxUserCount] AS [MaxUserCount],       [Extent1].[DirectFriendVisible] AS [DirectFriendVisible],       [Extent1].[IsPublic] AS [IsPublic],       [Extent1].[LikeCount] AS [LikeCount],       [Extent1].[CommentCount] AS [CommentCount],       [Extent1].[VoteTitle] AS [VoteTitle],       [Extent1].[VoteChoicesJson] AS [VoteChoicesJson],       [Extent1].[VoteResult0Count] AS [VoteResult0Count],       [Extent1].[VoteResult1Count] AS [VoteResult1Count],       [Extent1].[VoteResult2Count] AS [VoteResult2Count],       [Extent1].[VoteResult3Count] AS [VoteResult3Count],       [Extent1].[VoteResult4Count] AS [VoteResult4Count],       [Extent1].[IsDisabled] AS [IsDisabled],       [Extent1].[CreatedTime] AS [CreatedTime]      FROM [dbo].[Parties] AS [Extent1]|
2015-11-03 13:50:48.9386|Debug|Shiju.Portal.Heart|  |
2015-11-03 13:50:48.9386|Debug|Shiju.Portal.Heart|-- Executing at 2015/11/3 13:50:48 +08:00  |
2015-11-03 13:50:48.9746|Debug|Shiju.Portal.Heart|-- Completed in 34 ms with result: SqlDataReader  |
2015-11-03 13:50:48.9746|Debug|Shiju.Portal.Heart|  |
2015-11-03 13:50:52.3621|Debug|Shiju.Portal.Heart|SELECT       [GroupBy1].[A1] AS [C1]      FROM ( SELECT           COUNT(1) AS [A1]          FROM [dbo].[Participants] AS [Extent1]          WHERE ([Extent1].[PartyId] = @p__linq__0) AND (@p__linq__0 IS NOT NULL)      )  AS [GroupBy1]|
2015-11-03 13:50:52.3651|Debug|Shiju.Portal.Heart|  |
2015-11-03 13:50:52.3651|Debug|Shiju.Portal.Heart|-- p__linq__0: '63f4e816-ac93-4e79-acfa-283bae241177' (Type = Guid)  |
2015-11-03 13:50:52.3651|Debug|Shiju.Portal.Heart|-- Executing at 2015/11/3 13:50:52 +08:00  |
2015-11-03 13:50:52.5451|Debug|Shiju.Portal.Heart|-- Completed in 179 ms with result: SqlDataReader  |
2015-11-03 13:50:52.5451|Debug|Shiju.Portal.Heart|  |
2015-11-03 13:55:42.8300|Debug|Shiju.Portal.Heart|SELECT       [Extent1].[Id] AS [Id],       [Extent1].[CreatorUserId] AS [CreatorUserId],       [Extent1].[Sponsor] AS [Sponsor],       [Extent1].[BeginTime] AS [BeginTime],       [Extent1].[EndTime] AS [EndTime],       [Extent1].[Title] AS [Title],       [Extent1].[Description] AS [Description],       [Extent1].[Address] AS [Address],       [Extent1].[Images] AS [Images],       [Extent1].[Kind] AS [Kind],       [Extent1].[MaxUserCount] AS [MaxUserCount],       [Extent1].[DirectFriendVisible] AS [DirectFriendVisible],       [Extent1].[IsPublic] AS [IsPublic],       [Extent1].[LikeCount] AS [LikeCount],       [Extent1].[CommentCount] AS [CommentCount],       [Extent1].[VoteTitle] AS [VoteTitle],       [Extent1].[VoteChoicesJson] AS [VoteChoicesJson],       [Extent1].[VoteResult0Count] AS [VoteResult0Count],       [Extent1].[VoteResult1Count] AS [VoteResult1Count],       [Extent1].[VoteResult2Count] AS [VoteResult2Count],       [Extent1].[VoteResult3Count] AS [VoteResult3Count],       [Extent1].[VoteResult4Count] AS [VoteResult4Count],       [Extent1].[IsDisabled] AS [IsDisabled],       [Extent1].[CreatedTime] AS [CreatedTime]      FROM [dbo].[Parties] AS [Extent1]|
2015-11-03 13:55:42.8640|Debug|Shiju.Portal.Heart|  |
2015-11-03 13:55:42.8640|Debug|Shiju.Portal.Heart|-- Executing at 2015/11/3 13:55:42 +08:00  |
2015-11-03 13:55:42.9380|Debug|Shiju.Portal.Heart|-- Completed in 69 ms with result: SqlDataReader  |
2015-11-03 13:55:42.9390|Debug|Shiju.Portal.Heart|  |
2015-11-03 13:56:08.0497|Debug|Shiju.Portal.Heart|SELECT       [Extent1].[Id] AS [Id],       [Extent1].[CreatorUserId] AS [CreatorUserId],       [Extent1].[Sponsor] AS [Sponsor],       [Extent1].[BeginTime] AS [BeginTime],       [Extent1].[EndTime] AS [EndTime],       [Extent1].[Title] AS [Title],       [Extent1].[Description] AS [Description],       [Extent1].[Address] AS [Address],       [Extent1].[Images] AS [Images],       [Extent1].[Kind] AS [Kind],       [Extent1].[MaxUserCount] AS [MaxUserCount],       [Extent1].[DirectFriendVisible] AS [DirectFriendVisible],       [Extent1].[IsPublic] AS [IsPublic],       [Extent1].[LikeCount] AS [LikeCount],       [Extent1].[CommentCount] AS [CommentCount],       [Extent1].[VoteTitle] AS [VoteTitle],       [Extent1].[VoteChoicesJson] AS [VoteChoicesJson],       [Extent1].[VoteResult0Count] AS [VoteResult0Count],       [Extent1].[VoteResult1Count] AS [VoteResult1Count],       [Extent1].[VoteResult2Count] AS [VoteResult2Count],       [Extent1].[VoteResult3Count] AS [VoteResult3Count],       [Extent1].[VoteResult4Count] AS [VoteResult4Count],       [Extent1].[IsDisabled] AS [IsDisabled],       [Extent1].[CreatedTime] AS [CreatedTime]      FROM [dbo].[Parties] AS [Extent1]|
2015-11-03 13:56:08.0497|Debug|Shiju.Portal.Heart|  |
2015-11-03 13:56:08.0497|Debug|Shiju.Portal.Heart|-- Executing at 2015/11/3 13:56:08 +08:00  |
2015-11-03 13:56:08.6187|Debug|Shiju.Portal.Heart|-- Completed in 568 ms with result: SqlDataReader  |
2015-11-03 13:56:08.6187|Debug|Shiju.Portal.Heart|  |
2015-11-03 13:56:36.2729|Debug|Shiju.Portal.Heart|SELECT       [Extent1].[Id] AS [Id],       [Extent1].[Status] AS [Status],       [Extent1].[PhoneNumber] AS [PhoneNumber],       [Extent1].[NickName] AS [NickName],       [Extent1].[Signature] AS [Signature],       [Extent1].[Portrait] AS [Portrait],       [Extent1].[Gender] AS [Gender],       [Extent1].[District] AS [District],       [Extent1].[BackgroundImage] AS [BackgroundImage],       [Extent1].[NeedNotification] AS [NeedNotification],       [Extent1].[CreatedTime] AS [CreatedTime],       [Extent1].[SignUpTime] AS [SignUpTime]      FROM [dbo].[Users] AS [Extent1]|
2015-11-03 13:56:36.2729|Debug|Shiju.Portal.Heart|  |
2015-11-03 13:56:36.2729|Debug|Shiju.Portal.Heart|-- Executing at 2015/11/3 13:56:36 +08:00  |
2015-11-03 13:56:36.9336|Debug|Shiju.Portal.Heart|-- Completed in 660 ms with result: SqlDataReader  |
2015-11-03 13:56:36.9416|Debug|Shiju.Portal.Heart|  |
2015-11-03 13:57:10.0123|Debug|Shiju.Portal.Heart|SELECT       [Extent1].[Id] AS [Id],       [Extent1].[Status] AS [Status],       [Extent1].[PhoneNumber] AS [PhoneNumber],       [Extent1].[NickName] AS [NickName],       [Extent1].[Signature] AS [Signature],       [Extent1].[Portrait] AS [Portrait],       [Extent1].[Gender] AS [Gender],       [Extent1].[District] AS [District],       [Extent1].[BackgroundImage] AS [BackgroundImage],       [Extent1].[NeedNotification] AS [NeedNotification],       [Extent1].[CreatedTime] AS [CreatedTime],       [Extent1].[SignUpTime] AS [SignUpTime]      FROM [dbo].[Users] AS [Extent1]|
2015-11-03 13:57:10.0153|Debug|Shiju.Portal.Heart|  |
2015-11-03 13:57:10.0153|Debug|Shiju.Portal.Heart|-- Executing at 2015/11/3 13:57:10 +08:00  |
2015-11-03 13:57:10.2793|Debug|Shiju.Portal.Heart|-- Completed in 259 ms with result: SqlDataReader  |
2015-11-03 13:57:10.2793|Debug|Shiju.Portal.Heart|  |
2015-11-03 13:57:33.7557|Debug|Shiju.Portal.Heart|SELECT       [Extent1].[Id] AS [Id],       [Extent1].[CreatorUserId] AS [CreatorUserId],       [Extent1].[Sponsor] AS [Sponsor],       [Extent1].[BeginTime] AS [BeginTime],       [Extent1].[EndTime] AS [EndTime],       [Extent1].[Title] AS [Title],       [Extent1].[Description] AS [Description],       [Extent1].[Address] AS [Address],       [Extent1].[Images] AS [Images],       [Extent1].[Kind] AS [Kind],       [Extent1].[MaxUserCount] AS [MaxUserCount],       [Extent1].[DirectFriendVisible] AS [DirectFriendVisible],       [Extent1].[IsPublic] AS [IsPublic],       [Extent1].[LikeCount] AS [LikeCount],       [Extent1].[CommentCount] AS [CommentCount],       [Extent1].[VoteTitle] AS [VoteTitle],       [Extent1].[VoteChoicesJson] AS [VoteChoicesJson],       [Extent1].[VoteResult0Count] AS [VoteResult0Count],       [Extent1].[VoteResult1Count] AS [VoteResult1Count],       [Extent1].[VoteResult2Count] AS [VoteResult2Count],       [Extent1].[VoteResult3Count] AS [VoteResult3Count],       [Extent1].[VoteResult4Count] AS [VoteResult4Count],       [Extent1].[IsDisabled] AS [IsDisabled],       [Extent1].[CreatedTime] AS [CreatedTime]      FROM [dbo].[Parties] AS [Extent1]|
2015-11-03 13:57:33.7557|Debug|Shiju.Portal.Heart|  |
2015-11-03 13:57:33.7557|Debug|Shiju.Portal.Heart|-- Executing at 2015/11/3 13:57:33 +08:00  |
2015-11-03 13:57:33.7957|Debug|Shiju.Portal.Heart|-- Completed in 38 ms with result: SqlDataReader  |
2015-11-03 13:57:33.7957|Debug|Shiju.Portal.Heart|  |
2015-11-03 13:59:20.3229|Debug|Shiju.Portal.Heart|INSERT [dbo].[Parties]([Id], [CreatorUserId], [Sponsor], [BeginTime], [EndTime], [Title], [Description], [Address], [Images], [Kind], [MaxUserCount], [DirectFriendVisible], [IsPublic], [LikeCount], [CommentCount], [VoteTitle], [VoteChoicesJson], [VoteResult0Count], [VoteResult1Count], [VoteResult2Count], [VoteResult3Count], [VoteResult4Count], [IsDisabled], [CreatedTime])  VALUES (@0, @1, @2, @3, @4, @5, @6, @7, @8, @9, @10, @11, @12, @13, @14, @15, @16, @17, @18, @19, @20, @21, @22, @23)  |
2015-11-03 13:59:20.3229|Debug|Shiju.Portal.Heart|-- @0: 'dcd21f76-4544-4e4f-967d-4ec5eff7cd17' (Type = Guid)  |
2015-11-03 13:59:20.3229|Debug|Shiju.Portal.Heart|-- @1: '00000000-0000-0000-0000-000000000000' (Type = Guid)  |
2015-11-03 13:59:20.3229|Debug|Shiju.Portal.Heart|-- @2: '' (Type = String, Size = 128)  |
2015-11-03 13:59:20.3559|Debug|Shiju.Portal.Heart|-- @3: '2015/11/3 5:57:00' (Type = DateTime2)  |
2015-11-03 13:59:20.3559|Debug|Shiju.Portal.Heart|-- @4: '2015/11/18 10:00:00' (Type = DateTime2)  |
2015-11-03 13:59:20.3559|Debug|Shiju.Portal.Heart|-- @5: '' (Type = String, Size = 128)  |
2015-11-03 13:59:20.3559|Debug|Shiju.Portal.Heart|-- @6: '' (Type = String, Size = 1024)  |
2015-11-03 13:59:20.3559|Debug|Shiju.Portal.Heart|-- @7: '' (Type = String, Size = 128)  |
2015-11-03 13:59:20.3559|Debug|Shiju.Portal.Heart|-- @8: '[{"ImageId":"a7d2bba2f38d9e756eb49ff9d71a5b33","Text":""}]' (Type = String, Size = -1)  |
2015-11-03 13:59:20.3559|Debug|Shiju.Portal.Heart|-- @9: '' (Type = String, Size = 64)  |
2015-11-03 13:59:20.3559|Debug|Shiju.Portal.Heart|-- @10: '43' (Type = Int64)  |
2015-11-03 13:59:20.3559|Debug|Shiju.Portal.Heart|-- @11: 'True' (Type = Boolean)  |
2015-11-03 13:59:20.3589|Debug|Shiju.Portal.Heart|-- @12: 'False' (Type = Boolean)  |
2015-11-03 13:59:20.3589|Debug|Shiju.Portal.Heart|-- @13: '45' (Type = Int64)  |
2015-11-03 13:59:20.3589|Debug|Shiju.Portal.Heart|-- @14: '45' (Type = Int64)  |
2015-11-03 13:59:20.3589|Debug|Shiju.Portal.Heart|-- @15: '' (Type = String, Size = 256)  |
2015-11-03 13:59:20.3589|Debug|Shiju.Portal.Heart|-- @16: '[{"Text":"","ImageId":"00000000-0000-0000-0000-000000000000","Position":1},{"Text":"","ImageId":"00000000-0000-0000-0000-000000000000","Position":2},{"Text":"","ImageId":"00000000-0000-0000-0000-000000000000","Position":3},{"Text":"","ImageId":"00000000-0000-0000-0000-000000000000","Position":4}]' (Type = String, Size = -1)  |
2015-11-03 13:59:20.3589|Debug|Shiju.Portal.Heart|-- @17: '0' (Type = Int64)  |
2015-11-03 13:59:20.3589|Debug|Shiju.Portal.Heart|-- @18: '0' (Type = Int64)  |
2015-11-03 13:59:20.3589|Debug|Shiju.Portal.Heart|-- @19: '0' (Type = Int64)  |
2015-11-03 13:59:20.3589|Debug|Shiju.Portal.Heart|-- @20: '0' (Type = Int64)  |
2015-11-03 13:59:20.3589|Debug|Shiju.Portal.Heart|-- @21: '0' (Type = Int64)  |
2015-11-03 13:59:20.3589|Debug|Shiju.Portal.Heart|-- @22: 'False' (Type = Boolean)  |
2015-11-03 13:59:20.3589|Debug|Shiju.Portal.Heart|-- @23: '2015/11/3 5:59:19' (Type = DateTime2)  |
2015-11-03 13:59:20.3589|Debug|Shiju.Portal.Heart|-- Executing at 2015/11/3 13:59:20 +08:00  |
2015-11-03 13:59:20.5889|Debug|Shiju.Portal.Heart|-- Completed in 220 ms with result: 1  |
2015-11-03 13:59:20.5889|Debug|Shiju.Portal.Heart|  |
2015-11-03 13:59:21.1919|Debug|Shiju.Portal.Heart|SELECT       [Extent1].[Id] AS [Id],       [Extent1].[CreatorUserId] AS [CreatorUserId],       [Extent1].[Sponsor] AS [Sponsor],       [Extent1].[BeginTime] AS [BeginTime],       [Extent1].[EndTime] AS [EndTime],       [Extent1].[Title] AS [Title],       [Extent1].[Description] AS [Description],       [Extent1].[Address] AS [Address],       [Extent1].[Images] AS [Images],       [Extent1].[Kind] AS [Kind],       [Extent1].[MaxUserCount] AS [MaxUserCount],       [Extent1].[DirectFriendVisible] AS [DirectFriendVisible],       [Extent1].[IsPublic] AS [IsPublic],       [Extent1].[LikeCount] AS [LikeCount],       [Extent1].[CommentCount] AS [CommentCount],       [Extent1].[VoteTitle] AS [VoteTitle],       [Extent1].[VoteChoicesJson] AS [VoteChoicesJson],       [Extent1].[VoteResult0Count] AS [VoteResult0Count],       [Extent1].[VoteResult1Count] AS [VoteResult1Count],       [Extent1].[VoteResult2Count] AS [VoteResult2Count],       [Extent1].[VoteResult3Count] AS [VoteResult3Count],       [Extent1].[VoteResult4Count] AS [VoteResult4Count],       [Extent1].[IsDisabled] AS [IsDisabled],       [Extent1].[CreatedTime] AS [CreatedTime]      FROM [dbo].[Parties] AS [Extent1]|
2015-11-03 13:59:21.1919|Debug|Shiju.Portal.Heart|  |
2015-11-03 13:59:21.1919|Debug|Shiju.Portal.Heart|-- Executing at 2015/11/3 13:59:21 +08:00  |
2015-11-03 13:59:21.2359|Debug|Shiju.Portal.Heart|-- Completed in 38 ms with result: SqlDataReader  |
2015-11-03 13:59:21.2359|Debug|Shiju.Portal.Heart|  |
2015-11-03 13:59:26.2339|Debug|Shiju.Portal.Heart|SELECT       [GroupBy1].[A1] AS [C1]      FROM ( SELECT           COUNT(1) AS [A1]          FROM [dbo].[Participants] AS [Extent1]          WHERE ([Extent1].[PartyId] = @p__linq__0) AND (@p__linq__0 IS NOT NULL)      )  AS [GroupBy1]|
2015-11-03 13:59:26.2339|Debug|Shiju.Portal.Heart|  |
2015-11-03 13:59:26.2339|Debug|Shiju.Portal.Heart|-- p__linq__0: 'dcd21f76-4544-4e4f-967d-4ec5eff7cd17' (Type = Guid)  |
2015-11-03 13:59:26.2489|Debug|Shiju.Portal.Heart|-- Executing at 2015/11/3 13:59:26 +08:00  |
2015-11-03 13:59:26.3419|Debug|Shiju.Portal.Heart|-- Completed in 84 ms with result: SqlDataReader  |
2015-11-03 13:59:26.3419|Debug|Shiju.Portal.Heart|  |
2015-11-03 13:59:46.1679|Debug|Shiju.Portal.Heart|SELECT       [GroupBy1].[A1] AS [C1]      FROM ( SELECT           COUNT(1) AS [A1]          FROM [dbo].[Participants] AS [Extent1]          WHERE ([Extent1].[PartyId] = @p__linq__0) AND (@p__linq__0 IS NOT NULL)      )  AS [GroupBy1]|
2015-11-03 13:59:46.1819|Debug|Shiju.Portal.Heart|  |
2015-11-03 13:59:46.1899|Debug|Shiju.Portal.Heart|-- p__linq__0: 'dcd21f76-4544-4e4f-967d-4ec5eff7cd17' (Type = Guid)  |
2015-11-03 13:59:46.1899|Debug|Shiju.Portal.Heart|-- Executing at 2015/11/3 13:59:46 +08:00  |
2015-11-03 13:59:46.2789|Debug|Shiju.Portal.Heart|-- Completed in 74 ms with result: SqlDataReader  |
2015-11-03 13:59:46.2789|Debug|Shiju.Portal.Heart|  |
2015-11-03 13:59:52.2168|Debug|Shiju.Portal.Heart|SELECT       [GroupBy1].[A1] AS [C1]      FROM ( SELECT           COUNT(1) AS [A1]          FROM [dbo].[Participants] AS [Extent1]          WHERE ([Extent1].[PartyId] = @p__linq__0) AND (@p__linq__0 IS NOT NULL)      )  AS [GroupBy1]|
2015-11-03 13:59:52.2178|Debug|Shiju.Portal.Heart|  |
2015-11-03 13:59:52.2178|Debug|Shiju.Portal.Heart|-- p__linq__0: '63f4e816-ac93-4e79-acfa-283bae241177' (Type = Guid)  |
2015-11-03 13:59:52.2178|Debug|Shiju.Portal.Heart|-- Executing at 2015/11/3 13:59:52 +08:00  |
2015-11-03 13:59:52.2729|Debug|Shiju.Portal.Heart|-- Completed in 53 ms with result: SqlDataReader  |
2015-11-03 13:59:52.2729|Debug|Shiju.Portal.Heart|  |
2015-11-03 13:59:59.4908|Debug|Shiju.Portal.Heart|SELECT       [GroupBy1].[A1] AS [C1]      FROM ( SELECT           COUNT(1) AS [A1]          FROM [dbo].[Participants] AS [Extent1]          WHERE ([Extent1].[PartyId] = @p__linq__0) AND (@p__linq__0 IS NOT NULL)      )  AS [GroupBy1]|
2015-11-03 13:59:59.4908|Debug|Shiju.Portal.Heart|  |
2015-11-03 13:59:59.4908|Debug|Shiju.Portal.Heart|-- p__linq__0: '9f468982-5978-486b-93be-e47e8371ee4d' (Type = Guid)  |
2015-11-03 13:59:59.4908|Debug|Shiju.Portal.Heart|-- Executing at 2015/11/3 13:59:59 +08:00  |
2015-11-03 13:59:59.5417|Debug|Shiju.Portal.Heart|-- Completed in 48 ms with result: SqlDataReader  |
2015-11-03 13:59:59.5417|Debug|Shiju.Portal.Heart|  |
2015-11-03 14:01:08.3294|Debug|Shiju.Portal.Heart|SELECT       [Extent1].[Id] AS [Id],       [Extent1].[CreatorUserId] AS [CreatorUserId],       [Extent1].[Sponsor] AS [Sponsor],       [Extent1].[BeginTime] AS [BeginTime],       [Extent1].[EndTime] AS [EndTime],       [Extent1].[Title] AS [Title],       [Extent1].[Description] AS [Description],       [Extent1].[Address] AS [Address],       [Extent1].[Images] AS [Images],       [Extent1].[Kind] AS [Kind],       [Extent1].[MaxUserCount] AS [MaxUserCount],       [Extent1].[DirectFriendVisible] AS [DirectFriendVisible],       [Extent1].[IsPublic] AS [IsPublic],       [Extent1].[LikeCount] AS [LikeCount],       [Extent1].[CommentCount] AS [CommentCount],       [Extent1].[VoteTitle] AS [VoteTitle],       [Extent1].[VoteChoicesJson] AS [VoteChoicesJson],       [Extent1].[VoteResult0Count] AS [VoteResult0Count],       [Extent1].[VoteResult1Count] AS [VoteResult1Count],       [Extent1].[VoteResult2Count] AS [VoteResult2Count],       [Extent1].[VoteResult3Count] AS [VoteResult3Count],       [Extent1].[VoteResult4Count] AS [VoteResult4Count],       [Extent1].[IsDisabled] AS [IsDisabled],       [Extent1].[CreatedTime] AS [CreatedTime]      FROM [dbo].[Parties] AS [Extent1]|
2015-11-03 14:01:08.3294|Debug|Shiju.Portal.Heart|  |
2015-11-03 14:01:08.3294|Debug|Shiju.Portal.Heart|-- Executing at 2015/11/3 14:01:08 +08:00  |
2015-11-03 14:01:08.3504|Debug|Shiju.Portal.Heart|-- Completed in 19 ms with result: SqlDataReader  |
2015-11-03 14:01:08.3504|Debug|Shiju.Portal.Heart|  |
2015-11-03 14:01:09.9794|Debug|Shiju.Portal.Heart|SELECT       [GroupBy1].[A1] AS [C1]      FROM ( SELECT           COUNT(1) AS [A1]          FROM [dbo].[Participants] AS [Extent1]          WHERE ([Extent1].[PartyId] = @p__linq__0) AND (@p__linq__0 IS NOT NULL)      )  AS [GroupBy1]|
2015-11-03 14:01:09.9834|Debug|Shiju.Portal.Heart|  |
2015-11-03 14:01:09.9834|Debug|Shiju.Portal.Heart|-- p__linq__0: 'dcd21f76-4544-4e4f-967d-4ec5eff7cd17' (Type = Guid)  |
2015-11-03 14:01:09.9834|Debug|Shiju.Portal.Heart|-- Executing at 2015/11/3 14:01:09 +08:00  |
2015-11-03 14:01:10.0674|Debug|Shiju.Portal.Heart|-- Completed in 72 ms with result: SqlDataReader  |
2015-11-03 14:01:10.0674|Debug|Shiju.Portal.Heart|  |
2015-11-03 14:01:20.1772|Debug|Shiju.Portal.Heart|SELECT       [GroupBy1].[A1] AS [C1]      FROM ( SELECT           COUNT(1) AS [A1]          FROM [dbo].[Participants] AS [Extent1]          WHERE ([Extent1].[PartyId] = @p__linq__0) AND (@p__linq__0 IS NOT NULL)      )  AS [GroupBy1]|
2015-11-03 14:01:20.1772|Debug|Shiju.Portal.Heart|  |
2015-11-03 14:01:20.1942|Debug|Shiju.Portal.Heart|-- p__linq__0: '63f4e816-ac93-4e79-acfa-283bae241177' (Type = Guid)  |
2015-11-03 14:01:20.1942|Debug|Shiju.Portal.Heart|-- Executing at 2015/11/3 14:01:20 +08:00  |
2015-11-03 14:01:20.2742|Debug|Shiju.Portal.Heart|-- Completed in 70 ms with result: SqlDataReader  |
2015-11-03 14:01:20.2742|Debug|Shiju.Portal.Heart|  |
2015-11-03 14:01:26.8551|Debug|Shiju.Portal.Heart|SELECT       [GroupBy1].[A1] AS [C1]      FROM ( SELECT           COUNT(1) AS [A1]          FROM [dbo].[Participants] AS [Extent1]          WHERE ([Extent1].[PartyId] = @p__linq__0) AND (@p__linq__0 IS NOT NULL)      )  AS [GroupBy1]|
2015-11-03 14:01:26.8551|Debug|Shiju.Portal.Heart|  |
2015-11-03 14:01:26.8581|Debug|Shiju.Portal.Heart|-- p__linq__0: 'dbb1ecfe-e71a-4f4d-b503-62bd939ade50' (Type = Guid)  |
2015-11-03 14:01:26.8581|Debug|Shiju.Portal.Heart|-- Executing at 2015/11/3 14:01:26 +08:00  |
2015-11-03 14:01:26.8981|Debug|Shiju.Portal.Heart|-- Completed in 32 ms with result: SqlDataReader  |
2015-11-03 14:01:26.8981|Debug|Shiju.Portal.Heart|  |
2015-11-03 14:01:31.4021|Debug|Shiju.Portal.Heart|SELECT       [GroupBy1].[A1] AS [C1]      FROM ( SELECT           COUNT(1) AS [A1]          FROM [dbo].[Participants] AS [Extent1]          WHERE ([Extent1].[PartyId] = @p__linq__0) AND (@p__linq__0 IS NOT NULL)      )  AS [GroupBy1]|
2015-11-03 14:01:31.4021|Debug|Shiju.Portal.Heart|  |
2015-11-03 14:01:31.4021|Debug|Shiju.Portal.Heart|-- p__linq__0: 'dbb1ecfe-e71a-4f4d-b503-62bd939ade50' (Type = Guid)  |
2015-11-03 14:01:31.4021|Debug|Shiju.Portal.Heart|-- Executing at 2015/11/3 14:01:31 +08:00  |
2015-11-03 14:01:31.4651|Debug|Shiju.Portal.Heart|-- Completed in 61 ms with result: SqlDataReader  |
2015-11-03 14:01:31.4651|Debug|Shiju.Portal.Heart|  |
2015-11-03 14:01:38.5161|Debug|Shiju.Portal.Heart|SELECT       [Extent1].[Id] AS [Id],       [Extent1].[CreatorUserId] AS [CreatorUserId],       [Extent1].[Sponsor] AS [Sponsor],       [Extent1].[BeginTime] AS [BeginTime],       [Extent1].[EndTime] AS [EndTime],       [Extent1].[Title] AS [Title],       [Extent1].[Description] AS [Description],       [Extent1].[Address] AS [Address],       [Extent1].[Images] AS [Images],       [Extent1].[Kind] AS [Kind],       [Extent1].[MaxUserCount] AS [MaxUserCount],       [Extent1].[DirectFriendVisible] AS [DirectFriendVisible],       [Extent1].[IsPublic] AS [IsPublic],       [Extent1].[LikeCount] AS [LikeCount],       [Extent1].[CommentCount] AS [CommentCount],       [Extent1].[VoteTitle] AS [VoteTitle],       [Extent1].[VoteChoicesJson] AS [VoteChoicesJson],       [Extent1].[VoteResult0Count] AS [VoteResult0Count],       [Extent1].[VoteResult1Count] AS [VoteResult1Count],       [Extent1].[VoteResult2Count] AS [VoteResult2Count],       [Extent1].[VoteResult3Count] AS [VoteResult3Count],       [Extent1].[VoteResult4Count] AS [VoteResult4Count],       [Extent1].[IsDisabled] AS [IsDisabled],       [Extent1].[CreatedTime] AS [CreatedTime]      FROM [dbo].[Parties] AS [Extent1]|
2015-11-03 14:01:38.5161|Debug|Shiju.Portal.Heart|  |
2015-11-03 14:01:38.5161|Debug|Shiju.Portal.Heart|-- Executing at 2015/11/3 14:01:38 +08:00  |
2015-11-03 14:01:38.5481|Debug|Shiju.Portal.Heart|-- Completed in 31 ms with result: SqlDataReader  |
2015-11-03 14:01:38.5481|Debug|Shiju.Portal.Heart|  |
2015-11-03 14:01:43.1481|Debug|Shiju.Portal.Heart|SELECT       [GroupBy1].[A1] AS [C1]      FROM ( SELECT           COUNT(1) AS [A1]          FROM [dbo].[Participants] AS [Extent1]          WHERE ([Extent1].[PartyId] = @p__linq__0) AND (@p__linq__0 IS NOT NULL)      )  AS [GroupBy1]|
2015-11-03 14:01:43.1481|Debug|Shiju.Portal.Heart|  |
2015-11-03 14:01:43.1481|Debug|Shiju.Portal.Heart|-- p__linq__0: 'dcd21f76-4544-4e4f-967d-4ec5eff7cd17' (Type = Guid)  |
2015-11-03 14:01:43.1481|Debug|Shiju.Portal.Heart|-- Executing at 2015/11/3 14:01:43 +08:00  |
2015-11-03 14:01:43.2281|Debug|Shiju.Portal.Heart|-- Completed in 76 ms with result: SqlDataReader  |
2015-11-03 14:01:43.2281|Debug|Shiju.Portal.Heart|  |
2015-11-03 14:01:47.5350|Debug|Shiju.Portal.Heart|SELECT       [GroupBy1].[A1] AS [C1]      FROM ( SELECT           COUNT(1) AS [A1]          FROM [dbo].[Participants] AS [Extent1]          WHERE ([Extent1].[PartyId] = @p__linq__0) AND (@p__linq__0 IS NOT NULL)      )  AS [GroupBy1]|
2015-11-03 14:01:47.5350|Debug|Shiju.Portal.Heart|  |
2015-11-03 14:01:47.5350|Debug|Shiju.Portal.Heart|-- p__linq__0: 'dcd21f76-4544-4e4f-967d-4ec5eff7cd17' (Type = Guid)  |
2015-11-03 14:01:47.5350|Debug|Shiju.Portal.Heart|-- Executing at 2015/11/3 14:01:47 +08:00  |
2015-11-03 14:01:47.6290|Debug|Shiju.Portal.Heart|-- Completed in 89 ms with result: SqlDataReader  |
2015-11-03 14:01:47.6290|Debug|Shiju.Portal.Heart|  |
2015-11-03 14:01:53.2530|Debug|Shiju.Portal.Heart|SELECT       [Extent1].[Id] AS [Id],       [Extent1].[CreatorUserId] AS [CreatorUserId],       [Extent1].[Sponsor] AS [Sponsor],       [Extent1].[BeginTime] AS [BeginTime],       [Extent1].[EndTime] AS [EndTime],       [Extent1].[Title] AS [Title],       [Extent1].[Description] AS [Description],       [Extent1].[Address] AS [Address],       [Extent1].[Images] AS [Images],       [Extent1].[Kind] AS [Kind],       [Extent1].[MaxUserCount] AS [MaxUserCount],       [Extent1].[DirectFriendVisible] AS [DirectFriendVisible],       [Extent1].[IsPublic] AS [IsPublic],       [Extent1].[LikeCount] AS [LikeCount],       [Extent1].[CommentCount] AS [CommentCount],       [Extent1].[VoteTitle] AS [VoteTitle],       [Extent1].[VoteChoicesJson] AS [VoteChoicesJson],       [Extent1].[VoteResult0Count] AS [VoteResult0Count],       [Extent1].[VoteResult1Count] AS [VoteResult1Count],       [Extent1].[VoteResult2Count] AS [VoteResult2Count],       [Extent1].[VoteResult3Count] AS [VoteResult3Count],       [Extent1].[VoteResult4Count] AS [VoteResult4Count],       [Extent1].[IsDisabled] AS [IsDisabled],       [Extent1].[CreatedTime] AS [CreatedTime]      FROM [dbo].[Parties] AS [Extent1]|
2015-11-03 14:01:53.2530|Debug|Shiju.Portal.Heart|  |
2015-11-03 14:01:53.2530|Debug|Shiju.Portal.Heart|-- Executing at 2015/11/3 14:01:53 +08:00  |
2015-11-03 14:01:53.3250|Debug|Shiju.Portal.Heart|-- Completed in 68 ms with result: SqlDataReader  |
2015-11-03 14:01:53.3250|Debug|Shiju.Portal.Heart|  |
