2016-02-03 11:35:43.7048|Debug|Shiju.Portal.Heart|  SELECT Count(*)  FROM INFORMATION_SCHEMA.TABLES AS t  WHERE t.TABLE_TYPE = 'BASE TABLE'      AND (t.TABLE_SCHEMA + '.' + t.TABLE_NAME IN ('dbo.Accounts','dbo.FriendRequests','dbo.Friends','dbo.Greetings','dbo.Participants','dbo.Parties','dbo.PartyComments','dbo.PartyLikes','dbo.UserGreetings','dbo.Users','dbo.VerificationCodes')          OR t.TABLE_NAME = 'EdmMetadata')|
2016-02-03 11:35:43.7248|Debug|Shiju.Portal.Heart|  |
2016-02-03 11:35:43.7248|Debug|Shiju.Portal.Heart|-- Executing at 2016/2/3 11:35:43 +08:00  |
2016-02-03 11:35:43.7588|Debug|Shiju.Portal.Heart|-- Completed in 32 ms with result: 11  |
2016-02-03 11:35:43.7588|Debug|Shiju.Portal.Heart|  |
2016-02-03 11:35:43.7788|Debug|Shiju.Portal.Heart|SELECT       [GroupBy1].[A1] AS [C1]      FROM ( SELECT           COUNT(1) AS [A1]          FROM [dbo].[__MigrationHistory] AS [Extent1]      )  AS [GroupBy1]|
2016-02-03 11:35:43.7788|Debug|Shiju.Portal.Heart|  |
2016-02-03 11:35:43.7788|Debug|Shiju.Portal.Heart|-- Executing at 2016/2/3 11:35:43 +08:00  |
2016-02-03 11:35:43.8008|Debug|Shiju.Portal.Heart|-- Completed in 20 ms with result: SqlDataReader  |
2016-02-03 11:35:43.8008|Debug|Shiju.Portal.Heart|  |
2016-02-03 11:35:43.8008|Debug|Shiju.Portal.Heart|SELECT       [GroupBy1].[A1] AS [C1]      FROM ( SELECT           COUNT(1) AS [A1]          FROM [dbo].[__MigrationHistory] AS [Extent1]          WHERE ([Extent1].[ContextKey] = @p__linq__0) AND (@p__linq__0 IS NOT NULL)      )  AS [GroupBy1]|
2016-02-03 11:35:43.8008|Debug|Shiju.Portal.Heart|  |
2016-02-03 11:35:43.8008|Debug|Shiju.Portal.Heart|-- p__linq__0: 'ShiJu.Models.ShiJuDbContext' (Type = String, Size = 4000)  |
2016-02-03 11:35:43.8068|Debug|Shiju.Portal.Heart|-- Executing at 2016/2/3 11:35:43 +08:00  |
2016-02-03 11:35:43.8238|Debug|Shiju.Portal.Heart|-- Completed in 17 ms with result: SqlDataReader  |
2016-02-03 11:35:43.8238|Debug|Shiju.Portal.Heart|  |
2016-02-03 11:35:43.8588|Debug|Shiju.Portal.Heart|SELECT       [GroupBy1].[A1] AS [C1]      FROM ( SELECT           COUNT(1) AS [A1]          FROM [dbo].[__MigrationHistory] AS [Extent1]      )  AS [GroupBy1]|
2016-02-03 11:35:43.8588|Debug|Shiju.Portal.Heart|  |
2016-02-03 11:35:43.8588|Debug|Shiju.Portal.Heart|-- Executing at 2016/2/3 11:35:43 +08:00  |
2016-02-03 11:35:43.8778|Debug|Shiju.Portal.Heart|-- Completed in 18 ms with result: SqlDataReader  |
2016-02-03 11:35:43.8778|Debug|Shiju.Portal.Heart|  |
2016-02-03 11:35:43.8778|Debug|Shiju.Portal.Heart|SELECT       [GroupBy1].[A1] AS [C1]      FROM ( SELECT           COUNT(1) AS [A1]          FROM [dbo].[__MigrationHistory] AS [Extent1]          WHERE ([Extent1].[ContextKey] = @p__linq__0) AND (@p__linq__0 IS NOT NULL)      )  AS [GroupBy1]|
2016-02-03 11:35:43.8778|Debug|Shiju.Portal.Heart|  |
2016-02-03 11:35:43.8778|Debug|Shiju.Portal.Heart|-- p__linq__0: 'ShiJu.Models.ShiJuDbContext' (Type = String, Size = 4000)  |
2016-02-03 11:35:43.8778|Debug|Shiju.Portal.Heart|-- Executing at 2016/2/3 11:35:43 +08:00  |
2016-02-03 11:35:43.8958|Debug|Shiju.Portal.Heart|-- Completed in 14 ms with result: SqlDataReader  |
2016-02-03 11:35:43.8958|Debug|Shiju.Portal.Heart|  |
2016-02-03 11:35:43.9008|Debug|Shiju.Portal.Heart|SELECT TOP (1)       [Project1].[C1] AS [C1],       [Project1].[MigrationId] AS [MigrationId],       [Project1].[Model] AS [Model]      FROM ( SELECT           [Extent1].[MigrationId] AS [MigrationId],           [Extent1].[Model] AS [Model],           1 AS [C1]          FROM [dbo].[__MigrationHistory] AS [Extent1]          WHERE ([Extent1].[ContextKey] = @p__linq__0) AND (@p__linq__0 IS NOT NULL)      )  AS [Project1]      ORDER BY [Project1].[MigrationId] DESC|
2016-02-03 11:35:43.9008|Debug|Shiju.Portal.Heart|  |
2016-02-03 11:35:43.9008|Debug|Shiju.Portal.Heart|-- p__linq__0: 'ShiJu.Models.ShiJuDbContext' (Type = String, Size = 4000)  |
2016-02-03 11:35:43.9008|Debug|Shiju.Portal.Heart|-- Executing at 2016/2/3 11:35:43 +08:00  |
2016-02-03 11:35:43.9258|Debug|Shiju.Portal.Heart|-- Completed in 24 ms with result: SqlDataReader  |
2016-02-03 11:35:43.9258|Debug|Shiju.Portal.Heart|  |
2016-02-03 11:35:44.5148|Debug|Shiju.Portal.Heart|SELECT       [Extent1].[Id] AS [Id],       [Extent1].[Status] AS [Status],       [Extent1].[PhoneNumber] AS [PhoneNumber],       [Extent1].[NickName] AS [NickName],       [Extent1].[Signature] AS [Signature],       [Extent1].[Portrait] AS [Portrait],       [Extent1].[Gender] AS [Gender],       [Extent1].[District] AS [District],       [Extent1].[BackgroundImage] AS [BackgroundImage],       [Extent1].[NeedNotification] AS [NeedNotification],       [Extent1].[CreatedTime] AS [CreatedTime],       [Extent1].[SignUpTime] AS [SignUpTime]      FROM [dbo].[Users] AS [Extent1]|
2016-02-03 11:35:44.5148|Debug|Shiju.Portal.Heart|  |
2016-02-03 11:35:44.5148|Debug|Shiju.Portal.Heart|-- Executing at 2016/2/3 11:35:44 +08:00  |
2016-02-03 11:35:44.5438|Debug|Shiju.Portal.Heart|-- Completed in 25 ms with result: SqlDataReader  |
2016-02-03 11:35:44.5438|Debug|Shiju.Portal.Heart|  |
2016-02-03 11:37:10.2048|Debug|Shiju.Portal.Heart|UPDATE [dbo].[Users]  SET [Status] = @0, [PhoneNumber] = @1, [NickName] = @2, [Signature] = @3, [Portrait] = @4, [Gender] = @5, [District] = @6, [BackgroundImage] = @7, [NeedNotification] = @8, [CreatedTime] = @9, [SignUpTime] = @10  WHERE ([Id] = @11)  |
2016-02-03 11:37:10.2048|Debug|Shiju.Portal.Heart|-- @0: '0' (Type = Int64)  |
2016-02-03 11:37:10.2048|Debug|Shiju.Portal.Heart|-- @1: '18298265005' (Type = String, Size = 64)  |
2016-02-03 11:37:10.2048|Debug|Shiju.Portal.Heart|-- @2: 'ABC' (Type = String, Size = 128)  |
2016-02-03 11:37:10.2048|Debug|Shiju.Portal.Heart|-- @3: '' (Type = String, Size = 512)  |
2016-02-03 11:37:10.2048|Debug|Shiju.Portal.Heart|-- @4: '14ca2962-06dd-95b0-47db-c7e234a8caa6' (Type = Guid)  |
2016-02-03 11:37:10.2048|Debug|Shiju.Portal.Heart|-- @5: '1' (Type = Int64)  |
2016-02-03 11:37:10.2048|Debug|Shiju.Portal.Heart|-- @6: '' (Type = String, Size = 128)  |
2016-02-03 11:37:10.2048|Debug|Shiju.Portal.Heart|-- @7: '00000000-0000-0000-0000-000000000000' (Type = Guid)  |
2016-02-03 11:37:10.2048|Debug|Shiju.Portal.Heart|-- @8: 'False' (Type = Boolean)  |
2016-02-03 11:37:10.2048|Debug|Shiju.Portal.Heart|-- @9: '2016/1/31 5:37:34' (Type = DateTime2)  |
2016-02-03 11:37:10.2048|Debug|Shiju.Portal.Heart|-- @10: '2016/1/31 5:37:34' (Type = DateTime2)  |
2016-02-03 11:37:10.2118|Debug|Shiju.Portal.Heart|-- @11: '3d6ed6d8-36a7-42ad-89e1-311ae77d99ba' (Type = Guid)  |
2016-02-03 11:37:10.2118|Debug|Shiju.Portal.Heart|-- Executing at 2016/2/3 11:37:10 +08:00  |
2016-02-03 11:37:10.2688|Debug|Shiju.Portal.Heart|-- Completed in 54 ms with result: 1  |
2016-02-03 11:37:10.2688|Debug|Shiju.Portal.Heart|  |
2016-02-03 11:37:10.7148|Debug|Shiju.Portal.Heart|SELECT       [Extent1].[Id] AS [Id],       [Extent1].[Status] AS [Status],       [Extent1].[PhoneNumber] AS [PhoneNumber],       [Extent1].[NickName] AS [NickName],       [Extent1].[Signature] AS [Signature],       [Extent1].[Portrait] AS [Portrait],       [Extent1].[Gender] AS [Gender],       [Extent1].[District] AS [District],       [Extent1].[BackgroundImage] AS [BackgroundImage],       [Extent1].[NeedNotification] AS [NeedNotification],       [Extent1].[CreatedTime] AS [CreatedTime],       [Extent1].[SignUpTime] AS [SignUpTime]      FROM [dbo].[Users] AS [Extent1]|
2016-02-03 11:37:10.7148|Debug|Shiju.Portal.Heart|  |
2016-02-03 11:37:10.7148|Debug|Shiju.Portal.Heart|-- Executing at 2016/2/3 11:37:10 +08:00  |
2016-02-03 11:37:11.0508|Debug|Shiju.Portal.Heart|-- Completed in 335 ms with result: SqlDataReader  |
2016-02-03 11:37:11.0508|Debug|Shiju.Portal.Heart|  |
