2015-10-08 14:01:49.6078|Debug|Shiju.Portal.Heart|  SELECT Count(*)  FROM INFORMATION_SCHEMA.TABLES AS t  WHERE t.TABLE_TYPE = 'BASE TABLE'      AND (t.TABLE_SCHEMA + '.' + t.TABLE_NAME IN ('dbo.Accounts','dbo.FriendRequests','dbo.Friends','dbo.Participants','dbo.Parties','dbo.PartyComments','dbo.PartyLikes','dbo.Users','dbo.VerificationCodes')          OR t.TABLE_NAME = 'EdmMetadata')|
2015-10-08 14:01:49.6078|Debug|Shiju.Portal.Heart|  |
2015-10-08 14:01:49.6078|Debug|Shiju.Portal.Heart|-- Executing at 2015/10/8 14:01:49 +08:00  |
2015-10-08 14:01:49.6208|Debug|Shiju.Portal.Heart|-- Completed in 9 ms with result: 9  |
2015-10-08 14:01:49.6208|Debug|Shiju.Portal.Heart|  |
2015-10-08 14:01:52.2358|Debug|Shiju.Portal.Heart|SELECT       [GroupBy1].[A1] AS [C1]      FROM ( SELECT           COUNT(1) AS [A1]          FROM [dbo].[__MigrationHistory] AS [Extent1]      )  AS [GroupBy1]|
2015-10-08 14:01:52.2358|Debug|Shiju.Portal.Heart|  |
2015-10-08 14:01:52.2358|Debug|Shiju.Portal.Heart|-- Executing at 2015/10/8 14:01:52 +08:00  |
2015-10-08 14:01:52.2358|Debug|Shiju.Portal.Heart|-- Completed in 1 ms with result: SqlDataReader  |
2015-10-08 14:01:52.2358|Debug|Shiju.Portal.Heart|  |
2015-10-08 14:01:52.5788|Debug|Shiju.Portal.Heart|SELECT       [GroupBy1].[A1] AS [C1]      FROM ( SELECT           COUNT(1) AS [A1]          FROM [dbo].[__MigrationHistory] AS [Extent1]          WHERE ([Extent1].[ContextKey] = @p__linq__0) AND (@p__linq__0 IS NOT NULL)      )  AS [GroupBy1]|
2015-10-08 14:01:52.5808|Debug|Shiju.Portal.Heart|  |
2015-10-08 14:01:52.5808|Debug|Shiju.Portal.Heart|-- p__linq__0: 'ShiJu.Models.ShiJuDbContext' (Type = String, Size = 4000)  |
2015-10-08 14:01:52.5808|Debug|Shiju.Portal.Heart|-- Executing at 2015/10/8 14:01:52 +08:00  |
2015-10-08 14:01:52.5808|Debug|Shiju.Portal.Heart|-- Completed in 4 ms with result: SqlDataReader  |
2015-10-08 14:01:52.5808|Debug|Shiju.Portal.Heart|  |
2015-10-08 14:01:52.6548|Debug|Shiju.Portal.Heart|SELECT       [GroupBy1].[A1] AS [C1]      FROM ( SELECT           COUNT(1) AS [A1]          FROM [dbo].[__MigrationHistory] AS [Extent1]      )  AS [GroupBy1]|
2015-10-08 14:01:52.6548|Debug|Shiju.Portal.Heart|  |
2015-10-08 14:01:52.6587|Debug|Shiju.Portal.Heart|-- Executing at 2015/10/8 14:01:52 +08:00  |
2015-10-08 14:01:52.6587|Debug|Shiju.Portal.Heart|-- Completed in 1 ms with result: SqlDataReader  |
2015-10-08 14:01:52.6587|Debug|Shiju.Portal.Heart|  |
2015-10-08 14:01:52.6587|Debug|Shiju.Portal.Heart|SELECT       [GroupBy1].[A1] AS [C1]      FROM ( SELECT           COUNT(1) AS [A1]          FROM [dbo].[__MigrationHistory] AS [Extent1]          WHERE ([Extent1].[ContextKey] = @p__linq__0) AND (@p__linq__0 IS NOT NULL)      )  AS [GroupBy1]|
2015-10-08 14:01:52.6587|Debug|Shiju.Portal.Heart|  |
2015-10-08 14:01:52.6587|Debug|Shiju.Portal.Heart|-- p__linq__0: 'ShiJu.Models.ShiJuDbContext' (Type = String, Size = 4000)  |
2015-10-08 14:01:52.6587|Debug|Shiju.Portal.Heart|-- Executing at 2015/10/8 14:01:52 +08:00  |
2015-10-08 14:01:52.6587|Debug|Shiju.Portal.Heart|-- Completed in 2 ms with result: SqlDataReader  |
2015-10-08 14:01:52.6587|Debug|Shiju.Portal.Heart|  |
2015-10-08 14:01:52.8788|Debug|Shiju.Portal.Heart|SELECT TOP (1)       [Project1].[C1] AS [C1],       [Project1].[MigrationId] AS [MigrationId],       [Project1].[Model] AS [Model]      FROM ( SELECT           [Extent1].[MigrationId] AS [MigrationId],           [Extent1].[Model] AS [Model],           1 AS [C1]          FROM [dbo].[__MigrationHistory] AS [Extent1]          WHERE ([Extent1].[ContextKey] = @p__linq__0) AND (@p__linq__0 IS NOT NULL)      )  AS [Project1]      ORDER BY [Project1].[MigrationId] DESC|
2015-10-08 14:01:52.8788|Debug|Shiju.Portal.Heart|  |
2015-10-08 14:01:52.8788|Debug|Shiju.Portal.Heart|-- p__linq__0: 'ShiJu.Models.ShiJuDbContext' (Type = String, Size = 4000)  |
2015-10-08 14:01:52.8788|Debug|Shiju.Portal.Heart|-- Executing at 2015/10/8 14:01:52 +08:00  |
2015-10-08 14:01:52.8788|Debug|Shiju.Portal.Heart|-- Completed in 1 ms with result: SqlDataReader  |
2015-10-08 14:01:52.8788|Debug|Shiju.Portal.Heart|  |
2015-10-08 14:01:53.2108|Debug|Shiju.Portal.Heart|SELECT       [Extent1].[Id] AS [Id],       [Extent1].[Status] AS [Status],       [Extent1].[PhoneNumber] AS [PhoneNumber],       [Extent1].[NickName] AS [NickName],       [Extent1].[Signature] AS [Signature],       [Extent1].[Portrait] AS [Portrait],       [Extent1].[Gender] AS [Gender],       [Extent1].[District] AS [District],       [Extent1].[BackgroundImage] AS [BackgroundImage],       [Extent1].[CreatedTime] AS [CreatedTime],       [Extent1].[SignUpTime] AS [SignUpTime]      FROM [dbo].[Users] AS [Extent1]|
2015-10-08 14:01:53.2108|Debug|Shiju.Portal.Heart|  |
2015-10-08 14:01:53.2108|Debug|Shiju.Portal.Heart|-- Executing at 2015/10/8 14:01:53 +08:00  |
2015-10-08 14:01:53.2108|Debug|Shiju.Portal.Heart|-- Completed in 3 ms with result: SqlDataReader  |
2015-10-08 14:01:53.2108|Debug|Shiju.Portal.Heart|  |
2015-10-08 14:01:53.6318|Debug|Shiju.Portal.Heart|SELECT       [GroupBy1].[A1] AS [C1]      FROM ( SELECT           COUNT_BIG(1) AS [A1]          FROM [dbo].[Users] AS [Extent1]      )  AS [GroupBy1]|
2015-10-08 14:01:53.6318|Debug|Shiju.Portal.Heart|  |
2015-10-08 14:01:53.6318|Debug|Shiju.Portal.Heart|-- Executing at 2015/10/8 14:01:53 +08:00  |
2015-10-08 14:01:53.6318|Debug|Shiju.Portal.Heart|-- Completed in 2 ms with result: SqlDataReader  |
2015-10-08 14:01:53.6318|Debug|Shiju.Portal.Heart|  |
2015-10-08 14:01:54.3938|Debug|Shiju.Portal.Heart|SELECT TOP (@p__linq__0)       [Extent1].[Id] AS [Id],       [Extent1].[Status] AS [Status],       [Extent1].[PhoneNumber] AS [PhoneNumber],       [Extent1].[NickName] AS [NickName],       [Extent1].[Signature] AS [Signature],       [Extent1].[Portrait] AS [Portrait],       [Extent1].[Gender] AS [Gender],       [Extent1].[District] AS [District],       [Extent1].[BackgroundImage] AS [BackgroundImage],       [Extent1].[CreatedTime] AS [CreatedTime],       [Extent1].[SignUpTime] AS [SignUpTime]      FROM [dbo].[Users] AS [Extent1]      ORDER BY [Extent1].[CreatedTime] DESC, [Extent1].[Id] ASC|
2015-10-08 14:01:54.3938|Debug|Shiju.Portal.Heart|  |
2015-10-08 14:01:54.3938|Debug|Shiju.Portal.Heart|-- p__linq__0: '40' (Type = Int32)  |
2015-10-08 14:01:54.3938|Debug|Shiju.Portal.Heart|-- Executing at 2015/10/8 14:01:54 +08:00  |
2015-10-08 14:01:54.3938|Debug|Shiju.Portal.Heart|-- Completed in 4 ms with result: SqlDataReader  |
2015-10-08 14:01:54.3938|Debug|Shiju.Portal.Heart|  |
2015-10-08 14:26:24.7751|Debug|Shiju.Portal.Heart|  SELECT Count(*)  FROM INFORMATION_SCHEMA.TABLES AS t  WHERE t.TABLE_TYPE = 'BASE TABLE'      AND (t.TABLE_SCHEMA + '.' + t.TABLE_NAME IN ('dbo.Accounts','dbo.FriendRequests','dbo.Friends','dbo.Participants','dbo.Parties','dbo.PartyComments','dbo.PartyLikes','dbo.Users','dbo.VerificationCodes')          OR t.TABLE_NAME = 'EdmMetadata')|
2015-10-08 14:26:24.7751|Debug|Shiju.Portal.Heart|  |
2015-10-08 14:26:24.7751|Debug|Shiju.Portal.Heart|-- Executing at 2015/10/8 14:26:24 +08:00  |
2015-10-08 14:26:24.7751|Debug|Shiju.Portal.Heart|-- Completed in 3 ms with result: 9  |
2015-10-08 14:26:24.7751|Debug|Shiju.Portal.Heart|  |
2015-10-08 14:26:25.7211|Debug|Shiju.Portal.Heart|SELECT       [GroupBy1].[A1] AS [C1]      FROM ( SELECT           COUNT(1) AS [A1]          FROM [dbo].[__MigrationHistory] AS [Extent1]      )  AS [GroupBy1]|
2015-10-08 14:26:25.7211|Debug|Shiju.Portal.Heart|  |
2015-10-08 14:26:25.7211|Debug|Shiju.Portal.Heart|-- Executing at 2015/10/8 14:26:25 +08:00  |
2015-10-08 14:26:25.7211|Debug|Shiju.Portal.Heart|-- Completed in 1 ms with result: SqlDataReader  |
2015-10-08 14:26:25.7211|Debug|Shiju.Portal.Heart|  |
2015-10-08 14:26:25.8361|Debug|Shiju.Portal.Heart|SELECT       [GroupBy1].[A1] AS [C1]      FROM ( SELECT           COUNT(1) AS [A1]          FROM [dbo].[__MigrationHistory] AS [Extent1]          WHERE ([Extent1].[ContextKey] = @p__linq__0) AND (@p__linq__0 IS NOT NULL)      )  AS [GroupBy1]|
2015-10-08 14:26:25.8361|Debug|Shiju.Portal.Heart|  |
2015-10-08 14:26:25.8381|Debug|Shiju.Portal.Heart|-- p__linq__0: 'ShiJu.Models.ShiJuDbContext' (Type = String, Size = 4000)  |
2015-10-08 14:26:25.8381|Debug|Shiju.Portal.Heart|-- Executing at 2015/10/8 14:26:25 +08:00  |
2015-10-08 14:26:25.8381|Debug|Shiju.Portal.Heart|-- Completed in 1 ms with result: SqlDataReader  |
2015-10-08 14:26:25.8381|Debug|Shiju.Portal.Heart|  |
2015-10-08 14:26:25.8681|Debug|Shiju.Portal.Heart|SELECT       [GroupBy1].[A1] AS [C1]      FROM ( SELECT           COUNT(1) AS [A1]          FROM [dbo].[__MigrationHistory] AS [Extent1]      )  AS [GroupBy1]|
2015-10-08 14:26:25.8681|Debug|Shiju.Portal.Heart|  |
2015-10-08 14:26:25.8681|Debug|Shiju.Portal.Heart|-- Executing at 2015/10/8 14:26:25 +08:00  |
2015-10-08 14:26:25.8681|Debug|Shiju.Portal.Heart|-- Completed in 1 ms with result: SqlDataReader  |
2015-10-08 14:26:25.8681|Debug|Shiju.Portal.Heart|  |
2015-10-08 14:26:25.8681|Debug|Shiju.Portal.Heart|SELECT       [GroupBy1].[A1] AS [C1]      FROM ( SELECT           COUNT(1) AS [A1]          FROM [dbo].[__MigrationHistory] AS [Extent1]          WHERE ([Extent1].[ContextKey] = @p__linq__0) AND (@p__linq__0 IS NOT NULL)      )  AS [GroupBy1]|
2015-10-08 14:26:25.8681|Debug|Shiju.Portal.Heart|  |
2015-10-08 14:26:25.8681|Debug|Shiju.Portal.Heart|-- p__linq__0: 'ShiJu.Models.ShiJuDbContext' (Type = String, Size = 4000)  |
2015-10-08 14:26:25.8681|Debug|Shiju.Portal.Heart|-- Executing at 2015/10/8 14:26:25 +08:00  |
2015-10-08 14:26:25.8681|Debug|Shiju.Portal.Heart|-- Completed in 0 ms with result: SqlDataReader  |
2015-10-08 14:26:25.8681|Debug|Shiju.Portal.Heart|  |
2015-10-08 14:26:25.9941|Debug|Shiju.Portal.Heart|SELECT TOP (1)       [Project1].[C1] AS [C1],       [Project1].[MigrationId] AS [MigrationId],       [Project1].[Model] AS [Model]      FROM ( SELECT           [Extent1].[MigrationId] AS [MigrationId],           [Extent1].[Model] AS [Model],           1 AS [C1]          FROM [dbo].[__MigrationHistory] AS [Extent1]          WHERE ([Extent1].[ContextKey] = @p__linq__0) AND (@p__linq__0 IS NOT NULL)      )  AS [Project1]      ORDER BY [Project1].[MigrationId] DESC|
2015-10-08 14:26:25.9941|Debug|Shiju.Portal.Heart|  |
2015-10-08 14:26:25.9941|Debug|Shiju.Portal.Heart|-- p__linq__0: 'ShiJu.Models.ShiJuDbContext' (Type = String, Size = 4000)  |
2015-10-08 14:26:25.9941|Debug|Shiju.Portal.Heart|-- Executing at 2015/10/8 14:26:25 +08:00  |
2015-10-08 14:26:25.9941|Debug|Shiju.Portal.Heart|-- Completed in 0 ms with result: SqlDataReader  |
2015-10-08 14:26:25.9941|Debug|Shiju.Portal.Heart|  |
2015-10-08 14:26:26.2701|Debug|Shiju.Portal.Heart|SELECT       [Extent1].[Id] AS [Id],       [Extent1].[Status] AS [Status],       [Extent1].[PhoneNumber] AS [PhoneNumber],       [Extent1].[NickName] AS [NickName],       [Extent1].[Signature] AS [Signature],       [Extent1].[Portrait] AS [Portrait],       [Extent1].[Gender] AS [Gender],       [Extent1].[District] AS [District],       [Extent1].[BackgroundImage] AS [BackgroundImage],       [Extent1].[CreatedTime] AS [CreatedTime],       [Extent1].[SignUpTime] AS [SignUpTime]      FROM [dbo].[Users] AS [Extent1]|
2015-10-08 14:26:26.2701|Debug|Shiju.Portal.Heart|  |
2015-10-08 14:26:26.2701|Debug|Shiju.Portal.Heart|-- Executing at 2015/10/8 14:26:26 +08:00  |
2015-10-08 14:26:26.2771|Debug|Shiju.Portal.Heart|-- Completed in 6 ms with result: SqlDataReader  |
2015-10-08 14:26:26.2771|Debug|Shiju.Portal.Heart|  |
2015-10-08 14:26:26.4861|Debug|Shiju.Portal.Heart|SELECT       [GroupBy1].[A1] AS [C1]      FROM ( SELECT           COUNT_BIG(1) AS [A1]          FROM [dbo].[Users] AS [Extent1]      )  AS [GroupBy1]|
2015-10-08 14:26:26.4861|Debug|Shiju.Portal.Heart|  |
2015-10-08 14:26:26.4861|Debug|Shiju.Portal.Heart|-- Executing at 2015/10/8 14:26:26 +08:00  |
2015-10-08 14:26:26.4861|Debug|Shiju.Portal.Heart|-- Completed in 2 ms with result: SqlDataReader  |
2015-10-08 14:26:26.4861|Debug|Shiju.Portal.Heart|  |
2015-10-08 14:26:27.1171|Debug|Shiju.Portal.Heart|SELECT TOP (@p__linq__0)       [Extent1].[Id] AS [Id],       [Extent1].[Status] AS [Status],       [Extent1].[PhoneNumber] AS [PhoneNumber],       [Extent1].[NickName] AS [NickName],       [Extent1].[Signature] AS [Signature],       [Extent1].[Portrait] AS [Portrait],       [Extent1].[Gender] AS [Gender],       [Extent1].[District] AS [District],       [Extent1].[BackgroundImage] AS [BackgroundImage],       [Extent1].[CreatedTime] AS [CreatedTime],       [Extent1].[SignUpTime] AS [SignUpTime]      FROM [dbo].[Users] AS [Extent1]      ORDER BY [Extent1].[CreatedTime] DESC, [Extent1].[Id] ASC|
2015-10-08 14:26:27.1201|Debug|Shiju.Portal.Heart|  |
2015-10-08 14:26:27.1201|Debug|Shiju.Portal.Heart|-- p__linq__0: '40' (Type = Int32)  |
2015-10-08 14:26:27.1201|Debug|Shiju.Portal.Heart|-- Executing at 2015/10/8 14:26:27 +08:00  |
2015-10-08 14:26:27.1351|Debug|Shiju.Portal.Heart|-- Completed in 6 ms with result: SqlDataReader  |
2015-10-08 14:26:27.1351|Debug|Shiju.Portal.Heart|  |
2015-10-08 14:26:29.1013|Debug|Shiju.Portal.Heart|SELECT       [Extent1].[Id] AS [Id],       [Extent1].[Status] AS [Status],       [Extent1].[PhoneNumber] AS [PhoneNumber],       [Extent1].[NickName] AS [NickName],       [Extent1].[Signature] AS [Signature],       [Extent1].[Portrait] AS [Portrait],       [Extent1].[Gender] AS [Gender],       [Extent1].[District] AS [District],       [Extent1].[BackgroundImage] AS [BackgroundImage],       [Extent1].[CreatedTime] AS [CreatedTime],       [Extent1].[SignUpTime] AS [SignUpTime]      FROM [dbo].[Users] AS [Extent1]|
2015-10-08 14:26:29.1013|Debug|Shiju.Portal.Heart|  |
2015-10-08 14:26:29.1013|Debug|Shiju.Portal.Heart|-- Executing at 2015/10/8 14:26:29 +08:00  |
2015-10-08 14:26:29.1023|Debug|Shiju.Portal.Heart|-- Completed in 11 ms with result: SqlDataReader  |
2015-10-08 14:26:29.1023|Debug|Shiju.Portal.Heart|  |
2015-10-08 14:26:29.1183|Debug|Shiju.Portal.Heart|SELECT       [GroupBy1].[A1] AS [C1]      FROM ( SELECT           COUNT_BIG(1) AS [A1]          FROM [dbo].[Users] AS [Extent1]      )  AS [GroupBy1]|
2015-10-08 14:26:29.1183|Debug|Shiju.Portal.Heart|  |
2015-10-08 14:26:29.1183|Debug|Shiju.Portal.Heart|-- Executing at 2015/10/8 14:26:29 +08:00  |
2015-10-08 14:26:29.1183|Debug|Shiju.Portal.Heart|-- Completed in 8 ms with result: SqlDataReader  |
2015-10-08 14:26:29.1183|Debug|Shiju.Portal.Heart|  |
2015-10-08 14:26:29.1363|Debug|Shiju.Portal.Heart|SELECT TOP (@p__linq__0)       [Extent1].[Id] AS [Id],       [Extent1].[Status] AS [Status],       [Extent1].[PhoneNumber] AS [PhoneNumber],       [Extent1].[NickName] AS [NickName],       [Extent1].[Signature] AS [Signature],       [Extent1].[Portrait] AS [Portrait],       [Extent1].[Gender] AS [Gender],       [Extent1].[District] AS [District],       [Extent1].[BackgroundImage] AS [BackgroundImage],       [Extent1].[CreatedTime] AS [CreatedTime],       [Extent1].[SignUpTime] AS [SignUpTime]      FROM [dbo].[Users] AS [Extent1]      ORDER BY [Extent1].[NickName] ASC, [Extent1].[Id] ASC|
2015-10-08 14:26:29.1363|Debug|Shiju.Portal.Heart|  |
2015-10-08 14:26:29.1363|Debug|Shiju.Portal.Heart|-- p__linq__0: '40' (Type = Int32)  |
2015-10-08 14:26:29.1363|Debug|Shiju.Portal.Heart|-- Executing at 2015/10/8 14:26:29 +08:00  |
2015-10-08 14:26:29.1363|Debug|Shiju.Portal.Heart|-- Completed in 2 ms with result: SqlDataReader  |
2015-10-08 14:26:29.1363|Debug|Shiju.Portal.Heart|  |
2015-10-08 14:27:03.6146|Debug|Shiju.Portal.Heart|SELECT       [Extent1].[Id] AS [Id],       [Extent1].[Status] AS [Status],       [Extent1].[PhoneNumber] AS [PhoneNumber],       [Extent1].[NickName] AS [NickName],       [Extent1].[Signature] AS [Signature],       [Extent1].[Portrait] AS [Portrait],       [Extent1].[Gender] AS [Gender],       [Extent1].[District] AS [District],       [Extent1].[BackgroundImage] AS [BackgroundImage],       [Extent1].[CreatedTime] AS [CreatedTime],       [Extent1].[SignUpTime] AS [SignUpTime]      FROM [dbo].[Users] AS [Extent1]|
2015-10-08 14:27:03.6146|Debug|Shiju.Portal.Heart|  |
2015-10-08 14:27:03.6146|Debug|Shiju.Portal.Heart|-- Executing at 2015/10/8 14:27:03 +08:00  |
2015-10-08 14:27:03.6186|Debug|Shiju.Portal.Heart|-- Completed in 2 ms with result: SqlDataReader  |
2015-10-08 14:27:03.6186|Debug|Shiju.Portal.Heart|  |
2015-10-08 14:27:03.6186|Debug|Shiju.Portal.Heart|SELECT       [GroupBy1].[A1] AS [C1]      FROM ( SELECT           COUNT_BIG(1) AS [A1]          FROM [dbo].[Users] AS [Extent1]      )  AS [GroupBy1]|
2015-10-08 14:27:03.6186|Debug|Shiju.Portal.Heart|  |
2015-10-08 14:27:03.6186|Debug|Shiju.Portal.Heart|-- Executing at 2015/10/8 14:27:03 +08:00  |
2015-10-08 14:27:03.6186|Debug|Shiju.Portal.Heart|-- Completed in 1 ms with result: SqlDataReader  |
2015-10-08 14:27:03.6186|Debug|Shiju.Portal.Heart|  |
2015-10-08 14:27:03.6186|Debug|Shiju.Portal.Heart|SELECT TOP (@p__linq__0)       [Extent1].[Id] AS [Id],       [Extent1].[Status] AS [Status],       [Extent1].[PhoneNumber] AS [PhoneNumber],       [Extent1].[NickName] AS [NickName],       [Extent1].[Signature] AS [Signature],       [Extent1].[Portrait] AS [Portrait],       [Extent1].[Gender] AS [Gender],       [Extent1].[District] AS [District],       [Extent1].[BackgroundImage] AS [BackgroundImage],       [Extent1].[CreatedTime] AS [CreatedTime],       [Extent1].[SignUpTime] AS [SignUpTime]      FROM [dbo].[Users] AS [Extent1]      ORDER BY [Extent1].[CreatedTime] DESC, [Extent1].[Id] ASC|
2015-10-08 14:27:03.6186|Debug|Shiju.Portal.Heart|  |
2015-10-08 14:27:03.6186|Debug|Shiju.Portal.Heart|-- p__linq__0: '40' (Type = Int32)  |
2015-10-08 14:27:03.6186|Debug|Shiju.Portal.Heart|-- Executing at 2015/10/8 14:27:03 +08:00  |
2015-10-08 14:27:03.6186|Debug|Shiju.Portal.Heart|-- Completed in 2 ms with result: SqlDataReader  |
2015-10-08 14:27:03.6186|Debug|Shiju.Portal.Heart|  |
