2015-07-01 18:53:39.8761|Error|WindowsServer.Web.WebApiGlobalExceptionFilterAttribute|Uncaught exception is detected.[ClientIP:::1 RawUrl:http://localhost:19668/odata/PartiesOData?$top=40&$orderby=CreatedTime desc&$inlinecount=allpages UserAgent:Mozilla/5.0 (Windows NT 6.3; WOW64) AppleWebKit/537.36 (KHTML, like Gecko) Chrome/41.0.2272.118 Safari/537.36]|System.Reflection.TargetInvocationException: Exception has been thrown by the target of an invocation. ---> System.InvalidOperationException: The model backing the 'ShiJuDbContext' context has changed since the database was created. Consider using Code First Migrations to update the database (http://go.microsoft.com/fwlink/?LinkId=238269).
   at System.Data.Entity.CreateDatabaseIfNotExists`1.InitializeDatabase(TContext context)
   at System.Data.Entity.Internal.InternalContext.<>c__DisplayClasse`1.<CreateInitializationAction>b__d()
   at System.Data.Entity.Internal.InternalContext.PerformInitializationAction(Action action)
   at System.Data.Entity.Internal.InternalContext.PerformDatabaseInitialization()
   at System.Data.Entity.Internal.LazyInternalContext.<InitializeDatabase>b__4(InternalContext c)
   at System.Data.Entity.Internal.RetryAction`1.PerformAction(TInput input)
   at System.Data.Entity.Internal.LazyInternalContext.InitializeDatabaseAction(Action`1 action)
   at System.Data.Entity.Internal.LazyInternalContext.InitializeDatabase()
   at System.Data.Entity.Internal.InternalContext.GetEntitySetAndBaseTypeForType(Type entityType)
   at System.Data.Entity.Internal.Linq.InternalSet`1.Initialize()
   at System.Data.Entity.Internal.Linq.InternalSet`1.get_InternalContext()
   at System.Data.Entity.Infrastructure.DbQuery`1.System.Linq.IQueryable.get_Provider()
   at System.Linq.Queryable.LongCount[TSource](IQueryable`1 source)
   --- End of inner exception stack trace ---
   at System.RuntimeMethodHandle.InvokeMethod(Object target, Object[] arguments, Signature sig, Boolean constructor)
   at System.Reflection.RuntimeMethodInfo.UnsafeInvokeInternal(Object obj, Object[] parameters, Object[] arguments)
   at System.Reflection.RuntimeMethodInfo.Invoke(Object obj, BindingFlags invokeAttr, Binder binder, Object[] parameters, CultureInfo culture)
   at System.Web.Http.OData.ExpressionHelpers.Count(IQueryable query, Type type)
   at System.Web.Http.OData.Query.InlineCountQueryOption.GetEntityCount(IQueryable query)
   at System.Web.Http.OData.Query.ODataQueryOptions.ApplyTo(IQueryable query, ODataQuerySettings querySettings)
   at System.Web.Http.QueryableAttribute.ApplyQuery(IQueryable queryable, ODataQueryOptions queryOptions)
   at System.Web.Http.QueryableAttribute.ExecuteQuery(Object response, HttpRequestMessage request, HttpActionDescriptor actionDescriptor)
   at System.Web.Http.QueryableAttribute.OnActionExecuted(HttpActionExecutedContext actionExecutedContext)
   at System.Web.Http.Filters.ActionFilterAttribute.<CallOnActionExecutedAsync>d__1.MoveNext()
--- End of stack trace from previous location where exception was thrown ---
   at System.Runtime.CompilerServices.TaskAwaiter.ThrowForNonSuccess(Task task)
   at System.Runtime.CompilerServices.TaskAwaiter.HandleNonSuccessAndDebuggerNotification(Task task)
   at System.Web.Http.Controllers.ActionFilterResult.<ExecuteAsync>d__2.MoveNext()
--- End of stack trace from previous location where exception was thrown ---
   at System.Runtime.CompilerServices.TaskAwaiter.ThrowForNonSuccess(Task task)
   at System.Runtime.CompilerServices.TaskAwaiter.HandleNonSuccessAndDebuggerNotification(Task task)
   at System.Web.Http.ApiController.<InvokeActionWithExceptionFilters>d__1.MoveNext()
