2016-01-19 17:37:17.3437|Error|WindowsServer.Web.GlobalExceptionHandler|Uncaught application exception is detected.|System.OutOfMemoryException: Exception of type 'System.OutOfMemoryException' was thrown.
   at System.Collections.Generic.Dictionary`2.Resize(Int32 newSize, Boolean forceNewHashCodes)
   at System.Collections.Generic.Dictionary`2.Insert(TKey key, TValue value, Boolean add)
   at System.Linq.Enumerable.ToDictionary[TSource,TKey,TElement](IEnumerable`1 source, Func`2 keySelector, Func`2 elementSelector, IEqualityComparer`1 comparer)
   at System.Linq.Enumerable.ToDictionary[TSource,TKey,TElement](IEnumerable`1 source, Func`2 keySelector, Func`2 elementSelector)
   at System.Web.Http.OData.Builder.ODataConventionModelBuilder.BuildDerivedTypesMapping(IAssembliesResolver assemblyResolver)
   at System.Web.Http.OData.Builder.ODataConventionModelBuilder.<>c__DisplayClass4.<Initialize>b__3()
   at System.Lazy`1.CreateValue()
   at System.Lazy`1.LazyInitValue()
   at System.Lazy`1.get_Value()
   at System.Web.Http.OData.Builder.ODataConventionModelBuilder.MapDerivedTypes(EntityTypeConfiguration entity)
   at System.Web.Http.OData.Builder.ODataConventionModelBuilder.MapEntityType(EntityTypeConfiguration entity)
   at System.Web.Http.OData.Builder.ODataConventionModelBuilder.MapType(StructuralTypeConfiguration edmType)
   at System.Web.Http.OData.Builder.ODataConventionModelBuilder.AddEntity(Type type)
   at System.Web.Http.OData.Builder.EntityTypeConfiguration.AddNavigationProperty(PropertyInfo navigationProperty, EdmMultiplicity multiplicity)
   at System.Web.Http.OData.Builder.ODataConventionModelBuilder.MapEntityType(EntityTypeConfiguration entity)
   at System.Web.Http.OData.Builder.ODataConventionModelBuilder.MapType(StructuralTypeConfiguration edmType)
   at System.Web.Http.OData.Builder.ODataConventionModelBuilder.AddEntity(Type type)
   at System.Web.Http.OData.Builder.EntityTypeConfiguration.AddNavigationProperty(PropertyInfo navigationProperty, EdmMultiplicity multiplicity)
   at System.Web.Http.OData.Builder.ODataConventionModelBuilder.MapEntityType(EntityTypeConfiguration entity)
   at System.Web.Http.OData.Builder.ODataConventionModelBuilder.MapType(StructuralTypeConfiguration edmType)
   at System.Web.Http.OData.Builder.ODataConventionModelBuilder.MapTypes()
   at System.Web.Http.OData.Builder.ODataConventionModelBuilder.GetEdmModel()
   at ShiJu.Portal.WebApiConfig.Register(HttpConfiguration config) in d:\TFS\YPProjects\Projects\ShiJu\ShiJuPortal\App_Start\WebApiConfig.cs:line 30
   at Shiju.Portal.MvcApplication.Application_Start() in d:\TFS\YPProjects\Projects\ShiJu\ShiJuPortal\Global.asax.cs:line 22
