2015-11-03 15:34:35.3457|Debug|ShiJu.Service.Heart|  SELECT Count(*)  FROM INFORMATION_SCHEMA.TABLES AS t  WHERE t.TABLE_TYPE = 'BASE TABLE'      AND (t.TABLE_SCHEMA + '.' + t.TABLE_NAME IN ('dbo.Accounts','dbo.FriendRequests','dbo.Friends','dbo.Participants','dbo.Parties','dbo.PartyComments','dbo.PartyLikes','dbo.Users','dbo.VerificationCodes')          OR t.TABLE_NAME = 'EdmMetadata')|
2015-11-03 15:34:35.3457|Debug|ShiJu.Service.Heart|  |
2015-11-03 15:34:35.3527|Debug|ShiJu.Service.Heart|-- Executing at 2015/11/3 15:34:35 +08:00  |
2015-11-03 15:34:35.4487|Debug|ShiJu.Service.Heart|-- Completed in 92 ms with result: 9  |
2015-11-03 15:34:35.4487|Debug|ShiJu.Service.Heart|  |
2015-11-03 15:34:37.1977|Debug|ShiJu.Service.Heart|SELECT       [GroupBy1].[A1] AS [C1]      FROM ( SELECT           COUNT(1) AS [A1]          FROM [dbo].[__MigrationHistory] AS [Extent1]      )  AS [GroupBy1]|
2015-11-03 15:34:37.1977|Debug|ShiJu.Service.Heart|  |
2015-11-03 15:34:37.1977|Debug|ShiJu.Service.Heart|-- Executing at 2015/11/3 15:34:37 +08:00  |
2015-11-03 15:34:37.2367|Debug|ShiJu.Service.Heart|-- Completed in 33 ms with result: SqlDataReader  |
2015-11-03 15:34:37.2367|Debug|ShiJu.Service.Heart|  |
2015-11-03 15:34:37.3287|Debug|ShiJu.Service.Heart|SELECT       [GroupBy1].[A1] AS [C1]      FROM ( SELECT           COUNT(1) AS [A1]          FROM [dbo].[__MigrationHistory] AS [Extent1]          WHERE ([Extent1].[ContextKey] = @p__linq__0) AND (@p__linq__0 IS NOT NULL)      )  AS [GroupBy1]|
2015-11-03 15:34:37.3287|Debug|ShiJu.Service.Heart|  |
2015-11-03 15:34:37.3287|Debug|ShiJu.Service.Heart|-- p__linq__0: 'ShiJu.Models.ShiJuDbContext' (Type = String, Size = 4000)  |
2015-11-03 15:34:37.3287|Debug|ShiJu.Service.Heart|-- Executing at 2015/11/3 15:34:37 +08:00  |
2015-11-03 15:34:37.3587|Debug|ShiJu.Service.Heart|-- Completed in 26 ms with result: SqlDataReader  |
2015-11-03 15:34:37.3587|Debug|ShiJu.Service.Heart|  |
2015-11-03 15:34:37.4097|Debug|ShiJu.Service.Heart|SELECT       [GroupBy1].[A1] AS [C1]      FROM ( SELECT           COUNT(1) AS [A1]          FROM [dbo].[__MigrationHistory] AS [Extent1]      )  AS [GroupBy1]|
2015-11-03 15:34:37.4097|Debug|ShiJu.Service.Heart|  |
2015-11-03 15:34:37.4097|Debug|ShiJu.Service.Heart|-- Executing at 2015/11/3 15:34:37 +08:00  |
2015-11-03 15:34:37.4317|Debug|ShiJu.Service.Heart|-- Completed in 21 ms with result: SqlDataReader  |
2015-11-03 15:34:37.4317|Debug|ShiJu.Service.Heart|  |
2015-11-03 15:34:37.4317|Debug|ShiJu.Service.Heart|SELECT       [GroupBy1].[A1] AS [C1]      FROM ( SELECT           COUNT(1) AS [A1]          FROM [dbo].[__MigrationHistory] AS [Extent1]          WHERE ([Extent1].[ContextKey] = @p__linq__0) AND (@p__linq__0 IS NOT NULL)      )  AS [GroupBy1]|
2015-11-03 15:34:37.4317|Debug|ShiJu.Service.Heart|  |
2015-11-03 15:34:37.4317|Debug|ShiJu.Service.Heart|-- p__linq__0: 'ShiJu.Models.ShiJuDbContext' (Type = String, Size = 4000)  |
2015-11-03 15:34:37.4317|Debug|ShiJu.Service.Heart|-- Executing at 2015/11/3 15:34:37 +08:00  |
2015-11-03 15:34:37.4557|Debug|ShiJu.Service.Heart|-- Completed in 21 ms with result: SqlDataReader  |
2015-11-03 15:34:37.4557|Debug|ShiJu.Service.Heart|  |
2015-11-03 15:34:37.5207|Debug|ShiJu.Service.Heart|SELECT TOP (1)       [Project1].[C1] AS [C1],       [Project1].[MigrationId] AS [MigrationId],       [Project1].[Model] AS [Model]      FROM ( SELECT           [Extent1].[MigrationId] AS [MigrationId],           [Extent1].[Model] AS [Model],           1 AS [C1]          FROM [dbo].[__MigrationHistory] AS [Extent1]          WHERE ([Extent1].[ContextKey] = @p__linq__0) AND (@p__linq__0 IS NOT NULL)      )  AS [Project1]      ORDER BY [Project1].[MigrationId] DESC|
2015-11-03 15:34:37.5207|Debug|ShiJu.Service.Heart|  |
2015-11-03 15:34:37.5207|Debug|ShiJu.Service.Heart|-- p__linq__0: 'ShiJu.Models.ShiJuDbContext' (Type = String, Size = 4000)  |
2015-11-03 15:34:37.5207|Debug|ShiJu.Service.Heart|-- Executing at 2015/11/3 15:34:37 +08:00  |
2015-11-03 15:34:37.5547|Debug|ShiJu.Service.Heart|-- Completed in 33 ms with result: SqlDataReader  |
2015-11-03 15:34:37.5547|Debug|ShiJu.Service.Heart|  |
2015-11-03 15:34:39.1197|Debug|ShiJu.Service.Heart|SELECT TOP (2)       [Extent1].[PhoneNumber] AS [PhoneNumber],       [Extent1].[Code] AS [Code],       [Extent1].[CreatedTime] AS [CreatedTime]      FROM [dbo].[VerificationCodes] AS [Extent1]      WHERE [Extent1].[PhoneNumber] = @p0|
2015-11-03 15:34:39.1197|Debug|ShiJu.Service.Heart|  |
2015-11-03 15:34:39.1197|Debug|ShiJu.Service.Heart|-- p0: '18516240357' (Type = String, Size = 4000)  |
2015-11-03 15:34:39.1197|Debug|ShiJu.Service.Heart|-- Executing at 2015/11/3 15:34:39 +08:00  |
2015-11-03 15:34:39.1697|Debug|ShiJu.Service.Heart|-- Completed in 46 ms with result: SqlDataReader  |
2015-11-03 15:34:39.1697|Debug|ShiJu.Service.Heart|  |
2015-11-03 15:34:56.3167|Debug|ShiJu.Service.Heart|INSERT [dbo].[VerificationCodes]([PhoneNumber], [Code], [CreatedTime])  VALUES (@0, @1, @2)  |
2015-11-03 15:34:56.3237|Debug|ShiJu.Service.Heart|-- @0: '18516240357' (Type = String, Size = 128)  |
2015-11-03 15:34:56.3237|Debug|ShiJu.Service.Heart|-- @1: '470813' (Type = String, Size = -1)  |
2015-11-03 15:34:56.3237|Debug|ShiJu.Service.Heart|-- @2: '2015/11/3 7:34:44' (Type = DateTime2)  |
2015-11-03 15:34:56.3237|Debug|ShiJu.Service.Heart|-- Executing at 2015/11/3 15:34:56 +08:00  |
2015-11-03 15:34:56.4017|Debug|ShiJu.Service.Heart|-- Completed in 72 ms with result: 1  |
2015-11-03 15:34:56.4017|Debug|ShiJu.Service.Heart|  |
