2016-01-26 13:16:46.9763|Debug|ShiJu.Service.Heart|  SELECT Count(*)  FROM INFORMATION_SCHEMA.TABLES AS t  WHERE t.TABLE_TYPE = 'BASE TABLE'      AND (t.TABLE_SCHEMA + '.' + t.TABLE_NAME IN ('dbo.Accounts','dbo.FriendRequests','dbo.Friends','dbo.Greetings','dbo.Participants','dbo.Parties','dbo.PartyComments','dbo.PartyLikes','dbo.UserGreetings','dbo.Users','dbo.VerificationCodes')          OR t.TABLE_NAME = 'EdmMetadata')|
2016-01-26 13:16:46.9763|Debug|ShiJu.Service.Heart|  |
2016-01-26 13:16:46.9903|Debug|ShiJu.Service.Heart|-- Executing at 2016/1/26 13:16:46 +08:00  |
2016-01-26 13:16:47.2173|Debug|ShiJu.Service.Heart|-- Completed in 223 ms with result: 11  |
2016-01-26 13:16:47.2173|Debug|ShiJu.Service.Heart|  |
2016-01-26 13:16:50.0513|Debug|ShiJu.Service.Heart|SELECT       [GroupBy1].[A1] AS [C1]      FROM ( SELECT           COUNT(1) AS [A1]          FROM [dbo].[__MigrationHistory] AS [Extent1]      )  AS [GroupBy1]|
2016-01-26 13:16:50.0513|Debug|ShiJu.Service.Heart|  |
2016-01-26 13:16:50.0513|Debug|ShiJu.Service.Heart|-- Executing at 2016/1/26 13:16:50 +08:00  |
2016-01-26 13:16:50.1363|Debug|ShiJu.Service.Heart|-- Completed in 81 ms with result: SqlDataReader  |
2016-01-26 13:16:50.1363|Debug|ShiJu.Service.Heart|  |
2016-01-26 13:16:50.3743|Debug|ShiJu.Service.Heart|SELECT       [GroupBy1].[A1] AS [C1]      FROM ( SELECT           COUNT(1) AS [A1]          FROM [dbo].[__MigrationHistory] AS [Extent1]          WHERE ([Extent1].[ContextKey] = @p__linq__0) AND (@p__linq__0 IS NOT NULL)      )  AS [GroupBy1]|
2016-01-26 13:16:50.3743|Debug|ShiJu.Service.Heart|  |
2016-01-26 13:16:50.3823|Debug|ShiJu.Service.Heart|-- p__linq__0: 'ShiJu.Models.ShiJuDbContext' (Type = String, Size = 4000)  |
2016-01-26 13:16:50.3823|Debug|ShiJu.Service.Heart|-- Executing at 2016/1/26 13:16:50 +08:00  |
2016-01-26 13:16:50.4383|Debug|ShiJu.Service.Heart|-- Completed in 55 ms with result: SqlDataReader  |
2016-01-26 13:16:50.4403|Debug|ShiJu.Service.Heart|  |
2016-01-26 13:16:50.5573|Debug|ShiJu.Service.Heart|SELECT       [GroupBy1].[A1] AS [C1]      FROM ( SELECT           COUNT(1) AS [A1]          FROM [dbo].[__MigrationHistory] AS [Extent1]      )  AS [GroupBy1]|
2016-01-26 13:16:50.5573|Debug|ShiJu.Service.Heart|  |
2016-01-26 13:16:50.5573|Debug|ShiJu.Service.Heart|-- Executing at 2016/1/26 13:16:50 +08:00  |
2016-01-26 13:16:50.6073|Debug|ShiJu.Service.Heart|-- Completed in 48 ms with result: SqlDataReader  |
2016-01-26 13:16:50.6073|Debug|ShiJu.Service.Heart|  |
2016-01-26 13:16:50.6191|Debug|ShiJu.Service.Heart|SELECT       [GroupBy1].[A1] AS [C1]      FROM ( SELECT           COUNT(1) AS [A1]          FROM [dbo].[__MigrationHistory] AS [Extent1]          WHERE ([Extent1].[ContextKey] = @p__linq__0) AND (@p__linq__0 IS NOT NULL)      )  AS [GroupBy1]|
2016-01-26 13:16:50.6191|Debug|ShiJu.Service.Heart|  |
2016-01-26 13:16:50.6191|Debug|ShiJu.Service.Heart|-- p__linq__0: 'ShiJu.Models.ShiJuDbContext' (Type = String, Size = 4000)  |
2016-01-26 13:16:50.6191|Debug|ShiJu.Service.Heart|-- Executing at 2016/1/26 13:16:50 +08:00  |
2016-01-26 13:16:50.6983|Debug|ShiJu.Service.Heart|-- Completed in 77 ms with result: SqlDataReader  |
2016-01-26 13:16:50.6983|Debug|ShiJu.Service.Heart|  |
2016-01-26 13:16:50.8881|Debug|ShiJu.Service.Heart|SELECT TOP (1)       [Project1].[C1] AS [C1],       [Project1].[MigrationId] AS [MigrationId],       [Project1].[Model] AS [Model]      FROM ( SELECT           [Extent1].[MigrationId] AS [MigrationId],           [Extent1].[Model] AS [Model],           1 AS [C1]          FROM [dbo].[__MigrationHistory] AS [Extent1]          WHERE ([Extent1].[ContextKey] = @p__linq__0) AND (@p__linq__0 IS NOT NULL)      )  AS [Project1]      ORDER BY [Project1].[MigrationId] DESC|
2016-01-26 13:16:50.8881|Debug|ShiJu.Service.Heart|  |
2016-01-26 13:16:50.8881|Debug|ShiJu.Service.Heart|-- p__linq__0: 'ShiJu.Models.ShiJuDbContext' (Type = String, Size = 4000)  |
2016-01-26 13:16:50.8881|Debug|ShiJu.Service.Heart|-- Executing at 2016/1/26 13:16:50 +08:00  |
2016-01-26 13:16:50.9683|Debug|ShiJu.Service.Heart|-- Completed in 78 ms with result: SqlDataReader  |
2016-01-26 13:16:50.9683|Debug|ShiJu.Service.Heart|  |
2016-01-26 13:16:52.9632|Debug|ShiJu.Service.Heart|SELECT TOP (2)       [Extent1].[Id] AS [Id],       [Extent1].[SourceUserId] AS [SourceUserId],       [Extent1].[TargetUserId] AS [TargetUserId],       [Extent1].[TargetPhoneNumber] AS [TargetPhoneNumber],       [Extent1].[IsAgreed] AS [IsAgreed],       [Extent1].[CreatedTime] AS [CreatedTime]      FROM [dbo].[Greetings] AS [Extent1]      WHERE [Extent1].[Id] = @p0|
2016-01-26 13:16:52.9632|Debug|ShiJu.Service.Heart|  |
2016-01-26 13:16:52.9632|Debug|ShiJu.Service.Heart|-- p0: '1' (Type = Int32)  |
2016-01-26 13:16:52.9632|Debug|ShiJu.Service.Heart|-- Executing at 2016/1/26 13:16:52 +08:00  |
2016-01-26 13:16:52.9943|Debug|ShiJu.Service.Heart|-- Completed in 29 ms with result: SqlDataReader  |
2016-01-26 13:16:52.9943|Debug|ShiJu.Service.Heart|  |
2016-01-26 13:16:59.3300|Debug|ShiJu.Service.Heart|SELECT TOP (2)       [Extent1].[Id] AS [Id],       [Extent1].[Status] AS [Status],       [Extent1].[PhoneNumber] AS [PhoneNumber],       [Extent1].[NickName] AS [NickName],       [Extent1].[Signature] AS [Signature],       [Extent1].[Portrait] AS [Portrait],       [Extent1].[Gender] AS [Gender],       [Extent1].[District] AS [District],       [Extent1].[BackgroundImage] AS [BackgroundImage],       [Extent1].[NeedNotification] AS [NeedNotification],       [Extent1].[CreatedTime] AS [CreatedTime],       [Extent1].[SignUpTime] AS [SignUpTime]      FROM [dbo].[Users] AS [Extent1]      WHERE [Extent1].[Id] = @p0|
2016-01-26 13:16:59.3300|Debug|ShiJu.Service.Heart|  |
2016-01-26 13:16:59.3310|Debug|ShiJu.Service.Heart|-- p0: 'd1c6f089-9d54-4eb7-a893-05ee340b1a0e' (Type = Guid)  |
2016-01-26 13:16:59.3310|Debug|ShiJu.Service.Heart|-- Executing at 2016/1/26 13:16:59 +08:00  |
2016-01-26 13:16:59.3790|Debug|ShiJu.Service.Heart|-- Completed in 46 ms with result: SqlDataReader  |
2016-01-26 13:16:59.3790|Debug|ShiJu.Service.Heart|  |
2016-01-26 13:18:04.9278|Debug|ShiJu.Service.Heart|SELECT TOP (2)       [Extent1].[Id] AS [Id],       [Extent1].[SourceUserId] AS [SourceUserId],       [Extent1].[TargetUserId] AS [TargetUserId],       [Extent1].[TargetPhoneNumber] AS [TargetPhoneNumber],       [Extent1].[IsAgreed] AS [IsAgreed],       [Extent1].[CreatedTime] AS [CreatedTime]      FROM [dbo].[Greetings] AS [Extent1]      WHERE [Extent1].[Id] = @p0|
2016-01-26 13:18:04.9278|Debug|ShiJu.Service.Heart|  |
2016-01-26 13:18:04.9278|Debug|ShiJu.Service.Heart|-- p0: '1' (Type = Int32)  |
2016-01-26 13:18:04.9278|Debug|ShiJu.Service.Heart|-- Executing at 2016/1/26 13:18:04 +08:00  |
2016-01-26 13:18:05.0048|Debug|ShiJu.Service.Heart|-- Completed in 68 ms with result: SqlDataReader  |
2016-01-26 13:18:05.0048|Debug|ShiJu.Service.Heart|  |
2016-01-26 13:18:05.0048|Debug|ShiJu.Service.Heart|SELECT TOP (2)       [Extent1].[Id] AS [Id],       [Extent1].[Status] AS [Status],       [Extent1].[PhoneNumber] AS [PhoneNumber],       [Extent1].[NickName] AS [NickName],       [Extent1].[Signature] AS [Signature],       [Extent1].[Portrait] AS [Portrait],       [Extent1].[Gender] AS [Gender],       [Extent1].[District] AS [District],       [Extent1].[BackgroundImage] AS [BackgroundImage],       [Extent1].[NeedNotification] AS [NeedNotification],       [Extent1].[CreatedTime] AS [CreatedTime],       [Extent1].[SignUpTime] AS [SignUpTime]      FROM [dbo].[Users] AS [Extent1]      WHERE [Extent1].[Id] = @p0|
2016-01-26 13:18:05.0048|Debug|ShiJu.Service.Heart|  |
2016-01-26 13:18:05.0048|Debug|ShiJu.Service.Heart|-- p0: 'd1c6f089-9d54-4eb7-a893-05ee340b1a0e' (Type = Guid)  |
2016-01-26 13:18:05.0048|Debug|ShiJu.Service.Heart|-- Executing at 2016/1/26 13:18:05 +08:00  |
2016-01-26 13:18:05.0638|Debug|ShiJu.Service.Heart|-- Completed in 49 ms with result: SqlDataReader  |
2016-01-26 13:18:05.0638|Debug|ShiJu.Service.Heart|  |
2016-01-26 13:23:52.3332|Debug|ShiJu.Service.Heart|  SELECT Count(*)  FROM INFORMATION_SCHEMA.TABLES AS t  WHERE t.TABLE_TYPE = 'BASE TABLE'      AND (t.TABLE_SCHEMA + '.' + t.TABLE_NAME IN ('dbo.Accounts','dbo.FriendRequests','dbo.Friends','dbo.Greetings','dbo.Participants','dbo.Parties','dbo.PartyComments','dbo.PartyLikes','dbo.UserGreetings','dbo.Users','dbo.VerificationCodes')          OR t.TABLE_NAME = 'EdmMetadata')|
2016-01-26 13:23:52.3332|Debug|ShiJu.Service.Heart|  |
2016-01-26 13:23:52.3332|Debug|ShiJu.Service.Heart|-- Executing at 2016/1/26 13:23:52 +08:00  |
2016-01-26 13:23:52.4088|Debug|ShiJu.Service.Heart|-- Completed in 70 ms with result: 11  |
2016-01-26 13:23:52.4088|Debug|ShiJu.Service.Heart|  |
2016-01-26 13:23:54.8268|Debug|ShiJu.Service.Heart|SELECT       [GroupBy1].[A1] AS [C1]      FROM ( SELECT           COUNT(1) AS [A1]          FROM [dbo].[__MigrationHistory] AS [Extent1]      )  AS [GroupBy1]|
2016-01-26 13:23:54.8268|Debug|ShiJu.Service.Heart|  |
2016-01-26 13:23:54.8268|Debug|ShiJu.Service.Heart|-- Executing at 2016/1/26 13:23:54 +08:00  |
2016-01-26 13:23:54.8907|Debug|ShiJu.Service.Heart|-- Completed in 56 ms with result: SqlDataReader  |
2016-01-26 13:23:54.8907|Debug|ShiJu.Service.Heart|  |
2016-01-26 13:23:55.0837|Debug|ShiJu.Service.Heart|SELECT       [GroupBy1].[A1] AS [C1]      FROM ( SELECT           COUNT(1) AS [A1]          FROM [dbo].[__MigrationHistory] AS [Extent1]          WHERE ([Extent1].[ContextKey] = @p__linq__0) AND (@p__linq__0 IS NOT NULL)      )  AS [GroupBy1]|
2016-01-26 13:23:55.0837|Debug|ShiJu.Service.Heart|  |
2016-01-26 13:23:55.0837|Debug|ShiJu.Service.Heart|-- p__linq__0: 'ShiJu.Models.ShiJuDbContext' (Type = String, Size = 4000)  |
2016-01-26 13:23:55.0837|Debug|ShiJu.Service.Heart|-- Executing at 2016/1/26 13:23:55 +08:00  |
2016-01-26 13:23:55.1877|Debug|ShiJu.Service.Heart|-- Completed in 100 ms with result: SqlDataReader  |
2016-01-26 13:23:55.1877|Debug|ShiJu.Service.Heart|  |
2016-01-26 13:23:55.3307|Debug|ShiJu.Service.Heart|SELECT       [GroupBy1].[A1] AS [C1]      FROM ( SELECT           COUNT(1) AS [A1]          FROM [dbo].[__MigrationHistory] AS [Extent1]      )  AS [GroupBy1]|
2016-01-26 13:23:55.3307|Debug|ShiJu.Service.Heart|  |
2016-01-26 13:23:55.3307|Debug|ShiJu.Service.Heart|-- Executing at 2016/1/26 13:23:55 +08:00  |
2016-01-26 13:23:55.3717|Debug|ShiJu.Service.Heart|-- Completed in 39 ms with result: SqlDataReader  |
2016-01-26 13:23:55.3717|Debug|ShiJu.Service.Heart|  |
2016-01-26 13:23:55.3727|Debug|ShiJu.Service.Heart|SELECT       [GroupBy1].[A1] AS [C1]      FROM ( SELECT           COUNT(1) AS [A1]          FROM [dbo].[__MigrationHistory] AS [Extent1]          WHERE ([Extent1].[ContextKey] = @p__linq__0) AND (@p__linq__0 IS NOT NULL)      )  AS [GroupBy1]|
2016-01-26 13:23:55.3727|Debug|ShiJu.Service.Heart|  |
2016-01-26 13:23:55.3727|Debug|ShiJu.Service.Heart|-- p__linq__0: 'ShiJu.Models.ShiJuDbContext' (Type = String, Size = 4000)  |
2016-01-26 13:23:55.3727|Debug|ShiJu.Service.Heart|-- Executing at 2016/1/26 13:23:55 +08:00  |
2016-01-26 13:23:55.4318|Debug|ShiJu.Service.Heart|-- Completed in 51 ms with result: SqlDataReader  |
2016-01-26 13:23:55.4318|Debug|ShiJu.Service.Heart|  |
2016-01-26 13:23:55.5877|Debug|ShiJu.Service.Heart|SELECT TOP (1)       [Project1].[C1] AS [C1],       [Project1].[MigrationId] AS [MigrationId],       [Project1].[Model] AS [Model]      FROM ( SELECT           [Extent1].[MigrationId] AS [MigrationId],           [Extent1].[Model] AS [Model],           1 AS [C1]          FROM [dbo].[__MigrationHistory] AS [Extent1]          WHERE ([Extent1].[ContextKey] = @p__linq__0) AND (@p__linq__0 IS NOT NULL)      )  AS [Project1]      ORDER BY [Project1].[MigrationId] DESC|
2016-01-26 13:23:55.5877|Debug|ShiJu.Service.Heart|  |
2016-01-26 13:23:55.5877|Debug|ShiJu.Service.Heart|-- p__linq__0: 'ShiJu.Models.ShiJuDbContext' (Type = String, Size = 4000)  |
2016-01-26 13:23:55.5877|Debug|ShiJu.Service.Heart|-- Executing at 2016/1/26 13:23:55 +08:00  |
2016-01-26 13:23:55.6277|Debug|ShiJu.Service.Heart|-- Completed in 39 ms with result: SqlDataReader  |
2016-01-26 13:23:55.6277|Debug|ShiJu.Service.Heart|  |
2016-01-26 13:23:57.2247|Debug|ShiJu.Service.Heart|SELECT TOP (2)       [Extent1].[Id] AS [Id],       [Extent1].[SourceUserId] AS [SourceUserId],       [Extent1].[TargetUserId] AS [TargetUserId],       [Extent1].[TargetPhoneNumber] AS [TargetPhoneNumber],       [Extent1].[IsAgreed] AS [IsAgreed],       [Extent1].[CreatedTime] AS [CreatedTime]      FROM [dbo].[Greetings] AS [Extent1]      WHERE [Extent1].[Id] = @p0|
2016-01-26 13:23:57.2247|Debug|ShiJu.Service.Heart|  |
2016-01-26 13:23:57.2247|Debug|ShiJu.Service.Heart|-- p0: '1' (Type = Int32)  |
2016-01-26 13:23:57.2247|Debug|ShiJu.Service.Heart|-- Executing at 2016/1/26 13:23:57 +08:00  |
2016-01-26 13:23:57.2737|Debug|ShiJu.Service.Heart|-- Completed in 44 ms with result: SqlDataReader  |
2016-01-26 13:23:57.2737|Debug|ShiJu.Service.Heart|  |
2016-01-26 13:23:57.4247|Debug|ShiJu.Service.Heart|SELECT TOP (2)       [Extent1].[Id] AS [Id],       [Extent1].[Status] AS [Status],       [Extent1].[PhoneNumber] AS [PhoneNumber],       [Extent1].[NickName] AS [NickName],       [Extent1].[Signature] AS [Signature],       [Extent1].[Portrait] AS [Portrait],       [Extent1].[Gender] AS [Gender],       [Extent1].[District] AS [District],       [Extent1].[BackgroundImage] AS [BackgroundImage],       [Extent1].[NeedNotification] AS [NeedNotification],       [Extent1].[CreatedTime] AS [CreatedTime],       [Extent1].[SignUpTime] AS [SignUpTime]      FROM [dbo].[Users] AS [Extent1]      WHERE [Extent1].[Id] = @p0|
2016-01-26 13:23:57.4247|Debug|ShiJu.Service.Heart|  |
2016-01-26 13:23:57.4247|Debug|ShiJu.Service.Heart|-- p0: 'd1c6f089-9d54-4eb7-a893-05ee340b1a0e' (Type = Guid)  |
2016-01-26 13:23:57.4247|Debug|ShiJu.Service.Heart|-- Executing at 2016/1/26 13:23:57 +08:00  |
2016-01-26 13:23:57.4787|Debug|ShiJu.Service.Heart|-- Completed in 52 ms with result: SqlDataReader  |
2016-01-26 13:23:57.4787|Debug|ShiJu.Service.Heart|  |
