2016-02-03 10:04:13.4912|Debug|ShiJu.Service.Heart|  SELECT Count(*)  FROM INFORMATION_SCHEMA.TABLES AS t  WHERE t.TABLE_TYPE = 'BASE TABLE'      AND (t.TABLE_SCHEMA + '.' + t.TABLE_NAME IN ('dbo.Accounts','dbo.FriendRequests','dbo.Friends','dbo.Greetings','dbo.Participants','dbo.Parties','dbo.PartyComments','dbo.PartyLikes','dbo.UserGreetings','dbo.Users','dbo.VerificationCodes')          OR t.TABLE_NAME = 'EdmMetadata')|
2016-02-03 10:04:13.6352|Debug|ShiJu.Service.Heart|  |
2016-02-03 10:04:13.6472|Debug|ShiJu.Service.Heart|-- Executing at 2016/2/3 10:04:13 +08:00  |
2016-02-03 10:04:13.8172|Debug|ShiJu.Service.Heart|-- Completed in 166 ms with result: 11  |
2016-02-03 10:04:13.8172|Debug|ShiJu.Service.Heart|  |
2016-02-03 10:04:15.7711|Debug|ShiJu.Service.Heart|SELECT       [GroupBy1].[A1] AS [C1]      FROM ( SELECT           COUNT(1) AS [A1]          FROM [dbo].[__MigrationHistory] AS [Extent1]      )  AS [GroupBy1]|
2016-02-03 10:04:15.7711|Debug|ShiJu.Service.Heart|  |
2016-02-03 10:04:15.7711|Debug|ShiJu.Service.Heart|-- Executing at 2016/2/3 10:04:15 +08:00  |
2016-02-03 10:04:15.8072|Debug|ShiJu.Service.Heart|-- Completed in 33 ms with result: SqlDataReader  |
2016-02-03 10:04:15.8072|Debug|ShiJu.Service.Heart|  |
2016-02-03 10:04:15.9012|Debug|ShiJu.Service.Heart|SELECT       [GroupBy1].[A1] AS [C1]      FROM ( SELECT           COUNT(1) AS [A1]          FROM [dbo].[__MigrationHistory] AS [Extent1]          WHERE ([Extent1].[ContextKey] = @p__linq__0) AND (@p__linq__0 IS NOT NULL)      )  AS [GroupBy1]|
2016-02-03 10:04:15.9012|Debug|ShiJu.Service.Heart|  |
2016-02-03 10:04:15.9021|Debug|ShiJu.Service.Heart|-- p__linq__0: 'ShiJu.Models.ShiJuDbContext' (Type = String, Size = 4000)  |
2016-02-03 10:04:15.9021|Debug|ShiJu.Service.Heart|-- Executing at 2016/2/3 10:04:15 +08:00  |
2016-02-03 10:04:15.9292|Debug|ShiJu.Service.Heart|-- Completed in 24 ms with result: SqlDataReader  |
2016-02-03 10:04:15.9292|Debug|ShiJu.Service.Heart|  |
2016-02-03 10:04:15.9881|Debug|ShiJu.Service.Heart|SELECT       [GroupBy1].[A1] AS [C1]      FROM ( SELECT           COUNT(1) AS [A1]          FROM [dbo].[__MigrationHistory] AS [Extent1]      )  AS [GroupBy1]|
2016-02-03 10:04:15.9881|Debug|ShiJu.Service.Heart|  |
2016-02-03 10:04:15.9881|Debug|ShiJu.Service.Heart|-- Executing at 2016/2/3 10:04:15 +08:00  |
2016-02-03 10:04:16.0248|Debug|ShiJu.Service.Heart|-- Completed in 35 ms with result: SqlDataReader  |
2016-02-03 10:04:16.0248|Debug|ShiJu.Service.Heart|  |
2016-02-03 10:04:16.0302|Debug|ShiJu.Service.Heart|SELECT       [GroupBy1].[A1] AS [C1]      FROM ( SELECT           COUNT(1) AS [A1]          FROM [dbo].[__MigrationHistory] AS [Extent1]          WHERE ([Extent1].[ContextKey] = @p__linq__0) AND (@p__linq__0 IS NOT NULL)      )  AS [GroupBy1]|
2016-02-03 10:04:16.0302|Debug|ShiJu.Service.Heart|  |
2016-02-03 10:04:16.0302|Debug|ShiJu.Service.Heart|-- p__linq__0: 'ShiJu.Models.ShiJuDbContext' (Type = String, Size = 4000)  |
2016-02-03 10:04:16.0302|Debug|ShiJu.Service.Heart|-- Executing at 2016/2/3 10:04:16 +08:00  |
2016-02-03 10:04:16.0552|Debug|ShiJu.Service.Heart|-- Completed in 23 ms with result: SqlDataReader  |
2016-02-03 10:04:16.0552|Debug|ShiJu.Service.Heart|  |
2016-02-03 10:04:16.1431|Debug|ShiJu.Service.Heart|SELECT TOP (1)       [Project1].[C1] AS [C1],       [Project1].[MigrationId] AS [MigrationId],       [Project1].[Model] AS [Model]      FROM ( SELECT           [Extent1].[MigrationId] AS [MigrationId],           [Extent1].[Model] AS [Model],           1 AS [C1]          FROM [dbo].[__MigrationHistory] AS [Extent1]          WHERE ([Extent1].[ContextKey] = @p__linq__0) AND (@p__linq__0 IS NOT NULL)      )  AS [Project1]      ORDER BY [Project1].[MigrationId] DESC|
2016-02-03 10:04:16.1431|Debug|ShiJu.Service.Heart|  |
2016-02-03 10:04:16.1431|Debug|ShiJu.Service.Heart|-- p__linq__0: 'ShiJu.Models.ShiJuDbContext' (Type = String, Size = 4000)  |
2016-02-03 10:04:16.1431|Debug|ShiJu.Service.Heart|-- Executing at 2016/2/3 10:04:16 +08:00  |
2016-02-03 10:04:16.1752|Debug|ShiJu.Service.Heart|-- Completed in 31 ms with result: SqlDataReader  |
2016-02-03 10:04:16.1752|Debug|ShiJu.Service.Heart|  |
2016-02-03 10:04:17.1091|Debug|ShiJu.Service.Heart|SELECT TOP (2)       [Extent1].[Id] AS [Id],       [Extent1].[Status] AS [Status],       [Extent1].[PhoneNumber] AS [PhoneNumber],       [Extent1].[NickName] AS [NickName],       [Extent1].[Signature] AS [Signature],       [Extent1].[Portrait] AS [Portrait],       [Extent1].[Gender] AS [Gender],       [Extent1].[District] AS [District],       [Extent1].[BackgroundImage] AS [BackgroundImage],       [Extent1].[NeedNotification] AS [NeedNotification],       [Extent1].[CreatedTime] AS [CreatedTime],       [Extent1].[SignUpTime] AS [SignUpTime]      FROM [dbo].[Users] AS [Extent1]      WHERE [Extent1].[Id] = @p0|
2016-02-03 10:04:17.1091|Debug|ShiJu.Service.Heart|  |
2016-02-03 10:04:17.1091|Debug|ShiJu.Service.Heart|-- p0: 'd118052a-abd4-454e-ba05-852ea9c9d50f' (Type = Guid)  |
2016-02-03 10:04:17.1091|Debug|ShiJu.Service.Heart|-- Executing at 2016/2/3 10:04:17 +08:00  |
2016-02-03 10:04:17.1321|Debug|ShiJu.Service.Heart|-- Completed in 21 ms with result: SqlDataReader  |
2016-02-03 10:04:17.1321|Debug|ShiJu.Service.Heart|  |
2016-02-03 10:04:20.7686|Debug|ShiJu.Service.Heart|SELECT TOP (1)       [Extent1].[Id] AS [Id],       [Extent1].[UserId] AS [UserId],       [Extent1].[Type] AS [Type],       [Extent1].[Name] AS [Name],       [Extent1].[Password] AS [Password],       [Extent1].[CreatedTime] AS [CreatedTime]      FROM [dbo].[Accounts] AS [Extent1]      WHERE ([Extent1].[Name] = @p__linq__0) AND (@p__linq__0 IS NOT NULL)|
2016-02-03 10:04:20.7686|Debug|ShiJu.Service.Heart|  |
2016-02-03 10:04:20.7686|Debug|ShiJu.Service.Heart|-- p__linq__0: '15542330223' (Type = String, Size = 4000)  |
2016-02-03 10:04:20.7686|Debug|ShiJu.Service.Heart|-- Executing at 2016/2/3 10:04:20 +08:00  |
2016-02-03 10:04:20.8206|Debug|ShiJu.Service.Heart|-- Completed in 49 ms with result: SqlDataReader  |
2016-02-03 10:04:20.8206|Debug|ShiJu.Service.Heart|  |
2016-02-03 10:04:22.9430|Debug|ShiJu.Service.Heart|SELECT TOP (1)       [Extent1].[Id] AS [Id],       [Extent1].[Status] AS [Status],       [Extent1].[PhoneNumber] AS [PhoneNumber],       [Extent1].[NickName] AS [NickName],       [Extent1].[Signature] AS [Signature],       [Extent1].[Portrait] AS [Portrait],       [Extent1].[Gender] AS [Gender],       [Extent1].[District] AS [District],       [Extent1].[BackgroundImage] AS [BackgroundImage],       [Extent1].[NeedNotification] AS [NeedNotification],       [Extent1].[CreatedTime] AS [CreatedTime],       [Extent1].[SignUpTime] AS [SignUpTime]      FROM [dbo].[Users] AS [Extent1]      WHERE ([Extent1].[PhoneNumber] = @p__linq__0) AND (@p__linq__0 IS NOT NULL)|
2016-02-03 10:04:22.9430|Debug|ShiJu.Service.Heart|  |
2016-02-03 10:04:22.9430|Debug|ShiJu.Service.Heart|-- p__linq__0: '15542330223' (Type = String, Size = 4000)  |
2016-02-03 10:04:22.9430|Debug|ShiJu.Service.Heart|-- Executing at 2016/2/3 10:04:22 +08:00  |
2016-02-03 10:04:22.9680|Debug|ShiJu.Service.Heart|-- Completed in 24 ms with result: SqlDataReader  |
2016-02-03 10:04:22.9680|Debug|ShiJu.Service.Heart|  |
2016-02-03 10:04:31.1615|Debug|ShiJu.Service.Heart|SELECT TOP (1)       [Extent1].[SourceUserId] AS [SourceUserId],       [Extent1].[TargetUserId] AS [TargetUserId],       [Extent1].[TotalCount] AS [TotalCount],       [Extent1].[AgreeCount] AS [AgreeCount],       [Extent1].[HasRead] AS [HasRead],       [Extent1].[HasNewGreeting] AS [HasNewGreeting],       [Extent1].[LastModifiedTime] AS [LastModifiedTime]      FROM [dbo].[UserGreetings] AS [Extent1]      WHERE ([Extent1].[SourceUserId] = @p__linq__0) AND (@p__linq__0 IS NOT NULL) AND ([Extent1].[TargetUserId] = @p__linq__1) AND (@p__linq__1 IS NOT NULL)|
2016-02-03 10:04:31.1615|Debug|ShiJu.Service.Heart|  |
2016-02-03 10:04:31.1615|Debug|ShiJu.Service.Heart|-- p__linq__0: 'd118052a-abd4-454e-ba05-852ea9c9d50f' (Type = Guid)  |
2016-02-03 10:04:31.1615|Debug|ShiJu.Service.Heart|-- p__linq__1: '422f6cc7-0254-440a-aa85-c7d15a609c10' (Type = Guid)  |
2016-02-03 10:04:31.1675|Debug|ShiJu.Service.Heart|-- Executing at 2016/2/3 10:04:31 +08:00  |
2016-02-03 10:04:31.2995|Debug|ShiJu.Service.Heart|-- Completed in 130 ms with result: SqlDataReader  |
2016-02-03 10:04:31.2995|Debug|ShiJu.Service.Heart|  |
2016-02-03 10:04:41.7476|Debug|ShiJu.Service.Heart|INSERT [dbo].[Greetings]([SourceUserId], [TargetUserId], [TargetPhoneNumber], [IsAgreed], [CreatedTime])  VALUES (@0, @1, @2, @3, @4)  SELECT [Id]  FROM [dbo].[Greetings]  WHERE @@ROWCOUNT > 0 AND [Id] = scope_identity()|
2016-02-03 10:04:41.7476|Debug|ShiJu.Service.Heart|  |
2016-02-03 10:04:41.7476|Debug|ShiJu.Service.Heart|-- @0: 'd118052a-abd4-454e-ba05-852ea9c9d50f' (Type = Guid)  |
2016-02-03 10:04:41.7476|Debug|ShiJu.Service.Heart|-- @1: '422f6cc7-0254-440a-aa85-c7d15a609c10' (Type = Guid)  |
2016-02-03 10:04:41.7476|Debug|ShiJu.Service.Heart|-- @2: '15542330223' (Type = String, Size = 1024)  |
2016-02-03 10:04:41.7476|Debug|ShiJu.Service.Heart|-- @3: 'False' (Type = Boolean)  |
2016-02-03 10:04:41.7476|Debug|ShiJu.Service.Heart|-- @4: '2016/2/3 2:04:07' (Type = DateTime2)  |
2016-02-03 10:04:41.7476|Debug|ShiJu.Service.Heart|-- Executing at 2016/2/3 10:04:41 +08:00  |
2016-02-03 10:04:41.8326|Debug|ShiJu.Service.Heart|-- Completed in 82 ms with result: SqlDataReader  |
2016-02-03 10:04:41.8326|Debug|ShiJu.Service.Heart|  |
2016-02-03 10:04:41.8406|Debug|ShiJu.Service.Heart|INSERT [dbo].[Users]([Id], [Status], [PhoneNumber], [NickName], [Signature], [Portrait], [Gender], [District], [BackgroundImage], [NeedNotification], [CreatedTime], [SignUpTime])  VALUES (@0, @1, @2, @3, @4, @5, @6, @7, @8, @9, @10, @11)  |
2016-02-03 10:04:41.8406|Debug|ShiJu.Service.Heart|-- @0: '422f6cc7-0254-440a-aa85-c7d15a609c10' (Type = Guid)  |
2016-02-03 10:04:41.8406|Debug|ShiJu.Service.Heart|-- @1: '1' (Type = Int64)  |
2016-02-03 10:04:41.8406|Debug|ShiJu.Service.Heart|-- @2: '15542330223' (Type = String, Size = 64)  |
2016-02-03 10:04:41.8406|Debug|ShiJu.Service.Heart|-- @3: '' (Type = String, Size = 128)  |
2016-02-03 10:04:41.8406|Debug|ShiJu.Service.Heart|-- @4: '' (Type = String, Size = 512)  |
2016-02-03 10:04:41.8406|Debug|ShiJu.Service.Heart|-- @5: '00000000-0000-0000-0000-000000000000' (Type = Guid)  |
2016-02-03 10:04:41.8406|Debug|ShiJu.Service.Heart|-- @6: '0' (Type = Int64)  |
2016-02-03 10:04:41.8406|Debug|ShiJu.Service.Heart|-- @7: '' (Type = String, Size = 128)  |
2016-02-03 10:04:41.8406|Debug|ShiJu.Service.Heart|-- @8: '00000000-0000-0000-0000-000000000000' (Type = Guid)  |
2016-02-03 10:04:41.8406|Debug|ShiJu.Service.Heart|-- @9: 'False' (Type = Boolean)  |
2016-02-03 10:04:41.8406|Debug|ShiJu.Service.Heart|-- @10: '2016/2/3 2:04:07' (Type = DateTime2)  |
2016-02-03 10:04:41.8406|Debug|ShiJu.Service.Heart|-- @11: '2016/2/3 2:04:07' (Type = DateTime2)  |
2016-02-03 10:04:41.8406|Debug|ShiJu.Service.Heart|-- Executing at 2016/2/3 10:04:41 +08:00  |
2016-02-03 10:04:41.8836|Debug|ShiJu.Service.Heart|-- Completed in 34 ms with result: 1  |
2016-02-03 10:04:41.8836|Debug|ShiJu.Service.Heart|  |
2016-02-03 10:04:41.8836|Debug|ShiJu.Service.Heart|INSERT [dbo].[UserGreetings]([SourceUserId], [TargetUserId], [TotalCount], [AgreeCount], [HasRead], [HasNewGreeting], [LastModifiedTime])  VALUES (@0, @1, @2, @3, @4, @5, @6)  |
2016-02-03 10:04:41.8836|Debug|ShiJu.Service.Heart|-- @0: 'd118052a-abd4-454e-ba05-852ea9c9d50f' (Type = Guid)  |
2016-02-03 10:04:41.8836|Debug|ShiJu.Service.Heart|-- @1: '422f6cc7-0254-440a-aa85-c7d15a609c10' (Type = Guid)  |
2016-02-03 10:04:41.8866|Debug|ShiJu.Service.Heart|-- @2: '1' (Type = Int64)  |
2016-02-03 10:04:41.8866|Debug|ShiJu.Service.Heart|-- @3: '0' (Type = Int64)  |
2016-02-03 10:04:41.8866|Debug|ShiJu.Service.Heart|-- @4: 'False' (Type = Boolean)  |
2016-02-03 10:04:41.8866|Debug|ShiJu.Service.Heart|-- @5: 'True' (Type = Boolean)  |
2016-02-03 10:04:41.8866|Debug|ShiJu.Service.Heart|-- @6: '2016/2/3 2:04:39' (Type = DateTime2)  |
2016-02-03 10:04:41.8866|Debug|ShiJu.Service.Heart|-- Executing at 2016/2/3 10:04:41 +08:00  |
2016-02-03 10:04:41.9166|Debug|ShiJu.Service.Heart|-- Completed in 28 ms with result: 1  |
2016-02-03 10:04:41.9166|Debug|ShiJu.Service.Heart|  |
2016-02-03 10:04:43.1880|Debug|ShiJu.Service.Heart|SELECT TOP (1)       [Project1].[Id] AS [Id],       [Project1].[SourceUserId] AS [SourceUserId],       [Project1].[TargetUserId] AS [TargetUserId],       [Project1].[TargetPhoneNumber] AS [TargetPhoneNumber],       [Project1].[IsAgreed] AS [IsAgreed],       [Project1].[CreatedTime] AS [CreatedTime]      FROM ( SELECT           [Extent1].[Id] AS [Id],           [Extent1].[SourceUserId] AS [SourceUserId],           [Extent1].[TargetUserId] AS [TargetUserId],           [Extent1].[TargetPhoneNumber] AS [TargetPhoneNumber],           [Extent1].[IsAgreed] AS [IsAgreed],           [Extent1].[CreatedTime] AS [CreatedTime]          FROM [dbo].[Greetings] AS [Extent1]          WHERE ([Extent1].[SourceUserId] = @p__linq__0) AND (@p__linq__0 IS NOT NULL) AND ([Extent1].[TargetUserId] = @p__linq__1) AND (@p__linq__1 IS NOT NULL) AND ([Extent1].[TargetPhoneNumber] = @p__linq__2) AND (@p__linq__2 IS NOT NULL)      )  AS [Project1]      ORDER BY [Project1].[CreatedTime] DESC|
2016-02-03 10:04:43.1880|Debug|ShiJu.Service.Heart|  |
2016-02-03 10:04:43.1880|Debug|ShiJu.Service.Heart|-- p__linq__0: 'd118052a-abd4-454e-ba05-852ea9c9d50f' (Type = Guid)  |
2016-02-03 10:04:43.1880|Debug|ShiJu.Service.Heart|-- p__linq__1: '422f6cc7-0254-440a-aa85-c7d15a609c10' (Type = Guid)  |
2016-02-03 10:04:43.1880|Debug|ShiJu.Service.Heart|-- p__linq__2: '15542330223' (Type = String, Size = 4000)  |
2016-02-03 10:04:43.1880|Debug|ShiJu.Service.Heart|-- Executing at 2016/2/3 10:04:43 +08:00  |
2016-02-03 10:04:43.2220|Debug|ShiJu.Service.Heart|-- Completed in 32 ms with result: SqlDataReader  |
2016-02-03 10:04:43.2220|Debug|ShiJu.Service.Heart|  |
2016-02-03 10:05:28.2448|Debug|ShiJu.Service.Heart|SELECT TOP (1)       [Extent1].[Id] AS [Id],       [Extent1].[Status] AS [Status],       [Extent1].[PhoneNumber] AS [PhoneNumber],       [Extent1].[NickName] AS [NickName],       [Extent1].[Signature] AS [Signature],       [Extent1].[Portrait] AS [Portrait],       [Extent1].[Gender] AS [Gender],       [Extent1].[District] AS [District],       [Extent1].[BackgroundImage] AS [BackgroundImage],       [Extent1].[NeedNotification] AS [NeedNotification],       [Extent1].[CreatedTime] AS [CreatedTime],       [Extent1].[SignUpTime] AS [SignUpTime]      FROM [dbo].[Users] AS [Extent1]      WHERE ([Extent1].[Id] = @p__linq__0) AND (@p__linq__0 IS NOT NULL) AND (0 =  CAST( [Extent1].[Status] AS bigint)) AND ( CAST( [Extent1].[Status] AS bigint) IS NOT NULL)|
2016-02-03 10:05:28.2448|Debug|ShiJu.Service.Heart|  |
2016-02-03 10:05:28.2448|Debug|ShiJu.Service.Heart|-- p__linq__0: '422f6cc7-0254-440a-aa85-c7d15a609c10' (Type = Guid)  |
2016-02-03 10:05:28.2448|Debug|ShiJu.Service.Heart|-- Executing at 2016/2/3 10:05:28 +08:00  |
2016-02-03 10:05:28.3868|Debug|ShiJu.Service.Heart|-- Completed in 139 ms with result: SqlDataReader  |
2016-02-03 10:05:28.3868|Debug|ShiJu.Service.Heart|  |
2016-02-03 10:05:33.4905|Debug|ShiJu.Service.Heart|SELECT TOP (2)       [Extent1].[Id] AS [Id],       [Extent1].[Status] AS [Status],       [Extent1].[PhoneNumber] AS [PhoneNumber],       [Extent1].[NickName] AS [NickName],       [Extent1].[Signature] AS [Signature],       [Extent1].[Portrait] AS [Portrait],       [Extent1].[Gender] AS [Gender],       [Extent1].[District] AS [District],       [Extent1].[BackgroundImage] AS [BackgroundImage],       [Extent1].[NeedNotification] AS [NeedNotification],       [Extent1].[CreatedTime] AS [CreatedTime],       [Extent1].[SignUpTime] AS [SignUpTime]      FROM [dbo].[Users] AS [Extent1]      WHERE [Extent1].[Id] = @p0|
2016-02-03 10:05:33.4905|Debug|ShiJu.Service.Heart|  |
2016-02-03 10:05:33.4905|Debug|ShiJu.Service.Heart|-- p0: 'd118052a-abd4-454e-ba05-852ea9c9d50f' (Type = Guid)  |
2016-02-03 10:05:33.4905|Debug|ShiJu.Service.Heart|-- Executing at 2016/2/3 10:05:33 +08:00  |
2016-02-03 10:05:33.6235|Debug|ShiJu.Service.Heart|-- Completed in 130 ms with result: SqlDataReader  |
2016-02-03 10:05:33.6235|Debug|ShiJu.Service.Heart|  |
2016-02-03 10:05:33.6235|Debug|ShiJu.Service.Heart|SELECT TOP (1)       [Extent1].[Id] AS [Id],       [Extent1].[UserId] AS [UserId],       [Extent1].[Type] AS [Type],       [Extent1].[Name] AS [Name],       [Extent1].[Password] AS [Password],       [Extent1].[CreatedTime] AS [CreatedTime]      FROM [dbo].[Accounts] AS [Extent1]      WHERE ([Extent1].[Name] = @p__linq__0) AND (@p__linq__0 IS NOT NULL)|
2016-02-03 10:05:33.6235|Debug|ShiJu.Service.Heart|  |
2016-02-03 10:05:33.6235|Debug|ShiJu.Service.Heart|-- p__linq__0: '15542330223' (Type = String, Size = 4000)  |
2016-02-03 10:05:33.6235|Debug|ShiJu.Service.Heart|-- Executing at 2016/2/3 10:05:33 +08:00  |
2016-02-03 10:05:33.6745|Debug|ShiJu.Service.Heart|-- Completed in 46 ms with result: SqlDataReader  |
2016-02-03 10:05:33.6745|Debug|ShiJu.Service.Heart|  |
2016-02-03 10:05:33.6745|Debug|ShiJu.Service.Heart|SELECT TOP (1)       [Extent1].[Id] AS [Id],       [Extent1].[Status] AS [Status],       [Extent1].[PhoneNumber] AS [PhoneNumber],       [Extent1].[NickName] AS [NickName],       [Extent1].[Signature] AS [Signature],       [Extent1].[Portrait] AS [Portrait],       [Extent1].[Gender] AS [Gender],       [Extent1].[District] AS [District],       [Extent1].[BackgroundImage] AS [BackgroundImage],       [Extent1].[NeedNotification] AS [NeedNotification],       [Extent1].[CreatedTime] AS [CreatedTime],       [Extent1].[SignUpTime] AS [SignUpTime]      FROM [dbo].[Users] AS [Extent1]      WHERE ([Extent1].[PhoneNumber] = @p__linq__0) AND (@p__linq__0 IS NOT NULL)|
2016-02-03 10:05:33.6745|Debug|ShiJu.Service.Heart|  |
2016-02-03 10:05:33.6745|Debug|ShiJu.Service.Heart|-- p__linq__0: '15542330223' (Type = String, Size = 4000)  |
2016-02-03 10:05:33.6745|Debug|ShiJu.Service.Heart|-- Executing at 2016/2/3 10:05:33 +08:00  |
2016-02-03 10:05:33.7235|Debug|ShiJu.Service.Heart|-- Completed in 43 ms with result: SqlDataReader  |
2016-02-03 10:05:33.7235|Debug|ShiJu.Service.Heart|  |
2016-02-03 10:05:33.7445|Debug|ShiJu.Service.Heart|SELECT TOP (1)       [Extent1].[SourceUserId] AS [SourceUserId],       [Extent1].[TargetUserId] AS [TargetUserId],       [Extent1].[TotalCount] AS [TotalCount],       [Extent1].[AgreeCount] AS [AgreeCount],       [Extent1].[HasRead] AS [HasRead],       [Extent1].[HasNewGreeting] AS [HasNewGreeting],       [Extent1].[LastModifiedTime] AS [LastModifiedTime]      FROM [dbo].[UserGreetings] AS [Extent1]      WHERE ([Extent1].[SourceUserId] = @p__linq__0) AND (@p__linq__0 IS NOT NULL) AND ([Extent1].[TargetUserId] = @p__linq__1) AND (@p__linq__1 IS NOT NULL)|
2016-02-03 10:05:33.7445|Debug|ShiJu.Service.Heart|  |
2016-02-03 10:05:33.7445|Debug|ShiJu.Service.Heart|-- p__linq__0: 'd118052a-abd4-454e-ba05-852ea9c9d50f' (Type = Guid)  |
2016-02-03 10:05:33.7445|Debug|ShiJu.Service.Heart|-- p__linq__1: '422f6cc7-0254-440a-aa85-c7d15a609c10' (Type = Guid)  |
2016-02-03 10:05:33.7445|Debug|ShiJu.Service.Heart|-- Executing at 2016/2/3 10:05:33 +08:00  |
2016-02-03 10:05:33.7875|Debug|ShiJu.Service.Heart|-- Completed in 41 ms with result: SqlDataReader  |
2016-02-03 10:05:33.7875|Debug|ShiJu.Service.Heart|  |
2016-02-03 10:05:33.8175|Debug|ShiJu.Service.Heart|UPDATE [dbo].[UserGreetings]  SET [TotalCount] = @0, [LastModifiedTime] = @1  WHERE (([SourceUserId] = @2) AND ([TargetUserId] = @3))  |
2016-02-03 10:05:33.8175|Debug|ShiJu.Service.Heart|-- @0: '2' (Type = Int64)  |
2016-02-03 10:05:33.8175|Debug|ShiJu.Service.Heart|-- @1: '2016/2/3 2:05:33' (Type = DateTime2)  |
2016-02-03 10:05:33.8175|Debug|ShiJu.Service.Heart|-- @2: 'd118052a-abd4-454e-ba05-852ea9c9d50f' (Type = Guid)  |
2016-02-03 10:05:33.8175|Debug|ShiJu.Service.Heart|-- @3: '422f6cc7-0254-440a-aa85-c7d15a609c10' (Type = Guid)  |
2016-02-03 10:05:33.8225|Debug|ShiJu.Service.Heart|-- Executing at 2016/2/3 10:05:33 +08:00  |
2016-02-03 10:05:33.8725|Debug|ShiJu.Service.Heart|-- Completed in 49 ms with result: 1  |
2016-02-03 10:05:33.8725|Debug|ShiJu.Service.Heart|  |
2016-02-03 10:05:33.8725|Debug|ShiJu.Service.Heart|INSERT [dbo].[Greetings]([SourceUserId], [TargetUserId], [TargetPhoneNumber], [IsAgreed], [CreatedTime])  VALUES (@0, @1, @2, @3, @4)  SELECT [Id]  FROM [dbo].[Greetings]  WHERE @@ROWCOUNT > 0 AND [Id] = scope_identity()|
2016-02-03 10:05:33.8725|Debug|ShiJu.Service.Heart|  |
2016-02-03 10:05:33.8725|Debug|ShiJu.Service.Heart|-- @0: 'd118052a-abd4-454e-ba05-852ea9c9d50f' (Type = Guid)  |
2016-02-03 10:05:33.8725|Debug|ShiJu.Service.Heart|-- @1: '422f6cc7-0254-440a-aa85-c7d15a609c10' (Type = Guid)  |
2016-02-03 10:05:33.8725|Debug|ShiJu.Service.Heart|-- @2: '15542330223' (Type = String, Size = 1024)  |
2016-02-03 10:05:33.8725|Debug|ShiJu.Service.Heart|-- @3: 'False' (Type = Boolean)  |
2016-02-03 10:05:33.8725|Debug|ShiJu.Service.Heart|-- @4: '2016/2/3 2:05:33' (Type = DateTime2)  |
2016-02-03 10:05:33.8725|Debug|ShiJu.Service.Heart|-- Executing at 2016/2/3 10:05:33 +08:00  |
2016-02-03 10:05:33.9205|Debug|ShiJu.Service.Heart|-- Completed in 44 ms with result: SqlDataReader  |
2016-02-03 10:05:33.9205|Debug|ShiJu.Service.Heart|  |
2016-02-03 10:05:33.9205|Debug|ShiJu.Service.Heart|SELECT TOP (1)       [Project1].[Id] AS [Id],       [Project1].[SourceUserId] AS [SourceUserId],       [Project1].[TargetUserId] AS [TargetUserId],       [Project1].[TargetPhoneNumber] AS [TargetPhoneNumber],       [Project1].[IsAgreed] AS [IsAgreed],       [Project1].[CreatedTime] AS [CreatedTime]      FROM ( SELECT           [Extent1].[Id] AS [Id],           [Extent1].[SourceUserId] AS [SourceUserId],           [Extent1].[TargetUserId] AS [TargetUserId],           [Extent1].[TargetPhoneNumber] AS [TargetPhoneNumber],           [Extent1].[IsAgreed] AS [IsAgreed],           [Extent1].[CreatedTime] AS [CreatedTime]          FROM [dbo].[Greetings] AS [Extent1]          WHERE ([Extent1].[SourceUserId] = @p__linq__0) AND (@p__linq__0 IS NOT NULL) AND ([Extent1].[TargetUserId] = @p__linq__1) AND (@p__linq__1 IS NOT NULL) AND ([Extent1].[TargetPhoneNumber] = @p__linq__2) AND (@p__linq__2 IS NOT NULL)      )  AS [Project1]      ORDER BY [Project1].[CreatedTime] DESC|
2016-02-03 10:05:33.9205|Debug|ShiJu.Service.Heart|  |
2016-02-03 10:05:33.9205|Debug|ShiJu.Service.Heart|-- p__linq__0: 'd118052a-abd4-454e-ba05-852ea9c9d50f' (Type = Guid)  |
2016-02-03 10:05:33.9205|Debug|ShiJu.Service.Heart|-- p__linq__1: '422f6cc7-0254-440a-aa85-c7d15a609c10' (Type = Guid)  |
2016-02-03 10:05:33.9205|Debug|ShiJu.Service.Heart|-- p__linq__2: '15542330223' (Type = String, Size = 4000)  |
2016-02-03 10:05:33.9205|Debug|ShiJu.Service.Heart|-- Executing at 2016/2/3 10:05:33 +08:00  |
2016-02-03 10:05:33.9666|Debug|ShiJu.Service.Heart|-- Completed in 34 ms with result: SqlDataReader  |
2016-02-03 10:05:33.9666|Debug|ShiJu.Service.Heart|  |
2016-02-03 10:11:33.4910|Debug|ShiJu.Service.Heart|SELECT TOP (1)       [Extent1].[Id] AS [Id],       [Extent1].[Status] AS [Status],       [Extent1].[PhoneNumber] AS [PhoneNumber],       [Extent1].[NickName] AS [NickName],       [Extent1].[Signature] AS [Signature],       [Extent1].[Portrait] AS [Portrait],       [Extent1].[Gender] AS [Gender],       [Extent1].[District] AS [District],       [Extent1].[BackgroundImage] AS [BackgroundImage],       [Extent1].[NeedNotification] AS [NeedNotification],       [Extent1].[CreatedTime] AS [CreatedTime],       [Extent1].[SignUpTime] AS [SignUpTime]      FROM [dbo].[Users] AS [Extent1]      WHERE ([Extent1].[Id] = @p__linq__0) AND (@p__linq__0 IS NOT NULL) AND (0 =  CAST( [Extent1].[Status] AS bigint)) AND ( CAST( [Extent1].[Status] AS bigint) IS NOT NULL)|
2016-02-03 10:11:33.4910|Debug|ShiJu.Service.Heart|  |
2016-02-03 10:11:33.4910|Debug|ShiJu.Service.Heart|-- p__linq__0: '422f6cc7-0254-440a-aa85-c7d15a609c10' (Type = Guid)  |
2016-02-03 10:11:33.4910|Debug|ShiJu.Service.Heart|-- Executing at 2016/2/3 10:11:33 +08:00  |
2016-02-03 10:11:33.5670|Debug|ShiJu.Service.Heart|-- Completed in 72 ms with result: SqlDataReader  |
2016-02-03 10:11:33.5680|Debug|ShiJu.Service.Heart|  |
2016-02-03 15:09:03.1203|Debug|ShiJu.Service.Heart|  SELECT Count(*)  FROM INFORMATION_SCHEMA.TABLES AS t  WHERE t.TABLE_TYPE = 'BASE TABLE'      AND (t.TABLE_SCHEMA + '.' + t.TABLE_NAME IN ('dbo.Accounts','dbo.FriendRequests','dbo.Friends','dbo.Greetings','dbo.Participants','dbo.Parties','dbo.PartyComments','dbo.PartyLikes','dbo.UserGreetings','dbo.Users','dbo.VerificationCodes')          OR t.TABLE_NAME = 'EdmMetadata')|
2016-02-03 15:09:03.1563|Debug|ShiJu.Service.Heart|  |
2016-02-03 15:09:03.1633|Debug|ShiJu.Service.Heart|-- Executing at 2016/2/3 15:09:03 +08:00  |
2016-02-03 15:09:03.2513|Debug|ShiJu.Service.Heart|-- Completed in 74 ms with result: 11  |
2016-02-03 15:09:03.2513|Debug|ShiJu.Service.Heart|  |
2016-02-03 15:09:05.0773|Debug|ShiJu.Service.Heart|SELECT       [GroupBy1].[A1] AS [C1]      FROM ( SELECT           COUNT(1) AS [A1]          FROM [dbo].[__MigrationHistory] AS [Extent1]      )  AS [GroupBy1]|
2016-02-03 15:09:05.0773|Debug|ShiJu.Service.Heart|  |
2016-02-03 15:09:05.0773|Debug|ShiJu.Service.Heart|-- Executing at 2016/2/3 15:09:05 +08:00  |
2016-02-03 15:09:05.1173|Debug|ShiJu.Service.Heart|-- Completed in 39 ms with result: SqlDataReader  |
2016-02-03 15:09:05.1173|Debug|ShiJu.Service.Heart|  |
2016-02-03 15:09:05.2363|Debug|ShiJu.Service.Heart|SELECT       [GroupBy1].[A1] AS [C1]      FROM ( SELECT           COUNT(1) AS [A1]          FROM [dbo].[__MigrationHistory] AS [Extent1]          WHERE ([Extent1].[ContextKey] = @p__linq__0) AND (@p__linq__0 IS NOT NULL)      )  AS [GroupBy1]|
2016-02-03 15:09:05.2363|Debug|ShiJu.Service.Heart|  |
2016-02-03 15:09:05.2363|Debug|ShiJu.Service.Heart|-- p__linq__0: 'ShiJu.Models.ShiJuDbContext' (Type = String, Size = 4000)  |
2016-02-03 15:09:05.2363|Debug|ShiJu.Service.Heart|-- Executing at 2016/2/3 15:09:05 +08:00  |
2016-02-03 15:09:05.2993|Debug|ShiJu.Service.Heart|-- Completed in 55 ms with result: SqlDataReader  |
2016-02-03 15:09:05.2993|Debug|ShiJu.Service.Heart|  |
2016-02-03 15:09:05.5473|Debug|ShiJu.Service.Heart|SELECT       [GroupBy1].[A1] AS [C1]      FROM ( SELECT           COUNT(1) AS [A1]          FROM [dbo].[__MigrationHistory] AS [Extent1]      )  AS [GroupBy1]|
2016-02-03 15:09:05.5473|Debug|ShiJu.Service.Heart|  |
2016-02-03 15:09:05.5473|Debug|ShiJu.Service.Heart|-- Executing at 2016/2/3 15:09:05 +08:00  |
2016-02-03 15:09:05.6093|Debug|ShiJu.Service.Heart|-- Completed in 60 ms with result: SqlDataReader  |
2016-02-03 15:09:05.6103|Debug|ShiJu.Service.Heart|  |
2016-02-03 15:09:05.6103|Debug|ShiJu.Service.Heart|SELECT       [GroupBy1].[A1] AS [C1]      FROM ( SELECT           COUNT(1) AS [A1]          FROM [dbo].[__MigrationHistory] AS [Extent1]          WHERE ([Extent1].[ContextKey] = @p__linq__0) AND (@p__linq__0 IS NOT NULL)      )  AS [GroupBy1]|
2016-02-03 15:09:05.6103|Debug|ShiJu.Service.Heart|  |
2016-02-03 15:09:05.6103|Debug|ShiJu.Service.Heart|-- p__linq__0: 'ShiJu.Models.ShiJuDbContext' (Type = String, Size = 4000)  |
2016-02-03 15:09:05.6103|Debug|ShiJu.Service.Heart|-- Executing at 2016/2/3 15:09:05 +08:00  |
2016-02-03 15:09:05.6873|Debug|ShiJu.Service.Heart|-- Completed in 64 ms with result: SqlDataReader  |
2016-02-03 15:09:05.6873|Debug|ShiJu.Service.Heart|  |
2016-02-03 15:09:05.8873|Debug|ShiJu.Service.Heart|SELECT TOP (1)       [Project1].[C1] AS [C1],       [Project1].[MigrationId] AS [MigrationId],       [Project1].[Model] AS [Model]      FROM ( SELECT           [Extent1].[MigrationId] AS [MigrationId],           [Extent1].[Model] AS [Model],           1 AS [C1]          FROM [dbo].[__MigrationHistory] AS [Extent1]          WHERE ([Extent1].[ContextKey] = @p__linq__0) AND (@p__linq__0 IS NOT NULL)      )  AS [Project1]      ORDER BY [Project1].[MigrationId] DESC|
2016-02-03 15:09:05.8873|Debug|ShiJu.Service.Heart|  |
2016-02-03 15:09:05.8873|Debug|ShiJu.Service.Heart|-- p__linq__0: 'ShiJu.Models.ShiJuDbContext' (Type = String, Size = 4000)  |
2016-02-03 15:09:05.8873|Debug|ShiJu.Service.Heart|-- Executing at 2016/2/3 15:09:05 +08:00  |
2016-02-03 15:09:05.9473|Debug|ShiJu.Service.Heart|-- Completed in 58 ms with result: SqlDataReader  |
2016-02-03 15:09:05.9473|Debug|ShiJu.Service.Heart|  |
2016-02-03 15:09:08.2063|Debug|ShiJu.Service.Heart|SELECT TOP (2)       [Extent1].[Id] AS [Id],       [Extent1].[Status] AS [Status],       [Extent1].[PhoneNumber] AS [PhoneNumber],       [Extent1].[NickName] AS [NickName],       [Extent1].[Signature] AS [Signature],       [Extent1].[Portrait] AS [Portrait],       [Extent1].[Gender] AS [Gender],       [Extent1].[District] AS [District],       [Extent1].[BackgroundImage] AS [BackgroundImage],       [Extent1].[NeedNotification] AS [NeedNotification],       [Extent1].[CreatedTime] AS [CreatedTime],       [Extent1].[SignUpTime] AS [SignUpTime]      FROM [dbo].[Users] AS [Extent1]      WHERE [Extent1].[Id] = @p0|
2016-02-03 15:09:08.2063|Debug|ShiJu.Service.Heart|  |
2016-02-03 15:09:08.2063|Debug|ShiJu.Service.Heart|-- p0: 'd1c6f089-9d54-4eb7-a893-05ee340b1a0e' (Type = Guid)  |
2016-02-03 15:09:08.2063|Debug|ShiJu.Service.Heart|-- Executing at 2016/2/3 15:09:08 +08:00  |
2016-02-03 15:09:08.2673|Debug|ShiJu.Service.Heart|-- Completed in 55 ms with result: SqlDataReader  |
2016-02-03 15:09:08.2673|Debug|ShiJu.Service.Heart|  |
2016-02-03 15:09:14.0910|Debug|ShiJu.Service.Heart|SELECT TOP (1)       [Extent1].[SourceUserId] AS [SourceUserId],       [Extent1].[TargetUserId] AS [TargetUserId],       [Extent1].[TotalCount] AS [TotalCount],       [Extent1].[AgreeCount] AS [AgreeCount],       [Extent1].[HasRead] AS [HasRead],       [Extent1].[HasNewGreeting] AS [HasNewGreeting],       [Extent1].[LastModifiedTime] AS [LastModifiedTime]      FROM [dbo].[UserGreetings] AS [Extent1]      WHERE ([Extent1].[SourceUserId] = @p__linq__0) AND (@p__linq__0 IS NOT NULL) AND ([Extent1].[TargetUserId] = @p__linq__1) AND (@p__linq__1 IS NOT NULL)|
2016-02-03 15:09:14.0910|Debug|ShiJu.Service.Heart|  |
2016-02-03 15:09:14.0910|Debug|ShiJu.Service.Heart|-- p__linq__0: 'd1c6f089-9d54-4eb7-a893-05ee340b1a0e' (Type = Guid)  |
2016-02-03 15:09:14.0910|Debug|ShiJu.Service.Heart|-- p__linq__1: '2a250189-b7e5-4527-8160-29224254be3f' (Type = Guid)  |
2016-02-03 15:09:14.0910|Debug|ShiJu.Service.Heart|-- Executing at 2016/2/3 15:09:14 +08:00  |
2016-02-03 15:09:14.1620|Debug|ShiJu.Service.Heart|-- Completed in 69 ms with result: SqlDataReader  |
2016-02-03 15:09:14.1620|Debug|ShiJu.Service.Heart|  |
2016-02-03 15:09:55.8358|Debug|ShiJu.Service.Heart|SELECT TOP (1)       [Extent1].[UserId] AS [UserId],       [Extent1].[FriendUserId] AS [FriendUserId],       [Extent1].[CreatedTime] AS [CreatedTime]      FROM [dbo].[Friends] AS [Extent1]      WHERE (([Extent1].[UserId] = @p__linq__0) AND (@p__linq__0 IS NOT NULL) AND ([Extent1].[FriendUserId] = @p__linq__1) AND (@p__linq__1 IS NOT NULL)) OR (([Extent1].[UserId] = @p__linq__2) AND (@p__linq__2 IS NOT NULL) AND ([Extent1].[FriendUserId] = @p__linq__3) AND (@p__linq__3 IS NOT NULL))|
2016-02-03 15:09:55.8358|Debug|ShiJu.Service.Heart|  |
2016-02-03 15:09:55.8358|Debug|ShiJu.Service.Heart|-- p__linq__0: 'd1c6f089-9d54-4eb7-a893-05ee340b1a0e' (Type = Guid)  |
2016-02-03 15:09:55.8358|Debug|ShiJu.Service.Heart|-- p__linq__1: '2a250189-b7e5-4527-8160-29224254be3f' (Type = Guid)  |
2016-02-03 15:09:55.8358|Debug|ShiJu.Service.Heart|-- p__linq__2: '2a250189-b7e5-4527-8160-29224254be3f' (Type = Guid)  |
2016-02-03 15:09:55.8358|Debug|ShiJu.Service.Heart|-- p__linq__3: 'd1c6f089-9d54-4eb7-a893-05ee340b1a0e' (Type = Guid)  |
2016-02-03 15:09:55.8358|Debug|ShiJu.Service.Heart|-- Executing at 2016/2/3 15:09:55 +08:00  |
2016-02-03 15:09:55.8908|Debug|ShiJu.Service.Heart|-- Completed in 51 ms with result: SqlDataReader  |
2016-02-03 15:09:55.8908|Debug|ShiJu.Service.Heart|  |
2016-02-03 15:09:56.4058|Debug|ShiJu.Service.Heart|UPDATE [dbo].[UserGreetings]  SET [AgreeCount] = @0  WHERE (([SourceUserId] = @1) AND ([TargetUserId] = @2))  |
2016-02-03 15:09:56.4088|Debug|ShiJu.Service.Heart|-- @0: '2' (Type = Int64)  |
2016-02-03 15:09:56.4088|Debug|ShiJu.Service.Heart|-- @1: 'd1c6f089-9d54-4eb7-a893-05ee340b1a0e' (Type = Guid)  |
2016-02-03 15:09:56.4088|Debug|ShiJu.Service.Heart|-- @2: '2a250189-b7e5-4527-8160-29224254be3f' (Type = Guid)  |
2016-02-03 15:09:56.4088|Debug|ShiJu.Service.Heart|-- Executing at 2016/2/3 15:09:56 +08:00  |
2016-02-03 15:09:56.4998|Debug|ShiJu.Service.Heart|-- Completed in 76 ms with result: 1  |
2016-02-03 15:09:56.4998|Debug|ShiJu.Service.Heart|  |
2016-02-03 15:09:56.4998|Debug|ShiJu.Service.Heart|INSERT [dbo].[Parties]([Id], [CreatorUserId], [Sponsor], [BeginTime], [EndTime], [Title], [Description], [Address], [Images], [Kind], [MaxUserCount], [DirectFriendVisible], [IsPublic], [LikeCount], [CommentCount], [VoteTitle], [VoteChoicesJson], [VoteResult0Count], [VoteResult1Count], [VoteResult2Count], [VoteResult3Count], [VoteResult4Count], [IsDisabled], [CreatedTime])  VALUES (@0, @1, @2, @3, @4, @5, @6, @7, @8, @9, @10, @11, @12, @13, @14, @15, @16, @17, @18, @19, @20, @21, @22, @23)  |
2016-02-03 15:09:56.4998|Debug|ShiJu.Service.Heart|-- @0: 'b9d14b8b-b405-4dc0-bebe-fd7cb362c320' (Type = Guid)  |
2016-02-03 15:09:56.4998|Debug|ShiJu.Service.Heart|-- @1: 'd1c6f089-9d54-4eb7-a893-05ee340b1a0e' (Type = Guid)  |
2016-02-03 15:09:56.4998|Debug|ShiJu.Service.Heart|-- @2: '÷Ï¿˚æÍ' (Type = String, Size = 128)  |
2016-02-03 15:09:56.4998|Debug|ShiJu.Service.Heart|-- @3: '2016/2/3 7:15:59' (Type = DateTime2)  |
2016-02-03 15:09:56.4998|Debug|ShiJu.Service.Heart|-- @4: '2016/2/3 8:15:59' (Type = DateTime2)  |
2016-02-03 15:09:56.4998|Debug|ShiJu.Service.Heart|-- @5: '’“ƒ„ÕÊ' (Type = String, Size = 128)  |
2016-02-03 15:09:56.4998|Debug|ShiJu.Service.Heart|-- @6: '' (Type = String, Size = 1024)  |
2016-02-03 15:09:56.4998|Debug|ShiJu.Service.Heart|-- @7: '' (Type = String, Size = 128)  |
2016-02-03 15:09:56.4998|Debug|ShiJu.Service.Heart|-- @8: '[{"ImageId":"be39773daad1dcb3cc53c9896b504f8c","Text":""}]' (Type = String, Size = -1)  |
2016-02-03 15:09:56.4998|Debug|ShiJu.Service.Heart|-- @9: '5' (Type = String, Size = 64)  |
2016-02-03 15:09:56.4998|Debug|ShiJu.Service.Heart|-- @10: '2' (Type = Int64)  |
2016-02-03 15:09:56.4998|Debug|ShiJu.Service.Heart|-- @11: 'False' (Type = Boolean)  |
2016-02-03 15:09:56.4998|Debug|ShiJu.Service.Heart|-- @12: 'False' (Type = Boolean)  |
2016-02-03 15:09:56.4998|Debug|ShiJu.Service.Heart|-- @13: '0' (Type = Int64)  |
2016-02-03 15:09:56.4998|Debug|ShiJu.Service.Heart|-- @14: '0' (Type = Int64)  |
2016-02-03 15:09:56.4998|Debug|ShiJu.Service.Heart|-- @15: '' (Type = String, Size = 256)  |
2016-02-03 15:09:56.4998|Debug|ShiJu.Service.Heart|-- @16: '[]' (Type = String, Size = -1)  |
2016-02-03 15:09:56.4998|Debug|ShiJu.Service.Heart|-- @17: '0' (Type = Int64)  |
2016-02-03 15:09:56.5158|Debug|ShiJu.Service.Heart|-- @18: '0' (Type = Int64)  |
2016-02-03 15:09:56.5158|Debug|ShiJu.Service.Heart|-- @19: '0' (Type = Int64)  |
2016-02-03 15:09:56.5158|Debug|ShiJu.Service.Heart|-- @20: '0' (Type = Int64)  |
2016-02-03 15:09:56.5158|Debug|ShiJu.Service.Heart|-- @21: '0' (Type = Int64)  |
2016-02-03 15:09:56.5158|Debug|ShiJu.Service.Heart|-- @22: 'False' (Type = Boolean)  |
2016-02-03 15:09:56.5158|Debug|ShiJu.Service.Heart|-- @23: '2016/2/3 7:08:59' (Type = DateTime2)  |
2016-02-03 15:09:56.5158|Debug|ShiJu.Service.Heart|-- Executing at 2016/2/3 15:09:56 +08:00  |
2016-02-03 15:09:56.6108|Debug|ShiJu.Service.Heart|-- Completed in 92 ms with result: 1  |
2016-02-03 15:09:56.6108|Debug|ShiJu.Service.Heart|  |
2016-02-03 15:09:56.6108|Debug|ShiJu.Service.Heart|INSERT [dbo].[Participants]([PartyId], [UserId], [Status], [ProposedBeginTime], [ProposedEndTime], [Unread], [CreatedTime])  VALUES (@0, @1, @2, @3, @4, @5, @6)  |
2016-02-03 15:09:56.6108|Debug|ShiJu.Service.Heart|-- @0: 'b9d14b8b-b405-4dc0-bebe-fd7cb362c320' (Type = Guid)  |
2016-02-03 15:09:56.6108|Debug|ShiJu.Service.Heart|-- @1: '2a250189-b7e5-4527-8160-29224254be3f' (Type = Guid)  |
2016-02-03 15:09:56.6108|Debug|ShiJu.Service.Heart|-- @2: '1' (Type = Int64)  |
2016-02-03 15:09:56.6108|Debug|ShiJu.Service.Heart|-- @3: '2016/2/3 7:15:59' (Type = DateTime2)  |
2016-02-03 15:09:56.6108|Debug|ShiJu.Service.Heart|-- @4: '2016/2/3 8:15:59' (Type = DateTime2)  |
2016-02-03 15:09:56.6108|Debug|ShiJu.Service.Heart|-- @5: 'True' (Type = Boolean)  |
2016-02-03 15:09:56.6108|Debug|ShiJu.Service.Heart|-- @6: '2016/2/3 7:08:59' (Type = DateTime2)  |
2016-02-03 15:09:56.6108|Debug|ShiJu.Service.Heart|-- Executing at 2016/2/3 15:09:56 +08:00  |
2016-02-03 15:09:56.7248|Debug|ShiJu.Service.Heart|-- Completed in 108 ms with result: 1  |
2016-02-03 15:09:56.7248|Debug|ShiJu.Service.Heart|  |
