2015-10-22 18:00:25.4842|Debug|ShiJu.Service.Heart|  SELECT Count(*)  FROM INFORMATION_SCHEMA.TABLES AS t  WHERE t.TABLE_TYPE = 'BASE TABLE'      AND (t.TABLE_SCHEMA + '.' + t.TABLE_NAME IN ('dbo.Accounts','dbo.FriendRequests','dbo.Friends','dbo.Participants','dbo.Parties','dbo.PartyComments','dbo.PartyLikes','dbo.Users','dbo.VerificationCodes')          OR t.TABLE_NAME = 'EdmMetadata')|
2015-10-22 18:00:25.5172|Debug|ShiJu.Service.Heart|  |
2015-10-22 18:00:25.5332|Debug|ShiJu.Service.Heart|-- Executing at 2015/10/22 18:00:25 +08:00  |
2015-10-22 18:00:25.6272|Debug|ShiJu.Service.Heart|-- Completed in 89 ms with result: 9  |
2015-10-22 18:00:25.6272|Debug|ShiJu.Service.Heart|  |
2015-10-22 18:00:28.0262|Debug|ShiJu.Service.Heart|SELECT       [GroupBy1].[A1] AS [C1]      FROM ( SELECT           COUNT(1) AS [A1]          FROM [dbo].[__MigrationHistory] AS [Extent1]      )  AS [GroupBy1]|
2015-10-22 18:00:28.0262|Debug|ShiJu.Service.Heart|  |
2015-10-22 18:00:28.0262|Debug|ShiJu.Service.Heart|-- Executing at 2015/10/22 18:00:28 +08:00  |
2015-10-22 18:00:28.1092|Debug|ShiJu.Service.Heart|-- Completed in 77 ms with result: SqlDataReader  |
2015-10-22 18:00:28.1092|Debug|ShiJu.Service.Heart|  |
2015-10-22 18:00:28.3322|Debug|ShiJu.Service.Heart|SELECT       [GroupBy1].[A1] AS [C1]      FROM ( SELECT           COUNT(1) AS [A1]          FROM [dbo].[__MigrationHistory] AS [Extent1]          WHERE ([Extent1].[ContextKey] = @p__linq__0) AND (@p__linq__0 IS NOT NULL)      )  AS [GroupBy1]|
2015-10-22 18:00:28.3322|Debug|ShiJu.Service.Heart|  |
2015-10-22 18:00:28.3381|Debug|ShiJu.Service.Heart|-- p__linq__0: 'ShiJu.Models.ShiJuDbContext' (Type = String, Size = 4000)  |
2015-10-22 18:00:28.3381|Debug|ShiJu.Service.Heart|-- Executing at 2015/10/22 18:00:28 +08:00  |
2015-10-22 18:00:28.3942|Debug|ShiJu.Service.Heart|-- Completed in 55 ms with result: SqlDataReader  |
2015-10-22 18:00:28.3942|Debug|ShiJu.Service.Heart|  |
2015-10-22 18:00:28.5251|Debug|ShiJu.Service.Heart|SELECT       [GroupBy1].[A1] AS [C1]      FROM ( SELECT           COUNT(1) AS [A1]          FROM [dbo].[__MigrationHistory] AS [Extent1]      )  AS [GroupBy1]|
2015-10-22 18:00:28.5251|Debug|ShiJu.Service.Heart|  |
2015-10-22 18:00:28.5251|Debug|ShiJu.Service.Heart|-- Executing at 2015/10/22 18:00:28 +08:00  |
2015-10-22 18:00:28.5832|Debug|ShiJu.Service.Heart|-- Completed in 55 ms with result: SqlDataReader  |
2015-10-22 18:00:28.5832|Debug|ShiJu.Service.Heart|  |
2015-10-22 18:00:28.6011|Debug|ShiJu.Service.Heart|SELECT       [GroupBy1].[A1] AS [C1]      FROM ( SELECT           COUNT(1) AS [A1]          FROM [dbo].[__MigrationHistory] AS [Extent1]          WHERE ([Extent1].[ContextKey] = @p__linq__0) AND (@p__linq__0 IS NOT NULL)      )  AS [GroupBy1]|
2015-10-22 18:00:28.6011|Debug|ShiJu.Service.Heart|  |
2015-10-22 18:00:28.6011|Debug|ShiJu.Service.Heart|-- p__linq__0: 'ShiJu.Models.ShiJuDbContext' (Type = String, Size = 4000)  |
2015-10-22 18:00:28.6031|Debug|ShiJu.Service.Heart|-- Executing at 2015/10/22 18:00:28 +08:00  |
2015-10-22 18:00:28.6751|Debug|ShiJu.Service.Heart|-- Completed in 72 ms with result: SqlDataReader  |
2015-10-22 18:00:28.6751|Debug|ShiJu.Service.Heart|  |
2015-10-22 18:00:28.8041|Debug|ShiJu.Service.Heart|SELECT TOP (1)       [Project1].[C1] AS [C1],       [Project1].[MigrationId] AS [MigrationId],       [Project1].[Model] AS [Model]      FROM ( SELECT           [Extent1].[MigrationId] AS [MigrationId],           [Extent1].[Model] AS [Model],           1 AS [C1]          FROM [dbo].[__MigrationHistory] AS [Extent1]          WHERE ([Extent1].[ContextKey] = @p__linq__0) AND (@p__linq__0 IS NOT NULL)      )  AS [Project1]      ORDER BY [Project1].[MigrationId] DESC|
2015-10-22 18:00:28.8041|Debug|ShiJu.Service.Heart|  |
2015-10-22 18:00:28.8041|Debug|ShiJu.Service.Heart|-- p__linq__0: 'ShiJu.Models.ShiJuDbContext' (Type = String, Size = 4000)  |
2015-10-22 18:00:28.8041|Debug|ShiJu.Service.Heart|-- Executing at 2015/10/22 18:00:28 +08:00  |
2015-10-22 18:00:28.8711|Debug|ShiJu.Service.Heart|-- Completed in 65 ms with result: SqlDataReader  |
2015-10-22 18:00:28.8711|Debug|ShiJu.Service.Heart|  |
2015-10-22 18:00:30.2271|Debug|ShiJu.Service.Heart|Select f.FriendUserId                                           From Friends f                                           where f.UserId=@userId                                          union                                          Select f.UserId                                          From Friends f                                           where f.FriendUserId=@userId|
2015-10-22 18:00:30.2301|Debug|ShiJu.Service.Heart|  |
2015-10-22 18:00:30.2301|Debug|ShiJu.Service.Heart|-- @userId: 'e2ea5063-3cb7-4cc5-b3be-9cd8c1022a16' (Type = Guid, IsNullable = false)  |
2015-10-22 18:00:30.2301|Debug|ShiJu.Service.Heart|-- Executing at 2015/10/22 18:00:30 +08:00  |
2015-10-22 18:00:30.2681|Debug|ShiJu.Service.Heart|-- Completed in 37 ms with result: SqlDataReader  |
2015-10-22 18:00:30.2681|Debug|ShiJu.Service.Heart|  |
2015-10-22 18:06:51.2715|Debug|ShiJu.Service.Heart|  SELECT Count(*)  FROM INFORMATION_SCHEMA.TABLES AS t  WHERE t.TABLE_TYPE = 'BASE TABLE'      AND (t.TABLE_SCHEMA + '.' + t.TABLE_NAME IN ('dbo.Accounts','dbo.FriendRequests','dbo.Friends','dbo.Participants','dbo.Parties','dbo.PartyComments','dbo.PartyLikes','dbo.Users','dbo.VerificationCodes')          OR t.TABLE_NAME = 'EdmMetadata')|
2015-10-22 18:06:51.3285|Debug|ShiJu.Service.Heart|  |
2015-10-22 18:06:51.3285|Debug|ShiJu.Service.Heart|-- Executing at 2015/10/22 18:06:51 +08:00  |
2015-10-22 18:06:51.4525|Debug|ShiJu.Service.Heart|-- Completed in 114 ms with result: 9  |
2015-10-22 18:06:51.4535|Debug|ShiJu.Service.Heart|  |
2015-10-22 18:06:54.8715|Debug|ShiJu.Service.Heart|SELECT       [GroupBy1].[A1] AS [C1]      FROM ( SELECT           COUNT(1) AS [A1]          FROM [dbo].[__MigrationHistory] AS [Extent1]      )  AS [GroupBy1]|
2015-10-22 18:06:54.8715|Debug|ShiJu.Service.Heart|  |
2015-10-22 18:06:54.8715|Debug|ShiJu.Service.Heart|-- Executing at 2015/10/22 18:06:54 +08:00  |
2015-10-22 18:06:54.9485|Debug|ShiJu.Service.Heart|-- Completed in 74 ms with result: SqlDataReader  |
2015-10-22 18:06:54.9485|Debug|ShiJu.Service.Heart|  |
2015-10-22 18:06:55.2185|Debug|ShiJu.Service.Heart|SELECT       [GroupBy1].[A1] AS [C1]      FROM ( SELECT           COUNT(1) AS [A1]          FROM [dbo].[__MigrationHistory] AS [Extent1]          WHERE ([Extent1].[ContextKey] = @p__linq__0) AND (@p__linq__0 IS NOT NULL)      )  AS [GroupBy1]|
2015-10-22 18:06:55.2185|Debug|ShiJu.Service.Heart|  |
2015-10-22 18:06:55.2185|Debug|ShiJu.Service.Heart|-- p__linq__0: 'ShiJu.Models.ShiJuDbContext' (Type = String, Size = 4000)  |
2015-10-22 18:06:55.2185|Debug|ShiJu.Service.Heart|-- Executing at 2015/10/22 18:06:55 +08:00  |
2015-10-22 18:06:55.9324|Debug|ShiJu.Service.Heart|-- Completed in 709 ms with result: SqlDataReader  |
2015-10-22 18:06:55.9324|Debug|ShiJu.Service.Heart|  |
2015-10-22 18:06:56.0644|Debug|ShiJu.Service.Heart|SELECT       [GroupBy1].[A1] AS [C1]      FROM ( SELECT           COUNT(1) AS [A1]          FROM [dbo].[__MigrationHistory] AS [Extent1]      )  AS [GroupBy1]|
2015-10-22 18:06:56.0644|Debug|ShiJu.Service.Heart|  |
2015-10-22 18:06:56.0644|Debug|ShiJu.Service.Heart|-- Executing at 2015/10/22 18:06:56 +08:00  |
2015-10-22 18:06:56.1274|Debug|ShiJu.Service.Heart|-- Completed in 61 ms with result: SqlDataReader  |
2015-10-22 18:06:56.1274|Debug|ShiJu.Service.Heart|  |
2015-10-22 18:06:56.1274|Debug|ShiJu.Service.Heart|SELECT       [GroupBy1].[A1] AS [C1]      FROM ( SELECT           COUNT(1) AS [A1]          FROM [dbo].[__MigrationHistory] AS [Extent1]          WHERE ([Extent1].[ContextKey] = @p__linq__0) AND (@p__linq__0 IS NOT NULL)      )  AS [GroupBy1]|
2015-10-22 18:06:56.1274|Debug|ShiJu.Service.Heart|  |
2015-10-22 18:06:56.1274|Debug|ShiJu.Service.Heart|-- p__linq__0: 'ShiJu.Models.ShiJuDbContext' (Type = String, Size = 4000)  |
2015-10-22 18:06:56.1274|Debug|ShiJu.Service.Heart|-- Executing at 2015/10/22 18:06:56 +08:00  |
2015-10-22 18:06:56.2015|Debug|ShiJu.Service.Heart|-- Completed in 63 ms with result: SqlDataReader  |
2015-10-22 18:06:56.2015|Debug|ShiJu.Service.Heart|  |
2015-10-22 18:06:56.3854|Debug|ShiJu.Service.Heart|SELECT TOP (1)       [Project1].[C1] AS [C1],       [Project1].[MigrationId] AS [MigrationId],       [Project1].[Model] AS [Model]      FROM ( SELECT           [Extent1].[MigrationId] AS [MigrationId],           [Extent1].[Model] AS [Model],           1 AS [C1]          FROM [dbo].[__MigrationHistory] AS [Extent1]          WHERE ([Extent1].[ContextKey] = @p__linq__0) AND (@p__linq__0 IS NOT NULL)      )  AS [Project1]      ORDER BY [Project1].[MigrationId] DESC|
2015-10-22 18:06:56.3854|Debug|ShiJu.Service.Heart|  |
2015-10-22 18:06:56.3854|Debug|ShiJu.Service.Heart|-- p__linq__0: 'ShiJu.Models.ShiJuDbContext' (Type = String, Size = 4000)  |
2015-10-22 18:06:56.3854|Debug|ShiJu.Service.Heart|-- Executing at 2015/10/22 18:06:56 +08:00  |
2015-10-22 18:06:56.5665|Debug|ShiJu.Service.Heart|-- Completed in 180 ms with result: SqlDataReader  |
2015-10-22 18:06:56.5665|Debug|ShiJu.Service.Heart|  |
2015-10-22 18:06:58.4764|Debug|ShiJu.Service.Heart|Select f.FriendUserId                                           From Friends f                                           where f.UserId=@userId                                          union                                          Select f.UserId                                          From Friends f                                           where f.FriendUserId=@userId|
2015-10-22 18:06:58.4764|Debug|ShiJu.Service.Heart|  |
2015-10-22 18:06:58.4764|Debug|ShiJu.Service.Heart|-- @userId: 'e2ea5063-3cb7-4cc5-b3be-9cd8c1022a16' (Type = Guid, IsNullable = false)  |
2015-10-22 18:06:58.4764|Debug|ShiJu.Service.Heart|-- Executing at 2015/10/22 18:06:58 +08:00  |
2015-10-22 18:06:58.5114|Debug|ShiJu.Service.Heart|-- Completed in 34 ms with result: SqlDataReader  |
2015-10-22 18:06:58.5114|Debug|ShiJu.Service.Heart|  |
2015-10-22 18:07:43.7551|Debug|ShiJu.Service.Heart|SELECT TOP (20)       [Project1].[Id] AS [Id],       [Project1].[CreatorUserId] AS [CreatorUserId],       [Project1].[Sponsor] AS [Sponsor],       [Project1].[BeginTime] AS [BeginTime],       [Project1].[EndTime] AS [EndTime],       [Project1].[Title] AS [Title],       [Project1].[Description] AS [Description],       [Project1].[Address] AS [Address],       [Project1].[Images] AS [Images],       [Project1].[Kind] AS [Kind],       [Project1].[MaxUserCount] AS [MaxUserCount],       [Project1].[DirectFriendVisible] AS [DirectFriendVisible],       [Project1].[IsPublic] AS [IsPublic],       [Project1].[LikeCount] AS [LikeCount],       [Project1].[CommentCount] AS [CommentCount],       [Project1].[VoteTitle] AS [VoteTitle],       [Project1].[VoteChoicesJson] AS [VoteChoicesJson],       [Project1].[VoteResult0Count] AS [VoteResult0Count],       [Project1].[VoteResult1Count] AS [VoteResult1Count],       [Project1].[VoteResult2Count] AS [VoteResult2Count],       [Project1].[VoteResult3Count] AS [VoteResult3Count],       [Project1].[VoteResult4Count] AS [VoteResult4Count],       [Project1].[IsDisabled] AS [IsDisabled],       [Project1].[CreatedTime] AS [CreatedTime]      FROM ( SELECT [Project1].[Id] AS [Id], [Project1].[CreatorUserId] AS [CreatorUserId], [Project1].[Sponsor] AS [Sponsor], [Project1].[BeginTime] AS [BeginTime], [Project1].[EndTime] AS [EndTime], [Project1].[Title] AS [Title], [Project1].[Description] AS [Description], [Project1].[Address] AS [Address], [Project1].[Images] AS [Images], [Project1].[Kind] AS [Kind], [Project1].[MaxUserCount] AS [MaxUserCount], [Project1].[DirectFriendVisible] AS [DirectFriendVisible], [Project1].[IsPublic] AS [IsPublic], [Project1].[LikeCount] AS [LikeCount], [Project1].[CommentCount] AS [CommentCount], [Project1].[VoteTitle] AS [VoteTitle], [Project1].[VoteChoicesJson] AS [VoteChoicesJson], [Project1].[VoteResult0Count] AS [VoteResult0Count], [Project1].[VoteResult1Count] AS [VoteResult1Count], [Project1].[VoteResult2Count] AS [VoteResult2Count], [Project1].[VoteResult3Count] AS [VoteResult3Count], [Project1].[VoteResult4Count] AS [VoteResult4Count], [Project1].[IsDisabled] AS [IsDisabled], [Project1].[CreatedTime] AS [CreatedTime], row_number() OVER (ORDER BY [Project1].[CreatedTime] ASC) AS [row_number]          FROM ( SELECT               [Extent1].[Id] AS [Id],               [Extent1].[CreatorUserId] AS [CreatorUserId],               [Extent1].[Sponsor] AS [Sponsor],               [Extent1].[BeginTime] AS [BeginTime],               [Extent1].[EndTime] AS [EndTime],               [Extent1].[Title] AS [Title],               [Extent1].[Description] AS [Description],               [Extent1].[Address] AS [Address],               [Extent1].[Images] AS [Images],               [Extent1].[Kind] AS [Kind],               [Extent1].[MaxUserCount] AS [MaxUserCount],               [Extent1].[DirectFriendVisible] AS [DirectFriendVisible],               [Extent1].[IsPublic] AS [IsPublic],               [Extent1].[LikeCount] AS [LikeCount],               [Extent1].[CommentCount] AS [CommentCount],               [Extent1].[VoteTitle] AS [VoteTitle],               [Extent1].[VoteChoicesJson] AS [VoteChoicesJson],               [Extent1].[VoteResult0Count] AS [VoteResult0Count],               [Extent1].[VoteResult1Count] AS [VoteResult1Count],               [Extent1].[VoteResult2Count] AS [VoteResult2Count],               [Extent1].[VoteResult3Count] AS [VoteResult3Count],               [Extent1].[VoteResult4Count] AS [VoteResult4Count],               [Extent1].[IsDisabled] AS [IsDisabled],               [Extent1].[CreatedTime] AS [CreatedTime]              FROM [dbo].[Parties] AS [Extent1]              WHERE ([Extent1].[CreatorUserId] IN (cast('7a6497c3-ea00-4855-85bd-794cd93ac388' as uniqueidentifier), cast('c96af5bb-424a-4eb7-a054-91912607c5ae' as uniqueidentifier), cast('00000000-0000-0000-0000-000000000000' as uniqueidentifier))) AND ([Extent1].[BeginTime] < @p__linq__0) AND ([Extent1].[BeginTime] > @p__linq__1) AND ([Extent1].[IsDisabled] <> cast(1 as bit)) AND ([Extent1].[DirectFriendVisible] = 1)          )  AS [Project1]      )  AS [Project1]      WHERE [Project1].[row_number] > 0      ORDER BY [Project1].[CreatedTime] ASC|
2015-10-22 18:07:43.7551|Debug|ShiJu.Service.Heart|  |
2015-10-22 18:07:43.7551|Debug|ShiJu.Service.Heart|-- p__linq__0: '2015/10/24 16:00:07' (Type = DateTime2)  |
2015-10-22 18:07:43.7551|Debug|ShiJu.Service.Heart|-- p__linq__1: '2015/10/24 16:00:07' (Type = DateTime2)  |
2015-10-22 18:07:43.7551|Debug|ShiJu.Service.Heart|-- Executing at 2015/10/22 18:07:43 +08:00  |
2015-10-22 18:07:43.8381|Debug|ShiJu.Service.Heart|-- Completed in 80 ms with result: SqlDataReader  |
2015-10-22 18:07:43.8381|Debug|ShiJu.Service.Heart|  |
2015-10-22 18:31:35.3436|Debug|ShiJu.Service.Heart|Select f.FriendUserId                                           From Friends f                                           where f.UserId=@userId                                          union                                          Select f.UserId                                          From Friends f                                           where f.FriendUserId=@userId|
2015-10-22 18:31:35.3666|Debug|ShiJu.Service.Heart|  |
2015-10-22 18:31:35.3666|Debug|ShiJu.Service.Heart|-- @userId: 'e2ea5063-3cb7-4cc5-b3be-9cd8c1022a16' (Type = Guid, IsNullable = false)  |
2015-10-22 18:31:35.3666|Debug|ShiJu.Service.Heart|-- Executing at 2015/10/22 18:31:35 +08:00  |
2015-10-22 18:31:35.4486|Debug|ShiJu.Service.Heart|-- Completed in 81 ms with result: SqlDataReader  |
2015-10-22 18:31:35.4486|Debug|ShiJu.Service.Heart|  |
2015-10-22 18:31:35.5156|Debug|ShiJu.Service.Heart|SELECT       [Limit1].[Id] AS [Id],       [Limit1].[CreatorUserId] AS [CreatorUserId],       [Limit1].[Sponsor] AS [Sponsor],       [Limit1].[BeginTime] AS [BeginTime],       [Limit1].[EndTime] AS [EndTime],       [Limit1].[Title] AS [Title],       [Limit1].[Description] AS [Description],       [Limit1].[Address] AS [Address],       [Limit1].[Images] AS [Images],       [Limit1].[Kind] AS [Kind],       [Limit1].[MaxUserCount] AS [MaxUserCount],       [Limit1].[DirectFriendVisible] AS [DirectFriendVisible],       [Limit1].[IsPublic] AS [IsPublic],       [Limit1].[LikeCount] AS [LikeCount],       [Limit1].[CommentCount] AS [CommentCount],       [Limit1].[VoteTitle] AS [VoteTitle],       [Limit1].[VoteChoicesJson] AS [VoteChoicesJson],       [Limit1].[VoteResult0Count] AS [VoteResult0Count],       [Limit1].[VoteResult1Count] AS [VoteResult1Count],       [Limit1].[VoteResult2Count] AS [VoteResult2Count],       [Limit1].[VoteResult3Count] AS [VoteResult3Count],       [Limit1].[VoteResult4Count] AS [VoteResult4Count],       [Limit1].[IsDisabled] AS [IsDisabled],       [Limit1].[CreatedTime] AS [CreatedTime]      FROM ( SELECT TOP (20) [Project1].[Id] AS [Id], [Project1].[CreatorUserId] AS [CreatorUserId], [Project1].[Sponsor] AS [Sponsor], [Project1].[BeginTime] AS [BeginTime], [Project1].[EndTime] AS [EndTime], [Project1].[Title] AS [Title], [Project1].[Description] AS [Description], [Project1].[Address] AS [Address], [Project1].[Images] AS [Images], [Project1].[Kind] AS [Kind], [Project1].[MaxUserCount] AS [MaxUserCount], [Project1].[DirectFriendVisible] AS [DirectFriendVisible], [Project1].[IsPublic] AS [IsPublic], [Project1].[LikeCount] AS [LikeCount], [Project1].[CommentCount] AS [CommentCount], [Project1].[VoteTitle] AS [VoteTitle], [Project1].[VoteChoicesJson] AS [VoteChoicesJson], [Project1].[VoteResult0Count] AS [VoteResult0Count], [Project1].[VoteResult1Count] AS [VoteResult1Count], [Project1].[VoteResult2Count] AS [VoteResult2Count], [Project1].[VoteResult3Count] AS [VoteResult3Count], [Project1].[VoteResult4Count] AS [VoteResult4Count], [Project1].[IsDisabled] AS [IsDisabled], [Project1].[CreatedTime] AS [CreatedTime]          FROM ( SELECT [Project1].[Id] AS [Id], [Project1].[CreatorUserId] AS [CreatorUserId], [Project1].[Sponsor] AS [Sponsor], [Project1].[BeginTime] AS [BeginTime], [Project1].[EndTime] AS [EndTime], [Project1].[Title] AS [Title], [Project1].[Description] AS [Description], [Project1].[Address] AS [Address], [Project1].[Images] AS [Images], [Project1].[Kind] AS [Kind], [Project1].[MaxUserCount] AS [MaxUserCount], [Project1].[DirectFriendVisible] AS [DirectFriendVisible], [Project1].[IsPublic] AS [IsPublic], [Project1].[LikeCount] AS [LikeCount], [Project1].[CommentCount] AS [CommentCount], [Project1].[VoteTitle] AS [VoteTitle], [Project1].[VoteChoicesJson] AS [VoteChoicesJson], [Project1].[VoteResult0Count] AS [VoteResult0Count], [Project1].[VoteResult1Count] AS [VoteResult1Count], [Project1].[VoteResult2Count] AS [VoteResult2Count], [Project1].[VoteResult3Count] AS [VoteResult3Count], [Project1].[VoteResult4Count] AS [VoteResult4Count], [Project1].[IsDisabled] AS [IsDisabled], [Project1].[CreatedTime] AS [CreatedTime], row_number() OVER (ORDER BY [Project1].[CreatedTime] DESC) AS [row_number]              FROM ( SELECT                   [Extent1].[Id] AS [Id],                   [Extent1].[CreatorUserId] AS [CreatorUserId],                   [Extent1].[Sponsor] AS [Sponsor],                   [Extent1].[BeginTime] AS [BeginTime],                   [Extent1].[EndTime] AS [EndTime],                   [Extent1].[Title] AS [Title],                   [Extent1].[Description] AS [Description],                   [Extent1].[Address] AS [Address],                   [Extent1].[Images] AS [Images],                   [Extent1].[Kind] AS [Kind],                   [Extent1].[MaxUserCount] AS [MaxUserCount],                   [Extent1].[DirectFriendVisible] AS [DirectFriendVisible],                   [Extent1].[IsPublic] AS [IsPublic],                   [Extent1].[LikeCount] AS [LikeCount],                   [Extent1].[CommentCount] AS [CommentCount],                   [Extent1].[VoteTitle] AS [VoteTitle],                   [Extent1].[VoteChoicesJson] AS [VoteChoicesJson],                   [Extent1].[VoteResult0Count] AS [VoteResult0Count],                   [Extent1].[VoteResult1Count] AS [VoteResult1Count],                   [Extent1].[VoteResult2Count] AS [VoteResult2Count],                   [Extent1].[VoteResult3Count] AS [VoteResult3Count],                   [Extent1].[VoteResult4Count] AS [VoteResult4Count],                   [Extent1].[IsDisabled] AS [IsDisabled],                   [Extent1].[CreatedTime] AS [CreatedTime]                  FROM [dbo].[Parties] AS [Extent1]                  WHERE ([Extent1].[CreatorUserId] IN (cast('7a6497c3-ea00-4855-85bd-794cd93ac388' as uniqueidentifier), cast('c96af5bb-424a-4eb7-a054-91912607c5ae' as uniqueidentifier), cast('00000000-0000-0000-0000-000000000000' as uniqueidentifier))) AND ([Extent1].[BeginTime] > @p__linq__0) AND ([Extent1].[BeginTime] < @p__linq__1) AND ([Extent1].[IsDisabled] <> cast(1 as bit)) AND ([Extent1].[DirectFriendVisible] = 1)              )  AS [Project1]          )  AS [Project1]          WHERE [Project1].[row_number] > 0          ORDER BY [Project1].[CreatedTime] DESC      )  AS [Limit1]      ORDER BY [Limit1].[CreatedTime] ASC|
2015-10-22 18:31:35.5156|Debug|ShiJu.Service.Heart|  |
2015-10-22 18:31:35.5156|Debug|ShiJu.Service.Heart|-- p__linq__0: '2015/10/22 10:31:03' (Type = DateTime2)  |
2015-10-22 18:31:35.5156|Debug|ShiJu.Service.Heart|-- p__linq__1: '2015/10/22 16:00:03' (Type = DateTime2)  |
2015-10-22 18:31:35.5156|Debug|ShiJu.Service.Heart|-- Executing at 2015/10/22 18:31:35 +08:00  |
2015-10-22 18:31:35.5926|Debug|ShiJu.Service.Heart|-- Completed in 74 ms with result: SqlDataReader  |
2015-10-22 18:31:35.5936|Debug|ShiJu.Service.Heart|  |
2015-10-22 18:31:35.6616|Debug|ShiJu.Service.Heart|SELECT TOP (1)       [Extent1].[Id] AS [Id],       [Extent1].[Status] AS [Status],       [Extent1].[PhoneNumber] AS [PhoneNumber],       [Extent1].[NickName] AS [NickName],       [Extent1].[Signature] AS [Signature],       [Extent1].[Portrait] AS [Portrait],       [Extent1].[Gender] AS [Gender],       [Extent1].[District] AS [District],       [Extent1].[BackgroundImage] AS [BackgroundImage],       [Extent1].[CreatedTime] AS [CreatedTime],       [Extent1].[SignUpTime] AS [SignUpTime]      FROM [dbo].[Users] AS [Extent1]      WHERE ([Extent1].[Id] = @p__linq__0) AND (@p__linq__0 IS NOT NULL)|
2015-10-22 18:31:35.6616|Debug|ShiJu.Service.Heart|  |
2015-10-22 18:31:35.6616|Debug|ShiJu.Service.Heart|-- p__linq__0: 'c96af5bb-424a-4eb7-a054-91912607c5ae' (Type = Guid)  |
2015-10-22 18:31:35.6616|Debug|ShiJu.Service.Heart|-- Executing at 2015/10/22 18:31:35 +08:00  |
2015-10-22 18:31:36.4007|Debug|ShiJu.Service.Heart|-- Completed in 737 ms with result: SqlDataReader  |
2015-10-22 18:31:36.4007|Debug|ShiJu.Service.Heart|  |
2015-10-22 18:31:51.3500|Debug|ShiJu.Service.Heart|Select f.FriendUserId                                           From Friends f                                           where f.UserId=@userId                                          union                                          Select f.UserId                                          From Friends f                                           where f.FriendUserId=@userId|
2015-10-22 18:31:51.3500|Debug|ShiJu.Service.Heart|  |
2015-10-22 18:31:51.3500|Debug|ShiJu.Service.Heart|-- @userId: 'e2ea5063-3cb7-4cc5-b3be-9cd8c1022a16' (Type = Guid, IsNullable = false)  |
2015-10-22 18:31:51.3500|Debug|ShiJu.Service.Heart|-- Executing at 2015/10/22 18:31:51 +08:00  |
2015-10-22 18:31:51.4160|Debug|ShiJu.Service.Heart|-- Completed in 56 ms with result: SqlDataReader  |
2015-10-22 18:31:51.4160|Debug|ShiJu.Service.Heart|  |
2015-10-22 18:33:14.8040|Debug|ShiJu.Service.Heart|SELECT       [Limit1].[Id] AS [Id],       [Limit1].[CreatorUserId] AS [CreatorUserId],       [Limit1].[Sponsor] AS [Sponsor],       [Limit1].[BeginTime] AS [BeginTime],       [Limit1].[EndTime] AS [EndTime],       [Limit1].[Title] AS [Title],       [Limit1].[Description] AS [Description],       [Limit1].[Address] AS [Address],       [Limit1].[Images] AS [Images],       [Limit1].[Kind] AS [Kind],       [Limit1].[MaxUserCount] AS [MaxUserCount],       [Limit1].[DirectFriendVisible] AS [DirectFriendVisible],       [Limit1].[IsPublic] AS [IsPublic],       [Limit1].[LikeCount] AS [LikeCount],       [Limit1].[CommentCount] AS [CommentCount],       [Limit1].[VoteTitle] AS [VoteTitle],       [Limit1].[VoteChoicesJson] AS [VoteChoicesJson],       [Limit1].[VoteResult0Count] AS [VoteResult0Count],       [Limit1].[VoteResult1Count] AS [VoteResult1Count],       [Limit1].[VoteResult2Count] AS [VoteResult2Count],       [Limit1].[VoteResult3Count] AS [VoteResult3Count],       [Limit1].[VoteResult4Count] AS [VoteResult4Count],       [Limit1].[IsDisabled] AS [IsDisabled],       [Limit1].[CreatedTime] AS [CreatedTime]      FROM ( SELECT TOP (20) [Project1].[Id] AS [Id], [Project1].[CreatorUserId] AS [CreatorUserId], [Project1].[Sponsor] AS [Sponsor], [Project1].[BeginTime] AS [BeginTime], [Project1].[EndTime] AS [EndTime], [Project1].[Title] AS [Title], [Project1].[Description] AS [Description], [Project1].[Address] AS [Address], [Project1].[Images] AS [Images], [Project1].[Kind] AS [Kind], [Project1].[MaxUserCount] AS [MaxUserCount], [Project1].[DirectFriendVisible] AS [DirectFriendVisible], [Project1].[IsPublic] AS [IsPublic], [Project1].[LikeCount] AS [LikeCount], [Project1].[CommentCount] AS [CommentCount], [Project1].[VoteTitle] AS [VoteTitle], [Project1].[VoteChoicesJson] AS [VoteChoicesJson], [Project1].[VoteResult0Count] AS [VoteResult0Count], [Project1].[VoteResult1Count] AS [VoteResult1Count], [Project1].[VoteResult2Count] AS [VoteResult2Count], [Project1].[VoteResult3Count] AS [VoteResult3Count], [Project1].[VoteResult4Count] AS [VoteResult4Count], [Project1].[IsDisabled] AS [IsDisabled], [Project1].[CreatedTime] AS [CreatedTime]          FROM ( SELECT [Project1].[Id] AS [Id], [Project1].[CreatorUserId] AS [CreatorUserId], [Project1].[Sponsor] AS [Sponsor], [Project1].[BeginTime] AS [BeginTime], [Project1].[EndTime] AS [EndTime], [Project1].[Title] AS [Title], [Project1].[Description] AS [Description], [Project1].[Address] AS [Address], [Project1].[Images] AS [Images], [Project1].[Kind] AS [Kind], [Project1].[MaxUserCount] AS [MaxUserCount], [Project1].[DirectFriendVisible] AS [DirectFriendVisible], [Project1].[IsPublic] AS [IsPublic], [Project1].[LikeCount] AS [LikeCount], [Project1].[CommentCount] AS [CommentCount], [Project1].[VoteTitle] AS [VoteTitle], [Project1].[VoteChoicesJson] AS [VoteChoicesJson], [Project1].[VoteResult0Count] AS [VoteResult0Count], [Project1].[VoteResult1Count] AS [VoteResult1Count], [Project1].[VoteResult2Count] AS [VoteResult2Count], [Project1].[VoteResult3Count] AS [VoteResult3Count], [Project1].[VoteResult4Count] AS [VoteResult4Count], [Project1].[IsDisabled] AS [IsDisabled], [Project1].[CreatedTime] AS [CreatedTime], row_number() OVER (ORDER BY [Project1].[CreatedTime] DESC) AS [row_number]              FROM ( SELECT                   [Extent1].[Id] AS [Id],                   [Extent1].[CreatorUserId] AS [CreatorUserId],                   [Extent1].[Sponsor] AS [Sponsor],                   [Extent1].[BeginTime] AS [BeginTime],                   [Extent1].[EndTime] AS [EndTime],                   [Extent1].[Title] AS [Title],                   [Extent1].[Description] AS [Description],                   [Extent1].[Address] AS [Address],                   [Extent1].[Images] AS [Images],                   [Extent1].[Kind] AS [Kind],                   [Extent1].[MaxUserCount] AS [MaxUserCount],                   [Extent1].[DirectFriendVisible] AS [DirectFriendVisible],                   [Extent1].[IsPublic] AS [IsPublic],                   [Extent1].[LikeCount] AS [LikeCount],                   [Extent1].[CommentCount] AS [CommentCount],                   [Extent1].[VoteTitle] AS [VoteTitle],                   [Extent1].[VoteChoicesJson] AS [VoteChoicesJson],                   [Extent1].[VoteResult0Count] AS [VoteResult0Count],                   [Extent1].[VoteResult1Count] AS [VoteResult1Count],                   [Extent1].[VoteResult2Count] AS [VoteResult2Count],                   [Extent1].[VoteResult3Count] AS [VoteResult3Count],                   [Extent1].[VoteResult4Count] AS [VoteResult4Count],                   [Extent1].[IsDisabled] AS [IsDisabled],                   [Extent1].[CreatedTime] AS [CreatedTime]                  FROM [dbo].[Parties] AS [Extent1]                  WHERE ([Extent1].[CreatorUserId] IN (cast('7a6497c3-ea00-4855-85bd-794cd93ac388' as uniqueidentifier), cast('c96af5bb-424a-4eb7-a054-91912607c5ae' as uniqueidentifier), cast('00000000-0000-0000-0000-000000000000' as uniqueidentifier))) AND ([Extent1].[BeginTime] > @p__linq__0) AND ([Extent1].[BeginTime] < @p__linq__1) AND ([Extent1].[IsDisabled] <> cast(1 as bit)) AND ([Extent1].[DirectFriendVisible] = 1)              )  AS [Project1]          )  AS [Project1]          WHERE [Project1].[row_number] > 0          ORDER BY [Project1].[CreatedTime] DESC      )  AS [Limit1]      ORDER BY [Limit1].[CreatedTime] ASC|
2015-10-22 18:33:14.8040|Debug|ShiJu.Service.Heart|  |
2015-10-22 18:33:14.8040|Debug|ShiJu.Service.Heart|-- p__linq__0: '2015/10/22 10:31:03' (Type = DateTime2)  |
2015-10-22 18:33:14.8040|Debug|ShiJu.Service.Heart|-- p__linq__1: '2015/10/22 16:00:03' (Type = DateTime2)  |
2015-10-22 18:33:14.8040|Debug|ShiJu.Service.Heart|-- Executing at 2015/10/22 18:33:14 +08:00  |
2015-10-22 18:33:15.1300|Debug|ShiJu.Service.Heart|-- Completed in 322 ms with result: SqlDataReader  |
2015-10-22 18:33:15.1300|Debug|ShiJu.Service.Heart|  |
2015-10-22 18:33:15.1300|Debug|ShiJu.Service.Heart|SELECT TOP (1)       [Extent1].[Id] AS [Id],       [Extent1].[Status] AS [Status],       [Extent1].[PhoneNumber] AS [PhoneNumber],       [Extent1].[NickName] AS [NickName],       [Extent1].[Signature] AS [Signature],       [Extent1].[Portrait] AS [Portrait],       [Extent1].[Gender] AS [Gender],       [Extent1].[District] AS [District],       [Extent1].[BackgroundImage] AS [BackgroundImage],       [Extent1].[CreatedTime] AS [CreatedTime],       [Extent1].[SignUpTime] AS [SignUpTime]      FROM [dbo].[Users] AS [Extent1]      WHERE ([Extent1].[Id] = @p__linq__0) AND (@p__linq__0 IS NOT NULL)|
2015-10-22 18:33:15.1300|Debug|ShiJu.Service.Heart|  |
2015-10-22 18:33:15.1300|Debug|ShiJu.Service.Heart|-- p__linq__0: 'c96af5bb-424a-4eb7-a054-91912607c5ae' (Type = Guid)  |
2015-10-22 18:33:15.1300|Debug|ShiJu.Service.Heart|-- Executing at 2015/10/22 18:33:15 +08:00  |
2015-10-22 18:33:15.2160|Debug|ShiJu.Service.Heart|-- Completed in 78 ms with result: SqlDataReader  |
2015-10-22 18:33:15.2160|Debug|ShiJu.Service.Heart|  |
