2015-06-25 16:27:07.8047|Debug|ShiJu.Service.Heart|  SELECT Count(*)  FROM INFORMATION_SCHEMA.TABLES AS t  WHERE t.TABLE_TYPE = 'BASE TABLE'      AND (t.TABLE_SCHEMA + '.' + t.TABLE_NAME IN ('dbo.Accounts','dbo.FriendRequests','dbo.Friends','dbo.Participants','dbo.Parties','dbo.PartyComments','dbo.PartyLikes','dbo.Users','dbo.VerificationCodes')          OR t.TABLE_NAME = 'EdmMetadata')|
2015-06-25 16:27:07.8127|Debug|ShiJu.Service.Heart|  |
2015-06-25 16:27:07.8127|Debug|ShiJu.Service.Heart|-- Executing at 2015/6/25 16:27:07 +08:00  |
2015-06-25 16:27:07.9237|Debug|ShiJu.Service.Heart|-- Completed in 93 ms with result: 9  |
2015-06-25 16:27:07.9237|Debug|ShiJu.Service.Heart|  |
2015-06-25 16:27:10.0450|Debug|ShiJu.Service.Heart|SELECT       [GroupBy1].[A1] AS [C1]      FROM ( SELECT           COUNT(1) AS [A1]          FROM [dbo].[__MigrationHistory] AS [Extent1]      )  AS [GroupBy1]|
2015-06-25 16:27:10.0450|Debug|ShiJu.Service.Heart|  |
2015-06-25 16:27:10.0450|Debug|ShiJu.Service.Heart|-- Executing at 2015/6/25 16:27:10 +08:00  |
2015-06-25 16:27:10.1484|Debug|ShiJu.Service.Heart|-- Completed in 98 ms with result: SqlDataReader  |
2015-06-25 16:27:10.1484|Debug|ShiJu.Service.Heart|  |
2015-06-25 16:27:10.3988|Debug|ShiJu.Service.Heart|SELECT       [GroupBy1].[A1] AS [C1]      FROM ( SELECT           COUNT(1) AS [A1]          FROM [dbo].[__MigrationHistory] AS [Extent1]          WHERE ([Extent1].[ContextKey] = @p__linq__0) AND (@p__linq__0 IS NOT NULL)      )  AS [GroupBy1]|
2015-06-25 16:27:10.3988|Debug|ShiJu.Service.Heart|  |
2015-06-25 16:27:10.3988|Debug|ShiJu.Service.Heart|-- p__linq__0: 'ShiJu.Models.ShiJuDbContext' (Type = String, Size = 4000)  |
2015-06-25 16:27:10.4038|Debug|ShiJu.Service.Heart|-- Executing at 2015/6/25 16:27:10 +08:00  |
2015-06-25 16:27:10.4675|Debug|ShiJu.Service.Heart|-- Completed in 63 ms with result: SqlDataReader  |
2015-06-25 16:27:10.4675|Debug|ShiJu.Service.Heart|  |
2015-06-25 16:27:10.6728|Debug|ShiJu.Service.Heart|SELECT TOP (1)       [Project1].[C1] AS [C1],       [Project1].[MigrationId] AS [MigrationId],       [Project1].[Model] AS [Model]      FROM ( SELECT           [Extent1].[MigrationId] AS [MigrationId],           [Extent1].[Model] AS [Model],           1 AS [C1]          FROM [dbo].[__MigrationHistory] AS [Extent1]          WHERE ([Extent1].[ContextKey] = @p__linq__0) AND (@p__linq__0 IS NOT NULL)      )  AS [Project1]      ORDER BY [Project1].[MigrationId] DESC|
2015-06-25 16:27:10.6728|Debug|ShiJu.Service.Heart|  |
2015-06-25 16:27:10.6728|Debug|ShiJu.Service.Heart|-- p__linq__0: 'ShiJu.Models.ShiJuDbContext' (Type = String, Size = 4000)  |
2015-06-25 16:27:10.6728|Debug|ShiJu.Service.Heart|-- Executing at 2015/6/25 16:27:10 +08:00  |
2015-06-25 16:27:10.7527|Debug|ShiJu.Service.Heart|-- Completed in 78 ms with result: SqlDataReader  |
2015-06-25 16:27:10.7527|Debug|ShiJu.Service.Heart|  |
2015-06-25 16:27:14.5524|Debug|ShiJu.Service.Heart|INSERT [dbo].[Parties]([Id], [CreatorUserId], [BeginTime], [EndTime], [Title], [Description], [Address], [Images], [Kind], [MaxUserCount], [DirectFriendVisible], [IsHot], [LikeCount], [CommentCount], [VoteTitle], [VoteChoicesJson], [VoteResult0Count], [VoteResult1Count], [VoteResult2Count], [VoteResult3Count], [VoteResult4Count], [IsDisabled], [CreatedTime])  VALUES (@0, @1, @2, @3, @4, @5, @6, @7, @8, @9, @10, @11, @12, @13, @14, @15, @16, @17, @18, @19, @20, @21, @22)  |
2015-06-25 16:27:14.5524|Debug|ShiJu.Service.Heart|-- @0: 'cd3e2b9d-7b9e-4dfa-adc5-fc48e69feb83' (Type = Guid)  |
2015-06-25 16:27:14.5524|Debug|ShiJu.Service.Heart|-- @1: 'dc06183a-e231-4b36-8556-97a32da72e11' (Type = Guid)  |
2015-06-25 16:27:14.5524|Debug|ShiJu.Service.Heart|-- @2: '2015/3/3 10:10:10' (Type = DateTime2)  |
2015-06-25 16:27:14.5594|Debug|ShiJu.Service.Heart|-- @3: '2015/3/4 10:10:10' (Type = DateTime2)  |
2015-06-25 16:27:14.5594|Debug|ShiJu.Service.Heart|-- @4: '回家聚会' (Type = String, Size = 128)  |
2015-06-25 16:27:14.5804|Debug|ShiJu.Service.Heart|-- @5: '大家一起还起来' (Type = String, Size = 1024)  |
2015-06-25 16:27:14.5804|Debug|ShiJu.Service.Heart|-- @6: '宜山路就白号' (Type = String, Size = 128)  |
2015-06-25 16:27:14.5804|Debug|ShiJu.Service.Heart|-- @7: '[]' (Type = String, Size = -1)  |
2015-06-25 16:27:14.5804|Debug|ShiJu.Service.Heart|-- @8: '吃饭' (Type = String, Size = 64)  |
2015-06-25 16:27:14.5804|Debug|ShiJu.Service.Heart|-- @9: '10' (Type = Int64)  |
2015-06-25 16:27:14.5804|Debug|ShiJu.Service.Heart|-- @10: 'True' (Type = Boolean)  |
2015-06-25 16:27:14.5804|Debug|ShiJu.Service.Heart|-- @11: 'False' (Type = Boolean)  |
2015-06-25 16:27:14.5804|Debug|ShiJu.Service.Heart|-- @12: '0' (Type = Int64)  |
2015-06-25 16:27:14.5804|Debug|ShiJu.Service.Heart|-- @13: '0' (Type = Int64)  |
2015-06-25 16:27:14.5804|Debug|ShiJu.Service.Heart|-- @14: '去哪里好' (Type = String, Size = 256)  |
2015-06-25 16:27:14.5804|Debug|ShiJu.Service.Heart|-- @15: '{}' (Type = String, Size = -1)  |
2015-06-25 16:27:14.5804|Debug|ShiJu.Service.Heart|-- @16: '0' (Type = Int64)  |
2015-06-25 16:27:14.5804|Debug|ShiJu.Service.Heart|-- @17: '0' (Type = Int64)  |
2015-06-25 16:27:14.5804|Debug|ShiJu.Service.Heart|-- @18: '0' (Type = Int64)  |
2015-06-25 16:27:14.5804|Debug|ShiJu.Service.Heart|-- @19: '0' (Type = Int64)  |
2015-06-25 16:27:14.5804|Debug|ShiJu.Service.Heart|-- @20: '0' (Type = Int64)  |
2015-06-25 16:27:14.5804|Debug|ShiJu.Service.Heart|-- @21: 'False' (Type = Boolean)  |
2015-06-25 16:27:14.5804|Debug|ShiJu.Service.Heart|-- @22: '2015/6/25 8:26:44' (Type = DateTime2)  |
2015-06-25 16:27:14.5804|Debug|ShiJu.Service.Heart|-- Executing at 2015/6/25 16:27:14 +08:00  |
2015-06-25 16:27:14.6554|Debug|ShiJu.Service.Heart|-- Completed in 66 ms with result: 1  |
2015-06-25 16:27:14.6554|Debug|ShiJu.Service.Heart|  |
