2016-01-27 18:49:14.2224|Debug|ShiJu.Service.Heart|  SELECT Count(*)  FROM INFORMATION_SCHEMA.TABLES AS t  WHERE t.TABLE_TYPE = 'BASE TABLE'      AND (t.TABLE_SCHEMA + '.' + t.TABLE_NAME IN ('dbo.Accounts','dbo.FriendRequests','dbo.Friends','dbo.Greetings','dbo.Participants','dbo.Parties','dbo.PartyComments','dbo.PartyLikes','dbo.UserGreetings','dbo.Users','dbo.VerificationCodes')          OR t.TABLE_NAME = 'EdmMetadata')|
2016-01-27 18:49:14.2524|Debug|ShiJu.Service.Heart|  |
2016-01-27 18:49:14.2894|Debug|ShiJu.Service.Heart|-- Executing at 2016/1/27 18:49:14 +08:00  |
2016-01-27 18:49:14.3684|Debug|ShiJu.Service.Heart|-- Completed in 72 ms with result: 11  |
2016-01-27 18:49:14.3684|Debug|ShiJu.Service.Heart|  |
2016-01-27 18:49:16.6794|Debug|ShiJu.Service.Heart|SELECT       [GroupBy1].[A1] AS [C1]      FROM ( SELECT           COUNT(1) AS [A1]          FROM [dbo].[__MigrationHistory] AS [Extent1]      )  AS [GroupBy1]|
2016-01-27 18:49:16.6794|Debug|ShiJu.Service.Heart|  |
2016-01-27 18:49:16.6794|Debug|ShiJu.Service.Heart|-- Executing at 2016/1/27 18:49:16 +08:00  |
2016-01-27 18:49:16.7579|Debug|ShiJu.Service.Heart|-- Completed in 74 ms with result: SqlDataReader  |
2016-01-27 18:49:16.7579|Debug|ShiJu.Service.Heart|  |
2016-01-27 18:49:16.9934|Debug|ShiJu.Service.Heart|SELECT       [GroupBy1].[A1] AS [C1]      FROM ( SELECT           COUNT(1) AS [A1]          FROM [dbo].[__MigrationHistory] AS [Extent1]          WHERE ([Extent1].[ContextKey] = @p__linq__0) AND (@p__linq__0 IS NOT NULL)      )  AS [GroupBy1]|
2016-01-27 18:49:16.9934|Debug|ShiJu.Service.Heart|  |
2016-01-27 18:49:16.9934|Debug|ShiJu.Service.Heart|-- p__linq__0: 'ShiJu.Models.ShiJuDbContext' (Type = String, Size = 4000)  |
2016-01-27 18:49:16.9934|Debug|ShiJu.Service.Heart|-- Executing at 2016/1/27 18:49:16 +08:00  |
2016-01-27 18:49:17.0804|Debug|ShiJu.Service.Heart|-- Completed in 78 ms with result: SqlDataReader  |
2016-01-27 18:49:17.0804|Debug|ShiJu.Service.Heart|  |
2016-01-27 18:49:17.2014|Debug|ShiJu.Service.Heart|SELECT       [GroupBy1].[A1] AS [C1]      FROM ( SELECT           COUNT(1) AS [A1]          FROM [dbo].[__MigrationHistory] AS [Extent1]      )  AS [GroupBy1]|
2016-01-27 18:49:17.2014|Debug|ShiJu.Service.Heart|  |
2016-01-27 18:49:17.2014|Debug|ShiJu.Service.Heart|-- Executing at 2016/1/27 18:49:17 +08:00  |
2016-01-27 18:49:17.2664|Debug|ShiJu.Service.Heart|-- Completed in 63 ms with result: SqlDataReader  |
2016-01-27 18:49:17.2664|Debug|ShiJu.Service.Heart|  |
2016-01-27 18:49:17.2764|Debug|ShiJu.Service.Heart|SELECT       [GroupBy1].[A1] AS [C1]      FROM ( SELECT           COUNT(1) AS [A1]          FROM [dbo].[__MigrationHistory] AS [Extent1]          WHERE ([Extent1].[ContextKey] = @p__linq__0) AND (@p__linq__0 IS NOT NULL)      )  AS [GroupBy1]|
2016-01-27 18:49:17.2764|Debug|ShiJu.Service.Heart|  |
2016-01-27 18:49:17.2764|Debug|ShiJu.Service.Heart|-- p__linq__0: 'ShiJu.Models.ShiJuDbContext' (Type = String, Size = 4000)  |
2016-01-27 18:49:17.2764|Debug|ShiJu.Service.Heart|-- Executing at 2016/1/27 18:49:17 +08:00  |
2016-01-27 18:49:17.3454|Debug|ShiJu.Service.Heart|-- Completed in 67 ms with result: SqlDataReader  |
2016-01-27 18:49:17.3454|Debug|ShiJu.Service.Heart|  |
2016-01-27 18:49:17.5387|Debug|ShiJu.Service.Heart|SELECT TOP (1)       [Project1].[C1] AS [C1],       [Project1].[MigrationId] AS [MigrationId],       [Project1].[Model] AS [Model]      FROM ( SELECT           [Extent1].[MigrationId] AS [MigrationId],           [Extent1].[Model] AS [Model],           1 AS [C1]          FROM [dbo].[__MigrationHistory] AS [Extent1]          WHERE ([Extent1].[ContextKey] = @p__linq__0) AND (@p__linq__0 IS NOT NULL)      )  AS [Project1]      ORDER BY [Project1].[MigrationId] DESC|
2016-01-27 18:49:17.5387|Debug|ShiJu.Service.Heart|  |
2016-01-27 18:49:17.5387|Debug|ShiJu.Service.Heart|-- p__linq__0: 'ShiJu.Models.ShiJuDbContext' (Type = String, Size = 4000)  |
2016-01-27 18:49:17.5387|Debug|ShiJu.Service.Heart|-- Executing at 2016/1/27 18:49:17 +08:00  |
2016-01-27 18:49:17.5934|Debug|ShiJu.Service.Heart|-- Completed in 53 ms with result: SqlDataReader  |
2016-01-27 18:49:17.5934|Debug|ShiJu.Service.Heart|  |
2016-01-27 19:19:41.4481|Debug|ShiJu.Service.Heart|  SELECT Count(*)  FROM INFORMATION_SCHEMA.TABLES AS t  WHERE t.TABLE_TYPE = 'BASE TABLE'      AND (t.TABLE_SCHEMA + '.' + t.TABLE_NAME IN ('dbo.Accounts','dbo.FriendRequests','dbo.Friends','dbo.Greetings','dbo.Participants','dbo.Parties','dbo.PartyComments','dbo.PartyLikes','dbo.UserGreetings','dbo.Users','dbo.VerificationCodes')          OR t.TABLE_NAME = 'EdmMetadata')|
2016-01-27 19:19:41.4761|Debug|ShiJu.Service.Heart|  |
2016-01-27 19:19:41.4761|Debug|ShiJu.Service.Heart|-- Executing at 2016/1/27 19:19:41 +08:00  |
2016-01-27 19:19:41.5700|Debug|ShiJu.Service.Heart|-- Completed in 82 ms with result: 11  |
2016-01-27 19:19:41.5700|Debug|ShiJu.Service.Heart|  |
2016-01-27 19:19:44.6199|Debug|ShiJu.Service.Heart|SELECT       [GroupBy1].[A1] AS [C1]      FROM ( SELECT           COUNT(1) AS [A1]          FROM [dbo].[__MigrationHistory] AS [Extent1]      )  AS [GroupBy1]|
2016-01-27 19:19:44.6199|Debug|ShiJu.Service.Heart|  |
2016-01-27 19:19:44.6199|Debug|ShiJu.Service.Heart|-- Executing at 2016/1/27 19:19:44 +08:00  |
2016-01-27 19:19:44.7089|Debug|ShiJu.Service.Heart|-- Completed in 87 ms with result: SqlDataReader  |
2016-01-27 19:19:44.7089|Debug|ShiJu.Service.Heart|  |
2016-01-27 19:19:44.9649|Debug|ShiJu.Service.Heart|SELECT       [GroupBy1].[A1] AS [C1]      FROM ( SELECT           COUNT(1) AS [A1]          FROM [dbo].[__MigrationHistory] AS [Extent1]          WHERE ([Extent1].[ContextKey] = @p__linq__0) AND (@p__linq__0 IS NOT NULL)      )  AS [GroupBy1]|
2016-01-27 19:19:44.9649|Debug|ShiJu.Service.Heart|  |
2016-01-27 19:19:44.9649|Debug|ShiJu.Service.Heart|-- p__linq__0: 'ShiJu.Models.ShiJuDbContext' (Type = String, Size = 4000)  |
2016-01-27 19:19:44.9649|Debug|ShiJu.Service.Heart|-- Executing at 2016/1/27 19:19:44 +08:00  |
2016-01-27 19:19:45.0309|Debug|ShiJu.Service.Heart|-- Completed in 61 ms with result: SqlDataReader  |
2016-01-27 19:19:45.0309|Debug|ShiJu.Service.Heart|  |
2016-01-27 19:19:45.2459|Debug|ShiJu.Service.Heart|SELECT       [GroupBy1].[A1] AS [C1]      FROM ( SELECT           COUNT(1) AS [A1]          FROM [dbo].[__MigrationHistory] AS [Extent1]      )  AS [GroupBy1]|
2016-01-27 19:19:45.2459|Debug|ShiJu.Service.Heart|  |
2016-01-27 19:19:45.2459|Debug|ShiJu.Service.Heart|-- Executing at 2016/1/27 19:19:45 +08:00  |
2016-01-27 19:19:45.3449|Debug|ShiJu.Service.Heart|-- Completed in 97 ms with result: SqlDataReader  |
2016-01-27 19:19:45.3449|Debug|ShiJu.Service.Heart|  |
2016-01-27 19:19:45.3759|Debug|ShiJu.Service.Heart|SELECT       [GroupBy1].[A1] AS [C1]      FROM ( SELECT           COUNT(1) AS [A1]          FROM [dbo].[__MigrationHistory] AS [Extent1]          WHERE ([Extent1].[ContextKey] = @p__linq__0) AND (@p__linq__0 IS NOT NULL)      )  AS [GroupBy1]|
2016-01-27 19:19:45.3759|Debug|ShiJu.Service.Heart|  |
2016-01-27 19:19:45.3759|Debug|ShiJu.Service.Heart|-- p__linq__0: 'ShiJu.Models.ShiJuDbContext' (Type = String, Size = 4000)  |
2016-01-27 19:19:45.3759|Debug|ShiJu.Service.Heart|-- Executing at 2016/1/27 19:19:45 +08:00  |
2016-01-27 19:19:45.4339|Debug|ShiJu.Service.Heart|-- Completed in 55 ms with result: SqlDataReader  |
2016-01-27 19:19:45.4339|Debug|ShiJu.Service.Heart|  |
2016-01-27 19:19:45.5809|Debug|ShiJu.Service.Heart|SELECT TOP (1)       [Project1].[C1] AS [C1],       [Project1].[MigrationId] AS [MigrationId],       [Project1].[Model] AS [Model]      FROM ( SELECT           [Extent1].[MigrationId] AS [MigrationId],           [Extent1].[Model] AS [Model],           1 AS [C1]          FROM [dbo].[__MigrationHistory] AS [Extent1]          WHERE ([Extent1].[ContextKey] = @p__linq__0) AND (@p__linq__0 IS NOT NULL)      )  AS [Project1]      ORDER BY [Project1].[MigrationId] DESC|
2016-01-27 19:19:45.5809|Debug|ShiJu.Service.Heart|  |
2016-01-27 19:19:45.5809|Debug|ShiJu.Service.Heart|-- p__linq__0: 'ShiJu.Models.ShiJuDbContext' (Type = String, Size = 4000)  |
2016-01-27 19:19:45.5829|Debug|ShiJu.Service.Heart|-- Executing at 2016/1/27 19:19:45 +08:00  |
2016-01-27 19:19:45.6429|Debug|ShiJu.Service.Heart|-- Completed in 59 ms with result: SqlDataReader  |
2016-01-27 19:19:45.6429|Debug|ShiJu.Service.Heart|  |
2016-01-27 19:19:48.0708|Debug|ShiJu.Service.Heart|SELECT TOP (2)       [Extent1].[Id] AS [Id],       [Extent1].[Status] AS [Status],       [Extent1].[PhoneNumber] AS [PhoneNumber],       [Extent1].[NickName] AS [NickName],       [Extent1].[Signature] AS [Signature],       [Extent1].[Portrait] AS [Portrait],       [Extent1].[Gender] AS [Gender],       [Extent1].[District] AS [District],       [Extent1].[BackgroundImage] AS [BackgroundImage],       [Extent1].[NeedNotification] AS [NeedNotification],       [Extent1].[CreatedTime] AS [CreatedTime],       [Extent1].[SignUpTime] AS [SignUpTime]      FROM [dbo].[Users] AS [Extent1]      WHERE [Extent1].[Id] = @p0|
2016-01-27 19:19:48.0708|Debug|ShiJu.Service.Heart|  |
2016-01-27 19:19:48.0708|Debug|ShiJu.Service.Heart|-- p0: 'd1c6f089-9d54-4eb7-a893-05ee340b1a0e' (Type = Guid)  |
2016-01-27 19:19:48.0708|Debug|ShiJu.Service.Heart|-- Executing at 2016/1/27 19:19:48 +08:00  |
2016-01-27 19:19:48.1368|Debug|ShiJu.Service.Heart|-- Completed in 63 ms with result: SqlDataReader  |
2016-01-27 19:19:48.1368|Debug|ShiJu.Service.Heart|  |
2016-01-27 19:19:58.2972|Debug|ShiJu.Service.Heart|SELECT TOP (1)       [Extent1].[SourceUserId] AS [SourceUserId],       [Extent1].[TargetUserId] AS [TargetUserId],       [Extent1].[TotalCount] AS [TotalCount],       [Extent1].[AgreeCount] AS [AgreeCount],       [Extent1].[HasRead] AS [HasRead],       [Extent1].[HasNewGreeting] AS [HasNewGreeting],       [Extent1].[LastModifiedTime] AS [LastModifiedTime]      FROM [dbo].[UserGreetings] AS [Extent1]      WHERE ([Extent1].[SourceUserId] = @p__linq__0) AND (@p__linq__0 IS NOT NULL) AND ([Extent1].[TargetUserId] = @p__linq__1) AND (@p__linq__1 IS NOT NULL)|
2016-01-27 19:19:58.2972|Debug|ShiJu.Service.Heart|  |
2016-01-27 19:19:58.2972|Debug|ShiJu.Service.Heart|-- p__linq__0: 'd1c6f089-9d54-4eb7-a893-05ee340b1a0e' (Type = Guid)  |
2016-01-27 19:19:58.2972|Debug|ShiJu.Service.Heart|-- p__linq__1: '7b318a88-cdf1-481a-bde4-bf9ae86e04b5' (Type = Guid)  |
2016-01-27 19:19:58.2972|Debug|ShiJu.Service.Heart|-- Executing at 2016/1/27 19:19:58 +08:00  |
2016-01-27 19:19:58.3441|Debug|ShiJu.Service.Heart|-- Completed in 49 ms with result: SqlDataReader  |
2016-01-27 19:19:58.3441|Debug|ShiJu.Service.Heart|  |
2016-01-27 19:21:44.1995|Debug|ShiJu.Service.Heart|  SELECT Count(*)  FROM INFORMATION_SCHEMA.TABLES AS t  WHERE t.TABLE_TYPE = 'BASE TABLE'      AND (t.TABLE_SCHEMA + '.' + t.TABLE_NAME IN ('dbo.Accounts','dbo.FriendRequests','dbo.Friends','dbo.Greetings','dbo.Participants','dbo.Parties','dbo.PartyComments','dbo.PartyLikes','dbo.UserGreetings','dbo.Users','dbo.VerificationCodes')          OR t.TABLE_NAME = 'EdmMetadata')|
2016-01-27 19:21:44.1995|Debug|ShiJu.Service.Heart|  |
2016-01-27 19:21:44.2075|Debug|ShiJu.Service.Heart|-- Executing at 2016/1/27 19:21:44 +08:00  |
2016-01-27 19:21:44.2885|Debug|ShiJu.Service.Heart|-- Completed in 76 ms with result: 11  |
2016-01-27 19:21:44.2885|Debug|ShiJu.Service.Heart|  |
2016-01-27 19:21:46.4834|Debug|ShiJu.Service.Heart|SELECT       [GroupBy1].[A1] AS [C1]      FROM ( SELECT           COUNT(1) AS [A1]          FROM [dbo].[__MigrationHistory] AS [Extent1]      )  AS [GroupBy1]|
2016-01-27 19:21:46.4834|Debug|ShiJu.Service.Heart|  |
2016-01-27 19:21:46.4854|Debug|ShiJu.Service.Heart|-- Executing at 2016/1/27 19:21:46 +08:00  |
2016-01-27 19:21:46.5814|Debug|ShiJu.Service.Heart|-- Completed in 94 ms with result: SqlDataReader  |
2016-01-27 19:21:46.5814|Debug|ShiJu.Service.Heart|  |
2016-01-27 19:21:46.8274|Debug|ShiJu.Service.Heart|SELECT       [GroupBy1].[A1] AS [C1]      FROM ( SELECT           COUNT(1) AS [A1]          FROM [dbo].[__MigrationHistory] AS [Extent1]          WHERE ([Extent1].[ContextKey] = @p__linq__0) AND (@p__linq__0 IS NOT NULL)      )  AS [GroupBy1]|
2016-01-27 19:21:46.8274|Debug|ShiJu.Service.Heart|  |
2016-01-27 19:21:46.8314|Debug|ShiJu.Service.Heart|-- p__linq__0: 'ShiJu.Models.ShiJuDbContext' (Type = String, Size = 4000)  |
2016-01-27 19:21:46.8314|Debug|ShiJu.Service.Heart|-- Executing at 2016/1/27 19:21:46 +08:00  |
2016-01-27 19:21:46.8884|Debug|ShiJu.Service.Heart|-- Completed in 55 ms with result: SqlDataReader  |
2016-01-27 19:21:46.8884|Debug|ShiJu.Service.Heart|  |
2016-01-27 19:21:47.1031|Debug|ShiJu.Service.Heart|SELECT       [GroupBy1].[A1] AS [C1]      FROM ( SELECT           COUNT(1) AS [A1]          FROM [dbo].[__MigrationHistory] AS [Extent1]      )  AS [GroupBy1]|
2016-01-27 19:21:47.1031|Debug|ShiJu.Service.Heart|  |
2016-01-27 19:21:47.1031|Debug|ShiJu.Service.Heart|-- Executing at 2016/1/27 19:21:47 +08:00  |
2016-01-27 19:21:47.1661|Debug|ShiJu.Service.Heart|-- Completed in 61 ms with result: SqlDataReader  |
2016-01-27 19:21:47.1661|Debug|ShiJu.Service.Heart|  |
2016-01-27 19:21:47.1791|Debug|ShiJu.Service.Heart|SELECT       [GroupBy1].[A1] AS [C1]      FROM ( SELECT           COUNT(1) AS [A1]          FROM [dbo].[__MigrationHistory] AS [Extent1]          WHERE ([Extent1].[ContextKey] = @p__linq__0) AND (@p__linq__0 IS NOT NULL)      )  AS [GroupBy1]|
2016-01-27 19:21:47.1791|Debug|ShiJu.Service.Heart|  |
2016-01-27 19:21:47.1791|Debug|ShiJu.Service.Heart|-- p__linq__0: 'ShiJu.Models.ShiJuDbContext' (Type = String, Size = 4000)  |
2016-01-27 19:21:47.1791|Debug|ShiJu.Service.Heart|-- Executing at 2016/1/27 19:21:47 +08:00  |
2016-01-27 19:21:47.2371|Debug|ShiJu.Service.Heart|-- Completed in 55 ms with result: SqlDataReader  |
2016-01-27 19:21:47.2371|Debug|ShiJu.Service.Heart|  |
2016-01-27 19:21:47.4451|Debug|ShiJu.Service.Heart|SELECT TOP (1)       [Project1].[C1] AS [C1],       [Project1].[MigrationId] AS [MigrationId],       [Project1].[Model] AS [Model]      FROM ( SELECT           [Extent1].[MigrationId] AS [MigrationId],           [Extent1].[Model] AS [Model],           1 AS [C1]          FROM [dbo].[__MigrationHistory] AS [Extent1]          WHERE ([Extent1].[ContextKey] = @p__linq__0) AND (@p__linq__0 IS NOT NULL)      )  AS [Project1]      ORDER BY [Project1].[MigrationId] DESC|
2016-01-27 19:21:47.4451|Debug|ShiJu.Service.Heart|  |
2016-01-27 19:21:47.4451|Debug|ShiJu.Service.Heart|-- p__linq__0: 'ShiJu.Models.ShiJuDbContext' (Type = String, Size = 4000)  |
2016-01-27 19:21:47.4451|Debug|ShiJu.Service.Heart|-- Executing at 2016/1/27 19:21:47 +08:00  |
2016-01-27 19:21:47.5081|Debug|ShiJu.Service.Heart|-- Completed in 61 ms with result: SqlDataReader  |
2016-01-27 19:21:47.5081|Debug|ShiJu.Service.Heart|  |
2016-01-27 19:21:50.0790|Debug|ShiJu.Service.Heart|SELECT TOP (20)       [Project1].[SourceUserId] AS [SourceUserId],       [Project1].[TargetUserId] AS [TargetUserId],       [Project1].[TotalCount] AS [TotalCount],       [Project1].[AgreeCount] AS [AgreeCount],       [Project1].[HasRead] AS [HasRead],       [Project1].[HasNewGreeting] AS [HasNewGreeting],       [Project1].[LastModifiedTime] AS [LastModifiedTime]      FROM ( SELECT [Project1].[SourceUserId] AS [SourceUserId], [Project1].[TargetUserId] AS [TargetUserId], [Project1].[TotalCount] AS [TotalCount], [Project1].[AgreeCount] AS [AgreeCount], [Project1].[HasRead] AS [HasRead], [Project1].[HasNewGreeting] AS [HasNewGreeting], [Project1].[LastModifiedTime] AS [LastModifiedTime], row_number() OVER (ORDER BY [Project1].[LastModifiedTime] DESC) AS [row_number]          FROM ( SELECT               [Extent1].[SourceUserId] AS [SourceUserId],               [Extent1].[TargetUserId] AS [TargetUserId],               [Extent1].[TotalCount] AS [TotalCount],               [Extent1].[AgreeCount] AS [AgreeCount],               [Extent1].[HasRead] AS [HasRead],               [Extent1].[HasNewGreeting] AS [HasNewGreeting],               [Extent1].[LastModifiedTime] AS [LastModifiedTime]              FROM [dbo].[UserGreetings] AS [Extent1]              WHERE ([Extent1].[TargetUserId] = @p__linq__0) AND (@p__linq__0 IS NOT NULL)          )  AS [Project1]      )  AS [Project1]      WHERE [Project1].[row_number] > 0      ORDER BY [Project1].[LastModifiedTime] DESC|
2016-01-27 19:21:50.0790|Debug|ShiJu.Service.Heart|  |
2016-01-27 19:21:50.0790|Debug|ShiJu.Service.Heart|-- p__linq__0: 'f2e758dd-fbac-4832-b183-6c2bf98fce99' (Type = Guid)  |
2016-01-27 19:21:50.0790|Debug|ShiJu.Service.Heart|-- Executing at 2016/1/27 19:21:50 +08:00  |
2016-01-27 19:21:50.1453|Debug|ShiJu.Service.Heart|-- Completed in 61 ms with result: SqlDataReader  |
2016-01-27 19:21:50.1453|Debug|ShiJu.Service.Heart|  |
