2015-11-25 18:11:58.4509|Debug|ShiJu.Service.Heart|  SELECT Count(*)  FROM INFORMATION_SCHEMA.TABLES AS t  WHERE t.TABLE_TYPE = 'BASE TABLE'      AND (t.TABLE_SCHEMA + '.' + t.TABLE_NAME IN ('dbo.Accounts','dbo.FriendRequests','dbo.Friends','dbo.Participants','dbo.Parties','dbo.PartyComments','dbo.PartyLikes','dbo.Users','dbo.VerificationCodes')          OR t.TABLE_NAME = 'EdmMetadata')|
2015-11-25 18:11:58.4509|Debug|ShiJu.Service.Heart|  |
2015-11-25 18:11:58.4509|Debug|ShiJu.Service.Heart|-- Executing at 2015/11/25 18:11:58 +08:00  |
2015-11-25 18:11:58.5089|Debug|ShiJu.Service.Heart|-- Completed in 50 ms with result: 9  |
2015-11-25 18:11:58.5089|Debug|ShiJu.Service.Heart|  |
2015-11-25 18:12:00.7219|Debug|ShiJu.Service.Heart|SELECT       [GroupBy1].[A1] AS [C1]      FROM ( SELECT           COUNT(1) AS [A1]          FROM [dbo].[__MigrationHistory] AS [Extent1]      )  AS [GroupBy1]|
2015-11-25 18:12:00.7219|Debug|ShiJu.Service.Heart|  |
2015-11-25 18:12:00.7219|Debug|ShiJu.Service.Heart|-- Executing at 2015/11/25 18:12:00 +08:00  |
2015-11-25 18:12:01.3859|Debug|ShiJu.Service.Heart|-- Completed in 660 ms with result: SqlDataReader  |
2015-11-25 18:12:01.3859|Debug|ShiJu.Service.Heart|  |
2015-11-25 18:12:01.6599|Debug|ShiJu.Service.Heart|SELECT       [GroupBy1].[A1] AS [C1]      FROM ( SELECT           COUNT(1) AS [A1]          FROM [dbo].[__MigrationHistory] AS [Extent1]          WHERE ([Extent1].[ContextKey] = @p__linq__0) AND (@p__linq__0 IS NOT NULL)      )  AS [GroupBy1]|
2015-11-25 18:12:01.6599|Debug|ShiJu.Service.Heart|  |
2015-11-25 18:12:01.6689|Debug|ShiJu.Service.Heart|-- p__linq__0: 'ShiJu.Models.ShiJuDbContext' (Type = String, Size = 4000)  |
2015-11-25 18:12:01.6689|Debug|ShiJu.Service.Heart|-- Executing at 2015/11/25 18:12:01 +08:00  |
2015-11-25 18:12:01.7249|Debug|ShiJu.Service.Heart|-- Completed in 55 ms with result: SqlDataReader  |
2015-11-25 18:12:01.7249|Debug|ShiJu.Service.Heart|  |
2015-11-25 18:12:01.8649|Debug|ShiJu.Service.Heart|SELECT       [GroupBy1].[A1] AS [C1]      FROM ( SELECT           COUNT(1) AS [A1]          FROM [dbo].[__MigrationHistory] AS [Extent1]      )  AS [GroupBy1]|
2015-11-25 18:12:01.8649|Debug|ShiJu.Service.Heart|  |
2015-11-25 18:12:01.8649|Debug|ShiJu.Service.Heart|-- Executing at 2015/11/25 18:12:01 +08:00  |
2015-11-25 18:12:01.9469|Debug|ShiJu.Service.Heart|-- Completed in 80 ms with result: SqlDataReader  |
2015-11-25 18:12:01.9469|Debug|ShiJu.Service.Heart|  |
2015-11-25 18:12:01.9669|Debug|ShiJu.Service.Heart|SELECT       [GroupBy1].[A1] AS [C1]      FROM ( SELECT           COUNT(1) AS [A1]          FROM [dbo].[__MigrationHistory] AS [Extent1]          WHERE ([Extent1].[ContextKey] = @p__linq__0) AND (@p__linq__0 IS NOT NULL)      )  AS [GroupBy1]|
2015-11-25 18:12:01.9669|Debug|ShiJu.Service.Heart|  |
2015-11-25 18:12:01.9669|Debug|ShiJu.Service.Heart|-- p__linq__0: 'ShiJu.Models.ShiJuDbContext' (Type = String, Size = 4000)  |
2015-11-25 18:12:01.9669|Debug|ShiJu.Service.Heart|-- Executing at 2015/11/25 18:12:01 +08:00  |
2015-11-25 18:12:02.0380|Debug|ShiJu.Service.Heart|-- Completed in 68 ms with result: SqlDataReader  |
2015-11-25 18:12:02.0380|Debug|ShiJu.Service.Heart|  |
2015-11-25 18:12:02.3519|Debug|ShiJu.Service.Heart|SELECT TOP (1)       [Project1].[C1] AS [C1],       [Project1].[MigrationId] AS [MigrationId],       [Project1].[Model] AS [Model]      FROM ( SELECT           [Extent1].[MigrationId] AS [MigrationId],           [Extent1].[Model] AS [Model],           1 AS [C1]          FROM [dbo].[__MigrationHistory] AS [Extent1]          WHERE ([Extent1].[ContextKey] = @p__linq__0) AND (@p__linq__0 IS NOT NULL)      )  AS [Project1]      ORDER BY [Project1].[MigrationId] DESC|
2015-11-25 18:12:02.3519|Debug|ShiJu.Service.Heart|  |
2015-11-25 18:12:02.3519|Debug|ShiJu.Service.Heart|-- p__linq__0: 'ShiJu.Models.ShiJuDbContext' (Type = String, Size = 4000)  |
2015-11-25 18:12:02.3519|Debug|ShiJu.Service.Heart|-- Executing at 2015/11/25 18:12:02 +08:00  |
2015-11-25 18:12:02.4709|Debug|ShiJu.Service.Heart|-- Completed in 115 ms with result: SqlDataReader  |
2015-11-25 18:12:02.4709|Debug|ShiJu.Service.Heart|  |
2015-11-25 18:12:05.2249|Debug|ShiJu.Service.Heart|SELECT       [Project1].[Id] AS [Id],       [Project1].[CreatorUserId] AS [CreatorUserId],       [Project1].[Sponsor] AS [Sponsor],       [Project1].[BeginTime] AS [BeginTime],       [Project1].[EndTime] AS [EndTime],       [Project1].[Title] AS [Title],       [Project1].[Description] AS [Description],       [Project1].[Address] AS [Address],       [Project1].[Images] AS [Images],       [Project1].[Kind] AS [Kind],       [Project1].[MaxUserCount] AS [MaxUserCount],       [Project1].[DirectFriendVisible] AS [DirectFriendVisible],       [Project1].[IsPublic] AS [IsPublic],       [Project1].[LikeCount] AS [LikeCount],       [Project1].[CommentCount] AS [CommentCount],       [Project1].[VoteTitle] AS [VoteTitle],       [Project1].[VoteChoicesJson] AS [VoteChoicesJson],       [Project1].[VoteResult0Count] AS [VoteResult0Count],       [Project1].[VoteResult1Count] AS [VoteResult1Count],       [Project1].[VoteResult2Count] AS [VoteResult2Count],       [Project1].[VoteResult3Count] AS [VoteResult3Count],       [Project1].[VoteResult4Count] AS [VoteResult4Count],       [Project1].[IsDisabled] AS [IsDisabled],       [Project1].[CreatedTime] AS [CreatedTime]      FROM ( SELECT           [Extent1].[Id] AS [Id],           [Extent1].[CreatorUserId] AS [CreatorUserId],           [Extent1].[Sponsor] AS [Sponsor],           [Extent1].[BeginTime] AS [BeginTime],           [Extent1].[EndTime] AS [EndTime],           [Extent1].[Title] AS [Title],           [Extent1].[Description] AS [Description],           [Extent1].[Address] AS [Address],           [Extent1].[Images] AS [Images],           [Extent1].[Kind] AS [Kind],           [Extent1].[MaxUserCount] AS [MaxUserCount],           [Extent1].[DirectFriendVisible] AS [DirectFriendVisible],           [Extent1].[IsPublic] AS [IsPublic],           [Extent1].[LikeCount] AS [LikeCount],           [Extent1].[CommentCount] AS [CommentCount],           [Extent1].[VoteTitle] AS [VoteTitle],           [Extent1].[VoteChoicesJson] AS [VoteChoicesJson],           [Extent1].[VoteResult0Count] AS [VoteResult0Count],           [Extent1].[VoteResult1Count] AS [VoteResult1Count],           [Extent1].[VoteResult2Count] AS [VoteResult2Count],           [Extent1].[VoteResult3Count] AS [VoteResult3Count],           [Extent1].[VoteResult4Count] AS [VoteResult4Count],           [Extent1].[IsDisabled] AS [IsDisabled],           [Extent1].[CreatedTime] AS [CreatedTime]          FROM  [dbo].[Parties] AS [Extent1]          INNER JOIN [dbo].[Participants] AS [Extent2] ON [Extent1].[Id] = [Extent2].[PartyId]          WHERE ([Extent2].[UserId] = @p__linq__0) AND (@p__linq__0 IS NOT NULL) AND (@p__linq__1 <= [Extent1].[BeginTime]) AND ([Extent2].[Status] IN (cast(1 as bigint))) AND ([Extent1].[IsDisabled] <> cast(1 as bit))      )  AS [Project1]      ORDER BY [Project1].[BeginTime] ASC|
2015-11-25 18:12:05.2249|Debug|ShiJu.Service.Heart|  |
2015-11-25 18:12:05.2249|Debug|ShiJu.Service.Heart|-- p__linq__0: 'a3900969-4c8b-46d8-a2e2-70752a309e4c' (Type = Guid)  |
2015-11-25 18:12:05.2249|Debug|ShiJu.Service.Heart|-- p__linq__1: '2015/11/29 0:00:00' (Type = DateTime2)  |
2015-11-25 18:12:05.2279|Debug|ShiJu.Service.Heart|-- Executing at 2015/11/25 18:12:05 +08:00  |
2015-11-25 18:12:05.3039|Debug|ShiJu.Service.Heart|-- Completed in 75 ms with result: SqlDataReader  |
2015-11-25 18:12:05.3049|Debug|ShiJu.Service.Heart|  |
2015-11-25 18:12:05.3299|Debug|ShiJu.Service.Heart|SELECT       [Extent1].[Id] AS [Id],       [Extent1].[CreatorUserId] AS [CreatorUserId],       [Extent1].[Sponsor] AS [Sponsor],       [Extent1].[BeginTime] AS [BeginTime],       [Extent1].[EndTime] AS [EndTime],       [Extent1].[Title] AS [Title],       [Extent1].[Description] AS [Description],       [Extent1].[Address] AS [Address],       [Extent1].[Images] AS [Images],       [Extent1].[Kind] AS [Kind],       [Extent1].[MaxUserCount] AS [MaxUserCount],       [Extent1].[DirectFriendVisible] AS [DirectFriendVisible],       [Extent1].[IsPublic] AS [IsPublic],       [Extent1].[LikeCount] AS [LikeCount],       [Extent1].[CommentCount] AS [CommentCount],       [Extent1].[VoteTitle] AS [VoteTitle],       [Extent1].[VoteChoicesJson] AS [VoteChoicesJson],       [Extent1].[VoteResult0Count] AS [VoteResult0Count],       [Extent1].[VoteResult1Count] AS [VoteResult1Count],       [Extent1].[VoteResult2Count] AS [VoteResult2Count],       [Extent1].[VoteResult3Count] AS [VoteResult3Count],       [Extent1].[VoteResult4Count] AS [VoteResult4Count],       [Extent1].[IsDisabled] AS [IsDisabled],       [Extent1].[CreatedTime] AS [CreatedTime]      FROM [dbo].[Parties] AS [Extent1]      WHERE ([Extent1].[CreatorUserId] = @p__linq__0) AND (@p__linq__0 IS NOT NULL) AND (@p__linq__1 <= [Extent1].[BeginTime]) AND ([Extent1].[IsDisabled] <> cast(1 as bit))|
2015-11-25 18:12:05.3299|Debug|ShiJu.Service.Heart|  |
2015-11-25 18:12:05.3299|Debug|ShiJu.Service.Heart|-- p__linq__0: 'a3900969-4c8b-46d8-a2e2-70752a309e4c' (Type = Guid)  |
2015-11-25 18:12:05.3299|Debug|ShiJu.Service.Heart|-- p__linq__1: '2015/11/29 0:00:00' (Type = DateTime2)  |
2015-11-25 18:12:05.3299|Debug|ShiJu.Service.Heart|-- Executing at 2015/11/25 18:12:05 +08:00  |
2015-11-25 18:12:05.4749|Debug|ShiJu.Service.Heart|-- Completed in 142 ms with result: SqlDataReader  |
2015-11-25 18:12:05.4749|Debug|ShiJu.Service.Heart|  |
2015-11-25 18:12:53.0050|Debug|ShiJu.Service.Heart|SELECT       [Project1].[Id] AS [Id],       [Project1].[CreatorUserId] AS [CreatorUserId],       [Project1].[Sponsor] AS [Sponsor],       [Project1].[BeginTime] AS [BeginTime],       [Project1].[EndTime] AS [EndTime],       [Project1].[Title] AS [Title],       [Project1].[Description] AS [Description],       [Project1].[Address] AS [Address],       [Project1].[Images] AS [Images],       [Project1].[Kind] AS [Kind],       [Project1].[MaxUserCount] AS [MaxUserCount],       [Project1].[DirectFriendVisible] AS [DirectFriendVisible],       [Project1].[IsPublic] AS [IsPublic],       [Project1].[LikeCount] AS [LikeCount],       [Project1].[CommentCount] AS [CommentCount],       [Project1].[VoteTitle] AS [VoteTitle],       [Project1].[VoteChoicesJson] AS [VoteChoicesJson],       [Project1].[VoteResult0Count] AS [VoteResult0Count],       [Project1].[VoteResult1Count] AS [VoteResult1Count],       [Project1].[VoteResult2Count] AS [VoteResult2Count],       [Project1].[VoteResult3Count] AS [VoteResult3Count],       [Project1].[VoteResult4Count] AS [VoteResult4Count],       [Project1].[IsDisabled] AS [IsDisabled],       [Project1].[CreatedTime] AS [CreatedTime]      FROM ( SELECT           [Extent1].[Id] AS [Id],           [Extent1].[CreatorUserId] AS [CreatorUserId],           [Extent1].[Sponsor] AS [Sponsor],           [Extent1].[BeginTime] AS [BeginTime],           [Extent1].[EndTime] AS [EndTime],           [Extent1].[Title] AS [Title],           [Extent1].[Description] AS [Description],           [Extent1].[Address] AS [Address],           [Extent1].[Images] AS [Images],           [Extent1].[Kind] AS [Kind],           [Extent1].[MaxUserCount] AS [MaxUserCount],           [Extent1].[DirectFriendVisible] AS [DirectFriendVisible],           [Extent1].[IsPublic] AS [IsPublic],           [Extent1].[LikeCount] AS [LikeCount],           [Extent1].[CommentCount] AS [CommentCount],           [Extent1].[VoteTitle] AS [VoteTitle],           [Extent1].[VoteChoicesJson] AS [VoteChoicesJson],           [Extent1].[VoteResult0Count] AS [VoteResult0Count],           [Extent1].[VoteResult1Count] AS [VoteResult1Count],           [Extent1].[VoteResult2Count] AS [VoteResult2Count],           [Extent1].[VoteResult3Count] AS [VoteResult3Count],           [Extent1].[VoteResult4Count] AS [VoteResult4Count],           [Extent1].[IsDisabled] AS [IsDisabled],           [Extent1].[CreatedTime] AS [CreatedTime]          FROM  [dbo].[Parties] AS [Extent1]          INNER JOIN [dbo].[Participants] AS [Extent2] ON [Extent1].[Id] = [Extent2].[PartyId]          WHERE ([Extent2].[UserId] = @p__linq__0) AND (@p__linq__0 IS NOT NULL) AND (@p__linq__1 <= [Extent1].[BeginTime]) AND ([Extent2].[Status] IN (cast(1 as bigint))) AND ([Extent1].[IsDisabled] <> cast(1 as bit))      )  AS [Project1]      ORDER BY [Project1].[BeginTime] ASC|
2015-11-25 18:12:53.0050|Debug|ShiJu.Service.Heart|  |
2015-11-25 18:12:53.0050|Debug|ShiJu.Service.Heart|-- p__linq__0: 'a3900969-4c8b-46d8-a2e2-70752a309e4c' (Type = Guid)  |
2015-11-25 18:12:53.0100|Debug|ShiJu.Service.Heart|-- p__linq__1: '2015/11/29 0:00:00' (Type = DateTime2)  |
2015-11-25 18:12:53.0100|Debug|ShiJu.Service.Heart|-- Executing at 2015/11/25 18:12:53 +08:00  |
2015-11-25 18:12:53.1310|Debug|ShiJu.Service.Heart|-- Completed in 115 ms with result: SqlDataReader  |
2015-11-25 18:12:53.1310|Debug|ShiJu.Service.Heart|  |
2015-11-25 18:12:53.1350|Debug|ShiJu.Service.Heart|SELECT       [Extent1].[Id] AS [Id],       [Extent1].[CreatorUserId] AS [CreatorUserId],       [Extent1].[Sponsor] AS [Sponsor],       [Extent1].[BeginTime] AS [BeginTime],       [Extent1].[EndTime] AS [EndTime],       [Extent1].[Title] AS [Title],       [Extent1].[Description] AS [Description],       [Extent1].[Address] AS [Address],       [Extent1].[Images] AS [Images],       [Extent1].[Kind] AS [Kind],       [Extent1].[MaxUserCount] AS [MaxUserCount],       [Extent1].[DirectFriendVisible] AS [DirectFriendVisible],       [Extent1].[IsPublic] AS [IsPublic],       [Extent1].[LikeCount] AS [LikeCount],       [Extent1].[CommentCount] AS [CommentCount],       [Extent1].[VoteTitle] AS [VoteTitle],       [Extent1].[VoteChoicesJson] AS [VoteChoicesJson],       [Extent1].[VoteResult0Count] AS [VoteResult0Count],       [Extent1].[VoteResult1Count] AS [VoteResult1Count],       [Extent1].[VoteResult2Count] AS [VoteResult2Count],       [Extent1].[VoteResult3Count] AS [VoteResult3Count],       [Extent1].[VoteResult4Count] AS [VoteResult4Count],       [Extent1].[IsDisabled] AS [IsDisabled],       [Extent1].[CreatedTime] AS [CreatedTime]      FROM [dbo].[Parties] AS [Extent1]      WHERE ([Extent1].[CreatorUserId] = @p__linq__0) AND (@p__linq__0 IS NOT NULL) AND (@p__linq__1 <= [Extent1].[BeginTime]) AND ([Extent1].[IsDisabled] <> cast(1 as bit))|
2015-11-25 18:12:53.1350|Debug|ShiJu.Service.Heart|  |
2015-11-25 18:12:53.1350|Debug|ShiJu.Service.Heart|-- p__linq__0: 'a3900969-4c8b-46d8-a2e2-70752a309e4c' (Type = Guid)  |
2015-11-25 18:12:53.1350|Debug|ShiJu.Service.Heart|-- p__linq__1: '2015/11/29 0:00:00' (Type = DateTime2)  |
2015-11-25 18:12:53.1350|Debug|ShiJu.Service.Heart|-- Executing at 2015/11/25 18:12:53 +08:00  |
2015-11-25 18:12:53.3550|Debug|ShiJu.Service.Heart|-- Completed in 216 ms with result: SqlDataReader  |
2015-11-25 18:12:53.3550|Debug|ShiJu.Service.Heart|  |
