2015-08-05 13:29:42.6127|Debug|ShiJu.Service.Heart|  SELECT Count(*)  FROM INFORMATION_SCHEMA.TABLES AS t  WHERE t.TABLE_TYPE = 'BASE TABLE'      AND (t.TABLE_SCHEMA + '.' + t.TABLE_NAME IN ('dbo.Accounts','dbo.FriendRequests','dbo.Friends','dbo.Participants','dbo.Parties','dbo.PartyComments','dbo.PartyLikes','dbo.Users','dbo.VerificationCodes')          OR t.TABLE_NAME = 'EdmMetadata')|
2015-08-05 13:29:42.6127|Debug|ShiJu.Service.Heart|  |
2015-08-05 13:29:42.6227|Debug|ShiJu.Service.Heart|-- Executing at 2015/8/5 13:29:42 +08:00  |
2015-08-05 13:29:42.6647|Debug|ShiJu.Service.Heart|-- Completed in 40 ms with result: 9  |
2015-08-05 13:29:42.6647|Debug|ShiJu.Service.Heart|  |
2015-08-05 13:29:45.3667|Debug|ShiJu.Service.Heart|SELECT       [GroupBy1].[A1] AS [C1]      FROM ( SELECT           COUNT(1) AS [A1]          FROM [dbo].[__MigrationHistory] AS [Extent1]      )  AS [GroupBy1]|
2015-08-05 13:29:45.3667|Debug|ShiJu.Service.Heart|  |
2015-08-05 13:29:45.3667|Debug|ShiJu.Service.Heart|-- Executing at 2015/8/5 13:29:45 +08:00  |
2015-08-05 13:29:45.4697|Debug|ShiJu.Service.Heart|-- Completed in 101 ms with result: SqlDataReader  |
2015-08-05 13:29:45.4697|Debug|ShiJu.Service.Heart|  |
2015-08-05 13:29:45.6117|Debug|ShiJu.Service.Heart|SELECT       [GroupBy1].[A1] AS [C1]      FROM ( SELECT           COUNT(1) AS [A1]          FROM [dbo].[__MigrationHistory] AS [Extent1]          WHERE ([Extent1].[ContextKey] = @p__linq__0) AND (@p__linq__0 IS NOT NULL)      )  AS [GroupBy1]|
2015-08-05 13:29:45.6117|Debug|ShiJu.Service.Heart|  |
2015-08-05 13:29:45.6117|Debug|ShiJu.Service.Heart|-- p__linq__0: 'ShiJu.Models.ShiJuDbContext' (Type = String, Size = 4000)  |
2015-08-05 13:29:45.6117|Debug|ShiJu.Service.Heart|-- Executing at 2015/8/5 13:29:45 +08:00  |
2015-08-05 13:29:45.6487|Debug|ShiJu.Service.Heart|-- Completed in 33 ms with result: SqlDataReader  |
2015-08-05 13:29:45.6487|Debug|ShiJu.Service.Heart|  |
2015-08-05 13:29:45.7177|Debug|ShiJu.Service.Heart|SELECT       [GroupBy1].[A1] AS [C1]      FROM ( SELECT           COUNT(1) AS [A1]          FROM [dbo].[__MigrationHistory] AS [Extent1]      )  AS [GroupBy1]|
2015-08-05 13:29:45.7177|Debug|ShiJu.Service.Heart|  |
2015-08-05 13:29:45.7177|Debug|ShiJu.Service.Heart|-- Executing at 2015/8/5 13:29:45 +08:00  |
2015-08-05 13:29:45.7537|Debug|ShiJu.Service.Heart|-- Completed in 35 ms with result: SqlDataReader  |
2015-08-05 13:29:45.7537|Debug|ShiJu.Service.Heart|  |
2015-08-05 13:29:45.7577|Debug|ShiJu.Service.Heart|SELECT       [GroupBy1].[A1] AS [C1]      FROM ( SELECT           COUNT(1) AS [A1]          FROM [dbo].[__MigrationHistory] AS [Extent1]          WHERE ([Extent1].[ContextKey] = @p__linq__0) AND (@p__linq__0 IS NOT NULL)      )  AS [GroupBy1]|
2015-08-05 13:29:45.7577|Debug|ShiJu.Service.Heart|  |
2015-08-05 13:29:45.7987|Debug|ShiJu.Service.Heart|-- p__linq__0: 'ShiJu.Models.ShiJuDbContext' (Type = String, Size = 4000)  |
2015-08-05 13:29:45.7987|Debug|ShiJu.Service.Heart|-- Executing at 2015/8/5 13:29:45 +08:00  |
2015-08-05 13:29:45.8777|Debug|ShiJu.Service.Heart|-- Completed in 78 ms with result: SqlDataReader  |
2015-08-05 13:29:45.8777|Debug|ShiJu.Service.Heart|  |
2015-08-05 13:29:46.0307|Debug|ShiJu.Service.Heart|SELECT TOP (1)       [Project1].[C1] AS [C1],       [Project1].[MigrationId] AS [MigrationId],       [Project1].[Model] AS [Model]      FROM ( SELECT           [Extent1].[MigrationId] AS [MigrationId],           [Extent1].[Model] AS [Model],           1 AS [C1]          FROM [dbo].[__MigrationHistory] AS [Extent1]          WHERE ([Extent1].[ContextKey] = @p__linq__0) AND (@p__linq__0 IS NOT NULL)      )  AS [Project1]      ORDER BY [Project1].[MigrationId] DESC|
2015-08-05 13:29:46.0307|Debug|ShiJu.Service.Heart|  |
2015-08-05 13:29:46.0307|Debug|ShiJu.Service.Heart|-- p__linq__0: 'ShiJu.Models.ShiJuDbContext' (Type = String, Size = 4000)  |
2015-08-05 13:29:46.0307|Debug|ShiJu.Service.Heart|-- Executing at 2015/8/5 13:29:46 +08:00  |
2015-08-05 13:29:46.0687|Debug|ShiJu.Service.Heart|-- Completed in 37 ms with result: SqlDataReader  |
2015-08-05 13:29:46.0687|Debug|ShiJu.Service.Heart|  |
2015-08-05 13:30:40.8273|Debug|ShiJu.Service.Heart|SELECT TOP (2)       [Extent1].[PhoneNumber] AS [PhoneNumber],       [Extent1].[Code] AS [Code],       [Extent1].[CreatedTime] AS [CreatedTime]      FROM [dbo].[VerificationCodes] AS [Extent1]      WHERE [Extent1].[PhoneNumber] = @p0|
2015-08-05 13:30:40.8743|Debug|ShiJu.Service.Heart|  |
2015-08-05 13:30:40.8743|Debug|ShiJu.Service.Heart|-- p0: '18516290357' (Type = String, Size = 4000)  |
2015-08-05 13:30:40.8743|Debug|ShiJu.Service.Heart|-- Executing at 2015/8/5 13:30:40 +08:00  |
2015-08-05 13:30:40.8983|Debug|ShiJu.Service.Heart|SELECT TOP (2)       [Extent1].[PhoneNumber] AS [PhoneNumber],       [Extent1].[Code] AS [Code],       [Extent1].[CreatedTime] AS [CreatedTime]      FROM [dbo].[VerificationCodes] AS [Extent1]      WHERE [Extent1].[PhoneNumber] = @p0|
2015-08-05 13:30:40.8983|Debug|ShiJu.Service.Heart|  |
2015-08-05 13:30:40.8983|Debug|ShiJu.Service.Heart|-- p0: '18516240357' (Type = String, Size = 4000)  |
2015-08-05 13:30:40.8983|Debug|ShiJu.Service.Heart|-- Executing at 2015/8/5 13:30:40 +08:00  |
2015-08-05 13:30:41.1733|Debug|ShiJu.Service.Heart|-- Completed in 274 ms with result: SqlDataReader  |
2015-08-05 13:30:41.1733|Debug|ShiJu.Service.Heart|  |
2015-08-05 13:30:41.1733|Debug|ShiJu.Service.Heart|-- Completed in 275 ms with result: SqlDataReader  |
2015-08-05 13:30:41.1733|Debug|ShiJu.Service.Heart|  |
2015-08-05 13:32:26.6222|Debug|ShiJu.Service.Heart|INSERT [dbo].[VerificationCodes]([PhoneNumber], [Code], [CreatedTime])  VALUES (@0, @1, @2)  |
2015-08-05 13:32:26.6392|Debug|ShiJu.Service.Heart|-- @0: '18516240357' (Type = String, Size = 128)  |
2015-08-05 13:32:26.6392|Debug|ShiJu.Service.Heart|-- @1: '415380' (Type = String, Size = -1)  |
2015-08-05 13:32:26.6392|Debug|ShiJu.Service.Heart|-- @2: '2015/8/5 5:32:03' (Type = DateTime2)  |
2015-08-05 13:32:26.6392|Debug|ShiJu.Service.Heart|-- Executing at 2015/8/5 13:32:26 +08:00  |
2015-08-05 13:32:26.6872|Debug|ShiJu.Service.Heart|INSERT [dbo].[VerificationCodes]([PhoneNumber], [Code], [CreatedTime])  VALUES (@0, @1, @2)  |
2015-08-05 13:32:26.6872|Debug|ShiJu.Service.Heart|-- @0: '18516290357' (Type = String, Size = 128)  |
2015-08-05 13:32:26.6872|Debug|ShiJu.Service.Heart|-- @1: '446207' (Type = String, Size = -1)  |
2015-08-05 13:32:26.6872|Debug|ShiJu.Service.Heart|-- @2: '2015/8/5 5:31:24' (Type = DateTime2)  |
2015-08-05 13:32:26.6872|Debug|ShiJu.Service.Heart|-- Executing at 2015/8/5 13:32:26 +08:00  |
2015-08-05 13:32:26.7812|Debug|ShiJu.Service.Heart|-- Completed in 36 ms with result: 1  |
2015-08-05 13:32:26.7812|Debug|ShiJu.Service.Heart|-- Completed in 92 ms with result: 1  |
2015-08-05 13:32:26.7812|Debug|ShiJu.Service.Heart|  |
2015-08-05 13:32:26.7812|Debug|ShiJu.Service.Heart|  |
2015-08-05 13:33:26.8981|Debug|ShiJu.Service.Heart|SELECT TOP (2)       [Extent1].[PhoneNumber] AS [PhoneNumber],       [Extent1].[Code] AS [Code],       [Extent1].[CreatedTime] AS [CreatedTime]      FROM [dbo].[VerificationCodes] AS [Extent1]      WHERE [Extent1].[PhoneNumber] = @p0|
2015-08-05 13:33:26.8981|Debug|ShiJu.Service.Heart|  |
2015-08-05 13:33:26.8981|Debug|ShiJu.Service.Heart|-- p0: '18516240357' (Type = String, Size = 4000)  |
2015-08-05 13:33:26.9091|Debug|ShiJu.Service.Heart|-- Executing at 2015/8/5 13:33:26 +08:00  |
2015-08-05 13:33:27.0951|Debug|ShiJu.Service.Heart|-- Completed in 185 ms with result: SqlDataReader  |
2015-08-05 13:33:27.0951|Debug|ShiJu.Service.Heart|  |
2015-08-05 13:33:27.1431|Debug|ShiJu.Service.Heart|UPDATE [dbo].[VerificationCodes]  SET [Code] = @0  WHERE ([PhoneNumber] = @1)  |
2015-08-05 13:33:27.1431|Debug|ShiJu.Service.Heart|-- @0: '177849' (Type = String, Size = -1)  |
2015-08-05 13:33:27.1431|Debug|ShiJu.Service.Heart|-- @1: '18516240357' (Type = String, Size = 128)  |
2015-08-05 13:33:27.1431|Debug|ShiJu.Service.Heart|-- Executing at 2015/8/5 13:33:27 +08:00  |
2015-08-05 13:33:27.1931|Debug|ShiJu.Service.Heart|-- Completed in 49 ms with result: 1  |
2015-08-05 13:33:27.1931|Debug|ShiJu.Service.Heart|  |
2015-08-05 13:36:33.3222|Debug|ShiJu.Service.Heart|SELECT TOP (2)       [Extent1].[PhoneNumber] AS [PhoneNumber],       [Extent1].[Code] AS [Code],       [Extent1].[CreatedTime] AS [CreatedTime]      FROM [dbo].[VerificationCodes] AS [Extent1]      WHERE [Extent1].[PhoneNumber] = @p0|
2015-08-05 13:36:33.3532|Debug|ShiJu.Service.Heart|  |
2015-08-05 13:36:33.3572|Debug|ShiJu.Service.Heart|-- p0: '18516240357' (Type = String, Size = 4000)  |
2015-08-05 13:36:33.3572|Debug|ShiJu.Service.Heart|-- Executing at 2015/8/5 13:36:33 +08:00  |
2015-08-05 13:36:33.6052|Debug|ShiJu.Service.Heart|-- Completed in 247 ms with result: SqlDataReader  |
2015-08-05 13:36:33.6052|Debug|ShiJu.Service.Heart|  |
2015-08-05 13:36:33.6622|Debug|ShiJu.Service.Heart|UPDATE [dbo].[VerificationCodes]  SET [Code] = @0  WHERE ([PhoneNumber] = @1)  |
2015-08-05 13:36:33.6622|Debug|ShiJu.Service.Heart|-- @0: '609780' (Type = String, Size = -1)  |
2015-08-05 13:36:33.6622|Debug|ShiJu.Service.Heart|-- @1: '18516240357' (Type = String, Size = 128)  |
2015-08-05 13:36:33.6622|Debug|ShiJu.Service.Heart|-- Executing at 2015/8/5 13:36:33 +08:00  |
2015-08-05 13:36:34.7782|Debug|ShiJu.Service.Heart|-- Completed in 1114 ms with result: 1  |
2015-08-05 13:36:34.7782|Debug|ShiJu.Service.Heart|  |
2015-08-05 13:37:23.4555|Debug|ShiJu.Service.Heart|SELECT TOP (2)       [Extent1].[PhoneNumber] AS [PhoneNumber],       [Extent1].[Code] AS [Code],       [Extent1].[CreatedTime] AS [CreatedTime]      FROM [dbo].[VerificationCodes] AS [Extent1]      WHERE [Extent1].[PhoneNumber] = @p0|
2015-08-05 13:37:23.4555|Debug|ShiJu.Service.Heart|  |
2015-08-05 13:37:23.4555|Debug|ShiJu.Service.Heart|-- p0: '18516240357' (Type = String, Size = 4000)  |
2015-08-05 13:37:23.4555|Debug|ShiJu.Service.Heart|-- Executing at 2015/8/5 13:37:23 +08:00  |
2015-08-05 13:37:24.2245|Debug|ShiJu.Service.Heart|-- Completed in 763 ms with result: SqlDataReader  |
2015-08-05 13:37:24.2245|Debug|ShiJu.Service.Heart|  |
2015-08-05 13:37:24.2245|Debug|ShiJu.Service.Heart|UPDATE [dbo].[VerificationCodes]  SET [Code] = @0  WHERE ([PhoneNumber] = @1)  |
2015-08-05 13:37:24.2245|Debug|ShiJu.Service.Heart|-- @0: '357903' (Type = String, Size = -1)  |
2015-08-05 13:37:24.2295|Debug|ShiJu.Service.Heart|-- @1: '18516240357' (Type = String, Size = 128)  |
2015-08-05 13:37:24.2295|Debug|ShiJu.Service.Heart|-- Executing at 2015/8/5 13:37:24 +08:00  |
2015-08-05 13:37:24.3325|Debug|ShiJu.Service.Heart|-- Completed in 103 ms with result: 1  |
2015-08-05 13:37:24.3325|Debug|ShiJu.Service.Heart|  |
2015-08-05 14:56:56.5664|Debug|ShiJu.Service.Heart|  SELECT Count(*)  FROM INFORMATION_SCHEMA.TABLES AS t  WHERE t.TABLE_TYPE = 'BASE TABLE'      AND (t.TABLE_SCHEMA + '.' + t.TABLE_NAME IN ('dbo.Accounts','dbo.FriendRequests','dbo.Friends','dbo.Participants','dbo.Parties','dbo.PartyComments','dbo.PartyLikes','dbo.Users','dbo.VerificationCodes')          OR t.TABLE_NAME = 'EdmMetadata')|
2015-08-05 14:56:56.5854|Debug|ShiJu.Service.Heart|  |
2015-08-05 14:56:56.5854|Debug|ShiJu.Service.Heart|-- Executing at 2015/8/5 14:56:56 +08:00  |
2015-08-05 14:56:56.6684|Debug|ShiJu.Service.Heart|-- Completed in 70 ms with result: 9  |
2015-08-05 14:56:56.6684|Debug|ShiJu.Service.Heart|  |
2015-08-05 14:57:00.1664|Debug|ShiJu.Service.Heart|SELECT       [GroupBy1].[A1] AS [C1]      FROM ( SELECT           COUNT(1) AS [A1]          FROM [dbo].[__MigrationHistory] AS [Extent1]      )  AS [GroupBy1]|
2015-08-05 14:57:00.1664|Debug|ShiJu.Service.Heart|  |
2015-08-05 14:57:00.1664|Debug|ShiJu.Service.Heart|-- Executing at 2015/8/5 14:57:00 +08:00  |
2015-08-05 14:57:00.2764|Debug|ShiJu.Service.Heart|-- Completed in 104 ms with result: SqlDataReader  |
2015-08-05 14:57:00.2764|Debug|ShiJu.Service.Heart|  |
2015-08-05 14:57:00.6884|Debug|ShiJu.Service.Heart|SELECT       [GroupBy1].[A1] AS [C1]      FROM ( SELECT           COUNT(1) AS [A1]          FROM [dbo].[__MigrationHistory] AS [Extent1]          WHERE ([Extent1].[ContextKey] = @p__linq__0) AND (@p__linq__0 IS NOT NULL)      )  AS [GroupBy1]|
2015-08-05 14:57:00.6884|Debug|ShiJu.Service.Heart|  |
2015-08-05 14:57:00.6884|Debug|ShiJu.Service.Heart|-- p__linq__0: 'ShiJu.Models.ShiJuDbContext' (Type = String, Size = 4000)  |
2015-08-05 14:57:00.6884|Debug|ShiJu.Service.Heart|-- Executing at 2015/8/5 14:57:00 +08:00  |
2015-08-05 14:57:01.5434|Debug|ShiJu.Service.Heart|-- Completed in 850 ms with result: SqlDataReader  |
2015-08-05 14:57:01.5434|Debug|ShiJu.Service.Heart|  |
2015-08-05 14:57:01.6654|Debug|ShiJu.Service.Heart|SELECT       [GroupBy1].[A1] AS [C1]      FROM ( SELECT           COUNT(1) AS [A1]          FROM [dbo].[__MigrationHistory] AS [Extent1]      )  AS [GroupBy1]|
2015-08-05 14:57:01.6654|Debug|ShiJu.Service.Heart|  |
2015-08-05 14:57:01.6654|Debug|ShiJu.Service.Heart|-- Executing at 2015/8/5 14:57:01 +08:00  |
2015-08-05 14:57:01.8854|Debug|ShiJu.Service.Heart|-- Completed in 218 ms with result: SqlDataReader  |
2015-08-05 14:57:01.8854|Debug|ShiJu.Service.Heart|  |
2015-08-05 14:57:01.9294|Debug|ShiJu.Service.Heart|SELECT       [GroupBy1].[A1] AS [C1]      FROM ( SELECT           COUNT(1) AS [A1]          FROM [dbo].[__MigrationHistory] AS [Extent1]          WHERE ([Extent1].[ContextKey] = @p__linq__0) AND (@p__linq__0 IS NOT NULL)      )  AS [GroupBy1]|
2015-08-05 14:57:01.9294|Debug|ShiJu.Service.Heart|  |
2015-08-05 14:57:01.9294|Debug|ShiJu.Service.Heart|-- p__linq__0: 'ShiJu.Models.ShiJuDbContext' (Type = String, Size = 4000)  |
2015-08-05 14:57:01.9294|Debug|ShiJu.Service.Heart|-- Executing at 2015/8/5 14:57:01 +08:00  |
2015-08-05 14:57:01.9684|Debug|ShiJu.Service.Heart|-- Completed in 38 ms with result: SqlDataReader  |
2015-08-05 14:57:01.9684|Debug|ShiJu.Service.Heart|  |
2015-08-05 14:57:02.1084|Debug|ShiJu.Service.Heart|SELECT TOP (1)       [Project1].[C1] AS [C1],       [Project1].[MigrationId] AS [MigrationId],       [Project1].[Model] AS [Model]      FROM ( SELECT           [Extent1].[MigrationId] AS [MigrationId],           [Extent1].[Model] AS [Model],           1 AS [C1]          FROM [dbo].[__MigrationHistory] AS [Extent1]          WHERE ([Extent1].[ContextKey] = @p__linq__0) AND (@p__linq__0 IS NOT NULL)      )  AS [Project1]      ORDER BY [Project1].[MigrationId] DESC|
2015-08-05 14:57:02.1084|Debug|ShiJu.Service.Heart|  |
2015-08-05 14:57:02.1084|Debug|ShiJu.Service.Heart|-- p__linq__0: 'ShiJu.Models.ShiJuDbContext' (Type = String, Size = 4000)  |
2015-08-05 14:57:02.1084|Debug|ShiJu.Service.Heart|-- Executing at 2015/8/5 14:57:02 +08:00  |
2015-08-05 14:57:02.2404|Debug|ShiJu.Service.Heart|-- Completed in 130 ms with result: SqlDataReader  |
2015-08-05 14:57:02.2404|Debug|ShiJu.Service.Heart|  |
2015-08-05 14:57:03.1504|Debug|ShiJu.Service.Heart|SELECT TOP (1)       [Extent1].[Id] AS [Id],       [Extent1].[UserId] AS [UserId],       [Extent1].[Type] AS [Type],       [Extent1].[Name] AS [Name],       [Extent1].[Password] AS [Password],       [Extent1].[CreatedTime] AS [CreatedTime]      FROM [dbo].[Accounts] AS [Extent1]      WHERE (1 =  CAST( [Extent1].[Type] AS bigint)) AND ( CAST( [Extent1].[Type] AS bigint) IS NOT NULL) AND ([Extent1].[Name] = @p__linq__0) AND (@p__linq__0 IS NOT NULL)|
2015-08-05 14:57:03.1504|Debug|ShiJu.Service.Heart|  |
2015-08-05 14:57:03.1504|Debug|ShiJu.Service.Heart|-- p__linq__0: 'oF9-1uPtAWuqLodUtHafev_eEaIE' (Type = String, Size = 4000)  |
2015-08-05 14:57:03.1504|Debug|ShiJu.Service.Heart|-- Executing at 2015/8/5 14:57:03 +08:00  |
2015-08-05 14:57:03.1705|Debug|ShiJu.Service.Heart|-- Completed in 18 ms with result: SqlDataReader  |
2015-08-05 14:57:03.1705|Debug|ShiJu.Service.Heart|  |
2015-08-05 14:57:03.3274|Debug|ShiJu.Service.Heart|SELECT TOP (2)       [Extent1].[Id] AS [Id],       [Extent1].[Status] AS [Status],       [Extent1].[PhoneNumber] AS [PhoneNumber],       [Extent1].[NickName] AS [NickName],       [Extent1].[Signature] AS [Signature],       [Extent1].[Portrait] AS [Portrait],       [Extent1].[Gender] AS [Gender],       [Extent1].[District] AS [District],       [Extent1].[BackgroundImage] AS [BackgroundImage],       [Extent1].[CreatedTime] AS [CreatedTime],       [Extent1].[SignUpTime] AS [SignUpTime]      FROM [dbo].[Users] AS [Extent1]      WHERE [Extent1].[Id] = @p0|
2015-08-05 14:57:03.3284|Debug|ShiJu.Service.Heart|  |
2015-08-05 14:57:03.3284|Debug|ShiJu.Service.Heart|-- p0: '19ee696f-36ae-4f5b-bdde-3848aaceea1b' (Type = Guid)  |
2015-08-05 14:57:03.3284|Debug|ShiJu.Service.Heart|-- Executing at 2015/8/5 14:57:03 +08:00  |
2015-08-05 14:57:03.4574|Debug|ShiJu.Service.Heart|-- Completed in 126 ms with result: SqlDataReader  |
2015-08-05 14:57:03.4574|Debug|ShiJu.Service.Heart|  |
