2015-09-14 19:22:47.9277|Debug|ShiJu.Service.Heart|  SELECT Count(*)  FROM INFORMATION_SCHEMA.TABLES AS t  WHERE t.TABLE_TYPE = 'BASE TABLE'      AND (t.TABLE_SCHEMA + '.' + t.TABLE_NAME IN ('dbo.Accounts','dbo.FriendRequests','dbo.Friends','dbo.Participants','dbo.Parties','dbo.PartyComments','dbo.PartyLikes','dbo.Users','dbo.VerificationCodes')          OR t.TABLE_NAME = 'EdmMetadata')|
2015-09-14 19:22:47.9277|Debug|ShiJu.Service.Heart|  |
2015-09-14 19:22:47.9377|Debug|ShiJu.Service.Heart|-- Executing at 2015/9/14 19:22:47 +08:00  |
2015-09-14 19:22:48.1047|Debug|ShiJu.Service.Heart|-- Completed in 162 ms with result: 9  |
2015-09-14 19:22:48.1057|Debug|ShiJu.Service.Heart|  |
2015-09-14 19:22:50.2887|Debug|ShiJu.Service.Heart|SELECT       [GroupBy1].[A1] AS [C1]      FROM ( SELECT           COUNT(1) AS [A1]          FROM [dbo].[__MigrationHistory] AS [Extent1]      )  AS [GroupBy1]|
2015-09-14 19:22:50.2887|Debug|ShiJu.Service.Heart|  |
2015-09-14 19:22:50.2887|Debug|ShiJu.Service.Heart|-- Executing at 2015/9/14 19:22:50 +08:00  |
2015-09-14 19:22:50.3457|Debug|ShiJu.Service.Heart|-- Completed in 55 ms with result: SqlDataReader  |
2015-09-14 19:22:50.3457|Debug|ShiJu.Service.Heart|  |
2015-09-14 19:22:50.4307|Debug|ShiJu.Service.Heart|SELECT       [GroupBy1].[A1] AS [C1]      FROM ( SELECT           COUNT(1) AS [A1]          FROM [dbo].[__MigrationHistory] AS [Extent1]          WHERE ([Extent1].[ContextKey] = @p__linq__0) AND (@p__linq__0 IS NOT NULL)      )  AS [GroupBy1]|
2015-09-14 19:22:50.4307|Debug|ShiJu.Service.Heart|  |
2015-09-14 19:22:50.4347|Debug|ShiJu.Service.Heart|-- p__linq__0: 'ShiJu.Models.ShiJuDbContext' (Type = String, Size = 4000)  |
2015-09-14 19:22:50.4347|Debug|ShiJu.Service.Heart|-- Executing at 2015/9/14 19:22:50 +08:00  |
2015-09-14 19:22:50.4647|Debug|ShiJu.Service.Heart|-- Completed in 29 ms with result: SqlDataReader  |
2015-09-14 19:22:50.4647|Debug|ShiJu.Service.Heart|  |
2015-09-14 19:22:50.5087|Debug|ShiJu.Service.Heart|SELECT       [GroupBy1].[A1] AS [C1]      FROM ( SELECT           COUNT(1) AS [A1]          FROM [dbo].[__MigrationHistory] AS [Extent1]      )  AS [GroupBy1]|
2015-09-14 19:22:50.5087|Debug|ShiJu.Service.Heart|  |
2015-09-14 19:22:50.5087|Debug|ShiJu.Service.Heart|-- Executing at 2015/9/14 19:22:50 +08:00  |
2015-09-14 19:22:50.5347|Debug|ShiJu.Service.Heart|-- Completed in 24 ms with result: SqlDataReader  |
2015-09-14 19:22:50.5347|Debug|ShiJu.Service.Heart|  |
2015-09-14 19:22:50.5347|Debug|ShiJu.Service.Heart|SELECT       [GroupBy1].[A1] AS [C1]      FROM ( SELECT           COUNT(1) AS [A1]          FROM [dbo].[__MigrationHistory] AS [Extent1]          WHERE ([Extent1].[ContextKey] = @p__linq__0) AND (@p__linq__0 IS NOT NULL)      )  AS [GroupBy1]|
2015-09-14 19:22:50.5347|Debug|ShiJu.Service.Heart|  |
2015-09-14 19:22:50.5347|Debug|ShiJu.Service.Heart|-- p__linq__0: 'ShiJu.Models.ShiJuDbContext' (Type = String, Size = 4000)  |
2015-09-14 19:22:50.5347|Debug|ShiJu.Service.Heart|-- Executing at 2015/9/14 19:22:50 +08:00  |
2015-09-14 19:22:50.5757|Debug|ShiJu.Service.Heart|-- Completed in 34 ms with result: SqlDataReader  |
2015-09-14 19:22:50.5757|Debug|ShiJu.Service.Heart|  |
2015-09-14 19:22:50.6397|Debug|ShiJu.Service.Heart|SELECT TOP (1)       [Project1].[C1] AS [C1],       [Project1].[MigrationId] AS [MigrationId],       [Project1].[Model] AS [Model]      FROM ( SELECT           [Extent1].[MigrationId] AS [MigrationId],           [Extent1].[Model] AS [Model],           1 AS [C1]          FROM [dbo].[__MigrationHistory] AS [Extent1]          WHERE ([Extent1].[ContextKey] = @p__linq__0) AND (@p__linq__0 IS NOT NULL)      )  AS [Project1]      ORDER BY [Project1].[MigrationId] DESC|
2015-09-14 19:22:50.6397|Debug|ShiJu.Service.Heart|  |
2015-09-14 19:22:50.6397|Debug|ShiJu.Service.Heart|-- p__linq__0: 'ShiJu.Models.ShiJuDbContext' (Type = String, Size = 4000)  |
2015-09-14 19:22:50.6397|Debug|ShiJu.Service.Heart|-- Executing at 2015/9/14 19:22:50 +08:00  |
2015-09-14 19:22:50.6757|Debug|ShiJu.Service.Heart|-- Completed in 33 ms with result: SqlDataReader  |
2015-09-14 19:22:50.6757|Debug|ShiJu.Service.Heart|  |
2015-09-14 19:22:51.6787|Debug|ShiJu.Service.Heart|SELECT       [Project1].[Id] AS [Id],       [Project1].[CreatorUserId] AS [CreatorUserId],       [Project1].[Sponsor] AS [Sponsor],       [Project1].[BeginTime] AS [BeginTime],       [Project1].[EndTime] AS [EndTime],       [Project1].[Title] AS [Title],       [Project1].[Description] AS [Description],       [Project1].[Address] AS [Address],       [Project1].[Images] AS [Images],       [Project1].[Kind] AS [Kind],       [Project1].[MaxUserCount] AS [MaxUserCount],       [Project1].[DirectFriendVisible] AS [DirectFriendVisible],       [Project1].[IsHot] AS [IsHot],       [Project1].[LikeCount] AS [LikeCount],       [Project1].[CommentCount] AS [CommentCount],       [Project1].[VoteTitle] AS [VoteTitle],       [Project1].[VoteChoicesJson] AS [VoteChoicesJson],       [Project1].[VoteResult0Count] AS [VoteResult0Count],       [Project1].[VoteResult1Count] AS [VoteResult1Count],       [Project1].[VoteResult2Count] AS [VoteResult2Count],       [Project1].[VoteResult3Count] AS [VoteResult3Count],       [Project1].[VoteResult4Count] AS [VoteResult4Count],       [Project1].[IsDisabled] AS [IsDisabled],       [Project1].[CreatedTime] AS [CreatedTime]      FROM ( SELECT           [Extent1].[Id] AS [Id],           [Extent1].[CreatorUserId] AS [CreatorUserId],           [Extent1].[Sponsor] AS [Sponsor],           [Extent1].[BeginTime] AS [BeginTime],           [Extent1].[EndTime] AS [EndTime],           [Extent1].[Title] AS [Title],           [Extent1].[Description] AS [Description],           [Extent1].[Address] AS [Address],           [Extent1].[Images] AS [Images],           [Extent1].[Kind] AS [Kind],           [Extent1].[MaxUserCount] AS [MaxUserCount],           [Extent1].[DirectFriendVisible] AS [DirectFriendVisible],           [Extent1].[IsHot] AS [IsHot],           [Extent1].[LikeCount] AS [LikeCount],           [Extent1].[CommentCount] AS [CommentCount],           [Extent1].[VoteTitle] AS [VoteTitle],           [Extent1].[VoteChoicesJson] AS [VoteChoicesJson],           [Extent1].[VoteResult0Count] AS [VoteResult0Count],           [Extent1].[VoteResult1Count] AS [VoteResult1Count],           [Extent1].[VoteResult2Count] AS [VoteResult2Count],           [Extent1].[VoteResult3Count] AS [VoteResult3Count],           [Extent1].[VoteResult4Count] AS [VoteResult4Count],           [Extent1].[IsDisabled] AS [IsDisabled],           [Extent1].[CreatedTime] AS [CreatedTime]          FROM  [dbo].[Parties] AS [Extent1]          INNER JOIN [dbo].[Participants] AS [Extent2] ON [Extent1].[Id] = [Extent2].[PartyId]          WHERE ([Extent2].[UserId] = @p__linq__0) AND (@p__linq__0 IS NOT NULL) AND (@p__linq__1 < [Extent1].[BeginTime]) AND (@p__linq__2 > [Extent1].[BeginTime]) AND ([Extent2].[Status] IN (cast(0 as bigint), cast(1 as bigint))) AND ([Extent1].[IsDisabled] <> cast(1 as bit))      )  AS [Project1]      ORDER BY [Project1].[BeginTime] ASC|
2015-09-14 19:22:51.6787|Debug|ShiJu.Service.Heart|  |
2015-09-14 19:22:51.6787|Debug|ShiJu.Service.Heart|-- p__linq__0: 'd137e6c4-8b9f-421b-8956-6359c5ffe02a' (Type = Guid)  |
2015-09-14 19:22:51.6787|Debug|ShiJu.Service.Heart|-- p__linq__1: '2015/10/3 0:00:00' (Type = DateTime2)  |
2015-09-14 19:22:51.6787|Debug|ShiJu.Service.Heart|-- p__linq__2: '2015/10/31 0:00:00' (Type = DateTime2)  |
2015-09-14 19:22:51.6787|Debug|ShiJu.Service.Heart|-- Executing at 2015/9/14 19:22:51 +08:00  |
2015-09-14 19:22:51.7068|Debug|ShiJu.Service.Heart|-- Completed in 26 ms with result: SqlDataReader  |
2015-09-14 19:22:51.7068|Debug|ShiJu.Service.Heart|  |
2015-09-14 19:22:51.7527|Debug|ShiJu.Service.Heart|SELECT       [Extent1].[Id] AS [Id],       [Extent1].[CreatorUserId] AS [CreatorUserId],       [Extent1].[Sponsor] AS [Sponsor],       [Extent1].[BeginTime] AS [BeginTime],       [Extent1].[EndTime] AS [EndTime],       [Extent1].[Title] AS [Title],       [Extent1].[Description] AS [Description],       [Extent1].[Address] AS [Address],       [Extent1].[Images] AS [Images],       [Extent1].[Kind] AS [Kind],       [Extent1].[MaxUserCount] AS [MaxUserCount],       [Extent1].[DirectFriendVisible] AS [DirectFriendVisible],       [Extent1].[IsHot] AS [IsHot],       [Extent1].[LikeCount] AS [LikeCount],       [Extent1].[CommentCount] AS [CommentCount],       [Extent1].[VoteTitle] AS [VoteTitle],       [Extent1].[VoteChoicesJson] AS [VoteChoicesJson],       [Extent1].[VoteResult0Count] AS [VoteResult0Count],       [Extent1].[VoteResult1Count] AS [VoteResult1Count],       [Extent1].[VoteResult2Count] AS [VoteResult2Count],       [Extent1].[VoteResult3Count] AS [VoteResult3Count],       [Extent1].[VoteResult4Count] AS [VoteResult4Count],       [Extent1].[IsDisabled] AS [IsDisabled],       [Extent1].[CreatedTime] AS [CreatedTime]      FROM [dbo].[Parties] AS [Extent1]      WHERE ([Extent1].[CreatorUserId] = @p__linq__0) AND (@p__linq__0 IS NOT NULL) AND (@p__linq__1 < [Extent1].[BeginTime]) AND (@p__linq__2 > [Extent1].[BeginTime]) AND ([Extent1].[IsDisabled] <> cast(1 as bit))|
2015-09-14 19:22:51.7527|Debug|ShiJu.Service.Heart|  |
2015-09-14 19:22:51.7527|Debug|ShiJu.Service.Heart|-- p__linq__0: 'd137e6c4-8b9f-421b-8956-6359c5ffe02a' (Type = Guid)  |
2015-09-14 19:22:51.7527|Debug|ShiJu.Service.Heart|-- p__linq__1: '2015/10/3 0:00:00' (Type = DateTime2)  |
2015-09-14 19:22:51.7527|Debug|ShiJu.Service.Heart|-- p__linq__2: '2015/10/31 0:00:00' (Type = DateTime2)  |
2015-09-14 19:22:51.7527|Debug|ShiJu.Service.Heart|-- Executing at 2015/9/14 19:22:51 +08:00  |
2015-09-14 19:22:51.7747|Debug|ShiJu.Service.Heart|-- Completed in 20 ms with result: SqlDataReader  |
2015-09-14 19:22:51.7747|Debug|ShiJu.Service.Heart|  |
2015-09-14 19:25:08.9806|Debug|ShiJu.Service.Heart|SELECT       [Project1].[Id] AS [Id],       [Project1].[CreatorUserId] AS [CreatorUserId],       [Project1].[Sponsor] AS [Sponsor],       [Project1].[BeginTime] AS [BeginTime],       [Project1].[EndTime] AS [EndTime],       [Project1].[Title] AS [Title],       [Project1].[Description] AS [Description],       [Project1].[Address] AS [Address],       [Project1].[Images] AS [Images],       [Project1].[Kind] AS [Kind],       [Project1].[MaxUserCount] AS [MaxUserCount],       [Project1].[DirectFriendVisible] AS [DirectFriendVisible],       [Project1].[IsHot] AS [IsHot],       [Project1].[LikeCount] AS [LikeCount],       [Project1].[CommentCount] AS [CommentCount],       [Project1].[VoteTitle] AS [VoteTitle],       [Project1].[VoteChoicesJson] AS [VoteChoicesJson],       [Project1].[VoteResult0Count] AS [VoteResult0Count],       [Project1].[VoteResult1Count] AS [VoteResult1Count],       [Project1].[VoteResult2Count] AS [VoteResult2Count],       [Project1].[VoteResult3Count] AS [VoteResult3Count],       [Project1].[VoteResult4Count] AS [VoteResult4Count],       [Project1].[IsDisabled] AS [IsDisabled],       [Project1].[CreatedTime] AS [CreatedTime]      FROM ( SELECT           [Extent1].[Id] AS [Id],           [Extent1].[CreatorUserId] AS [CreatorUserId],           [Extent1].[Sponsor] AS [Sponsor],           [Extent1].[BeginTime] AS [BeginTime],           [Extent1].[EndTime] AS [EndTime],           [Extent1].[Title] AS [Title],           [Extent1].[Description] AS [Description],           [Extent1].[Address] AS [Address],           [Extent1].[Images] AS [Images],           [Extent1].[Kind] AS [Kind],           [Extent1].[MaxUserCount] AS [MaxUserCount],           [Extent1].[DirectFriendVisible] AS [DirectFriendVisible],           [Extent1].[IsHot] AS [IsHot],           [Extent1].[LikeCount] AS [LikeCount],           [Extent1].[CommentCount] AS [CommentCount],           [Extent1].[VoteTitle] AS [VoteTitle],           [Extent1].[VoteChoicesJson] AS [VoteChoicesJson],           [Extent1].[VoteResult0Count] AS [VoteResult0Count],           [Extent1].[VoteResult1Count] AS [VoteResult1Count],           [Extent1].[VoteResult2Count] AS [VoteResult2Count],           [Extent1].[VoteResult3Count] AS [VoteResult3Count],           [Extent1].[VoteResult4Count] AS [VoteResult4Count],           [Extent1].[IsDisabled] AS [IsDisabled],           [Extent1].[CreatedTime] AS [CreatedTime]          FROM  [dbo].[Parties] AS [Extent1]          INNER JOIN [dbo].[Participants] AS [Extent2] ON [Extent1].[Id] = [Extent2].[PartyId]          WHERE ([Extent2].[UserId] = @p__linq__0) AND (@p__linq__0 IS NOT NULL) AND (@p__linq__1 > [Extent1].[BeginTime]) AND ([Extent2].[Status] IN (cast(0 as bigint), cast(1 as bigint))) AND ([Extent1].[IsDisabled] <> cast(1 as bit))      )  AS [Project1]      ORDER BY [Project1].[BeginTime] ASC|
2015-09-14 19:25:08.9806|Debug|ShiJu.Service.Heart|  |
2015-09-14 19:25:08.9806|Debug|ShiJu.Service.Heart|-- p__linq__0: 'd137e6c4-8b9f-421b-8956-6359c5ffe02a' (Type = Guid)  |
2015-09-14 19:25:08.9806|Debug|ShiJu.Service.Heart|-- p__linq__1: '2015/10/3 0:00:00' (Type = DateTime2)  |
2015-09-14 19:25:08.9806|Debug|ShiJu.Service.Heart|-- Executing at 2015/9/14 19:25:08 +08:00  |
2015-09-14 19:25:09.1746|Debug|ShiJu.Service.Heart|-- Completed in 191 ms with result: SqlDataReader  |
2015-09-14 19:25:09.1746|Debug|ShiJu.Service.Heart|  |
2015-09-14 19:25:09.1916|Debug|ShiJu.Service.Heart|SELECT       [Extent1].[Id] AS [Id],       [Extent1].[CreatorUserId] AS [CreatorUserId],       [Extent1].[Sponsor] AS [Sponsor],       [Extent1].[BeginTime] AS [BeginTime],       [Extent1].[EndTime] AS [EndTime],       [Extent1].[Title] AS [Title],       [Extent1].[Description] AS [Description],       [Extent1].[Address] AS [Address],       [Extent1].[Images] AS [Images],       [Extent1].[Kind] AS [Kind],       [Extent1].[MaxUserCount] AS [MaxUserCount],       [Extent1].[DirectFriendVisible] AS [DirectFriendVisible],       [Extent1].[IsHot] AS [IsHot],       [Extent1].[LikeCount] AS [LikeCount],       [Extent1].[CommentCount] AS [CommentCount],       [Extent1].[VoteTitle] AS [VoteTitle],       [Extent1].[VoteChoicesJson] AS [VoteChoicesJson],       [Extent1].[VoteResult0Count] AS [VoteResult0Count],       [Extent1].[VoteResult1Count] AS [VoteResult1Count],       [Extent1].[VoteResult2Count] AS [VoteResult2Count],       [Extent1].[VoteResult3Count] AS [VoteResult3Count],       [Extent1].[VoteResult4Count] AS [VoteResult4Count],       [Extent1].[IsDisabled] AS [IsDisabled],       [Extent1].[CreatedTime] AS [CreatedTime]      FROM [dbo].[Parties] AS [Extent1]      WHERE ([Extent1].[CreatorUserId] = @p__linq__0) AND (@p__linq__0 IS NOT NULL) AND (@p__linq__1 > [Extent1].[BeginTime]) AND ([Extent1].[IsDisabled] <> cast(1 as bit))|
2015-09-14 19:25:09.1916|Debug|ShiJu.Service.Heart|  |
2015-09-14 19:25:09.1916|Debug|ShiJu.Service.Heart|-- p__linq__0: 'd137e6c4-8b9f-421b-8956-6359c5ffe02a' (Type = Guid)  |
2015-09-14 19:25:09.1916|Debug|ShiJu.Service.Heart|-- p__linq__1: '2015/10/3 0:00:00' (Type = DateTime2)  |
2015-09-14 19:25:09.1916|Debug|ShiJu.Service.Heart|-- Executing at 2015/9/14 19:25:09 +08:00  |
2015-09-14 19:25:09.5636|Debug|ShiJu.Service.Heart|-- Completed in 371 ms with result: SqlDataReader  |
2015-09-14 19:25:09.5636|Debug|ShiJu.Service.Heart|  |
2015-09-14 19:25:41.8205|Debug|ShiJu.Service.Heart|SELECT       [Project1].[Id] AS [Id],       [Project1].[CreatorUserId] AS [CreatorUserId],       [Project1].[Sponsor] AS [Sponsor],       [Project1].[BeginTime] AS [BeginTime],       [Project1].[EndTime] AS [EndTime],       [Project1].[Title] AS [Title],       [Project1].[Description] AS [Description],       [Project1].[Address] AS [Address],       [Project1].[Images] AS [Images],       [Project1].[Kind] AS [Kind],       [Project1].[MaxUserCount] AS [MaxUserCount],       [Project1].[DirectFriendVisible] AS [DirectFriendVisible],       [Project1].[IsHot] AS [IsHot],       [Project1].[LikeCount] AS [LikeCount],       [Project1].[CommentCount] AS [CommentCount],       [Project1].[VoteTitle] AS [VoteTitle],       [Project1].[VoteChoicesJson] AS [VoteChoicesJson],       [Project1].[VoteResult0Count] AS [VoteResult0Count],       [Project1].[VoteResult1Count] AS [VoteResult1Count],       [Project1].[VoteResult2Count] AS [VoteResult2Count],       [Project1].[VoteResult3Count] AS [VoteResult3Count],       [Project1].[VoteResult4Count] AS [VoteResult4Count],       [Project1].[IsDisabled] AS [IsDisabled],       [Project1].[CreatedTime] AS [CreatedTime]      FROM ( SELECT           [Extent1].[Id] AS [Id],           [Extent1].[CreatorUserId] AS [CreatorUserId],           [Extent1].[Sponsor] AS [Sponsor],           [Extent1].[BeginTime] AS [BeginTime],           [Extent1].[EndTime] AS [EndTime],           [Extent1].[Title] AS [Title],           [Extent1].[Description] AS [Description],           [Extent1].[Address] AS [Address],           [Extent1].[Images] AS [Images],           [Extent1].[Kind] AS [Kind],           [Extent1].[MaxUserCount] AS [MaxUserCount],           [Extent1].[DirectFriendVisible] AS [DirectFriendVisible],           [Extent1].[IsHot] AS [IsHot],           [Extent1].[LikeCount] AS [LikeCount],           [Extent1].[CommentCount] AS [CommentCount],           [Extent1].[VoteTitle] AS [VoteTitle],           [Extent1].[VoteChoicesJson] AS [VoteChoicesJson],           [Extent1].[VoteResult0Count] AS [VoteResult0Count],           [Extent1].[VoteResult1Count] AS [VoteResult1Count],           [Extent1].[VoteResult2Count] AS [VoteResult2Count],           [Extent1].[VoteResult3Count] AS [VoteResult3Count],           [Extent1].[VoteResult4Count] AS [VoteResult4Count],           [Extent1].[IsDisabled] AS [IsDisabled],           [Extent1].[CreatedTime] AS [CreatedTime]          FROM  [dbo].[Parties] AS [Extent1]          INNER JOIN [dbo].[Participants] AS [Extent2] ON [Extent1].[Id] = [Extent2].[PartyId]          WHERE ([Extent2].[UserId] = @p__linq__0) AND (@p__linq__0 IS NOT NULL) AND (@p__linq__1 > [Extent1].[BeginTime]) AND ([Extent2].[Status] IN (cast(0 as bigint), cast(1 as bigint))) AND ([Extent1].[IsDisabled] <> cast(1 as bit))      )  AS [Project1]      ORDER BY [Project1].[BeginTime] ASC|
2015-09-14 19:25:41.8205|Debug|ShiJu.Service.Heart|  |
2015-09-14 19:25:41.8205|Debug|ShiJu.Service.Heart|-- p__linq__0: 'd137e6c4-8b9f-421b-8956-6359c5ffe02a' (Type = Guid)  |
2015-09-14 19:25:41.8235|Debug|ShiJu.Service.Heart|-- p__linq__1: '2015/10/3 0:00:00' (Type = DateTime2)  |
2015-09-14 19:25:41.8235|Debug|ShiJu.Service.Heart|-- Executing at 2015/9/14 19:25:41 +08:00  |
2015-09-14 19:25:41.9115|Debug|ShiJu.Service.Heart|-- Completed in 86 ms with result: SqlDataReader  |
2015-09-14 19:25:41.9115|Debug|ShiJu.Service.Heart|  |
2015-09-14 19:25:41.9115|Debug|ShiJu.Service.Heart|SELECT       [Extent1].[Id] AS [Id],       [Extent1].[CreatorUserId] AS [CreatorUserId],       [Extent1].[Sponsor] AS [Sponsor],       [Extent1].[BeginTime] AS [BeginTime],       [Extent1].[EndTime] AS [EndTime],       [Extent1].[Title] AS [Title],       [Extent1].[Description] AS [Description],       [Extent1].[Address] AS [Address],       [Extent1].[Images] AS [Images],       [Extent1].[Kind] AS [Kind],       [Extent1].[MaxUserCount] AS [MaxUserCount],       [Extent1].[DirectFriendVisible] AS [DirectFriendVisible],       [Extent1].[IsHot] AS [IsHot],       [Extent1].[LikeCount] AS [LikeCount],       [Extent1].[CommentCount] AS [CommentCount],       [Extent1].[VoteTitle] AS [VoteTitle],       [Extent1].[VoteChoicesJson] AS [VoteChoicesJson],       [Extent1].[VoteResult0Count] AS [VoteResult0Count],       [Extent1].[VoteResult1Count] AS [VoteResult1Count],       [Extent1].[VoteResult2Count] AS [VoteResult2Count],       [Extent1].[VoteResult3Count] AS [VoteResult3Count],       [Extent1].[VoteResult4Count] AS [VoteResult4Count],       [Extent1].[IsDisabled] AS [IsDisabled],       [Extent1].[CreatedTime] AS [CreatedTime]      FROM [dbo].[Parties] AS [Extent1]      WHERE ([Extent1].[CreatorUserId] = @p__linq__0) AND (@p__linq__0 IS NOT NULL) AND (@p__linq__1 > [Extent1].[BeginTime]) AND ([Extent1].[IsDisabled] <> cast(1 as bit))|
2015-09-14 19:25:41.9115|Debug|ShiJu.Service.Heart|  |
2015-09-14 19:25:41.9115|Debug|ShiJu.Service.Heart|-- p__linq__0: 'd137e6c4-8b9f-421b-8956-6359c5ffe02a' (Type = Guid)  |
2015-09-14 19:25:41.9115|Debug|ShiJu.Service.Heart|-- p__linq__1: '2015/10/3 0:00:00' (Type = DateTime2)  |
2015-09-14 19:25:41.9115|Debug|ShiJu.Service.Heart|-- Executing at 2015/9/14 19:25:41 +08:00  |
2015-09-14 19:25:42.0045|Debug|ShiJu.Service.Heart|-- Completed in 88 ms with result: SqlDataReader  |
2015-09-14 19:25:42.0045|Debug|ShiJu.Service.Heart|  |
2015-09-14 19:26:25.5067|Debug|ShiJu.Service.Heart|SELECT       [Project1].[Id] AS [Id],       [Project1].[CreatorUserId] AS [CreatorUserId],       [Project1].[Sponsor] AS [Sponsor],       [Project1].[BeginTime] AS [BeginTime],       [Project1].[EndTime] AS [EndTime],       [Project1].[Title] AS [Title],       [Project1].[Description] AS [Description],       [Project1].[Address] AS [Address],       [Project1].[Images] AS [Images],       [Project1].[Kind] AS [Kind],       [Project1].[MaxUserCount] AS [MaxUserCount],       [Project1].[DirectFriendVisible] AS [DirectFriendVisible],       [Project1].[IsHot] AS [IsHot],       [Project1].[LikeCount] AS [LikeCount],       [Project1].[CommentCount] AS [CommentCount],       [Project1].[VoteTitle] AS [VoteTitle],       [Project1].[VoteChoicesJson] AS [VoteChoicesJson],       [Project1].[VoteResult0Count] AS [VoteResult0Count],       [Project1].[VoteResult1Count] AS [VoteResult1Count],       [Project1].[VoteResult2Count] AS [VoteResult2Count],       [Project1].[VoteResult3Count] AS [VoteResult3Count],       [Project1].[VoteResult4Count] AS [VoteResult4Count],       [Project1].[IsDisabled] AS [IsDisabled],       [Project1].[CreatedTime] AS [CreatedTime]      FROM ( SELECT           [Extent1].[Id] AS [Id],           [Extent1].[CreatorUserId] AS [CreatorUserId],           [Extent1].[Sponsor] AS [Sponsor],           [Extent1].[BeginTime] AS [BeginTime],           [Extent1].[EndTime] AS [EndTime],           [Extent1].[Title] AS [Title],           [Extent1].[Description] AS [Description],           [Extent1].[Address] AS [Address],           [Extent1].[Images] AS [Images],           [Extent1].[Kind] AS [Kind],           [Extent1].[MaxUserCount] AS [MaxUserCount],           [Extent1].[DirectFriendVisible] AS [DirectFriendVisible],           [Extent1].[IsHot] AS [IsHot],           [Extent1].[LikeCount] AS [LikeCount],           [Extent1].[CommentCount] AS [CommentCount],           [Extent1].[VoteTitle] AS [VoteTitle],           [Extent1].[VoteChoicesJson] AS [VoteChoicesJson],           [Extent1].[VoteResult0Count] AS [VoteResult0Count],           [Extent1].[VoteResult1Count] AS [VoteResult1Count],           [Extent1].[VoteResult2Count] AS [VoteResult2Count],           [Extent1].[VoteResult3Count] AS [VoteResult3Count],           [Extent1].[VoteResult4Count] AS [VoteResult4Count],           [Extent1].[IsDisabled] AS [IsDisabled],           [Extent1].[CreatedTime] AS [CreatedTime]          FROM  [dbo].[Parties] AS [Extent1]          INNER JOIN [dbo].[Participants] AS [Extent2] ON [Extent1].[Id] = [Extent2].[PartyId]          WHERE ([Extent2].[UserId] = @p__linq__0) AND (@p__linq__0 IS NOT NULL) AND (@p__linq__1 < [Extent1].[BeginTime]) AND ([Extent2].[Status] IN (cast(0 as bigint), cast(1 as bigint))) AND ([Extent1].[IsDisabled] <> cast(1 as bit))      )  AS [Project1]      ORDER BY [Project1].[BeginTime] ASC|
2015-09-14 19:26:25.5107|Debug|ShiJu.Service.Heart|  |
2015-09-14 19:26:25.5107|Debug|ShiJu.Service.Heart|-- p__linq__0: 'd137e6c4-8b9f-421b-8956-6359c5ffe02a' (Type = Guid)  |
2015-09-14 19:26:25.5107|Debug|ShiJu.Service.Heart|-- p__linq__1: '2015/10/3 0:00:00' (Type = DateTime2)  |
2015-09-14 19:26:25.5107|Debug|ShiJu.Service.Heart|-- Executing at 2015/9/14 19:26:25 +08:00  |
2015-09-14 19:26:25.7167|Debug|ShiJu.Service.Heart|-- Completed in 183 ms with result: SqlDataReader  |
2015-09-14 19:26:25.7167|Debug|ShiJu.Service.Heart|  |
2015-09-14 19:26:25.7327|Debug|ShiJu.Service.Heart|SELECT       [Extent1].[Id] AS [Id],       [Extent1].[CreatorUserId] AS [CreatorUserId],       [Extent1].[Sponsor] AS [Sponsor],       [Extent1].[BeginTime] AS [BeginTime],       [Extent1].[EndTime] AS [EndTime],       [Extent1].[Title] AS [Title],       [Extent1].[Description] AS [Description],       [Extent1].[Address] AS [Address],       [Extent1].[Images] AS [Images],       [Extent1].[Kind] AS [Kind],       [Extent1].[MaxUserCount] AS [MaxUserCount],       [Extent1].[DirectFriendVisible] AS [DirectFriendVisible],       [Extent1].[IsHot] AS [IsHot],       [Extent1].[LikeCount] AS [LikeCount],       [Extent1].[CommentCount] AS [CommentCount],       [Extent1].[VoteTitle] AS [VoteTitle],       [Extent1].[VoteChoicesJson] AS [VoteChoicesJson],       [Extent1].[VoteResult0Count] AS [VoteResult0Count],       [Extent1].[VoteResult1Count] AS [VoteResult1Count],       [Extent1].[VoteResult2Count] AS [VoteResult2Count],       [Extent1].[VoteResult3Count] AS [VoteResult3Count],       [Extent1].[VoteResult4Count] AS [VoteResult4Count],       [Extent1].[IsDisabled] AS [IsDisabled],       [Extent1].[CreatedTime] AS [CreatedTime]      FROM [dbo].[Parties] AS [Extent1]      WHERE ([Extent1].[CreatorUserId] = @p__linq__0) AND (@p__linq__0 IS NOT NULL) AND (@p__linq__1 < [Extent1].[BeginTime]) AND ([Extent1].[IsDisabled] <> cast(1 as bit))|
2015-09-14 19:26:25.7327|Debug|ShiJu.Service.Heart|  |
2015-09-14 19:26:25.7327|Debug|ShiJu.Service.Heart|-- p__linq__0: 'd137e6c4-8b9f-421b-8956-6359c5ffe02a' (Type = Guid)  |
2015-09-14 19:26:25.7327|Debug|ShiJu.Service.Heart|-- p__linq__1: '2015/10/3 0:00:00' (Type = DateTime2)  |
2015-09-14 19:26:25.7327|Debug|ShiJu.Service.Heart|-- Executing at 2015/9/14 19:26:25 +08:00  |
2015-09-14 19:26:25.7877|Debug|ShiJu.Service.Heart|-- Completed in 52 ms with result: SqlDataReader  |
2015-09-14 19:26:25.7877|Debug|ShiJu.Service.Heart|  |
2015-09-14 19:26:25.8237|Debug|ShiJu.Service.Heart|SELECT TOP (1)       [Extent1].[Id] AS [Id],       [Extent1].[Status] AS [Status],       [Extent1].[PhoneNumber] AS [PhoneNumber],       [Extent1].[NickName] AS [NickName],       [Extent1].[Signature] AS [Signature],       [Extent1].[Portrait] AS [Portrait],       [Extent1].[Gender] AS [Gender],       [Extent1].[District] AS [District],       [Extent1].[BackgroundImage] AS [BackgroundImage],       [Extent1].[CreatedTime] AS [CreatedTime],       [Extent1].[SignUpTime] AS [SignUpTime]      FROM [dbo].[Users] AS [Extent1]      WHERE ([Extent1].[Id] = @p__linq__0) AND (@p__linq__0 IS NOT NULL)|
2015-09-14 19:26:25.8237|Debug|ShiJu.Service.Heart|  |
2015-09-14 19:26:25.8237|Debug|ShiJu.Service.Heart|-- p__linq__0: 'd137e6c4-8b9f-421b-8956-6359c5ffe02a' (Type = Guid)  |
2015-09-14 19:26:25.8237|Debug|ShiJu.Service.Heart|-- Executing at 2015/9/14 19:26:25 +08:00  |
2015-09-14 19:26:25.8797|Debug|ShiJu.Service.Heart|-- Completed in 54 ms with result: SqlDataReader  |
2015-09-14 19:26:25.8797|Debug|ShiJu.Service.Heart|  |
2015-09-14 19:26:25.8997|Debug|ShiJu.Service.Heart|SELECT TOP (1)       [Extent1].[Id] AS [Id],       [Extent1].[Status] AS [Status],       [Extent1].[PhoneNumber] AS [PhoneNumber],       [Extent1].[NickName] AS [NickName],       [Extent1].[Signature] AS [Signature],       [Extent1].[Portrait] AS [Portrait],       [Extent1].[Gender] AS [Gender],       [Extent1].[District] AS [District],       [Extent1].[BackgroundImage] AS [BackgroundImage],       [Extent1].[CreatedTime] AS [CreatedTime],       [Extent1].[SignUpTime] AS [SignUpTime]      FROM [dbo].[Users] AS [Extent1]      WHERE ([Extent1].[Id] = @p__linq__0) AND (@p__linq__0 IS NOT NULL)|
2015-09-14 19:26:25.8997|Debug|ShiJu.Service.Heart|  |
2015-09-14 19:26:25.8997|Debug|ShiJu.Service.Heart|-- p__linq__0: 'd137e6c4-8b9f-421b-8956-6359c5ffe02a' (Type = Guid)  |
2015-09-14 19:26:25.8997|Debug|ShiJu.Service.Heart|-- Executing at 2015/9/14 19:26:25 +08:00  |
2015-09-14 19:26:26.0108|Debug|ShiJu.Service.Heart|-- Completed in 110 ms with result: SqlDataReader  |
2015-09-14 19:26:26.0108|Debug|ShiJu.Service.Heart|  |
2015-09-14 19:26:26.0108|Debug|ShiJu.Service.Heart|SELECT TOP (1)       [Extent1].[Id] AS [Id],       [Extent1].[Status] AS [Status],       [Extent1].[PhoneNumber] AS [PhoneNumber],       [Extent1].[NickName] AS [NickName],       [Extent1].[Signature] AS [Signature],       [Extent1].[Portrait] AS [Portrait],       [Extent1].[Gender] AS [Gender],       [Extent1].[District] AS [District],       [Extent1].[BackgroundImage] AS [BackgroundImage],       [Extent1].[CreatedTime] AS [CreatedTime],       [Extent1].[SignUpTime] AS [SignUpTime]      FROM [dbo].[Users] AS [Extent1]      WHERE ([Extent1].[Id] = @p__linq__0) AND (@p__linq__0 IS NOT NULL)|
2015-09-14 19:26:26.0108|Debug|ShiJu.Service.Heart|  |
2015-09-14 19:26:26.0108|Debug|ShiJu.Service.Heart|-- p__linq__0: 'd137e6c4-8b9f-421b-8956-6359c5ffe02a' (Type = Guid)  |
2015-09-14 19:26:26.0108|Debug|ShiJu.Service.Heart|-- Executing at 2015/9/14 19:26:26 +08:00  |
2015-09-14 19:26:26.0868|Debug|ShiJu.Service.Heart|-- Completed in 67 ms with result: SqlDataReader  |
2015-09-14 19:26:26.0868|Debug|ShiJu.Service.Heart|  |
2015-09-14 19:26:26.0907|Debug|ShiJu.Service.Heart|SELECT TOP (1)       [Extent1].[Id] AS [Id],       [Extent1].[Status] AS [Status],       [Extent1].[PhoneNumber] AS [PhoneNumber],       [Extent1].[NickName] AS [NickName],       [Extent1].[Signature] AS [Signature],       [Extent1].[Portrait] AS [Portrait],       [Extent1].[Gender] AS [Gender],       [Extent1].[District] AS [District],       [Extent1].[BackgroundImage] AS [BackgroundImage],       [Extent1].[CreatedTime] AS [CreatedTime],       [Extent1].[SignUpTime] AS [SignUpTime]      FROM [dbo].[Users] AS [Extent1]      WHERE ([Extent1].[Id] = @p__linq__0) AND (@p__linq__0 IS NOT NULL)|
2015-09-14 19:26:26.0907|Debug|ShiJu.Service.Heart|  |
2015-09-14 19:26:26.0907|Debug|ShiJu.Service.Heart|-- p__linq__0: 'd137e6c4-8b9f-421b-8956-6359c5ffe02a' (Type = Guid)  |
2015-09-14 19:26:26.0907|Debug|ShiJu.Service.Heart|-- Executing at 2015/9/14 19:26:26 +08:00  |
2015-09-14 19:26:26.1548|Debug|ShiJu.Service.Heart|-- Completed in 62 ms with result: SqlDataReader  |
2015-09-14 19:26:26.1548|Debug|ShiJu.Service.Heart|  |
2015-09-14 19:26:26.1548|Debug|ShiJu.Service.Heart|SELECT TOP (1)       [Extent1].[Id] AS [Id],       [Extent1].[Status] AS [Status],       [Extent1].[PhoneNumber] AS [PhoneNumber],       [Extent1].[NickName] AS [NickName],       [Extent1].[Signature] AS [Signature],       [Extent1].[Portrait] AS [Portrait],       [Extent1].[Gender] AS [Gender],       [Extent1].[District] AS [District],       [Extent1].[BackgroundImage] AS [BackgroundImage],       [Extent1].[CreatedTime] AS [CreatedTime],       [Extent1].[SignUpTime] AS [SignUpTime]      FROM [dbo].[Users] AS [Extent1]      WHERE ([Extent1].[Id] = @p__linq__0) AND (@p__linq__0 IS NOT NULL)|
2015-09-14 19:26:26.1548|Debug|ShiJu.Service.Heart|  |
2015-09-14 19:26:26.1548|Debug|ShiJu.Service.Heart|-- p__linq__0: 'd137e6c4-8b9f-421b-8956-6359c5ffe02a' (Type = Guid)  |
2015-09-14 19:26:26.1548|Debug|ShiJu.Service.Heart|-- Executing at 2015/9/14 19:26:26 +08:00  |
2015-09-14 19:26:26.2077|Debug|ShiJu.Service.Heart|-- Completed in 47 ms with result: SqlDataReader  |
2015-09-14 19:26:26.2077|Debug|ShiJu.Service.Heart|  |
