2015-09-18 18:43:50.1982|Debug|ShiJu.Service.Heart|  SELECT Count(*)  FROM INFORMATION_SCHEMA.TABLES AS t  WHERE t.TABLE_TYPE = 'BASE TABLE'      AND (t.TABLE_SCHEMA + '.' + t.TABLE_NAME IN ('dbo.Accounts','dbo.FriendRequests','dbo.Friends','dbo.Participants','dbo.Parties','dbo.PartyComments','dbo.PartyLikes','dbo.Users','dbo.VerificationCodes')          OR t.TABLE_NAME = 'EdmMetadata')|
2015-09-18 18:43:50.2292|Debug|ShiJu.Service.Heart|  |
2015-09-18 18:43:50.2525|Debug|ShiJu.Service.Heart|-- Executing at 2015/9/18 18:43:50 +08:00  |
2015-09-18 18:43:50.3732|Debug|ShiJu.Service.Heart|-- Completed in 117 ms with result: 9  |
2015-09-18 18:43:50.3732|Debug|ShiJu.Service.Heart|  |
2015-09-18 18:43:52.2832|Debug|ShiJu.Service.Heart|SELECT       [GroupBy1].[A1] AS [C1]      FROM ( SELECT           COUNT(1) AS [A1]          FROM [dbo].[__MigrationHistory] AS [Extent1]      )  AS [GroupBy1]|
2015-09-18 18:43:52.2832|Debug|ShiJu.Service.Heart|  |
2015-09-18 18:43:52.2832|Debug|ShiJu.Service.Heart|-- Executing at 2015/9/18 18:43:52 +08:00  |
2015-09-18 18:43:52.7372|Debug|ShiJu.Service.Heart|-- Completed in 450 ms with result: SqlDataReader  |
2015-09-18 18:43:52.7372|Debug|ShiJu.Service.Heart|  |
2015-09-18 18:43:52.9102|Debug|ShiJu.Service.Heart|SELECT       [GroupBy1].[A1] AS [C1]      FROM ( SELECT           COUNT(1) AS [A1]          FROM [dbo].[__MigrationHistory] AS [Extent1]          WHERE ([Extent1].[ContextKey] = @p__linq__0) AND (@p__linq__0 IS NOT NULL)      )  AS [GroupBy1]|
2015-09-18 18:43:52.9102|Debug|ShiJu.Service.Heart|  |
2015-09-18 18:43:52.9102|Debug|ShiJu.Service.Heart|-- p__linq__0: 'ShiJu.Models.ShiJuDbContext' (Type = String, Size = 4000)  |
2015-09-18 18:43:52.9102|Debug|ShiJu.Service.Heart|-- Executing at 2015/9/18 18:43:52 +08:00  |
2015-09-18 18:43:52.9392|Debug|ShiJu.Service.Heart|-- Completed in 23 ms with result: SqlDataReader  |
2015-09-18 18:43:52.9392|Debug|ShiJu.Service.Heart|  |
2015-09-18 18:43:52.9982|Debug|ShiJu.Service.Heart|SELECT       [GroupBy1].[A1] AS [C1]      FROM ( SELECT           COUNT(1) AS [A1]          FROM [dbo].[__MigrationHistory] AS [Extent1]      )  AS [GroupBy1]|
2015-09-18 18:43:52.9982|Debug|ShiJu.Service.Heart|  |
2015-09-18 18:43:52.9982|Debug|ShiJu.Service.Heart|-- Executing at 2015/9/18 18:43:52 +08:00  |
2015-09-18 18:43:53.0192|Debug|ShiJu.Service.Heart|-- Completed in 20 ms with result: SqlDataReader  |
2015-09-18 18:43:53.0192|Debug|ShiJu.Service.Heart|  |
2015-09-18 18:43:53.0192|Debug|ShiJu.Service.Heart|SELECT       [GroupBy1].[A1] AS [C1]      FROM ( SELECT           COUNT(1) AS [A1]          FROM [dbo].[__MigrationHistory] AS [Extent1]          WHERE ([Extent1].[ContextKey] = @p__linq__0) AND (@p__linq__0 IS NOT NULL)      )  AS [GroupBy1]|
2015-09-18 18:43:53.0192|Debug|ShiJu.Service.Heart|  |
2015-09-18 18:43:53.0192|Debug|ShiJu.Service.Heart|-- p__linq__0: 'ShiJu.Models.ShiJuDbContext' (Type = String, Size = 4000)  |
2015-09-18 18:43:53.0192|Debug|ShiJu.Service.Heart|-- Executing at 2015/9/18 18:43:53 +08:00  |
2015-09-18 18:43:53.0442|Debug|ShiJu.Service.Heart|-- Completed in 20 ms with result: SqlDataReader  |
2015-09-18 18:43:53.0442|Debug|ShiJu.Service.Heart|  |
2015-09-18 18:43:53.1092|Debug|ShiJu.Service.Heart|SELECT TOP (1)       [Project1].[C1] AS [C1],       [Project1].[MigrationId] AS [MigrationId],       [Project1].[Model] AS [Model]      FROM ( SELECT           [Extent1].[MigrationId] AS [MigrationId],           [Extent1].[Model] AS [Model],           1 AS [C1]          FROM [dbo].[__MigrationHistory] AS [Extent1]          WHERE ([Extent1].[ContextKey] = @p__linq__0) AND (@p__linq__0 IS NOT NULL)      )  AS [Project1]      ORDER BY [Project1].[MigrationId] DESC|
2015-09-18 18:43:53.1092|Debug|ShiJu.Service.Heart|  |
2015-09-18 18:43:53.1092|Debug|ShiJu.Service.Heart|-- p__linq__0: 'ShiJu.Models.ShiJuDbContext' (Type = String, Size = 4000)  |
2015-09-18 18:43:53.1092|Debug|ShiJu.Service.Heart|-- Executing at 2015/9/18 18:43:53 +08:00  |
2015-09-18 18:43:53.1682|Debug|ShiJu.Service.Heart|-- Completed in 58 ms with result: SqlDataReader  |
2015-09-18 18:43:53.1682|Debug|ShiJu.Service.Heart|  |
2015-09-18 18:43:54.1152|Debug|ShiJu.Service.Heart|INSERT [dbo].[Parties]([Id], [CreatorUserId], [Sponsor], [BeginTime], [EndTime], [Title], [Description], [Address], [Images], [Kind], [MaxUserCount], [DirectFriendVisible], [IsHot], [LikeCount], [CommentCount], [VoteTitle], [VoteChoicesJson], [VoteResult0Count], [VoteResult1Count], [VoteResult2Count], [VoteResult3Count], [VoteResult4Count], [IsDisabled], [CreatedTime])  VALUES (@0, @1, @2, @3, @4, @5, @6, @7, @8, @9, @10, @11, @12, @13, @14, @15, @16, @17, @18, @19, @20, @21, @22, @23)  |
2015-09-18 18:43:54.1152|Debug|ShiJu.Service.Heart|-- @0: '912331e4-cca9-45b1-b696-e4e7b366d400' (Type = Guid)  |
2015-09-18 18:43:54.1152|Debug|ShiJu.Service.Heart|-- @1: '59ff2878-a300-40f9-add3-afb2d3ad2b65' (Type = Guid)  |
2015-09-18 18:43:54.1152|Debug|ShiJu.Service.Heart|-- @2: '' (Type = String, Size = 128)  |
2015-09-18 18:43:54.1152|Debug|ShiJu.Service.Heart|-- @3: '2015/9/18 10:29:57' (Type = DateTime2)  |
2015-09-18 18:43:54.1152|Debug|ShiJu.Service.Heart|-- @4: '2015/9/18 11:29:57' (Type = DateTime2)  |
2015-09-18 18:43:54.1152|Debug|ShiJu.Service.Heart|-- @5: '¿œ¬Ë' (Type = String, Size = 128)  |
2015-09-18 18:43:54.1332|Debug|ShiJu.Service.Heart|-- @6: '' (Type = String, Size = 1024)  |
2015-09-18 18:43:54.1332|Debug|ShiJu.Service.Heart|-- @7: '' (Type = String, Size = 128)  |
2015-09-18 18:43:54.1332|Debug|ShiJu.Service.Heart|-- @8: '[]' (Type = String, Size = -1)  |
2015-09-18 18:43:54.1332|Debug|ShiJu.Service.Heart|-- @9: '7' (Type = String, Size = 64)  |
2015-09-18 18:43:54.1332|Debug|ShiJu.Service.Heart|-- @10: '0' (Type = Int64)  |
2015-09-18 18:43:54.1332|Debug|ShiJu.Service.Heart|-- @11: 'True' (Type = Boolean)  |
2015-09-18 18:43:54.1332|Debug|ShiJu.Service.Heart|-- @12: 'False' (Type = Boolean)  |
2015-09-18 18:43:54.1332|Debug|ShiJu.Service.Heart|-- @13: '0' (Type = Int64)  |
2015-09-18 18:43:54.1332|Debug|ShiJu.Service.Heart|-- @14: '0' (Type = Int64)  |
2015-09-18 18:43:54.1332|Debug|ShiJu.Service.Heart|-- @15: '' (Type = String, Size = 256)  |
2015-09-18 18:43:54.1332|Debug|ShiJu.Service.Heart|-- @16: '[]' (Type = String, Size = -1)  |
2015-09-18 18:43:54.1332|Debug|ShiJu.Service.Heart|-- @17: '0' (Type = Int64)  |
2015-09-18 18:43:54.1332|Debug|ShiJu.Service.Heart|-- @18: '0' (Type = Int64)  |
2015-09-18 18:43:54.1332|Debug|ShiJu.Service.Heart|-- @19: '0' (Type = Int64)  |
2015-09-18 18:43:54.1332|Debug|ShiJu.Service.Heart|-- @20: '0' (Type = Int64)  |
2015-09-18 18:43:54.1332|Debug|ShiJu.Service.Heart|-- @21: '0' (Type = Int64)  |
2015-09-18 18:43:54.1332|Debug|ShiJu.Service.Heart|-- @22: 'False' (Type = Boolean)  |
2015-09-18 18:43:54.1332|Debug|ShiJu.Service.Heart|-- @23: '2015/9/18 10:34:08' (Type = DateTime2)  |
2015-09-18 18:43:54.1332|Debug|ShiJu.Service.Heart|-- Executing at 2015/9/18 18:43:54 +08:00  |
2015-09-18 18:43:54.1672|Debug|ShiJu.Service.Heart|-- Completed in 27 ms with result: 1  |
2015-09-18 18:43:54.1672|Debug|ShiJu.Service.Heart|  |
2015-09-18 18:43:54.2112|Debug|ShiJu.Service.Heart|SELECT TOP (1)       [Extent1].[Id] AS [Id],       [Extent1].[Status] AS [Status],       [Extent1].[PhoneNumber] AS [PhoneNumber],       [Extent1].[NickName] AS [NickName],       [Extent1].[Signature] AS [Signature],       [Extent1].[Portrait] AS [Portrait],       [Extent1].[Gender] AS [Gender],       [Extent1].[District] AS [District],       [Extent1].[BackgroundImage] AS [BackgroundImage],       [Extent1].[CreatedTime] AS [CreatedTime],       [Extent1].[SignUpTime] AS [SignUpTime]      FROM [dbo].[Users] AS [Extent1]      WHERE ([Extent1].[Id] = @p__linq__0) AND (@p__linq__0 IS NOT NULL)|
2015-09-18 18:43:54.2112|Debug|ShiJu.Service.Heart|  |
2015-09-18 18:43:54.2112|Debug|ShiJu.Service.Heart|-- p__linq__0: '59ff2878-a300-40f9-add3-afb2d3ad2b65' (Type = Guid)  |
2015-09-18 18:43:54.2112|Debug|ShiJu.Service.Heart|-- Executing at 2015/9/18 18:43:54 +08:00  |
2015-09-18 18:43:54.2282|Debug|ShiJu.Service.Heart|-- Completed in 13 ms with result: SqlDataReader  |
2015-09-18 18:43:54.2282|Debug|ShiJu.Service.Heart|  |
