2015-09-17 17:51:37.8573|Debug|ShiJu.Service.Heart|  SELECT Count(*)  FROM INFORMATION_SCHEMA.TABLES AS t  WHERE t.TABLE_TYPE = 'BASE TABLE'      AND (t.TABLE_SCHEMA + '.' + t.TABLE_NAME IN ('dbo.Accounts','dbo.FriendRequests','dbo.Friends','dbo.Participants','dbo.Parties','dbo.PartyComments','dbo.PartyLikes','dbo.Users','dbo.VerificationCodes')          OR t.TABLE_NAME = 'EdmMetadata')|
2015-09-17 17:51:37.8573|Debug|ShiJu.Service.Heart|  |
2015-09-17 17:51:37.8643|Debug|ShiJu.Service.Heart|-- Executing at 2015/9/17 17:51:37 +08:00  |
2015-09-17 17:51:37.9843|Debug|ShiJu.Service.Heart|-- Completed in 113 ms with result: 9  |
2015-09-17 17:51:37.9843|Debug|ShiJu.Service.Heart|  |
2015-09-17 17:51:40.4373|Debug|ShiJu.Service.Heart|SELECT       [GroupBy1].[A1] AS [C1]      FROM ( SELECT           COUNT(1) AS [A1]          FROM [dbo].[__MigrationHistory] AS [Extent1]      )  AS [GroupBy1]|
2015-09-17 17:51:40.4373|Debug|ShiJu.Service.Heart|  |
2015-09-17 17:51:40.4373|Debug|ShiJu.Service.Heart|-- Executing at 2015/9/17 17:51:40 +08:00  |
2015-09-17 17:51:40.4723|Debug|ShiJu.Service.Heart|-- Completed in 33 ms with result: SqlDataReader  |
2015-09-17 17:51:40.4723|Debug|ShiJu.Service.Heart|  |
2015-09-17 17:51:40.5643|Debug|ShiJu.Service.Heart|SELECT       [GroupBy1].[A1] AS [C1]      FROM ( SELECT           COUNT(1) AS [A1]          FROM [dbo].[__MigrationHistory] AS [Extent1]          WHERE ([Extent1].[ContextKey] = @p__linq__0) AND (@p__linq__0 IS NOT NULL)      )  AS [GroupBy1]|
2015-09-17 17:51:40.5643|Debug|ShiJu.Service.Heart|  |
2015-09-17 17:51:40.5643|Debug|ShiJu.Service.Heart|-- p__linq__0: 'ShiJu.Models.ShiJuDbContext' (Type = String, Size = 4000)  |
2015-09-17 17:51:40.5643|Debug|ShiJu.Service.Heart|-- Executing at 2015/9/17 17:51:40 +08:00  |
2015-09-17 17:51:40.5883|Debug|ShiJu.Service.Heart|-- Completed in 21 ms with result: SqlDataReader  |
2015-09-17 17:51:40.5883|Debug|ShiJu.Service.Heart|  |
2015-09-17 17:51:40.6313|Debug|ShiJu.Service.Heart|SELECT       [GroupBy1].[A1] AS [C1]      FROM ( SELECT           COUNT(1) AS [A1]          FROM [dbo].[__MigrationHistory] AS [Extent1]      )  AS [GroupBy1]|
2015-09-17 17:51:40.6313|Debug|ShiJu.Service.Heart|  |
2015-09-17 17:51:40.6313|Debug|ShiJu.Service.Heart|-- Executing at 2015/9/17 17:51:40 +08:00  |
2015-09-17 17:51:40.6533|Debug|ShiJu.Service.Heart|-- Completed in 21 ms with result: SqlDataReader  |
2015-09-17 17:51:40.6533|Debug|ShiJu.Service.Heart|  |
2015-09-17 17:51:40.6533|Debug|ShiJu.Service.Heart|SELECT       [GroupBy1].[A1] AS [C1]      FROM ( SELECT           COUNT(1) AS [A1]          FROM [dbo].[__MigrationHistory] AS [Extent1]          WHERE ([Extent1].[ContextKey] = @p__linq__0) AND (@p__linq__0 IS NOT NULL)      )  AS [GroupBy1]|
2015-09-17 17:51:40.6533|Debug|ShiJu.Service.Heart|  |
2015-09-17 17:51:40.6533|Debug|ShiJu.Service.Heart|-- p__linq__0: 'ShiJu.Models.ShiJuDbContext' (Type = String, Size = 4000)  |
2015-09-17 17:51:40.6533|Debug|ShiJu.Service.Heart|-- Executing at 2015/9/17 17:51:40 +08:00  |
2015-09-17 17:51:40.6873|Debug|ShiJu.Service.Heart|-- Completed in 27 ms with result: SqlDataReader  |
2015-09-17 17:51:40.6873|Debug|ShiJu.Service.Heart|  |
2015-09-17 17:51:40.7523|Debug|ShiJu.Service.Heart|SELECT TOP (1)       [Project1].[C1] AS [C1],       [Project1].[MigrationId] AS [MigrationId],       [Project1].[Model] AS [Model]      FROM ( SELECT           [Extent1].[MigrationId] AS [MigrationId],           [Extent1].[Model] AS [Model],           1 AS [C1]          FROM [dbo].[__MigrationHistory] AS [Extent1]          WHERE ([Extent1].[ContextKey] = @p__linq__0) AND (@p__linq__0 IS NOT NULL)      )  AS [Project1]      ORDER BY [Project1].[MigrationId] DESC|
2015-09-17 17:51:40.7523|Debug|ShiJu.Service.Heart|  |
2015-09-17 17:51:40.7523|Debug|ShiJu.Service.Heart|-- p__linq__0: 'ShiJu.Models.ShiJuDbContext' (Type = String, Size = 4000)  |
2015-09-17 17:51:40.7523|Debug|ShiJu.Service.Heart|-- Executing at 2015/9/17 17:51:40 +08:00  |
2015-09-17 17:51:40.8073|Debug|ShiJu.Service.Heart|-- Completed in 53 ms with result: SqlDataReader  |
2015-09-17 17:51:40.8073|Debug|ShiJu.Service.Heart|  |
2015-09-17 17:51:41.3972|Debug|ShiJu.Service.Heart|SELECT TOP (2)       [Extent1].[Id] AS [Id],       [Extent1].[CreatorUserId] AS [CreatorUserId],       [Extent1].[Sponsor] AS [Sponsor],       [Extent1].[BeginTime] AS [BeginTime],       [Extent1].[EndTime] AS [EndTime],       [Extent1].[Title] AS [Title],       [Extent1].[Description] AS [Description],       [Extent1].[Address] AS [Address],       [Extent1].[Images] AS [Images],       [Extent1].[Kind] AS [Kind],       [Extent1].[MaxUserCount] AS [MaxUserCount],       [Extent1].[DirectFriendVisible] AS [DirectFriendVisible],       [Extent1].[IsHot] AS [IsHot],       [Extent1].[LikeCount] AS [LikeCount],       [Extent1].[CommentCount] AS [CommentCount],       [Extent1].[VoteTitle] AS [VoteTitle],       [Extent1].[VoteChoicesJson] AS [VoteChoicesJson],       [Extent1].[VoteResult0Count] AS [VoteResult0Count],       [Extent1].[VoteResult1Count] AS [VoteResult1Count],       [Extent1].[VoteResult2Count] AS [VoteResult2Count],       [Extent1].[VoteResult3Count] AS [VoteResult3Count],       [Extent1].[VoteResult4Count] AS [VoteResult4Count],       [Extent1].[IsDisabled] AS [IsDisabled],       [Extent1].[CreatedTime] AS [CreatedTime]      FROM [dbo].[Parties] AS [Extent1]      WHERE [Extent1].[Id] = @p0|
2015-09-17 17:51:41.3972|Debug|ShiJu.Service.Heart|  |
2015-09-17 17:51:41.3972|Debug|ShiJu.Service.Heart|-- p0: 'd8c4109a-f6ae-40af-9ac6-ff1920916393' (Type = Guid)  |
2015-09-17 17:51:41.3972|Debug|ShiJu.Service.Heart|-- Executing at 2015/9/17 17:51:41 +08:00  |
2015-09-17 17:51:41.4222|Debug|ShiJu.Service.Heart|-- Completed in 22 ms with result: SqlDataReader  |
2015-09-17 17:51:41.4222|Debug|ShiJu.Service.Heart|  |
2015-09-17 17:51:59.8663|Debug|ShiJu.Service.Heart|SELECT       [Extent1].[PartyId] AS [PartyId],       [Extent1].[UserId] AS [UserId],       [Extent1].[Status] AS [Status],       [Extent1].[ProposedBeginTime] AS [ProposedBeginTime],       [Extent1].[ProposedEndTime] AS [ProposedEndTime],       [Extent1].[Unread] AS [Unread],       [Extent1].[CreatedTime] AS [CreatedTime]      FROM [dbo].[Participants] AS [Extent1]      WHERE ([Extent1].[PartyId] = @p__linq__0) AND (@p__linq__0 IS NOT NULL)|
2015-09-17 17:51:59.8983|Debug|ShiJu.Service.Heart|  |
2015-09-17 17:51:59.8983|Debug|ShiJu.Service.Heart|-- p__linq__0: 'd8c4109a-f6ae-40af-9ac6-ff1920916393' (Type = Guid)  |
2015-09-17 17:51:59.8983|Debug|ShiJu.Service.Heart|-- Executing at 2015/9/17 17:51:59 +08:00  |
2015-09-17 17:52:00.0873|Debug|ShiJu.Service.Heart|-- Completed in 187 ms with result: SqlDataReader  |
2015-09-17 17:52:00.0873|Debug|ShiJu.Service.Heart|  |
2015-09-17 17:52:00.1203|Debug|ShiJu.Service.Heart|SELECT TOP (5)       [Project1].[Id] AS [Id],       [Project1].[PartyId] AS [PartyId],       [Project1].[UserId] AS [UserId],       [Project1].[TargetUserId] AS [TargetUserId],       [Project1].[Text] AS [Text],       [Project1].[AudioId] AS [AudioId],       [Project1].[VoteResult] AS [VoteResult],       [Project1].[CreatedTime] AS [CreatedTime]      FROM ( SELECT           [Extent1].[Id] AS [Id],           [Extent1].[PartyId] AS [PartyId],           [Extent1].[UserId] AS [UserId],           [Extent1].[TargetUserId] AS [TargetUserId],           [Extent1].[Text] AS [Text],           [Extent1].[AudioId] AS [AudioId],           [Extent1].[VoteResult] AS [VoteResult],           [Extent1].[CreatedTime] AS [CreatedTime]          FROM [dbo].[PartyComments] AS [Extent1]          WHERE ([Extent1].[PartyId] = @p__linq__0) AND (@p__linq__0 IS NOT NULL) AND (N'' <> [Extent1].[Text])      )  AS [Project1]      ORDER BY [Project1].[CreatedTime] DESC|
2015-09-17 17:52:00.1203|Debug|ShiJu.Service.Heart|  |
2015-09-17 17:52:00.1203|Debug|ShiJu.Service.Heart|-- p__linq__0: 'd8c4109a-f6ae-40af-9ac6-ff1920916393' (Type = Guid)  |
2015-09-17 17:52:00.1203|Debug|ShiJu.Service.Heart|-- Executing at 2015/9/17 17:52:00 +08:00  |
2015-09-17 17:52:00.1973|Debug|ShiJu.Service.Heart|-- Completed in 75 ms with result: SqlDataReader  |
2015-09-17 17:52:00.1973|Debug|ShiJu.Service.Heart|  |
2015-09-17 17:52:00.2323|Debug|ShiJu.Service.Heart|SELECT TOP (1)       [Extent1].[Id] AS [Id],       [Extent1].[Status] AS [Status],       [Extent1].[PhoneNumber] AS [PhoneNumber],       [Extent1].[NickName] AS [NickName],       [Extent1].[Signature] AS [Signature],       [Extent1].[Portrait] AS [Portrait],       [Extent1].[Gender] AS [Gender],       [Extent1].[District] AS [District],       [Extent1].[BackgroundImage] AS [BackgroundImage],       [Extent1].[CreatedTime] AS [CreatedTime],       [Extent1].[SignUpTime] AS [SignUpTime]      FROM [dbo].[Users] AS [Extent1]      WHERE ([Extent1].[Id] = @p__linq__0) AND (@p__linq__0 IS NOT NULL)|
2015-09-17 17:52:00.2323|Debug|ShiJu.Service.Heart|  |
2015-09-17 17:52:00.2323|Debug|ShiJu.Service.Heart|-- p__linq__0: '59ff2878-a300-40f9-add3-afb2d3ad2b65' (Type = Guid)  |
2015-09-17 17:52:00.2323|Debug|ShiJu.Service.Heart|-- Executing at 2015/9/17 17:52:00 +08:00  |
2015-09-17 17:52:01.0643|Debug|ShiJu.Service.Heart|-- Completed in 831 ms with result: SqlDataReader  |
2015-09-17 17:52:01.0643|Debug|ShiJu.Service.Heart|  |
2015-09-17 17:52:42.1480|Debug|ShiJu.Service.Heart|SELECT       CASE WHEN ( EXISTS (SELECT           1 AS [C1]          FROM [dbo].[PartyLikes] AS [Extent1]          WHERE ([Extent1].[UserId] = @p__linq__0) AND (@p__linq__0 IS NOT NULL)      )) THEN cast(1 as bit) WHEN ( NOT EXISTS (SELECT           1 AS [C1]          FROM [dbo].[PartyLikes] AS [Extent2]          WHERE ([Extent2].[UserId] = @p__linq__0) AND (@p__linq__0 IS NOT NULL)      )) THEN cast(0 as bit) END AS [C1]      FROM  ( SELECT 1 AS X ) AS [SingleRowTable1]|
2015-09-17 17:52:42.1480|Debug|ShiJu.Service.Heart|  |
2015-09-17 17:52:42.1480|Debug|ShiJu.Service.Heart|-- p__linq__0: '59ff2878-a300-40f9-add3-afb2d3ad2b65' (Type = Guid)  |
2015-09-17 17:52:42.1480|Debug|ShiJu.Service.Heart|-- Executing at 2015/9/17 17:52:42 +08:00  |
2015-09-17 17:52:42.2560|Debug|ShiJu.Service.Heart|-- Completed in 105 ms with result: SqlDataReader  |
2015-09-17 17:52:42.2560|Debug|ShiJu.Service.Heart|  |
2015-09-17 17:53:58.9042|Debug|ShiJu.Service.Heart|  SELECT Count(*)  FROM INFORMATION_SCHEMA.TABLES AS t  WHERE t.TABLE_TYPE = 'BASE TABLE'      AND (t.TABLE_SCHEMA + '.' + t.TABLE_NAME IN ('dbo.Accounts','dbo.FriendRequests','dbo.Friends','dbo.Participants','dbo.Parties','dbo.PartyComments','dbo.PartyLikes','dbo.Users','dbo.VerificationCodes')          OR t.TABLE_NAME = 'EdmMetadata')|
2015-09-17 17:53:58.9053|Debug|ShiJu.Service.Heart|  |
2015-09-17 17:53:58.9053|Debug|ShiJu.Service.Heart|-- Executing at 2015/9/17 17:53:58 +08:00  |
2015-09-17 17:53:59.0402|Debug|ShiJu.Service.Heart|-- Completed in 129 ms with result: 9  |
2015-09-17 17:53:59.0402|Debug|ShiJu.Service.Heart|  |
2015-09-17 17:54:00.6792|Debug|ShiJu.Service.Heart|SELECT       [GroupBy1].[A1] AS [C1]      FROM ( SELECT           COUNT(1) AS [A1]          FROM [dbo].[__MigrationHistory] AS [Extent1]      )  AS [GroupBy1]|
2015-09-17 17:54:00.6792|Debug|ShiJu.Service.Heart|  |
2015-09-17 17:54:00.6792|Debug|ShiJu.Service.Heart|-- Executing at 2015/9/17 17:54:00 +08:00  |
2015-09-17 17:54:00.7082|Debug|ShiJu.Service.Heart|-- Completed in 25 ms with result: SqlDataReader  |
2015-09-17 17:54:00.7082|Debug|ShiJu.Service.Heart|  |
2015-09-17 17:54:00.8412|Debug|ShiJu.Service.Heart|SELECT       [GroupBy1].[A1] AS [C1]      FROM ( SELECT           COUNT(1) AS [A1]          FROM [dbo].[__MigrationHistory] AS [Extent1]          WHERE ([Extent1].[ContextKey] = @p__linq__0) AND (@p__linq__0 IS NOT NULL)      )  AS [GroupBy1]|
2015-09-17 17:54:00.8412|Debug|ShiJu.Service.Heart|  |
2015-09-17 17:54:00.8442|Debug|ShiJu.Service.Heart|-- p__linq__0: 'ShiJu.Models.ShiJuDbContext' (Type = String, Size = 4000)  |
2015-09-17 17:54:00.8442|Debug|ShiJu.Service.Heart|-- Executing at 2015/9/17 17:54:00 +08:00  |
2015-09-17 17:54:00.8702|Debug|ShiJu.Service.Heart|-- Completed in 26 ms with result: SqlDataReader  |
2015-09-17 17:54:00.8702|Debug|ShiJu.Service.Heart|  |
2015-09-17 17:54:00.9688|Debug|ShiJu.Service.Heart|SELECT       [GroupBy1].[A1] AS [C1]      FROM ( SELECT           COUNT(1) AS [A1]          FROM [dbo].[__MigrationHistory] AS [Extent1]      )  AS [GroupBy1]|
2015-09-17 17:54:00.9688|Debug|ShiJu.Service.Heart|  |
2015-09-17 17:54:00.9688|Debug|ShiJu.Service.Heart|-- Executing at 2015/9/17 17:54:00 +08:00  |
2015-09-17 17:54:01.0092|Debug|ShiJu.Service.Heart|-- Completed in 39 ms with result: SqlDataReader  |
2015-09-17 17:54:01.0092|Debug|ShiJu.Service.Heart|  |
2015-09-17 17:54:01.0182|Debug|ShiJu.Service.Heart|SELECT       [GroupBy1].[A1] AS [C1]      FROM ( SELECT           COUNT(1) AS [A1]          FROM [dbo].[__MigrationHistory] AS [Extent1]          WHERE ([Extent1].[ContextKey] = @p__linq__0) AND (@p__linq__0 IS NOT NULL)      )  AS [GroupBy1]|
2015-09-17 17:54:01.0182|Debug|ShiJu.Service.Heart|  |
2015-09-17 17:54:01.0182|Debug|ShiJu.Service.Heart|-- p__linq__0: 'ShiJu.Models.ShiJuDbContext' (Type = String, Size = 4000)  |
2015-09-17 17:54:01.0182|Debug|ShiJu.Service.Heart|-- Executing at 2015/9/17 17:54:01 +08:00  |
2015-09-17 17:54:01.0622|Debug|ShiJu.Service.Heart|-- Completed in 40 ms with result: SqlDataReader  |
2015-09-17 17:54:01.0622|Debug|ShiJu.Service.Heart|  |
2015-09-17 17:54:01.2272|Debug|ShiJu.Service.Heart|SELECT TOP (1)       [Project1].[C1] AS [C1],       [Project1].[MigrationId] AS [MigrationId],       [Project1].[Model] AS [Model]      FROM ( SELECT           [Extent1].[MigrationId] AS [MigrationId],           [Extent1].[Model] AS [Model],           1 AS [C1]          FROM [dbo].[__MigrationHistory] AS [Extent1]          WHERE ([Extent1].[ContextKey] = @p__linq__0) AND (@p__linq__0 IS NOT NULL)      )  AS [Project1]      ORDER BY [Project1].[MigrationId] DESC|
2015-09-17 17:54:01.2272|Debug|ShiJu.Service.Heart|  |
2015-09-17 17:54:01.2272|Debug|ShiJu.Service.Heart|-- p__linq__0: 'ShiJu.Models.ShiJuDbContext' (Type = String, Size = 4000)  |
2015-09-17 17:54:01.2272|Debug|ShiJu.Service.Heart|-- Executing at 2015/9/17 17:54:01 +08:00  |
2015-09-17 17:54:01.3002|Debug|ShiJu.Service.Heart|-- Completed in 70 ms with result: SqlDataReader  |
2015-09-17 17:54:01.3002|Debug|ShiJu.Service.Heart|  |
2015-09-17 17:54:03.4951|Debug|ShiJu.Service.Heart|SELECT TOP (2)       [Extent1].[Id] AS [Id],       [Extent1].[CreatorUserId] AS [CreatorUserId],       [Extent1].[Sponsor] AS [Sponsor],       [Extent1].[BeginTime] AS [BeginTime],       [Extent1].[EndTime] AS [EndTime],       [Extent1].[Title] AS [Title],       [Extent1].[Description] AS [Description],       [Extent1].[Address] AS [Address],       [Extent1].[Images] AS [Images],       [Extent1].[Kind] AS [Kind],       [Extent1].[MaxUserCount] AS [MaxUserCount],       [Extent1].[DirectFriendVisible] AS [DirectFriendVisible],       [Extent1].[IsHot] AS [IsHot],       [Extent1].[LikeCount] AS [LikeCount],       [Extent1].[CommentCount] AS [CommentCount],       [Extent1].[VoteTitle] AS [VoteTitle],       [Extent1].[VoteChoicesJson] AS [VoteChoicesJson],       [Extent1].[VoteResult0Count] AS [VoteResult0Count],       [Extent1].[VoteResult1Count] AS [VoteResult1Count],       [Extent1].[VoteResult2Count] AS [VoteResult2Count],       [Extent1].[VoteResult3Count] AS [VoteResult3Count],       [Extent1].[VoteResult4Count] AS [VoteResult4Count],       [Extent1].[IsDisabled] AS [IsDisabled],       [Extent1].[CreatedTime] AS [CreatedTime]      FROM [dbo].[Parties] AS [Extent1]      WHERE [Extent1].[Id] = @p0|
2015-09-17 17:54:03.4951|Debug|ShiJu.Service.Heart|  |
2015-09-17 17:54:03.4951|Debug|ShiJu.Service.Heart|-- p0: 'd8c4109a-f6ae-40af-9ac6-ff1920916393' (Type = Guid)  |
2015-09-17 17:54:03.4951|Debug|ShiJu.Service.Heart|-- Executing at 2015/9/17 17:54:03 +08:00  |
2015-09-17 17:54:03.5371|Debug|ShiJu.Service.Heart|-- Completed in 40 ms with result: SqlDataReader  |
2015-09-17 17:54:03.5371|Debug|ShiJu.Service.Heart|  |
2015-09-17 17:54:03.7071|Debug|ShiJu.Service.Heart|SELECT       [Extent1].[PartyId] AS [PartyId],       [Extent1].[UserId] AS [UserId],       [Extent1].[Status] AS [Status],       [Extent1].[ProposedBeginTime] AS [ProposedBeginTime],       [Extent1].[ProposedEndTime] AS [ProposedEndTime],       [Extent1].[Unread] AS [Unread],       [Extent1].[CreatedTime] AS [CreatedTime]      FROM [dbo].[Participants] AS [Extent1]      WHERE ([Extent1].[PartyId] = @p__linq__0) AND (@p__linq__0 IS NOT NULL)|
2015-09-17 17:54:03.7071|Debug|ShiJu.Service.Heart|  |
2015-09-17 17:54:03.7071|Debug|ShiJu.Service.Heart|-- p__linq__0: 'd8c4109a-f6ae-40af-9ac6-ff1920916393' (Type = Guid)  |
2015-09-17 17:54:03.7071|Debug|ShiJu.Service.Heart|-- Executing at 2015/9/17 17:54:03 +08:00  |
2015-09-17 17:54:03.7651|Debug|ShiJu.Service.Heart|-- Completed in 47 ms with result: SqlDataReader  |
2015-09-17 17:54:03.7651|Debug|ShiJu.Service.Heart|  |
2015-09-17 17:54:03.8041|Debug|ShiJu.Service.Heart|SELECT TOP (5)       [Project1].[Id] AS [Id],       [Project1].[PartyId] AS [PartyId],       [Project1].[UserId] AS [UserId],       [Project1].[TargetUserId] AS [TargetUserId],       [Project1].[Text] AS [Text],       [Project1].[AudioId] AS [AudioId],       [Project1].[VoteResult] AS [VoteResult],       [Project1].[CreatedTime] AS [CreatedTime]      FROM ( SELECT           [Extent1].[Id] AS [Id],           [Extent1].[PartyId] AS [PartyId],           [Extent1].[UserId] AS [UserId],           [Extent1].[TargetUserId] AS [TargetUserId],           [Extent1].[Text] AS [Text],           [Extent1].[AudioId] AS [AudioId],           [Extent1].[VoteResult] AS [VoteResult],           [Extent1].[CreatedTime] AS [CreatedTime]          FROM [dbo].[PartyComments] AS [Extent1]          WHERE ([Extent1].[PartyId] = @p__linq__0) AND (@p__linq__0 IS NOT NULL) AND (N'' <> [Extent1].[Text])      )  AS [Project1]      ORDER BY [Project1].[CreatedTime] DESC|
2015-09-17 17:54:03.8041|Debug|ShiJu.Service.Heart|  |
2015-09-17 17:54:03.8041|Debug|ShiJu.Service.Heart|-- p__linq__0: 'd8c4109a-f6ae-40af-9ac6-ff1920916393' (Type = Guid)  |
2015-09-17 17:54:03.8041|Debug|ShiJu.Service.Heart|-- Executing at 2015/9/17 17:54:03 +08:00  |
2015-09-17 17:54:03.8431|Debug|ShiJu.Service.Heart|-- Completed in 37 ms with result: SqlDataReader  |
2015-09-17 17:54:03.8431|Debug|ShiJu.Service.Heart|  |
2015-09-17 17:54:03.8851|Debug|ShiJu.Service.Heart|SELECT TOP (1)       [Extent1].[Id] AS [Id],       [Extent1].[Status] AS [Status],       [Extent1].[PhoneNumber] AS [PhoneNumber],       [Extent1].[NickName] AS [NickName],       [Extent1].[Signature] AS [Signature],       [Extent1].[Portrait] AS [Portrait],       [Extent1].[Gender] AS [Gender],       [Extent1].[District] AS [District],       [Extent1].[BackgroundImage] AS [BackgroundImage],       [Extent1].[CreatedTime] AS [CreatedTime],       [Extent1].[SignUpTime] AS [SignUpTime]      FROM [dbo].[Users] AS [Extent1]      WHERE ([Extent1].[Id] = @p__linq__0) AND (@p__linq__0 IS NOT NULL)|
2015-09-17 17:54:03.8851|Debug|ShiJu.Service.Heart|  |
2015-09-17 17:54:03.8851|Debug|ShiJu.Service.Heart|-- p__linq__0: '59ff2878-a300-40f9-add3-afb2d3ad2b65' (Type = Guid)  |
2015-09-17 17:54:03.8851|Debug|ShiJu.Service.Heart|-- Executing at 2015/9/17 17:54:03 +08:00  |
2015-09-17 17:54:03.9251|Debug|ShiJu.Service.Heart|-- Completed in 39 ms with result: SqlDataReader  |
2015-09-17 17:54:03.9251|Debug|ShiJu.Service.Heart|  |
2015-09-17 17:54:04.0131|Debug|ShiJu.Service.Heart|SELECT       CASE WHEN ( EXISTS (SELECT           1 AS [C1]          FROM [dbo].[PartyLikes] AS [Extent1]          WHERE ([Extent1].[UserId] = @p__linq__0) AND (@p__linq__0 IS NOT NULL) AND ([Extent1].[PartyId] = @p__linq__1) AND (@p__linq__1 IS NOT NULL)      )) THEN cast(1 as bit) WHEN ( NOT EXISTS (SELECT           1 AS [C1]          FROM [dbo].[PartyLikes] AS [Extent2]          WHERE ([Extent2].[UserId] = @p__linq__0) AND (@p__linq__0 IS NOT NULL) AND ([Extent2].[PartyId] = @p__linq__1) AND (@p__linq__1 IS NOT NULL)      )) THEN cast(0 as bit) END AS [C1]      FROM  ( SELECT 1 AS X ) AS [SingleRowTable1]|
2015-09-17 17:54:04.0131|Debug|ShiJu.Service.Heart|  |
2015-09-17 17:54:04.0151|Debug|ShiJu.Service.Heart|-- p__linq__0: '59ff2878-a300-40f9-add3-afb2d3ad2b65' (Type = Guid)  |
2015-09-17 17:54:04.0151|Debug|ShiJu.Service.Heart|-- p__linq__1: 'd8c4109a-f6ae-40af-9ac6-ff1920916393' (Type = Guid)  |
2015-09-17 17:54:04.0151|Debug|ShiJu.Service.Heart|-- Executing at 2015/9/17 17:54:04 +08:00  |
2015-09-17 17:54:04.1401|Debug|ShiJu.Service.Heart|-- Completed in 123 ms with result: SqlDataReader  |
2015-09-17 17:54:04.1401|Debug|ShiJu.Service.Heart|  |
2015-09-17 17:54:06.8844|Debug|ShiJu.Service.Heart|SELECT       [Limit1].[VoteResult] AS [VoteResult]      FROM ( SELECT TOP (1)           [Extent1].[VoteResult] AS [VoteResult]          FROM [dbo].[PartyComments] AS [Extent1]          WHERE ([Extent1].[UserId] = @p__linq__0) AND (@p__linq__0 IS NOT NULL) AND ([Extent1].[PartyId] = @p__linq__1) AND (@p__linq__1 IS NOT NULL)      )  AS [Limit1]|
2015-09-17 17:54:06.8844|Debug|ShiJu.Service.Heart|  |
2015-09-17 17:54:06.8844|Debug|ShiJu.Service.Heart|-- p__linq__0: '59ff2878-a300-40f9-add3-afb2d3ad2b65' (Type = Guid)  |
2015-09-17 17:54:06.8844|Debug|ShiJu.Service.Heart|-- p__linq__1: 'd8c4109a-f6ae-40af-9ac6-ff1920916393' (Type = Guid)  |
2015-09-17 17:54:06.8844|Debug|ShiJu.Service.Heart|-- Executing at 2015/9/17 17:54:06 +08:00  |
2015-09-17 17:54:06.9231|Debug|ShiJu.Service.Heart|-- Completed in 35 ms with result: SqlDataReader  |
2015-09-17 17:54:06.9231|Debug|ShiJu.Service.Heart|  |
2015-09-17 17:59:03.1479|Debug|ShiJu.Service.Heart|  SELECT Count(*)  FROM INFORMATION_SCHEMA.TABLES AS t  WHERE t.TABLE_TYPE = 'BASE TABLE'      AND (t.TABLE_SCHEMA + '.' + t.TABLE_NAME IN ('dbo.Accounts','dbo.FriendRequests','dbo.Friends','dbo.Participants','dbo.Parties','dbo.PartyComments','dbo.PartyLikes','dbo.Users','dbo.VerificationCodes')          OR t.TABLE_NAME = 'EdmMetadata')|
2015-09-17 17:59:03.1479|Debug|ShiJu.Service.Heart|  |
2015-09-17 17:59:03.1479|Debug|ShiJu.Service.Heart|-- Executing at 2015/9/17 17:59:03 +08:00  |
2015-09-17 17:59:03.1779|Debug|ShiJu.Service.Heart|-- Completed in 22 ms with result: 9  |
2015-09-17 17:59:03.1779|Debug|ShiJu.Service.Heart|  |
2015-09-17 17:59:05.5118|Debug|ShiJu.Service.Heart|SELECT       [GroupBy1].[A1] AS [C1]      FROM ( SELECT           COUNT(1) AS [A1]          FROM [dbo].[__MigrationHistory] AS [Extent1]      )  AS [GroupBy1]|
2015-09-17 17:59:05.5118|Debug|ShiJu.Service.Heart|  |
2015-09-17 17:59:05.5118|Debug|ShiJu.Service.Heart|-- Executing at 2015/9/17 17:59:05 +08:00  |
2015-09-17 17:59:05.5468|Debug|ShiJu.Service.Heart|-- Completed in 35 ms with result: SqlDataReader  |
2015-09-17 17:59:05.5468|Debug|ShiJu.Service.Heart|  |
2015-09-17 17:59:05.6608|Debug|ShiJu.Service.Heart|SELECT       [GroupBy1].[A1] AS [C1]      FROM ( SELECT           COUNT(1) AS [A1]          FROM [dbo].[__MigrationHistory] AS [Extent1]          WHERE ([Extent1].[ContextKey] = @p__linq__0) AND (@p__linq__0 IS NOT NULL)      )  AS [GroupBy1]|
2015-09-17 17:59:05.6608|Debug|ShiJu.Service.Heart|  |
2015-09-17 17:59:05.6648|Debug|ShiJu.Service.Heart|-- p__linq__0: 'ShiJu.Models.ShiJuDbContext' (Type = String, Size = 4000)  |
2015-09-17 17:59:05.6648|Debug|ShiJu.Service.Heart|-- Executing at 2015/9/17 17:59:05 +08:00  |
2015-09-17 17:59:05.6988|Debug|ShiJu.Service.Heart|-- Completed in 34 ms with result: SqlDataReader  |
2015-09-17 17:59:05.6988|Debug|ShiJu.Service.Heart|  |
2015-09-17 17:59:05.7598|Debug|ShiJu.Service.Heart|SELECT       [GroupBy1].[A1] AS [C1]      FROM ( SELECT           COUNT(1) AS [A1]          FROM [dbo].[__MigrationHistory] AS [Extent1]      )  AS [GroupBy1]|
2015-09-17 17:59:05.7598|Debug|ShiJu.Service.Heart|  |
2015-09-17 17:59:05.7598|Debug|ShiJu.Service.Heart|-- Executing at 2015/9/17 17:59:05 +08:00  |
2015-09-17 17:59:05.7938|Debug|ShiJu.Service.Heart|-- Completed in 33 ms with result: SqlDataReader  |
2015-09-17 17:59:05.7938|Debug|ShiJu.Service.Heart|  |
2015-09-17 17:59:05.7938|Debug|ShiJu.Service.Heart|SELECT       [GroupBy1].[A1] AS [C1]      FROM ( SELECT           COUNT(1) AS [A1]          FROM [dbo].[__MigrationHistory] AS [Extent1]          WHERE ([Extent1].[ContextKey] = @p__linq__0) AND (@p__linq__0 IS NOT NULL)      )  AS [GroupBy1]|
2015-09-17 17:59:05.7938|Debug|ShiJu.Service.Heart|  |
2015-09-17 17:59:05.7938|Debug|ShiJu.Service.Heart|-- p__linq__0: 'ShiJu.Models.ShiJuDbContext' (Type = String, Size = 4000)  |
2015-09-17 17:59:05.7938|Debug|ShiJu.Service.Heart|-- Executing at 2015/9/17 17:59:05 +08:00  |
2015-09-17 17:59:05.8238|Debug|ShiJu.Service.Heart|-- Completed in 25 ms with result: SqlDataReader  |
2015-09-17 17:59:05.8238|Debug|ShiJu.Service.Heart|  |
2015-09-17 17:59:05.9008|Debug|ShiJu.Service.Heart|SELECT TOP (1)       [Project1].[C1] AS [C1],       [Project1].[MigrationId] AS [MigrationId],       [Project1].[Model] AS [Model]      FROM ( SELECT           [Extent1].[MigrationId] AS [MigrationId],           [Extent1].[Model] AS [Model],           1 AS [C1]          FROM [dbo].[__MigrationHistory] AS [Extent1]          WHERE ([Extent1].[ContextKey] = @p__linq__0) AND (@p__linq__0 IS NOT NULL)      )  AS [Project1]      ORDER BY [Project1].[MigrationId] DESC|
2015-09-17 17:59:05.9008|Debug|ShiJu.Service.Heart|  |
2015-09-17 17:59:05.9008|Debug|ShiJu.Service.Heart|-- p__linq__0: 'ShiJu.Models.ShiJuDbContext' (Type = String, Size = 4000)  |
2015-09-17 17:59:05.9008|Debug|ShiJu.Service.Heart|-- Executing at 2015/9/17 17:59:05 +08:00  |
2015-09-17 17:59:05.9488|Debug|ShiJu.Service.Heart|-- Completed in 47 ms with result: SqlDataReader  |
2015-09-17 17:59:05.9488|Debug|ShiJu.Service.Heart|  |
2015-09-17 17:59:06.7988|Debug|ShiJu.Service.Heart|SELECT TOP (2)       [Extent1].[Id] AS [Id],       [Extent1].[CreatorUserId] AS [CreatorUserId],       [Extent1].[Sponsor] AS [Sponsor],       [Extent1].[BeginTime] AS [BeginTime],       [Extent1].[EndTime] AS [EndTime],       [Extent1].[Title] AS [Title],       [Extent1].[Description] AS [Description],       [Extent1].[Address] AS [Address],       [Extent1].[Images] AS [Images],       [Extent1].[Kind] AS [Kind],       [Extent1].[MaxUserCount] AS [MaxUserCount],       [Extent1].[DirectFriendVisible] AS [DirectFriendVisible],       [Extent1].[IsHot] AS [IsHot],       [Extent1].[LikeCount] AS [LikeCount],       [Extent1].[CommentCount] AS [CommentCount],       [Extent1].[VoteTitle] AS [VoteTitle],       [Extent1].[VoteChoicesJson] AS [VoteChoicesJson],       [Extent1].[VoteResult0Count] AS [VoteResult0Count],       [Extent1].[VoteResult1Count] AS [VoteResult1Count],       [Extent1].[VoteResult2Count] AS [VoteResult2Count],       [Extent1].[VoteResult3Count] AS [VoteResult3Count],       [Extent1].[VoteResult4Count] AS [VoteResult4Count],       [Extent1].[IsDisabled] AS [IsDisabled],       [Extent1].[CreatedTime] AS [CreatedTime]      FROM [dbo].[Parties] AS [Extent1]      WHERE [Extent1].[Id] = @p0|
2015-09-17 17:59:06.7988|Debug|ShiJu.Service.Heart|  |
2015-09-17 17:59:06.7988|Debug|ShiJu.Service.Heart|-- p0: 'd8c4109a-f6ae-40af-9ac6-ff1920916393' (Type = Guid)  |
2015-09-17 17:59:06.7988|Debug|ShiJu.Service.Heart|-- Executing at 2015/9/17 17:59:06 +08:00  |
2015-09-17 17:59:06.8228|Debug|ShiJu.Service.Heart|-- Completed in 19 ms with result: SqlDataReader  |
2015-09-17 17:59:06.8228|Debug|ShiJu.Service.Heart|  |
2015-09-17 17:59:06.8698|Debug|ShiJu.Service.Heart|SELECT       [Extent1].[PartyId] AS [PartyId],       [Extent1].[UserId] AS [UserId],       [Extent1].[Status] AS [Status],       [Extent1].[ProposedBeginTime] AS [ProposedBeginTime],       [Extent1].[ProposedEndTime] AS [ProposedEndTime],       [Extent1].[Unread] AS [Unread],       [Extent1].[CreatedTime] AS [CreatedTime]      FROM [dbo].[Participants] AS [Extent1]      WHERE ([Extent1].[PartyId] = @p__linq__0) AND (@p__linq__0 IS NOT NULL)|
2015-09-17 17:59:06.8698|Debug|ShiJu.Service.Heart|  |
2015-09-17 17:59:06.8698|Debug|ShiJu.Service.Heart|-- p__linq__0: 'd8c4109a-f6ae-40af-9ac6-ff1920916393' (Type = Guid)  |
2015-09-17 17:59:06.8698|Debug|ShiJu.Service.Heart|-- Executing at 2015/9/17 17:59:06 +08:00  |
2015-09-17 17:59:06.8878|Debug|ShiJu.Service.Heart|-- Completed in 16 ms with result: SqlDataReader  |
2015-09-17 17:59:06.8878|Debug|ShiJu.Service.Heart|  |
2015-09-17 17:59:06.9008|Debug|ShiJu.Service.Heart|SELECT TOP (5)       [Project1].[Id] AS [Id],       [Project1].[PartyId] AS [PartyId],       [Project1].[UserId] AS [UserId],       [Project1].[TargetUserId] AS [TargetUserId],       [Project1].[Text] AS [Text],       [Project1].[AudioId] AS [AudioId],       [Project1].[VoteResult] AS [VoteResult],       [Project1].[CreatedTime] AS [CreatedTime]      FROM ( SELECT           [Extent1].[Id] AS [Id],           [Extent1].[PartyId] AS [PartyId],           [Extent1].[UserId] AS [UserId],           [Extent1].[TargetUserId] AS [TargetUserId],           [Extent1].[Text] AS [Text],           [Extent1].[AudioId] AS [AudioId],           [Extent1].[VoteResult] AS [VoteResult],           [Extent1].[CreatedTime] AS [CreatedTime]          FROM [dbo].[PartyComments] AS [Extent1]          WHERE ([Extent1].[PartyId] = @p__linq__0) AND (@p__linq__0 IS NOT NULL) AND (N'' <> [Extent1].[Text])      )  AS [Project1]      ORDER BY [Project1].[CreatedTime] DESC|
2015-09-17 17:59:06.9008|Debug|ShiJu.Service.Heart|  |
2015-09-17 17:59:06.9008|Debug|ShiJu.Service.Heart|-- p__linq__0: 'd8c4109a-f6ae-40af-9ac6-ff1920916393' (Type = Guid)  |
2015-09-17 17:59:06.9008|Debug|ShiJu.Service.Heart|-- Executing at 2015/9/17 17:59:06 +08:00  |
2015-09-17 17:59:06.9188|Debug|ShiJu.Service.Heart|-- Completed in 17 ms with result: SqlDataReader  |
2015-09-17 17:59:06.9188|Debug|ShiJu.Service.Heart|  |
2015-09-17 17:59:06.9368|Debug|ShiJu.Service.Heart|SELECT TOP (1)       [Extent1].[Id] AS [Id],       [Extent1].[Status] AS [Status],       [Extent1].[PhoneNumber] AS [PhoneNumber],       [Extent1].[NickName] AS [NickName],       [Extent1].[Signature] AS [Signature],       [Extent1].[Portrait] AS [Portrait],       [Extent1].[Gender] AS [Gender],       [Extent1].[District] AS [District],       [Extent1].[BackgroundImage] AS [BackgroundImage],       [Extent1].[CreatedTime] AS [CreatedTime],       [Extent1].[SignUpTime] AS [SignUpTime]      FROM [dbo].[Users] AS [Extent1]      WHERE ([Extent1].[Id] = @p__linq__0) AND (@p__linq__0 IS NOT NULL)|
2015-09-17 17:59:06.9368|Debug|ShiJu.Service.Heart|  |
2015-09-17 17:59:06.9368|Debug|ShiJu.Service.Heart|-- p__linq__0: '59ff2878-a300-40f9-add3-afb2d3ad2b65' (Type = Guid)  |
2015-09-17 17:59:06.9368|Debug|ShiJu.Service.Heart|-- Executing at 2015/9/17 17:59:06 +08:00  |
2015-09-17 17:59:06.9628|Debug|ShiJu.Service.Heart|-- Completed in 25 ms with result: SqlDataReader  |
2015-09-17 17:59:06.9628|Debug|ShiJu.Service.Heart|  |
2015-09-17 17:59:06.9948|Debug|ShiJu.Service.Heart|SELECT       CASE WHEN ( EXISTS (SELECT           1 AS [C1]          FROM [dbo].[PartyLikes] AS [Extent1]          WHERE ([Extent1].[UserId] = @p__linq__0) AND (@p__linq__0 IS NOT NULL) AND ([Extent1].[PartyId] = @p__linq__1) AND (@p__linq__1 IS NOT NULL)      )) THEN cast(1 as bit) WHEN ( NOT EXISTS (SELECT           1 AS [C1]          FROM [dbo].[PartyLikes] AS [Extent2]          WHERE ([Extent2].[UserId] = @p__linq__0) AND (@p__linq__0 IS NOT NULL) AND ([Extent2].[PartyId] = @p__linq__1) AND (@p__linq__1 IS NOT NULL)      )) THEN cast(0 as bit) END AS [C1]      FROM  ( SELECT 1 AS X ) AS [SingleRowTable1]|
2015-09-17 17:59:06.9948|Debug|ShiJu.Service.Heart|  |
2015-09-17 17:59:06.9948|Debug|ShiJu.Service.Heart|-- p__linq__0: '59ff2878-a300-40f9-add3-afb2d3ad2b65' (Type = Guid)  |
2015-09-17 17:59:06.9948|Debug|ShiJu.Service.Heart|-- p__linq__1: 'd8c4109a-f6ae-40af-9ac6-ff1920916393' (Type = Guid)  |
2015-09-17 17:59:06.9948|Debug|ShiJu.Service.Heart|-- Executing at 2015/9/17 17:59:06 +08:00  |
2015-09-17 17:59:07.0138|Debug|ShiJu.Service.Heart|-- Completed in 18 ms with result: SqlDataReader  |
2015-09-17 17:59:07.0138|Debug|ShiJu.Service.Heart|  |
2015-09-17 17:59:07.0228|Debug|ShiJu.Service.Heart|SELECT       [Limit1].[VoteResult] AS [VoteResult]      FROM ( SELECT TOP (1)           [Extent1].[VoteResult] AS [VoteResult]          FROM [dbo].[PartyComments] AS [Extent1]          WHERE ([Extent1].[UserId] = @p__linq__0) AND (@p__linq__0 IS NOT NULL) AND ([Extent1].[PartyId] = @p__linq__1) AND (@p__linq__1 IS NOT NULL)      )  AS [Limit1]|
2015-09-17 17:59:07.0228|Debug|ShiJu.Service.Heart|  |
2015-09-17 17:59:07.0228|Debug|ShiJu.Service.Heart|-- p__linq__0: '59ff2878-a300-40f9-add3-afb2d3ad2b65' (Type = Guid)  |
2015-09-17 17:59:07.0228|Debug|ShiJu.Service.Heart|-- p__linq__1: 'd8c4109a-f6ae-40af-9ac6-ff1920916393' (Type = Guid)  |
2015-09-17 17:59:07.0228|Debug|ShiJu.Service.Heart|-- Executing at 2015/9/17 17:59:07 +08:00  |
2015-09-17 17:59:07.0398|Debug|ShiJu.Service.Heart|-- Completed in 16 ms with result: SqlDataReader  |
2015-09-17 17:59:07.0398|Debug|ShiJu.Service.Heart|  |
2015-09-17 17:59:07.0398|Debug|ShiJu.Service.Heart|SELECT TOP (1)       [Extent1].[PartyId] AS [PartyId],       [Extent1].[UserId] AS [UserId],       [Extent1].[Status] AS [Status],       [Extent1].[ProposedBeginTime] AS [ProposedBeginTime],       [Extent1].[ProposedEndTime] AS [ProposedEndTime],       [Extent1].[Unread] AS [Unread],       [Extent1].[CreatedTime] AS [CreatedTime]      FROM [dbo].[Participants] AS [Extent1]      WHERE ([Extent1].[UserId] = @p__linq__0) AND (@p__linq__0 IS NOT NULL) AND ([Extent1].[PartyId] = @p__linq__1) AND (@p__linq__1 IS NOT NULL)|
2015-09-17 17:59:07.0398|Debug|ShiJu.Service.Heart|  |
2015-09-17 17:59:07.0398|Debug|ShiJu.Service.Heart|-- p__linq__0: '59ff2878-a300-40f9-add3-afb2d3ad2b65' (Type = Guid)  |
2015-09-17 17:59:07.0398|Debug|ShiJu.Service.Heart|-- p__linq__1: 'd8c4109a-f6ae-40af-9ac6-ff1920916393' (Type = Guid)  |
2015-09-17 17:59:07.0398|Debug|ShiJu.Service.Heart|-- Executing at 2015/9/17 17:59:07 +08:00  |
2015-09-17 17:59:07.0638|Debug|ShiJu.Service.Heart|-- Completed in 16 ms with result: SqlDataReader  |
2015-09-17 17:59:07.0638|Debug|ShiJu.Service.Heart|  |
2015-09-17 17:59:26.8497|Debug|ShiJu.Service.Heart|SELECT TOP (2)       [Extent1].[Id] AS [Id],       [Extent1].[CreatorUserId] AS [CreatorUserId],       [Extent1].[Sponsor] AS [Sponsor],       [Extent1].[BeginTime] AS [BeginTime],       [Extent1].[EndTime] AS [EndTime],       [Extent1].[Title] AS [Title],       [Extent1].[Description] AS [Description],       [Extent1].[Address] AS [Address],       [Extent1].[Images] AS [Images],       [Extent1].[Kind] AS [Kind],       [Extent1].[MaxUserCount] AS [MaxUserCount],       [Extent1].[DirectFriendVisible] AS [DirectFriendVisible],       [Extent1].[IsHot] AS [IsHot],       [Extent1].[LikeCount] AS [LikeCount],       [Extent1].[CommentCount] AS [CommentCount],       [Extent1].[VoteTitle] AS [VoteTitle],       [Extent1].[VoteChoicesJson] AS [VoteChoicesJson],       [Extent1].[VoteResult0Count] AS [VoteResult0Count],       [Extent1].[VoteResult1Count] AS [VoteResult1Count],       [Extent1].[VoteResult2Count] AS [VoteResult2Count],       [Extent1].[VoteResult3Count] AS [VoteResult3Count],       [Extent1].[VoteResult4Count] AS [VoteResult4Count],       [Extent1].[IsDisabled] AS [IsDisabled],       [Extent1].[CreatedTime] AS [CreatedTime]      FROM [dbo].[Parties] AS [Extent1]      WHERE [Extent1].[Id] = @p0|
2015-09-17 17:59:26.8497|Debug|ShiJu.Service.Heart|  |
2015-09-17 17:59:26.8497|Debug|ShiJu.Service.Heart|-- p0: 'd8c4109a-f6ae-40af-9ac6-ff1920916393' (Type = Guid)  |
2015-09-17 17:59:26.8497|Debug|ShiJu.Service.Heart|-- Executing at 2015/9/17 17:59:26 +08:00  |
2015-09-17 17:59:27.1717|Debug|ShiJu.Service.Heart|-- Completed in 319 ms with result: SqlDataReader  |
2015-09-17 17:59:27.1717|Debug|ShiJu.Service.Heart|  |
2015-09-17 17:59:27.1717|Debug|ShiJu.Service.Heart|SELECT       [Extent1].[PartyId] AS [PartyId],       [Extent1].[UserId] AS [UserId],       [Extent1].[Status] AS [Status],       [Extent1].[ProposedBeginTime] AS [ProposedBeginTime],       [Extent1].[ProposedEndTime] AS [ProposedEndTime],       [Extent1].[Unread] AS [Unread],       [Extent1].[CreatedTime] AS [CreatedTime]      FROM [dbo].[Participants] AS [Extent1]      WHERE ([Extent1].[PartyId] = @p__linq__0) AND (@p__linq__0 IS NOT NULL)|
2015-09-17 17:59:27.1717|Debug|ShiJu.Service.Heart|  |
2015-09-17 17:59:27.1717|Debug|ShiJu.Service.Heart|-- p__linq__0: 'd8c4109a-f6ae-40af-9ac6-ff1920916393' (Type = Guid)  |
2015-09-17 17:59:27.1717|Debug|ShiJu.Service.Heart|-- Executing at 2015/9/17 17:59:27 +08:00  |
2015-09-17 17:59:27.2427|Debug|ShiJu.Service.Heart|-- Completed in 65 ms with result: SqlDataReader  |
2015-09-17 17:59:27.2427|Debug|ShiJu.Service.Heart|  |
2015-09-17 17:59:27.2427|Debug|ShiJu.Service.Heart|SELECT TOP (5)       [Project1].[Id] AS [Id],       [Project1].[PartyId] AS [PartyId],       [Project1].[UserId] AS [UserId],       [Project1].[TargetUserId] AS [TargetUserId],       [Project1].[Text] AS [Text],       [Project1].[AudioId] AS [AudioId],       [Project1].[VoteResult] AS [VoteResult],       [Project1].[CreatedTime] AS [CreatedTime]      FROM ( SELECT           [Extent1].[Id] AS [Id],           [Extent1].[PartyId] AS [PartyId],           [Extent1].[UserId] AS [UserId],           [Extent1].[TargetUserId] AS [TargetUserId],           [Extent1].[Text] AS [Text],           [Extent1].[AudioId] AS [AudioId],           [Extent1].[VoteResult] AS [VoteResult],           [Extent1].[CreatedTime] AS [CreatedTime]          FROM [dbo].[PartyComments] AS [Extent1]          WHERE ([Extent1].[PartyId] = @p__linq__0) AND (@p__linq__0 IS NOT NULL) AND (N'' <> [Extent1].[Text])      )  AS [Project1]      ORDER BY [Project1].[CreatedTime] DESC|
2015-09-17 17:59:27.2427|Debug|ShiJu.Service.Heart|  |
2015-09-17 17:59:27.2427|Debug|ShiJu.Service.Heart|-- p__linq__0: 'd8c4109a-f6ae-40af-9ac6-ff1920916393' (Type = Guid)  |
2015-09-17 17:59:27.2427|Debug|ShiJu.Service.Heart|-- Executing at 2015/9/17 17:59:27 +08:00  |
2015-09-17 17:59:27.2967|Debug|ShiJu.Service.Heart|-- Completed in 47 ms with result: SqlDataReader  |
2015-09-17 17:59:27.2967|Debug|ShiJu.Service.Heart|  |
2015-09-17 17:59:27.2967|Debug|ShiJu.Service.Heart|SELECT TOP (1)       [Extent1].[Id] AS [Id],       [Extent1].[Status] AS [Status],       [Extent1].[PhoneNumber] AS [PhoneNumber],       [Extent1].[NickName] AS [NickName],       [Extent1].[Signature] AS [Signature],       [Extent1].[Portrait] AS [Portrait],       [Extent1].[Gender] AS [Gender],       [Extent1].[District] AS [District],       [Extent1].[BackgroundImage] AS [BackgroundImage],       [Extent1].[CreatedTime] AS [CreatedTime],       [Extent1].[SignUpTime] AS [SignUpTime]      FROM [dbo].[Users] AS [Extent1]      WHERE ([Extent1].[Id] = @p__linq__0) AND (@p__linq__0 IS NOT NULL)|
2015-09-17 17:59:27.3037|Debug|ShiJu.Service.Heart|  |
2015-09-17 17:59:27.3037|Debug|ShiJu.Service.Heart|-- p__linq__0: '59ff2878-a300-40f9-add3-afb2d3ad2b65' (Type = Guid)  |
2015-09-17 17:59:27.3037|Debug|ShiJu.Service.Heart|-- Executing at 2015/9/17 17:59:27 +08:00  |
2015-09-17 17:59:27.3557|Debug|ShiJu.Service.Heart|-- Completed in 51 ms with result: SqlDataReader  |
2015-09-17 17:59:27.3557|Debug|ShiJu.Service.Heart|  |
2015-09-17 18:00:21.5672|Debug|ShiJu.Service.Heart|SELECT       CASE WHEN ( EXISTS (SELECT           1 AS [C1]          FROM [dbo].[PartyLikes] AS [Extent1]          WHERE ([Extent1].[UserId] = @p__linq__0) AND (@p__linq__0 IS NOT NULL) AND ([Extent1].[PartyId] = @p__linq__1) AND (@p__linq__1 IS NOT NULL)      )) THEN cast(1 as bit) WHEN ( NOT EXISTS (SELECT           1 AS [C1]          FROM [dbo].[PartyLikes] AS [Extent2]          WHERE ([Extent2].[UserId] = @p__linq__0) AND (@p__linq__0 IS NOT NULL) AND ([Extent2].[PartyId] = @p__linq__1) AND (@p__linq__1 IS NOT NULL)      )) THEN cast(0 as bit) END AS [C1]      FROM  ( SELECT 1 AS X ) AS [SingleRowTable1]|
2015-09-17 18:00:21.5672|Debug|ShiJu.Service.Heart|  |
2015-09-17 18:00:21.5672|Debug|ShiJu.Service.Heart|-- p__linq__0: '59ff2878-a300-40f9-add3-afb2d3ad2b65' (Type = Guid)  |
2015-09-17 18:00:21.5672|Debug|ShiJu.Service.Heart|-- p__linq__1: 'd8c4109a-f6ae-40af-9ac6-ff1920916393' (Type = Guid)  |
2015-09-17 18:00:21.5682|Debug|ShiJu.Service.Heart|-- Executing at 2015/9/17 18:00:21 +08:00  |
2015-09-17 18:00:21.6522|Debug|ShiJu.Service.Heart|-- Completed in 83 ms with result: SqlDataReader  |
2015-09-17 18:00:21.6522|Debug|ShiJu.Service.Heart|  |
2015-09-17 18:00:32.0142|Debug|ShiJu.Service.Heart|SELECT       [Limit1].[VoteResult] AS [VoteResult]      FROM ( SELECT TOP (1)           [Extent1].[VoteResult] AS [VoteResult]          FROM [dbo].[PartyComments] AS [Extent1]          WHERE ([Extent1].[UserId] = @p__linq__0) AND (@p__linq__0 IS NOT NULL) AND ([Extent1].[PartyId] = @p__linq__1) AND (@p__linq__1 IS NOT NULL)      )  AS [Limit1]|
2015-09-17 18:00:32.0142|Debug|ShiJu.Service.Heart|  |
2015-09-17 18:00:32.0142|Debug|ShiJu.Service.Heart|-- p__linq__0: '59ff2878-a300-40f9-add3-afb2d3ad2b65' (Type = Guid)  |
2015-09-17 18:00:32.0142|Debug|ShiJu.Service.Heart|-- p__linq__1: 'd8c4109a-f6ae-40af-9ac6-ff1920916393' (Type = Guid)  |
2015-09-17 18:00:32.0142|Debug|ShiJu.Service.Heart|-- Executing at 2015/9/17 18:00:32 +08:00  |
2015-09-17 18:00:32.0562|Debug|ShiJu.Service.Heart|-- Completed in 43 ms with result: SqlDataReader  |
2015-09-17 18:00:32.0562|Debug|ShiJu.Service.Heart|  |
2015-09-17 18:04:01.3633|Debug|ShiJu.Service.Heart|  SELECT Count(*)  FROM INFORMATION_SCHEMA.TABLES AS t  WHERE t.TABLE_TYPE = 'BASE TABLE'      AND (t.TABLE_SCHEMA + '.' + t.TABLE_NAME IN ('dbo.Accounts','dbo.FriendRequests','dbo.Friends','dbo.Participants','dbo.Parties','dbo.PartyComments','dbo.PartyLikes','dbo.Users','dbo.VerificationCodes')          OR t.TABLE_NAME = 'EdmMetadata')|
2015-09-17 18:04:01.3633|Debug|ShiJu.Service.Heart|  |
2015-09-17 18:04:01.3673|Debug|ShiJu.Service.Heart|-- Executing at 2015/9/17 18:04:01 +08:00  |
2015-09-17 18:04:01.6486|Debug|ShiJu.Service.Heart|-- Completed in 274 ms with result: 9  |
2015-09-17 18:04:01.6486|Debug|ShiJu.Service.Heart|  |
2015-09-17 18:04:03.1435|Debug|ShiJu.Service.Heart|SELECT       [GroupBy1].[A1] AS [C1]      FROM ( SELECT           COUNT(1) AS [A1]          FROM [dbo].[__MigrationHistory] AS [Extent1]      )  AS [GroupBy1]|
2015-09-17 18:04:03.1435|Debug|ShiJu.Service.Heart|  |
2015-09-17 18:04:03.1435|Debug|ShiJu.Service.Heart|-- Executing at 2015/9/17 18:04:03 +08:00  |
2015-09-17 18:04:03.1965|Debug|ShiJu.Service.Heart|-- Completed in 48 ms with result: SqlDataReader  |
2015-09-17 18:04:03.1965|Debug|ShiJu.Service.Heart|  |
2015-09-17 18:04:03.2765|Debug|ShiJu.Service.Heart|SELECT       [GroupBy1].[A1] AS [C1]      FROM ( SELECT           COUNT(1) AS [A1]          FROM [dbo].[__MigrationHistory] AS [Extent1]          WHERE ([Extent1].[ContextKey] = @p__linq__0) AND (@p__linq__0 IS NOT NULL)      )  AS [GroupBy1]|
2015-09-17 18:04:03.2765|Debug|ShiJu.Service.Heart|  |
2015-09-17 18:04:03.2765|Debug|ShiJu.Service.Heart|-- p__linq__0: 'ShiJu.Models.ShiJuDbContext' (Type = String, Size = 4000)  |
2015-09-17 18:04:03.2765|Debug|ShiJu.Service.Heart|-- Executing at 2015/9/17 18:04:03 +08:00  |
2015-09-17 18:04:03.3125|Debug|ShiJu.Service.Heart|-- Completed in 35 ms with result: SqlDataReader  |
2015-09-17 18:04:03.3125|Debug|ShiJu.Service.Heart|  |
2015-09-17 18:04:03.3665|Debug|ShiJu.Service.Heart|SELECT       [GroupBy1].[A1] AS [C1]      FROM ( SELECT           COUNT(1) AS [A1]          FROM [dbo].[__MigrationHistory] AS [Extent1]      )  AS [GroupBy1]|
2015-09-17 18:04:03.3665|Debug|ShiJu.Service.Heart|  |
2015-09-17 18:04:03.3665|Debug|ShiJu.Service.Heart|-- Executing at 2015/9/17 18:04:03 +08:00  |
2015-09-17 18:04:03.3905|Debug|ShiJu.Service.Heart|-- Completed in 23 ms with result: SqlDataReader  |
2015-09-17 18:04:03.3905|Debug|ShiJu.Service.Heart|  |
2015-09-17 18:04:03.3905|Debug|ShiJu.Service.Heart|SELECT       [GroupBy1].[A1] AS [C1]      FROM ( SELECT           COUNT(1) AS [A1]          FROM [dbo].[__MigrationHistory] AS [Extent1]          WHERE ([Extent1].[ContextKey] = @p__linq__0) AND (@p__linq__0 IS NOT NULL)      )  AS [GroupBy1]|
2015-09-17 18:04:03.3905|Debug|ShiJu.Service.Heart|  |
2015-09-17 18:04:03.3905|Debug|ShiJu.Service.Heart|-- p__linq__0: 'ShiJu.Models.ShiJuDbContext' (Type = String, Size = 4000)  |
2015-09-17 18:04:03.3905|Debug|ShiJu.Service.Heart|-- Executing at 2015/9/17 18:04:03 +08:00  |
2015-09-17 18:04:03.4175|Debug|ShiJu.Service.Heart|-- Completed in 22 ms with result: SqlDataReader  |
2015-09-17 18:04:03.4175|Debug|ShiJu.Service.Heart|  |
2015-09-17 18:04:03.4855|Debug|ShiJu.Service.Heart|SELECT TOP (1)       [Project1].[C1] AS [C1],       [Project1].[MigrationId] AS [MigrationId],       [Project1].[Model] AS [Model]      FROM ( SELECT           [Extent1].[MigrationId] AS [MigrationId],           [Extent1].[Model] AS [Model],           1 AS [C1]          FROM [dbo].[__MigrationHistory] AS [Extent1]          WHERE ([Extent1].[ContextKey] = @p__linq__0) AND (@p__linq__0 IS NOT NULL)      )  AS [Project1]      ORDER BY [Project1].[MigrationId] DESC|
2015-09-17 18:04:03.4855|Debug|ShiJu.Service.Heart|  |
2015-09-17 18:04:03.4855|Debug|ShiJu.Service.Heart|-- p__linq__0: 'ShiJu.Models.ShiJuDbContext' (Type = String, Size = 4000)  |
2015-09-17 18:04:03.4855|Debug|ShiJu.Service.Heart|-- Executing at 2015/9/17 18:04:03 +08:00  |
2015-09-17 18:04:03.5235|Debug|ShiJu.Service.Heart|-- Completed in 36 ms with result: SqlDataReader  |
2015-09-17 18:04:03.5235|Debug|ShiJu.Service.Heart|  |
2015-09-17 18:04:04.9856|Debug|ShiJu.Service.Heart|SELECT TOP (2)       [Extent1].[Id] AS [Id],       [Extent1].[CreatorUserId] AS [CreatorUserId],       [Extent1].[Sponsor] AS [Sponsor],       [Extent1].[BeginTime] AS [BeginTime],       [Extent1].[EndTime] AS [EndTime],       [Extent1].[Title] AS [Title],       [Extent1].[Description] AS [Description],       [Extent1].[Address] AS [Address],       [Extent1].[Images] AS [Images],       [Extent1].[Kind] AS [Kind],       [Extent1].[MaxUserCount] AS [MaxUserCount],       [Extent1].[DirectFriendVisible] AS [DirectFriendVisible],       [Extent1].[IsHot] AS [IsHot],       [Extent1].[LikeCount] AS [LikeCount],       [Extent1].[CommentCount] AS [CommentCount],       [Extent1].[VoteTitle] AS [VoteTitle],       [Extent1].[VoteChoicesJson] AS [VoteChoicesJson],       [Extent1].[VoteResult0Count] AS [VoteResult0Count],       [Extent1].[VoteResult1Count] AS [VoteResult1Count],       [Extent1].[VoteResult2Count] AS [VoteResult2Count],       [Extent1].[VoteResult3Count] AS [VoteResult3Count],       [Extent1].[VoteResult4Count] AS [VoteResult4Count],       [Extent1].[IsDisabled] AS [IsDisabled],       [Extent1].[CreatedTime] AS [CreatedTime]      FROM [dbo].[Parties] AS [Extent1]      WHERE [Extent1].[Id] = @p0|
2015-09-17 18:04:04.9856|Debug|ShiJu.Service.Heart|  |
2015-09-17 18:04:04.9856|Debug|ShiJu.Service.Heart|-- p0: 'd8c4109a-f6ae-40af-9ac6-ff1920916393' (Type = Guid)  |
2015-09-17 18:04:04.9856|Debug|ShiJu.Service.Heart|-- Executing at 2015/9/17 18:04:04 +08:00  |
2015-09-17 18:04:05.1426|Debug|ShiJu.Service.Heart|-- Completed in 156 ms with result: SqlDataReader  |
2015-09-17 18:04:05.1426|Debug|ShiJu.Service.Heart|  |
2015-09-17 18:04:05.2666|Debug|ShiJu.Service.Heart|SELECT       [Extent1].[PartyId] AS [PartyId],       [Extent1].[UserId] AS [UserId],       [Extent1].[Status] AS [Status],       [Extent1].[ProposedBeginTime] AS [ProposedBeginTime],       [Extent1].[ProposedEndTime] AS [ProposedEndTime],       [Extent1].[Unread] AS [Unread],       [Extent1].[CreatedTime] AS [CreatedTime]      FROM [dbo].[Participants] AS [Extent1]      WHERE ([Extent1].[PartyId] = @p__linq__0) AND (@p__linq__0 IS NOT NULL)|
2015-09-17 18:04:05.2666|Debug|ShiJu.Service.Heart|  |
2015-09-17 18:04:05.2666|Debug|ShiJu.Service.Heart|-- p__linq__0: 'd8c4109a-f6ae-40af-9ac6-ff1920916393' (Type = Guid)  |
2015-09-17 18:04:05.2666|Debug|ShiJu.Service.Heart|-- Executing at 2015/9/17 18:04:05 +08:00  |
2015-09-17 18:04:05.3076|Debug|ShiJu.Service.Heart|-- Completed in 40 ms with result: SqlDataReader  |
2015-09-17 18:04:05.3076|Debug|ShiJu.Service.Heart|  |
2015-09-17 18:04:05.3466|Debug|ShiJu.Service.Heart|SELECT TOP (5)       [Project1].[Id] AS [Id],       [Project1].[PartyId] AS [PartyId],       [Project1].[UserId] AS [UserId],       [Project1].[TargetUserId] AS [TargetUserId],       [Project1].[Text] AS [Text],       [Project1].[AudioId] AS [AudioId],       [Project1].[VoteResult] AS [VoteResult],       [Project1].[CreatedTime] AS [CreatedTime]      FROM ( SELECT           [Extent1].[Id] AS [Id],           [Extent1].[PartyId] AS [PartyId],           [Extent1].[UserId] AS [UserId],           [Extent1].[TargetUserId] AS [TargetUserId],           [Extent1].[Text] AS [Text],           [Extent1].[AudioId] AS [AudioId],           [Extent1].[VoteResult] AS [VoteResult],           [Extent1].[CreatedTime] AS [CreatedTime]          FROM [dbo].[PartyComments] AS [Extent1]          WHERE ([Extent1].[PartyId] = @p__linq__0) AND (@p__linq__0 IS NOT NULL) AND (N'' <> [Extent1].[Text])      )  AS [Project1]      ORDER BY [Project1].[CreatedTime] DESC|
2015-09-17 18:04:05.3466|Debug|ShiJu.Service.Heart|  |
2015-09-17 18:04:05.3466|Debug|ShiJu.Service.Heart|-- p__linq__0: 'd8c4109a-f6ae-40af-9ac6-ff1920916393' (Type = Guid)  |
2015-09-17 18:04:05.3466|Debug|ShiJu.Service.Heart|-- Executing at 2015/9/17 18:04:05 +08:00  |
2015-09-17 18:04:05.4136|Debug|ShiJu.Service.Heart|-- Completed in 65 ms with result: SqlDataReader  |
2015-09-17 18:04:05.4136|Debug|ShiJu.Service.Heart|  |
2015-09-17 18:04:05.4537|Debug|ShiJu.Service.Heart|SELECT TOP (1)       [Extent1].[Id] AS [Id],       [Extent1].[Status] AS [Status],       [Extent1].[PhoneNumber] AS [PhoneNumber],       [Extent1].[NickName] AS [NickName],       [Extent1].[Signature] AS [Signature],       [Extent1].[Portrait] AS [Portrait],       [Extent1].[Gender] AS [Gender],       [Extent1].[District] AS [District],       [Extent1].[BackgroundImage] AS [BackgroundImage],       [Extent1].[CreatedTime] AS [CreatedTime],       [Extent1].[SignUpTime] AS [SignUpTime]      FROM [dbo].[Users] AS [Extent1]      WHERE ([Extent1].[Id] = @p__linq__0) AND (@p__linq__0 IS NOT NULL)|
2015-09-17 18:04:05.4537|Debug|ShiJu.Service.Heart|  |
2015-09-17 18:04:05.4537|Debug|ShiJu.Service.Heart|-- p__linq__0: '59ff2878-a300-40f9-add3-afb2d3ad2b65' (Type = Guid)  |
2015-09-17 18:04:05.4537|Debug|ShiJu.Service.Heart|-- Executing at 2015/9/17 18:04:05 +08:00  |
2015-09-17 18:04:05.4857|Debug|ShiJu.Service.Heart|-- Completed in 32 ms with result: SqlDataReader  |
2015-09-17 18:04:05.4857|Debug|ShiJu.Service.Heart|  |
2015-09-17 18:04:05.5637|Debug|ShiJu.Service.Heart|SELECT       CASE WHEN ( EXISTS (SELECT           1 AS [C1]          FROM [dbo].[PartyLikes] AS [Extent1]          WHERE ([Extent1].[UserId] = @p__linq__0) AND (@p__linq__0 IS NOT NULL) AND ([Extent1].[PartyId] = @p__linq__1) AND (@p__linq__1 IS NOT NULL)      )) THEN cast(1 as bit) WHEN ( NOT EXISTS (SELECT           1 AS [C1]          FROM [dbo].[PartyLikes] AS [Extent2]          WHERE ([Extent2].[UserId] = @p__linq__0) AND (@p__linq__0 IS NOT NULL) AND ([Extent2].[PartyId] = @p__linq__1) AND (@p__linq__1 IS NOT NULL)      )) THEN cast(0 as bit) END AS [C1]      FROM  ( SELECT 1 AS X ) AS [SingleRowTable1]|
2015-09-17 18:04:05.5637|Debug|ShiJu.Service.Heart|  |
2015-09-17 18:04:05.5637|Debug|ShiJu.Service.Heart|-- p__linq__0: '59ff2878-a300-40f9-add3-afb2d3ad2b65' (Type = Guid)  |
2015-09-17 18:04:05.5637|Debug|ShiJu.Service.Heart|-- p__linq__1: 'd8c4109a-f6ae-40af-9ac6-ff1920916393' (Type = Guid)  |
2015-09-17 18:04:05.5637|Debug|ShiJu.Service.Heart|-- Executing at 2015/9/17 18:04:05 +08:00  |
2015-09-17 18:04:05.6657|Debug|ShiJu.Service.Heart|-- Completed in 101 ms with result: SqlDataReader  |
2015-09-17 18:04:05.6657|Debug|ShiJu.Service.Heart|  |
2015-09-17 18:04:05.6927|Debug|ShiJu.Service.Heart|SELECT       [Limit1].[VoteResult] AS [VoteResult]      FROM ( SELECT TOP (1)           [Extent1].[VoteResult] AS [VoteResult]          FROM [dbo].[PartyComments] AS [Extent1]          WHERE ([Extent1].[UserId] = @p__linq__0) AND (@p__linq__0 IS NOT NULL) AND ([Extent1].[PartyId] = @p__linq__1) AND (@p__linq__1 IS NOT NULL)      )  AS [Limit1]|
2015-09-17 18:04:05.6927|Debug|ShiJu.Service.Heart|  |
2015-09-17 18:04:05.6927|Debug|ShiJu.Service.Heart|-- p__linq__0: '59ff2878-a300-40f9-add3-afb2d3ad2b65' (Type = Guid)  |
2015-09-17 18:04:05.6927|Debug|ShiJu.Service.Heart|-- p__linq__1: 'd8c4109a-f6ae-40af-9ac6-ff1920916393' (Type = Guid)  |
2015-09-17 18:04:05.6927|Debug|ShiJu.Service.Heart|-- Executing at 2015/9/17 18:04:05 +08:00  |
2015-09-17 18:04:05.7217|Debug|ShiJu.Service.Heart|-- Completed in 27 ms with result: SqlDataReader  |
2015-09-17 18:04:05.7217|Debug|ShiJu.Service.Heart|  |
