2015-11-18 17:36:05.0336|Debug|ShiJu.Service.Heart|  SELECT Count(*)  FROM INFORMATION_SCHEMA.TABLES AS t  WHERE t.TABLE_TYPE = 'BASE TABLE'      AND (t.TABLE_SCHEMA + '.' + t.TABLE_NAME IN ('dbo.Accounts','dbo.FriendRequests','dbo.Friends','dbo.Participants','dbo.Parties','dbo.PartyComments','dbo.PartyLikes','dbo.Users','dbo.VerificationCodes')          OR t.TABLE_NAME = 'EdmMetadata')|
2015-11-18 17:36:05.0336|Debug|ShiJu.Service.Heart|  |
2015-11-18 17:36:05.0336|Debug|ShiJu.Service.Heart|-- Executing at 2015/11/18 17:36:05 +08:00  |
2015-11-18 17:36:05.1366|Debug|ShiJu.Service.Heart|-- Completed in 86 ms with result: 9  |
2015-11-18 17:36:05.1366|Debug|ShiJu.Service.Heart|  |
2015-11-18 17:36:07.9926|Debug|ShiJu.Service.Heart|SELECT       [GroupBy1].[A1] AS [C1]      FROM ( SELECT           COUNT(1) AS [A1]          FROM [dbo].[__MigrationHistory] AS [Extent1]      )  AS [GroupBy1]|
2015-11-18 17:36:07.9926|Debug|ShiJu.Service.Heart|  |
2015-11-18 17:36:07.9926|Debug|ShiJu.Service.Heart|-- Executing at 2015/11/18 17:36:07 +08:00  |
2015-11-18 17:36:08.0876|Debug|ShiJu.Service.Heart|-- Completed in 93 ms with result: SqlDataReader  |
2015-11-18 17:36:08.0876|Debug|ShiJu.Service.Heart|  |
2015-11-18 17:36:08.3346|Debug|ShiJu.Service.Heart|SELECT       [GroupBy1].[A1] AS [C1]      FROM ( SELECT           COUNT(1) AS [A1]          FROM [dbo].[__MigrationHistory] AS [Extent1]          WHERE ([Extent1].[ContextKey] = @p__linq__0) AND (@p__linq__0 IS NOT NULL)      )  AS [GroupBy1]|
2015-11-18 17:36:08.3346|Debug|ShiJu.Service.Heart|  |
2015-11-18 17:36:08.3346|Debug|ShiJu.Service.Heart|-- p__linq__0: 'ShiJu.Models.ShiJuDbContext' (Type = String, Size = 4000)  |
2015-11-18 17:36:08.3346|Debug|ShiJu.Service.Heart|-- Executing at 2015/11/18 17:36:08 +08:00  |
2015-11-18 17:36:08.3856|Debug|ShiJu.Service.Heart|-- Completed in 47 ms with result: SqlDataReader  |
2015-11-18 17:36:08.3856|Debug|ShiJu.Service.Heart|  |
2015-11-18 17:36:08.5606|Debug|ShiJu.Service.Heart|SELECT       [GroupBy1].[A1] AS [C1]      FROM ( SELECT           COUNT(1) AS [A1]          FROM [dbo].[__MigrationHistory] AS [Extent1]      )  AS [GroupBy1]|
2015-11-18 17:36:08.5616|Debug|ShiJu.Service.Heart|  |
2015-11-18 17:36:08.5616|Debug|ShiJu.Service.Heart|-- Executing at 2015/11/18 17:36:08 +08:00  |
2015-11-18 17:36:08.6506|Debug|ShiJu.Service.Heart|-- Completed in 87 ms with result: SqlDataReader  |
2015-11-18 17:36:08.6506|Debug|ShiJu.Service.Heart|  |
2015-11-18 17:36:08.6656|Debug|ShiJu.Service.Heart|SELECT       [GroupBy1].[A1] AS [C1]      FROM ( SELECT           COUNT(1) AS [A1]          FROM [dbo].[__MigrationHistory] AS [Extent1]          WHERE ([Extent1].[ContextKey] = @p__linq__0) AND (@p__linq__0 IS NOT NULL)      )  AS [GroupBy1]|
2015-11-18 17:36:08.6656|Debug|ShiJu.Service.Heart|  |
2015-11-18 17:36:08.6656|Debug|ShiJu.Service.Heart|-- p__linq__0: 'ShiJu.Models.ShiJuDbContext' (Type = String, Size = 4000)  |
2015-11-18 17:36:08.6656|Debug|ShiJu.Service.Heart|-- Executing at 2015/11/18 17:36:08 +08:00  |
2015-11-18 17:36:08.8636|Debug|ShiJu.Service.Heart|-- Completed in 195 ms with result: SqlDataReader  |
2015-11-18 17:36:08.8636|Debug|ShiJu.Service.Heart|  |
2015-11-18 17:36:09.0586|Debug|ShiJu.Service.Heart|SELECT TOP (1)       [Project1].[C1] AS [C1],       [Project1].[MigrationId] AS [MigrationId],       [Project1].[Model] AS [Model]      FROM ( SELECT           [Extent1].[MigrationId] AS [MigrationId],           [Extent1].[Model] AS [Model],           1 AS [C1]          FROM [dbo].[__MigrationHistory] AS [Extent1]          WHERE ([Extent1].[ContextKey] = @p__linq__0) AND (@p__linq__0 IS NOT NULL)      )  AS [Project1]      ORDER BY [Project1].[MigrationId] DESC|
2015-11-18 17:36:09.0586|Debug|ShiJu.Service.Heart|  |
2015-11-18 17:36:09.0586|Debug|ShiJu.Service.Heart|-- p__linq__0: 'ShiJu.Models.ShiJuDbContext' (Type = String, Size = 4000)  |
2015-11-18 17:36:09.0616|Debug|ShiJu.Service.Heart|-- Executing at 2015/11/18 17:36:09 +08:00  |
2015-11-18 17:36:09.1226|Debug|ShiJu.Service.Heart|-- Completed in 60 ms with result: SqlDataReader  |
2015-11-18 17:36:09.1226|Debug|ShiJu.Service.Heart|  |
2015-11-18 17:36:10.8396|Debug|ShiJu.Service.Heart|SELECT       CASE WHEN ( EXISTS (SELECT           1 AS [C1]          FROM [dbo].[VerificationCodes] AS [Extent1]          WHERE ([Extent1].[PhoneNumber] = @p__linq__0) AND (@p__linq__0 IS NOT NULL) AND ((([Extent1].[Code] = @p__linq__1) AND ( NOT ([Extent1].[Code] IS NULL OR @p__linq__1 IS NULL))) OR (([Extent1].[Code] IS NULL) AND (@p__linq__1 IS NULL))) AND ([Extent1].[CreatedTime] > @p__linq__2)      )) THEN cast(1 as bit) WHEN ( NOT EXISTS (SELECT           1 AS [C1]          FROM [dbo].[VerificationCodes] AS [Extent2]          WHERE ([Extent2].[PhoneNumber] = @p__linq__0) AND (@p__linq__0 IS NOT NULL) AND ((([Extent2].[Code] = @p__linq__1) AND ( NOT ([Extent2].[Code] IS NULL OR @p__linq__1 IS NULL))) OR (([Extent2].[Code] IS NULL) AND (@p__linq__1 IS NULL))) AND ([Extent2].[CreatedTime] > @p__linq__2)      )) THEN cast(0 as bit) END AS [C1]      FROM  ( SELECT 1 AS X ) AS [SingleRowTable1]|
2015-11-18 17:36:10.8396|Debug|ShiJu.Service.Heart|  |
2015-11-18 17:36:10.8396|Debug|ShiJu.Service.Heart|-- p__linq__0: '123456' (Type = String, Size = 4000)  |
2015-11-18 17:36:10.8396|Debug|ShiJu.Service.Heart|-- p__linq__1: '123456' (Type = String, Size = 4000)  |
2015-11-18 17:36:10.8396|Debug|ShiJu.Service.Heart|-- p__linq__2: '2015/11/18 9:06:02' (Type = DateTime2)  |
2015-11-18 17:36:10.8396|Debug|ShiJu.Service.Heart|-- Executing at 2015/11/18 17:36:10 +08:00  |
2015-11-18 17:36:10.9306|Debug|ShiJu.Service.Heart|-- Completed in 88 ms with result: SqlDataReader  |
2015-11-18 17:36:10.9306|Debug|ShiJu.Service.Heart|  |
2015-11-18 17:36:14.5221|Debug|ShiJu.Service.Heart|SELECT       CASE WHEN ( EXISTS (SELECT           1 AS [C1]          FROM [dbo].[Accounts] AS [Extent1]          WHERE (0 =  CAST( [Extent1].[Type] AS bigint)) AND ( CAST( [Extent1].[Type] AS bigint) IS NOT NULL) AND ([Extent1].[Name] = @p__linq__0) AND (@p__linq__0 IS NOT NULL)      )) THEN cast(1 as bit) WHEN ( NOT EXISTS (SELECT           1 AS [C1]          FROM [dbo].[Accounts] AS [Extent2]          WHERE (0 =  CAST( [Extent2].[Type] AS bigint)) AND ( CAST( [Extent2].[Type] AS bigint) IS NOT NULL) AND ([Extent2].[Name] = @p__linq__0) AND (@p__linq__0 IS NOT NULL)      )) THEN cast(0 as bit) END AS [C1]      FROM  ( SELECT 1 AS X ) AS [SingleRowTable1]|
2015-11-18 17:36:14.5221|Debug|ShiJu.Service.Heart|  |
2015-11-18 17:36:14.5221|Debug|ShiJu.Service.Heart|-- p__linq__0: '123456' (Type = String, Size = 4000)  |
2015-11-18 17:36:14.5221|Debug|ShiJu.Service.Heart|-- Executing at 2015/11/18 17:36:14 +08:00  |
2015-11-18 17:36:14.5621|Debug|ShiJu.Service.Heart|-- Completed in 37 ms with result: SqlDataReader  |
2015-11-18 17:36:14.5621|Debug|ShiJu.Service.Heart|  |
2015-11-18 17:36:20.3169|Debug|ShiJu.Service.Heart|SELECT TOP (1)       [Extent1].[Id] AS [Id],       [Extent1].[Status] AS [Status],       [Extent1].[PhoneNumber] AS [PhoneNumber],       [Extent1].[NickName] AS [NickName],       [Extent1].[Signature] AS [Signature],       [Extent1].[Portrait] AS [Portrait],       [Extent1].[Gender] AS [Gender],       [Extent1].[District] AS [District],       [Extent1].[BackgroundImage] AS [BackgroundImage],       [Extent1].[NeedNotification] AS [NeedNotification],       [Extent1].[CreatedTime] AS [CreatedTime],       [Extent1].[SignUpTime] AS [SignUpTime]      FROM [dbo].[Users] AS [Extent1]      WHERE ([Extent1].[PhoneNumber] = @p__linq__0) AND (@p__linq__0 IS NOT NULL)|
2015-11-18 17:36:20.3169|Debug|ShiJu.Service.Heart|  |
2015-11-18 17:36:20.3169|Debug|ShiJu.Service.Heart|-- p__linq__0: '123456' (Type = String, Size = 4000)  |
2015-11-18 17:36:20.3169|Debug|ShiJu.Service.Heart|-- Executing at 2015/11/18 17:36:20 +08:00  |
2015-11-18 17:36:20.3599|Debug|ShiJu.Service.Heart|-- Completed in 38 ms with result: SqlDataReader  |
2015-11-18 17:36:20.3599|Debug|ShiJu.Service.Heart|  |
2015-11-18 17:36:44.1313|Debug|ShiJu.Service.Heart|INSERT [dbo].[Accounts]([Id], [UserId], [Type], [Name], [Password], [CreatedTime])  VALUES (@0, @1, @2, @3, @4, @5)  |
2015-11-18 17:36:44.1313|Debug|ShiJu.Service.Heart|-- @0: '977c6662-6fa7-4916-9a97-a885701d1922' (Type = Guid)  |
2015-11-18 17:36:44.1313|Debug|ShiJu.Service.Heart|-- @1: 'f25d8f5b-4537-43ba-9272-60340ecb167a' (Type = Guid)  |
2015-11-18 17:36:44.1313|Debug|ShiJu.Service.Heart|-- @2: '0' (Type = Int64)  |
2015-11-18 17:36:44.1313|Debug|ShiJu.Service.Heart|-- @3: '123456' (Type = String, Size = 64)  |
2015-11-18 17:36:44.1392|Debug|ShiJu.Service.Heart|-- @4: '123456' (Type = String, Size = 64)  |
2015-11-18 17:36:44.1392|Debug|ShiJu.Service.Heart|-- @5: '2015/11/18 9:35:53' (Type = DateTime2)  |
2015-11-18 17:36:44.1392|Debug|ShiJu.Service.Heart|-- Executing at 2015/11/18 17:36:44 +08:00  |
2015-11-18 17:36:44.2202|Debug|ShiJu.Service.Heart|-- Completed in 75 ms with result: 1  |
2015-11-18 17:36:44.2202|Debug|ShiJu.Service.Heart|  |
2015-11-18 17:36:44.2202|Debug|ShiJu.Service.Heart|INSERT [dbo].[Users]([Id], [Status], [PhoneNumber], [NickName], [Signature], [Portrait], [Gender], [District], [BackgroundImage], [NeedNotification], [CreatedTime], [SignUpTime])  VALUES (@0, @1, @2, @3, @4, @5, @6, @7, @8, @9, @10, @11)  |
2015-11-18 17:36:44.2202|Debug|ShiJu.Service.Heart|-- @0: 'f25d8f5b-4537-43ba-9272-60340ecb167a' (Type = Guid)  |
2015-11-18 17:36:44.2202|Debug|ShiJu.Service.Heart|-- @1: '0' (Type = Int64)  |
2015-11-18 17:36:44.2202|Debug|ShiJu.Service.Heart|-- @2: '123456' (Type = String, Size = 64)  |
2015-11-18 17:36:44.2202|Debug|ShiJu.Service.Heart|-- @3: '' (Type = String, Size = 128)  |
2015-11-18 17:36:44.2202|Debug|ShiJu.Service.Heart|-- @4: '' (Type = String, Size = 512)  |
2015-11-18 17:36:44.2202|Debug|ShiJu.Service.Heart|-- @5: '00000000-0000-0000-0000-000000000000' (Type = Guid)  |
2015-11-18 17:36:44.2202|Debug|ShiJu.Service.Heart|-- @6: '0' (Type = Int64)  |
2015-11-18 17:36:44.2202|Debug|ShiJu.Service.Heart|-- @7: '' (Type = String, Size = 128)  |
2015-11-18 17:36:44.2202|Debug|ShiJu.Service.Heart|-- @8: '00000000-0000-0000-0000-000000000000' (Type = Guid)  |
2015-11-18 17:36:44.2202|Debug|ShiJu.Service.Heart|-- @9: 'True' (Type = Boolean)  |
2015-11-18 17:36:44.2202|Debug|ShiJu.Service.Heart|-- @10: '2015/11/18 9:35:53' (Type = DateTime2)  |
2015-11-18 17:36:44.2202|Debug|ShiJu.Service.Heart|-- @11: '2015/11/18 9:35:53' (Type = DateTime2)  |
2015-11-18 17:36:44.2202|Debug|ShiJu.Service.Heart|-- Executing at 2015/11/18 17:36:44 +08:00  |
2015-11-18 17:36:44.3112|Debug|ShiJu.Service.Heart|-- Completed in 81 ms with result: 1  |
2015-11-18 17:36:44.3112|Debug|ShiJu.Service.Heart|  |
2015-11-18 17:45:42.5142|Debug|ShiJu.Service.Heart|  SELECT Count(*)  FROM INFORMATION_SCHEMA.TABLES AS t  WHERE t.TABLE_TYPE = 'BASE TABLE'      AND (t.TABLE_SCHEMA + '.' + t.TABLE_NAME IN ('dbo.Accounts','dbo.FriendRequests','dbo.Friends','dbo.Participants','dbo.Parties','dbo.PartyComments','dbo.PartyLikes','dbo.Users','dbo.VerificationCodes')          OR t.TABLE_NAME = 'EdmMetadata')|
2015-11-18 17:45:42.5142|Debug|ShiJu.Service.Heart|  |
2015-11-18 17:45:42.5142|Debug|ShiJu.Service.Heart|-- Executing at 2015/11/18 17:45:42 +08:00  |
2015-11-18 17:45:42.5752|Debug|ShiJu.Service.Heart|-- Completed in 54 ms with result: 9  |
2015-11-18 17:45:42.5752|Debug|ShiJu.Service.Heart|  |
2015-11-18 17:45:44.9402|Debug|ShiJu.Service.Heart|SELECT       [GroupBy1].[A1] AS [C1]      FROM ( SELECT           COUNT(1) AS [A1]          FROM [dbo].[__MigrationHistory] AS [Extent1]      )  AS [GroupBy1]|
2015-11-18 17:45:44.9402|Debug|ShiJu.Service.Heart|  |
2015-11-18 17:45:44.9402|Debug|ShiJu.Service.Heart|-- Executing at 2015/11/18 17:45:44 +08:00  |
2015-11-18 17:45:45.0262|Debug|ShiJu.Service.Heart|-- Completed in 84 ms with result: SqlDataReader  |
2015-11-18 17:45:45.0262|Debug|ShiJu.Service.Heart|  |
2015-11-18 17:45:45.2742|Debug|ShiJu.Service.Heart|SELECT       [GroupBy1].[A1] AS [C1]      FROM ( SELECT           COUNT(1) AS [A1]          FROM [dbo].[__MigrationHistory] AS [Extent1]          WHERE ([Extent1].[ContextKey] = @p__linq__0) AND (@p__linq__0 IS NOT NULL)      )  AS [GroupBy1]|
2015-11-18 17:45:45.2742|Debug|ShiJu.Service.Heart|  |
2015-11-18 17:45:45.2742|Debug|ShiJu.Service.Heart|-- p__linq__0: 'ShiJu.Models.ShiJuDbContext' (Type = String, Size = 4000)  |
2015-11-18 17:45:45.2742|Debug|ShiJu.Service.Heart|-- Executing at 2015/11/18 17:45:45 +08:00  |
2015-11-18 17:45:45.3642|Debug|ShiJu.Service.Heart|-- Completed in 81 ms with result: SqlDataReader  |
2015-11-18 17:45:45.3642|Debug|ShiJu.Service.Heart|  |
2015-11-18 17:45:45.5102|Debug|ShiJu.Service.Heart|SELECT       [GroupBy1].[A1] AS [C1]      FROM ( SELECT           COUNT(1) AS [A1]          FROM [dbo].[__MigrationHistory] AS [Extent1]      )  AS [GroupBy1]|
2015-11-18 17:45:45.5102|Debug|ShiJu.Service.Heart|  |
2015-11-18 17:45:45.5102|Debug|ShiJu.Service.Heart|-- Executing at 2015/11/18 17:45:45 +08:00  |
2015-11-18 17:45:45.5542|Debug|ShiJu.Service.Heart|-- Completed in 42 ms with result: SqlDataReader  |
2015-11-18 17:45:45.5542|Debug|ShiJu.Service.Heart|  |
2015-11-18 17:45:45.5662|Debug|ShiJu.Service.Heart|SELECT       [GroupBy1].[A1] AS [C1]      FROM ( SELECT           COUNT(1) AS [A1]          FROM [dbo].[__MigrationHistory] AS [Extent1]          WHERE ([Extent1].[ContextKey] = @p__linq__0) AND (@p__linq__0 IS NOT NULL)      )  AS [GroupBy1]|
2015-11-18 17:45:45.5662|Debug|ShiJu.Service.Heart|  |
2015-11-18 17:45:45.5662|Debug|ShiJu.Service.Heart|-- p__linq__0: 'ShiJu.Models.ShiJuDbContext' (Type = String, Size = 4000)  |
2015-11-18 17:45:45.5662|Debug|ShiJu.Service.Heart|-- Executing at 2015/11/18 17:45:45 +08:00  |
2015-11-18 17:45:45.6392|Debug|ShiJu.Service.Heart|-- Completed in 71 ms with result: SqlDataReader  |
2015-11-18 17:45:45.6392|Debug|ShiJu.Service.Heart|  |
2015-11-18 17:45:45.7892|Debug|ShiJu.Service.Heart|SELECT TOP (1)       [Project1].[C1] AS [C1],       [Project1].[MigrationId] AS [MigrationId],       [Project1].[Model] AS [Model]      FROM ( SELECT           [Extent1].[MigrationId] AS [MigrationId],           [Extent1].[Model] AS [Model],           1 AS [C1]          FROM [dbo].[__MigrationHistory] AS [Extent1]          WHERE ([Extent1].[ContextKey] = @p__linq__0) AND (@p__linq__0 IS NOT NULL)      )  AS [Project1]      ORDER BY [Project1].[MigrationId] DESC|
2015-11-18 17:45:45.7892|Debug|ShiJu.Service.Heart|  |
2015-11-18 17:45:45.7892|Debug|ShiJu.Service.Heart|-- p__linq__0: 'ShiJu.Models.ShiJuDbContext' (Type = String, Size = 4000)  |
2015-11-18 17:45:45.7902|Debug|ShiJu.Service.Heart|-- Executing at 2015/11/18 17:45:45 +08:00  |
2015-11-18 17:45:45.8492|Debug|ShiJu.Service.Heart|-- Completed in 58 ms with result: SqlDataReader  |
2015-11-18 17:45:45.8492|Debug|ShiJu.Service.Heart|  |
2015-11-18 17:45:47.6932|Debug|ShiJu.Service.Heart|SELECT       CASE WHEN ( EXISTS (SELECT           1 AS [C1]          FROM [dbo].[VerificationCodes] AS [Extent1]          WHERE ([Extent1].[PhoneNumber] = @p__linq__0) AND (@p__linq__0 IS NOT NULL) AND ((([Extent1].[Code] = @p__linq__1) AND ( NOT ([Extent1].[Code] IS NULL OR @p__linq__1 IS NULL))) OR (([Extent1].[Code] IS NULL) AND (@p__linq__1 IS NULL))) AND ([Extent1].[CreatedTime] > @p__linq__2)      )) THEN cast(1 as bit) WHEN ( NOT EXISTS (SELECT           1 AS [C1]          FROM [dbo].[VerificationCodes] AS [Extent2]          WHERE ([Extent2].[PhoneNumber] = @p__linq__0) AND (@p__linq__0 IS NOT NULL) AND ((([Extent2].[Code] = @p__linq__1) AND ( NOT ([Extent2].[Code] IS NULL OR @p__linq__1 IS NULL))) OR (([Extent2].[Code] IS NULL) AND (@p__linq__1 IS NULL))) AND ([Extent2].[CreatedTime] > @p__linq__2)      )) THEN cast(0 as bit) END AS [C1]      FROM  ( SELECT 1 AS X ) AS [SingleRowTable1]|
2015-11-18 17:45:47.6932|Debug|ShiJu.Service.Heart|  |
2015-11-18 17:45:47.6932|Debug|ShiJu.Service.Heart|-- p__linq__0: '1234567' (Type = String, Size = 4000)  |
2015-11-18 17:45:47.6932|Debug|ShiJu.Service.Heart|-- p__linq__1: '1234567' (Type = String, Size = 4000)  |
2015-11-18 17:45:47.6932|Debug|ShiJu.Service.Heart|-- p__linq__2: '2015/11/18 9:15:39' (Type = DateTime2)  |
2015-11-18 17:45:47.6962|Debug|ShiJu.Service.Heart|-- Executing at 2015/11/18 17:45:47 +08:00  |
2015-11-18 17:45:47.8092|Debug|ShiJu.Service.Heart|-- Completed in 113 ms with result: SqlDataReader  |
2015-11-18 17:45:47.8092|Debug|ShiJu.Service.Heart|  |
2015-11-18 17:45:49.1989|Debug|ShiJu.Service.Heart|SELECT       CASE WHEN ( EXISTS (SELECT           1 AS [C1]          FROM [dbo].[Accounts] AS [Extent1]          WHERE (0 =  CAST( [Extent1].[Type] AS bigint)) AND ( CAST( [Extent1].[Type] AS bigint) IS NOT NULL) AND ([Extent1].[Name] = @p__linq__0) AND (@p__linq__0 IS NOT NULL)      )) THEN cast(1 as bit) WHEN ( NOT EXISTS (SELECT           1 AS [C1]          FROM [dbo].[Accounts] AS [Extent2]          WHERE (0 =  CAST( [Extent2].[Type] AS bigint)) AND ( CAST( [Extent2].[Type] AS bigint) IS NOT NULL) AND ([Extent2].[Name] = @p__linq__0) AND (@p__linq__0 IS NOT NULL)      )) THEN cast(0 as bit) END AS [C1]      FROM  ( SELECT 1 AS X ) AS [SingleRowTable1]|
2015-11-18 17:45:49.1989|Debug|ShiJu.Service.Heart|  |
2015-11-18 17:45:49.1989|Debug|ShiJu.Service.Heart|-- p__linq__0: '1234567' (Type = String, Size = 4000)  |
2015-11-18 17:45:49.1989|Debug|ShiJu.Service.Heart|-- Executing at 2015/11/18 17:45:49 +08:00  |
2015-11-18 17:45:49.2459|Debug|ShiJu.Service.Heart|-- Completed in 44 ms with result: SqlDataReader  |
2015-11-18 17:45:49.2459|Debug|ShiJu.Service.Heart|  |
2015-11-18 17:45:55.4374|Debug|ShiJu.Service.Heart|SELECT TOP (1)       [Extent1].[Id] AS [Id],       [Extent1].[Status] AS [Status],       [Extent1].[PhoneNumber] AS [PhoneNumber],       [Extent1].[NickName] AS [NickName],       [Extent1].[Signature] AS [Signature],       [Extent1].[Portrait] AS [Portrait],       [Extent1].[Gender] AS [Gender],       [Extent1].[District] AS [District],       [Extent1].[BackgroundImage] AS [BackgroundImage],       [Extent1].[NeedNotification] AS [NeedNotification],       [Extent1].[CreatedTime] AS [CreatedTime],       [Extent1].[SignUpTime] AS [SignUpTime]      FROM [dbo].[Users] AS [Extent1]      WHERE ([Extent1].[PhoneNumber] = @p__linq__0) AND (@p__linq__0 IS NOT NULL)|
2015-11-18 17:45:55.4374|Debug|ShiJu.Service.Heart|  |
2015-11-18 17:45:55.4374|Debug|ShiJu.Service.Heart|-- p__linq__0: '1234567' (Type = String, Size = 4000)  |
2015-11-18 17:45:55.4374|Debug|ShiJu.Service.Heart|-- Executing at 2015/11/18 17:45:55 +08:00  |
2015-11-18 17:45:55.4923|Debug|ShiJu.Service.Heart|-- Completed in 50 ms with result: SqlDataReader  |
2015-11-18 17:45:55.4923|Debug|ShiJu.Service.Heart|  |
2015-11-18 17:46:56.1869|Debug|ShiJu.Service.Heart|  SELECT Count(*)  FROM INFORMATION_SCHEMA.TABLES AS t  WHERE t.TABLE_TYPE = 'BASE TABLE'      AND (t.TABLE_SCHEMA + '.' + t.TABLE_NAME IN ('dbo.Accounts','dbo.FriendRequests','dbo.Friends','dbo.Participants','dbo.Parties','dbo.PartyComments','dbo.PartyLikes','dbo.Users','dbo.VerificationCodes')          OR t.TABLE_NAME = 'EdmMetadata')|
2015-11-18 17:46:56.1869|Debug|ShiJu.Service.Heart|  |
2015-11-18 17:46:56.1869|Debug|ShiJu.Service.Heart|-- Executing at 2015/11/18 17:46:56 +08:00  |
2015-11-18 17:46:56.2569|Debug|ShiJu.Service.Heart|-- Completed in 61 ms with result: 9  |
2015-11-18 17:46:56.2579|Debug|ShiJu.Service.Heart|  |
2015-11-18 17:46:59.0879|Debug|ShiJu.Service.Heart|SELECT       [GroupBy1].[A1] AS [C1]      FROM ( SELECT           COUNT(1) AS [A1]          FROM [dbo].[__MigrationHistory] AS [Extent1]      )  AS [GroupBy1]|
2015-11-18 17:46:59.0879|Debug|ShiJu.Service.Heart|  |
2015-11-18 17:46:59.0879|Debug|ShiJu.Service.Heart|-- Executing at 2015/11/18 17:46:59 +08:00  |
2015-11-18 17:46:59.1649|Debug|ShiJu.Service.Heart|-- Completed in 75 ms with result: SqlDataReader  |
2015-11-18 17:46:59.1649|Debug|ShiJu.Service.Heart|  |
2015-11-18 17:46:59.3799|Debug|ShiJu.Service.Heart|SELECT       [GroupBy1].[A1] AS [C1]      FROM ( SELECT           COUNT(1) AS [A1]          FROM [dbo].[__MigrationHistory] AS [Extent1]          WHERE ([Extent1].[ContextKey] = @p__linq__0) AND (@p__linq__0 IS NOT NULL)      )  AS [GroupBy1]|
2015-11-18 17:46:59.3799|Debug|ShiJu.Service.Heart|  |
2015-11-18 17:46:59.3839|Debug|ShiJu.Service.Heart|-- p__linq__0: 'ShiJu.Models.ShiJuDbContext' (Type = String, Size = 4000)  |
2015-11-18 17:46:59.3839|Debug|ShiJu.Service.Heart|-- Executing at 2015/11/18 17:46:59 +08:00  |
2015-11-18 17:46:59.4889|Debug|ShiJu.Service.Heart|-- Completed in 104 ms with result: SqlDataReader  |
2015-11-18 17:46:59.4889|Debug|ShiJu.Service.Heart|  |
2015-11-18 17:46:59.6619|Debug|ShiJu.Service.Heart|SELECT       [GroupBy1].[A1] AS [C1]      FROM ( SELECT           COUNT(1) AS [A1]          FROM [dbo].[__MigrationHistory] AS [Extent1]      )  AS [GroupBy1]|
2015-11-18 17:46:59.6619|Debug|ShiJu.Service.Heart|  |
2015-11-18 17:46:59.6619|Debug|ShiJu.Service.Heart|-- Executing at 2015/11/18 17:46:59 +08:00  |
2015-11-18 17:46:59.7169|Debug|ShiJu.Service.Heart|-- Completed in 53 ms with result: SqlDataReader  |
2015-11-18 17:46:59.7169|Debug|ShiJu.Service.Heart|  |
2015-11-18 17:46:59.7289|Debug|ShiJu.Service.Heart|SELECT       [GroupBy1].[A1] AS [C1]      FROM ( SELECT           COUNT(1) AS [A1]          FROM [dbo].[__MigrationHistory] AS [Extent1]          WHERE ([Extent1].[ContextKey] = @p__linq__0) AND (@p__linq__0 IS NOT NULL)      )  AS [GroupBy1]|
2015-11-18 17:46:59.7289|Debug|ShiJu.Service.Heart|  |
2015-11-18 17:46:59.7289|Debug|ShiJu.Service.Heart|-- p__linq__0: 'ShiJu.Models.ShiJuDbContext' (Type = String, Size = 4000)  |
2015-11-18 17:46:59.7289|Debug|ShiJu.Service.Heart|-- Executing at 2015/11/18 17:46:59 +08:00  |
2015-11-18 17:46:59.7839|Debug|ShiJu.Service.Heart|-- Completed in 53 ms with result: SqlDataReader  |
2015-11-18 17:46:59.7839|Debug|ShiJu.Service.Heart|  |
2015-11-18 17:47:00.0299|Debug|ShiJu.Service.Heart|SELECT TOP (1)       [Project1].[C1] AS [C1],       [Project1].[MigrationId] AS [MigrationId],       [Project1].[Model] AS [Model]      FROM ( SELECT           [Extent1].[MigrationId] AS [MigrationId],           [Extent1].[Model] AS [Model],           1 AS [C1]          FROM [dbo].[__MigrationHistory] AS [Extent1]          WHERE ([Extent1].[ContextKey] = @p__linq__0) AND (@p__linq__0 IS NOT NULL)      )  AS [Project1]      ORDER BY [Project1].[MigrationId] DESC|
2015-11-18 17:47:00.0299|Debug|ShiJu.Service.Heart|  |
2015-11-18 17:47:00.0299|Debug|ShiJu.Service.Heart|-- p__linq__0: 'ShiJu.Models.ShiJuDbContext' (Type = String, Size = 4000)  |
2015-11-18 17:47:00.0429|Debug|ShiJu.Service.Heart|-- Executing at 2015/11/18 17:47:00 +08:00  |
2015-11-18 17:47:00.1259|Debug|ShiJu.Service.Heart|-- Completed in 82 ms with result: SqlDataReader  |
2015-11-18 17:47:00.1259|Debug|ShiJu.Service.Heart|  |
2015-11-18 17:47:02.0789|Debug|ShiJu.Service.Heart|SELECT       CASE WHEN ( EXISTS (SELECT           1 AS [C1]          FROM [dbo].[VerificationCodes] AS [Extent1]          WHERE ([Extent1].[PhoneNumber] = @p__linq__0) AND (@p__linq__0 IS NOT NULL) AND ((([Extent1].[Code] = @p__linq__1) AND ( NOT ([Extent1].[Code] IS NULL OR @p__linq__1 IS NULL))) OR (([Extent1].[Code] IS NULL) AND (@p__linq__1 IS NULL))) AND ([Extent1].[CreatedTime] > @p__linq__2)      )) THEN cast(1 as bit) WHEN ( NOT EXISTS (SELECT           1 AS [C1]          FROM [dbo].[VerificationCodes] AS [Extent2]          WHERE ([Extent2].[PhoneNumber] = @p__linq__0) AND (@p__linq__0 IS NOT NULL) AND ((([Extent2].[Code] = @p__linq__1) AND ( NOT ([Extent2].[Code] IS NULL OR @p__linq__1 IS NULL))) OR (([Extent2].[Code] IS NULL) AND (@p__linq__1 IS NULL))) AND ([Extent2].[CreatedTime] > @p__linq__2)      )) THEN cast(0 as bit) END AS [C1]      FROM  ( SELECT 1 AS X ) AS [SingleRowTable1]|
2015-11-18 17:47:02.0789|Debug|ShiJu.Service.Heart|  |
2015-11-18 17:47:02.0789|Debug|ShiJu.Service.Heart|-- p__linq__0: '1234567' (Type = String, Size = 4000)  |
2015-11-18 17:47:02.0789|Debug|ShiJu.Service.Heart|-- p__linq__1: '1234567' (Type = String, Size = 4000)  |
2015-11-18 17:47:02.0789|Debug|ShiJu.Service.Heart|-- p__linq__2: '2015/11/18 9:16:52' (Type = DateTime2)  |
2015-11-18 17:47:02.0789|Debug|ShiJu.Service.Heart|-- Executing at 2015/11/18 17:47:02 +08:00  |
2015-11-18 17:47:02.1469|Debug|ShiJu.Service.Heart|-- Completed in 65 ms with result: SqlDataReader  |
2015-11-18 17:47:02.1479|Debug|ShiJu.Service.Heart|  |
2015-11-18 17:47:04.3493|Debug|ShiJu.Service.Heart|SELECT       CASE WHEN ( EXISTS (SELECT           1 AS [C1]          FROM [dbo].[Accounts] AS [Extent1]          WHERE (0 =  CAST( [Extent1].[Type] AS bigint)) AND ( CAST( [Extent1].[Type] AS bigint) IS NOT NULL) AND ([Extent1].[Name] = @p__linq__0) AND (@p__linq__0 IS NOT NULL)      )) THEN cast(1 as bit) WHEN ( NOT EXISTS (SELECT           1 AS [C1]          FROM [dbo].[Accounts] AS [Extent2]          WHERE (0 =  CAST( [Extent2].[Type] AS bigint)) AND ( CAST( [Extent2].[Type] AS bigint) IS NOT NULL) AND ([Extent2].[Name] = @p__linq__0) AND (@p__linq__0 IS NOT NULL)      )) THEN cast(0 as bit) END AS [C1]      FROM  ( SELECT 1 AS X ) AS [SingleRowTable1]|
2015-11-18 17:47:04.3493|Debug|ShiJu.Service.Heart|  |
2015-11-18 17:47:04.3513|Debug|ShiJu.Service.Heart|-- p__linq__0: '1234567' (Type = String, Size = 4000)  |
2015-11-18 17:47:04.3513|Debug|ShiJu.Service.Heart|-- Executing at 2015/11/18 17:47:04 +08:00  |
2015-11-18 17:47:04.4033|Debug|ShiJu.Service.Heart|-- Completed in 49 ms with result: SqlDataReader  |
2015-11-18 17:47:04.4033|Debug|ShiJu.Service.Heart|  |
2015-11-18 17:47:06.4837|Debug|ShiJu.Service.Heart|SELECT TOP (1)       [Extent1].[Id] AS [Id],       [Extent1].[Status] AS [Status],       [Extent1].[PhoneNumber] AS [PhoneNumber],       [Extent1].[NickName] AS [NickName],       [Extent1].[Signature] AS [Signature],       [Extent1].[Portrait] AS [Portrait],       [Extent1].[Gender] AS [Gender],       [Extent1].[District] AS [District],       [Extent1].[BackgroundImage] AS [BackgroundImage],       [Extent1].[NeedNotification] AS [NeedNotification],       [Extent1].[CreatedTime] AS [CreatedTime],       [Extent1].[SignUpTime] AS [SignUpTime]      FROM [dbo].[Users] AS [Extent1]      WHERE ([Extent1].[PhoneNumber] = @p__linq__0) AND (@p__linq__0 IS NOT NULL)|
2015-11-18 17:47:06.4837|Debug|ShiJu.Service.Heart|  |
2015-11-18 17:47:06.4837|Debug|ShiJu.Service.Heart|-- p__linq__0: '1234567' (Type = String, Size = 4000)  |
2015-11-18 17:47:06.4837|Debug|ShiJu.Service.Heart|-- Executing at 2015/11/18 17:47:06 +08:00  |
2015-11-18 17:47:06.5278|Debug|ShiJu.Service.Heart|-- Completed in 41 ms with result: SqlDataReader  |
2015-11-18 17:47:06.5278|Debug|ShiJu.Service.Heart|  |
2015-11-18 17:47:23.7768|Debug|ShiJu.Service.Heart|INSERT [dbo].[Accounts]([Id], [UserId], [Type], [Name], [Password], [CreatedTime])  VALUES (@0, @1, @2, @3, @4, @5)  |
2015-11-18 17:47:23.7898|Debug|ShiJu.Service.Heart|-- @0: '3fe522e1-4de8-4167-bd1f-062d28a725f0' (Type = Guid)  |
2015-11-18 17:47:23.7898|Debug|ShiJu.Service.Heart|-- @1: 'a9254b1d-9246-4e6a-afb5-974601f90eac' (Type = Guid)  |
2015-11-18 17:47:23.7898|Debug|ShiJu.Service.Heart|-- @2: '0' (Type = Int64)  |
2015-11-18 17:47:23.7898|Debug|ShiJu.Service.Heart|-- @3: '1234567' (Type = String, Size = 64)  |
2015-11-18 17:47:23.7898|Debug|ShiJu.Service.Heart|-- @4: '123456' (Type = String, Size = 64)  |
2015-11-18 17:47:23.7898|Debug|ShiJu.Service.Heart|-- @5: '2015/11/18 9:46:46' (Type = DateTime2)  |
2015-11-18 17:47:23.7898|Debug|ShiJu.Service.Heart|-- Executing at 2015/11/18 17:47:23 +08:00  |
2015-11-18 17:47:23.8658|Debug|ShiJu.Service.Heart|-- Completed in 69 ms with result: 1  |
2015-11-18 17:47:23.8668|Debug|ShiJu.Service.Heart|  |
2015-11-18 17:47:23.8668|Debug|ShiJu.Service.Heart|INSERT [dbo].[Users]([Id], [Status], [PhoneNumber], [NickName], [Signature], [Portrait], [Gender], [District], [BackgroundImage], [NeedNotification], [CreatedTime], [SignUpTime])  VALUES (@0, @1, @2, @3, @4, @5, @6, @7, @8, @9, @10, @11)  |
2015-11-18 17:47:23.8668|Debug|ShiJu.Service.Heart|-- @0: 'a9254b1d-9246-4e6a-afb5-974601f90eac' (Type = Guid)  |
2015-11-18 17:47:23.8668|Debug|ShiJu.Service.Heart|-- @1: '0' (Type = Int64)  |
2015-11-18 17:47:23.8668|Debug|ShiJu.Service.Heart|-- @2: '1234567' (Type = String, Size = 64)  |
2015-11-18 17:47:23.8668|Debug|ShiJu.Service.Heart|-- @3: '' (Type = String, Size = 128)  |
2015-11-18 17:47:23.8668|Debug|ShiJu.Service.Heart|-- @4: '' (Type = String, Size = 512)  |
2015-11-18 17:47:23.8668|Debug|ShiJu.Service.Heart|-- @5: '00000000-0000-0000-0000-000000000000' (Type = Guid)  |
2015-11-18 17:47:23.8668|Debug|ShiJu.Service.Heart|-- @6: '0' (Type = Int64)  |
2015-11-18 17:47:23.8668|Debug|ShiJu.Service.Heart|-- @7: '' (Type = String, Size = 128)  |
2015-11-18 17:47:23.8668|Debug|ShiJu.Service.Heart|-- @8: '00000000-0000-0000-0000-000000000000' (Type = Guid)  |
2015-11-18 17:47:23.8668|Debug|ShiJu.Service.Heart|-- @9: 'True' (Type = Boolean)  |
2015-11-18 17:47:23.8668|Debug|ShiJu.Service.Heart|-- @10: '2015/11/18 9:46:46' (Type = DateTime2)  |
2015-11-18 17:47:23.8668|Debug|ShiJu.Service.Heart|-- @11: '2015/11/18 9:46:46' (Type = DateTime2)  |
2015-11-18 17:47:23.8668|Debug|ShiJu.Service.Heart|-- Executing at 2015/11/18 17:47:23 +08:00  |
2015-11-18 17:47:24.0018|Debug|ShiJu.Service.Heart|-- Completed in 131 ms with result: 1  |
2015-11-18 17:47:24.0018|Debug|ShiJu.Service.Heart|  |
2015-11-18 17:47:50.5066|Debug|ShiJu.Service.Heart|SELECT       CASE WHEN ( EXISTS (SELECT           1 AS [C1]          FROM [dbo].[VerificationCodes] AS [Extent1]          WHERE ([Extent1].[PhoneNumber] = @p__linq__0) AND (@p__linq__0 IS NOT NULL) AND ((([Extent1].[Code] = @p__linq__1) AND ( NOT ([Extent1].[Code] IS NULL OR @p__linq__1 IS NULL))) OR (([Extent1].[Code] IS NULL) AND (@p__linq__1 IS NULL))) AND ([Extent1].[CreatedTime] > @p__linq__2)      )) THEN cast(1 as bit) WHEN ( NOT EXISTS (SELECT           1 AS [C1]          FROM [dbo].[VerificationCodes] AS [Extent2]          WHERE ([Extent2].[PhoneNumber] = @p__linq__0) AND (@p__linq__0 IS NOT NULL) AND ((([Extent2].[Code] = @p__linq__1) AND ( NOT ([Extent2].[Code] IS NULL OR @p__linq__1 IS NULL))) OR (([Extent2].[Code] IS NULL) AND (@p__linq__1 IS NULL))) AND ([Extent2].[CreatedTime] > @p__linq__2)      )) THEN cast(0 as bit) END AS [C1]      FROM  ( SELECT 1 AS X ) AS [SingleRowTable1]|
2015-11-18 17:47:50.5088|Debug|ShiJu.Service.Heart|  |
2015-11-18 17:47:50.5088|Debug|ShiJu.Service.Heart|-- p__linq__0: '1234567' (Type = String, Size = 4000)  |
2015-11-18 17:47:50.5088|Debug|ShiJu.Service.Heart|-- p__linq__1: '1234567' (Type = String, Size = 4000)  |
2015-11-18 17:47:50.5088|Debug|ShiJu.Service.Heart|-- p__linq__2: '2015/11/18 9:17:50' (Type = DateTime2)  |
2015-11-18 17:47:50.5088|Debug|ShiJu.Service.Heart|-- Executing at 2015/11/18 17:47:50 +08:00  |
2015-11-18 17:47:50.6666|Debug|ShiJu.Service.Heart|-- Completed in 155 ms with result: SqlDataReader  |
2015-11-18 17:47:50.6666|Debug|ShiJu.Service.Heart|  |
2015-11-18 17:47:50.6666|Debug|ShiJu.Service.Heart|SELECT       CASE WHEN ( EXISTS (SELECT           1 AS [C1]          FROM [dbo].[Accounts] AS [Extent1]          WHERE (0 =  CAST( [Extent1].[Type] AS bigint)) AND ( CAST( [Extent1].[Type] AS bigint) IS NOT NULL) AND ([Extent1].[Name] = @p__linq__0) AND (@p__linq__0 IS NOT NULL)      )) THEN cast(1 as bit) WHEN ( NOT EXISTS (SELECT           1 AS [C1]          FROM [dbo].[Accounts] AS [Extent2]          WHERE (0 =  CAST( [Extent2].[Type] AS bigint)) AND ( CAST( [Extent2].[Type] AS bigint) IS NOT NULL) AND ([Extent2].[Name] = @p__linq__0) AND (@p__linq__0 IS NOT NULL)      )) THEN cast(0 as bit) END AS [C1]      FROM  ( SELECT 1 AS X ) AS [SingleRowTable1]|
2015-11-18 17:47:50.6666|Debug|ShiJu.Service.Heart|  |
2015-11-18 17:47:50.6666|Debug|ShiJu.Service.Heart|-- p__linq__0: '1234567' (Type = String, Size = 4000)  |
2015-11-18 17:47:50.6666|Debug|ShiJu.Service.Heart|-- Executing at 2015/11/18 17:47:50 +08:00  |
2015-11-18 17:47:50.7657|Debug|ShiJu.Service.Heart|-- Completed in 91 ms with result: SqlDataReader  |
2015-11-18 17:47:50.7657|Debug|ShiJu.Service.Heart|  |
2015-11-18 17:48:38.9951|Debug|ShiJu.Service.Heart|SELECT TOP (2)       [Extent1].[PhoneNumber] AS [PhoneNumber],       [Extent1].[Code] AS [Code],       [Extent1].[CreatedTime] AS [CreatedTime]      FROM [dbo].[VerificationCodes] AS [Extent1]      WHERE [Extent1].[PhoneNumber] = @p0|
2015-11-18 17:48:38.9951|Debug|ShiJu.Service.Heart|  |
2015-11-18 17:48:38.9951|Debug|ShiJu.Service.Heart|-- p0: '{123456}' (Type = String, Size = 4000)  |
2015-11-18 17:48:38.9951|Debug|ShiJu.Service.Heart|-- Executing at 2015/11/18 17:48:38 +08:00  |
2015-11-18 17:48:39.0861|Debug|ShiJu.Service.Heart|-- Completed in 90 ms with result: SqlDataReader  |
2015-11-18 17:48:39.0861|Debug|ShiJu.Service.Heart|  |
2015-11-18 17:48:39.0861|Debug|ShiJu.Service.Heart|SELECT TOP (1)       [Extent1].[Id] AS [Id],       [Extent1].[Status] AS [Status],       [Extent1].[PhoneNumber] AS [PhoneNumber],       [Extent1].[NickName] AS [NickName],       [Extent1].[Signature] AS [Signature],       [Extent1].[Portrait] AS [Portrait],       [Extent1].[Gender] AS [Gender],       [Extent1].[District] AS [District],       [Extent1].[BackgroundImage] AS [BackgroundImage],       [Extent1].[NeedNotification] AS [NeedNotification],       [Extent1].[CreatedTime] AS [CreatedTime],       [Extent1].[SignUpTime] AS [SignUpTime]      FROM [dbo].[Users] AS [Extent1]      WHERE ([Extent1].[PhoneNumber] = @p__linq__0) AND (@p__linq__0 IS NOT NULL)|
2015-11-18 17:48:39.0861|Debug|ShiJu.Service.Heart|  |
2015-11-18 17:48:39.0861|Debug|ShiJu.Service.Heart|-- p__linq__0: '{123456}' (Type = String, Size = 4000)  |
2015-11-18 17:48:39.0861|Debug|ShiJu.Service.Heart|-- Executing at 2015/11/18 17:48:39 +08:00  |
2015-11-18 17:48:39.1391|Debug|ShiJu.Service.Heart|-- Completed in 42 ms with result: SqlDataReader  |
2015-11-18 17:48:39.1391|Debug|ShiJu.Service.Heart|  |
2015-11-18 17:48:39.1511|Debug|ShiJu.Service.Heart|INSERT [dbo].[Users]([Id], [Status], [PhoneNumber], [NickName], [Signature], [Portrait], [Gender], [District], [BackgroundImage], [NeedNotification], [CreatedTime], [SignUpTime])  VALUES (@0, @1, @2, @3, @4, @5, @6, @7, @8, @9, @10, @11)  |
2015-11-18 17:48:39.1511|Debug|ShiJu.Service.Heart|-- @0: 'bd9b0e12-100b-411c-b0cd-77b32c6cb5e7' (Type = Guid)  |
2015-11-18 17:48:39.1511|Debug|ShiJu.Service.Heart|-- @1: '1' (Type = Int64)  |
2015-11-18 17:48:39.1511|Debug|ShiJu.Service.Heart|-- @2: '{123456}' (Type = String, Size = 64)  |
2015-11-18 17:48:39.1511|Debug|ShiJu.Service.Heart|-- @3: '' (Type = String, Size = 128)  |
2015-11-18 17:48:39.1511|Debug|ShiJu.Service.Heart|-- @4: '' (Type = String, Size = 512)  |
2015-11-18 17:48:39.1511|Debug|ShiJu.Service.Heart|-- @5: '00000000-0000-0000-0000-000000000000' (Type = Guid)  |
2015-11-18 17:48:39.1511|Debug|ShiJu.Service.Heart|-- @6: '0' (Type = Int64)  |
2015-11-18 17:48:39.1511|Debug|ShiJu.Service.Heart|-- @7: '' (Type = String, Size = 128)  |
2015-11-18 17:48:39.1511|Debug|ShiJu.Service.Heart|-- @8: '00000000-0000-0000-0000-000000000000' (Type = Guid)  |
2015-11-18 17:48:39.1511|Debug|ShiJu.Service.Heart|-- @9: 'True' (Type = Boolean)  |
2015-11-18 17:48:39.1511|Debug|ShiJu.Service.Heart|-- @10: '2015/11/18 9:48:39' (Type = DateTime2)  |
2015-11-18 17:48:39.1511|Debug|ShiJu.Service.Heart|-- @11: '2015/11/18 9:48:39' (Type = DateTime2)  |
2015-11-18 17:48:39.1511|Debug|ShiJu.Service.Heart|-- Executing at 2015/11/18 17:48:39 +08:00  |
2015-11-18 17:48:39.1921|Debug|ShiJu.Service.Heart|-- Completed in 36 ms with result: 1  |
2015-11-18 17:48:39.1921|Debug|ShiJu.Service.Heart|  |
2015-11-18 17:48:39.1921|Debug|ShiJu.Service.Heart|INSERT [dbo].[VerificationCodes]([PhoneNumber], [Code], [CreatedTime])  VALUES (@0, @1, @2)  |
2015-11-18 17:48:39.1921|Debug|ShiJu.Service.Heart|-- @0: '{123456}' (Type = String, Size = 128)  |
2015-11-18 17:48:39.1921|Debug|ShiJu.Service.Heart|-- @1: '574363' (Type = String, Size = -1)  |
2015-11-18 17:48:39.1921|Debug|ShiJu.Service.Heart|-- @2: '2015/11/18 9:48:39' (Type = DateTime2)  |
2015-11-18 17:48:39.1921|Debug|ShiJu.Service.Heart|-- Executing at 2015/11/18 17:48:39 +08:00  |
2015-11-18 17:48:39.2192|Debug|ShiJu.Service.Heart|-- Completed in 25 ms with result: 1  |
2015-11-18 17:48:39.2192|Debug|ShiJu.Service.Heart|  |
2015-11-18 17:49:03.0054|Debug|ShiJu.Service.Heart|SELECT TOP (2)       [Extent1].[PhoneNumber] AS [PhoneNumber],       [Extent1].[Code] AS [Code],       [Extent1].[CreatedTime] AS [CreatedTime]      FROM [dbo].[VerificationCodes] AS [Extent1]      WHERE [Extent1].[PhoneNumber] = @p0|
2015-11-18 17:49:03.0424|Debug|ShiJu.Service.Heart|  |
2015-11-18 17:49:03.0424|Debug|ShiJu.Service.Heart|-- p0: '{123456}' (Type = String, Size = 4000)  |
2015-11-18 17:49:03.0424|Debug|ShiJu.Service.Heart|-- Executing at 2015/11/18 17:49:03 +08:00  |
2015-11-18 17:49:03.1744|Debug|ShiJu.Service.Heart|-- Completed in 130 ms with result: SqlDataReader  |
2015-11-18 17:49:03.1744|Debug|ShiJu.Service.Heart|  |
2015-11-18 17:49:15.3082|Debug|ShiJu.Service.Heart|SELECT TOP (1)       [Extent1].[Id] AS [Id],       [Extent1].[Status] AS [Status],       [Extent1].[PhoneNumber] AS [PhoneNumber],       [Extent1].[NickName] AS [NickName],       [Extent1].[Signature] AS [Signature],       [Extent1].[Portrait] AS [Portrait],       [Extent1].[Gender] AS [Gender],       [Extent1].[District] AS [District],       [Extent1].[BackgroundImage] AS [BackgroundImage],       [Extent1].[NeedNotification] AS [NeedNotification],       [Extent1].[CreatedTime] AS [CreatedTime],       [Extent1].[SignUpTime] AS [SignUpTime]      FROM [dbo].[Users] AS [Extent1]      WHERE ([Extent1].[PhoneNumber] = @p__linq__0) AND (@p__linq__0 IS NOT NULL)|
2015-11-18 17:49:15.3082|Debug|ShiJu.Service.Heart|  |
2015-11-18 17:49:15.3082|Debug|ShiJu.Service.Heart|-- p__linq__0: '{123456}' (Type = String, Size = 4000)  |
2015-11-18 17:49:15.3082|Debug|ShiJu.Service.Heart|-- Executing at 2015/11/18 17:49:15 +08:00  |
2015-11-18 17:49:15.3552|Debug|ShiJu.Service.Heart|-- Completed in 42 ms with result: SqlDataReader  |
2015-11-18 17:49:15.3552|Debug|ShiJu.Service.Heart|  |
2015-11-18 17:49:37.3550|Debug|ShiJu.Service.Heart|UPDATE [dbo].[VerificationCodes]  SET [Code] = @0, [CreatedTime] = @1  WHERE ([PhoneNumber] = @2)  |
2015-11-18 17:49:37.3550|Debug|ShiJu.Service.Heart|-- @0: '942495' (Type = String, Size = -1)  |
2015-11-18 17:49:37.3550|Debug|ShiJu.Service.Heart|-- @1: '2015/11/18 9:49:12' (Type = DateTime2)  |
2015-11-18 17:49:37.3550|Debug|ShiJu.Service.Heart|-- @2: '{123456}' (Type = String, Size = 128)  |
2015-11-18 17:49:37.3550|Debug|ShiJu.Service.Heart|-- Executing at 2015/11/18 17:49:37 +08:00  |
2015-11-18 17:49:37.4467|Debug|ShiJu.Service.Heart|-- Completed in 89 ms with result: 1  |
2015-11-18 17:49:37.4467|Debug|ShiJu.Service.Heart|  |
2015-11-18 17:50:04.0711|Debug|ShiJu.Service.Heart|SELECT TOP (2)       [Extent1].[PhoneNumber] AS [PhoneNumber],       [Extent1].[Code] AS [Code],       [Extent1].[CreatedTime] AS [CreatedTime]      FROM [dbo].[VerificationCodes] AS [Extent1]      WHERE [Extent1].[PhoneNumber] = @p0|
2015-11-18 17:50:04.0711|Debug|ShiJu.Service.Heart|  |
2015-11-18 17:50:04.0711|Debug|ShiJu.Service.Heart|-- p0: '{12345678}' (Type = String, Size = 4000)  |
2015-11-18 17:50:04.0711|Debug|ShiJu.Service.Heart|-- Executing at 2015/11/18 17:50:04 +08:00  |
2015-11-18 17:50:04.1801|Debug|ShiJu.Service.Heart|-- Completed in 107 ms with result: SqlDataReader  |
2015-11-18 17:50:04.1801|Debug|ShiJu.Service.Heart|  |
2015-11-18 17:50:15.1415|Debug|ShiJu.Service.Heart|SELECT TOP (1)       [Extent1].[Id] AS [Id],       [Extent1].[Status] AS [Status],       [Extent1].[PhoneNumber] AS [PhoneNumber],       [Extent1].[NickName] AS [NickName],       [Extent1].[Signature] AS [Signature],       [Extent1].[Portrait] AS [Portrait],       [Extent1].[Gender] AS [Gender],       [Extent1].[District] AS [District],       [Extent1].[BackgroundImage] AS [BackgroundImage],       [Extent1].[NeedNotification] AS [NeedNotification],       [Extent1].[CreatedTime] AS [CreatedTime],       [Extent1].[SignUpTime] AS [SignUpTime]      FROM [dbo].[Users] AS [Extent1]      WHERE ([Extent1].[PhoneNumber] = @p__linq__0) AND (@p__linq__0 IS NOT NULL)|
2015-11-18 17:50:15.1415|Debug|ShiJu.Service.Heart|  |
2015-11-18 17:50:15.1415|Debug|ShiJu.Service.Heart|-- p__linq__0: '{12345678}' (Type = String, Size = 4000)  |
2015-11-18 17:50:15.1415|Debug|ShiJu.Service.Heart|-- Executing at 2015/11/18 17:50:15 +08:00  |
2015-11-18 17:50:15.1935|Debug|ShiJu.Service.Heart|-- Completed in 49 ms with result: SqlDataReader  |
2015-11-18 17:50:15.1935|Debug|ShiJu.Service.Heart|  |
2015-11-18 17:50:33.1327|Debug|ShiJu.Service.Heart|INSERT [dbo].[Users]([Id], [Status], [PhoneNumber], [NickName], [Signature], [Portrait], [Gender], [District], [BackgroundImage], [NeedNotification], [CreatedTime], [SignUpTime])  VALUES (@0, @1, @2, @3, @4, @5, @6, @7, @8, @9, @10, @11)  |
2015-11-18 17:50:33.1327|Debug|ShiJu.Service.Heart|-- @0: 'dc176cd2-4dfb-4f79-9765-c4e89850475e' (Type = Guid)  |
2015-11-18 17:50:33.1327|Debug|ShiJu.Service.Heart|-- @1: '1' (Type = Int64)  |
2015-11-18 17:50:33.1327|Debug|ShiJu.Service.Heart|-- @2: '{12345678}' (Type = String, Size = 64)  |
2015-11-18 17:50:33.1327|Debug|ShiJu.Service.Heart|-- @3: '' (Type = String, Size = 128)  |
2015-11-18 17:50:33.1327|Debug|ShiJu.Service.Heart|-- @4: '' (Type = String, Size = 512)  |
2015-11-18 17:50:33.1327|Debug|ShiJu.Service.Heart|-- @5: '00000000-0000-0000-0000-000000000000' (Type = Guid)  |
2015-11-18 17:50:33.1327|Debug|ShiJu.Service.Heart|-- @6: '0' (Type = Int64)  |
2015-11-18 17:50:33.1327|Debug|ShiJu.Service.Heart|-- @7: '' (Type = String, Size = 128)  |
2015-11-18 17:50:33.1327|Debug|ShiJu.Service.Heart|-- @8: '00000000-0000-0000-0000-000000000000' (Type = Guid)  |
2015-11-18 17:50:33.1327|Debug|ShiJu.Service.Heart|-- @9: 'True' (Type = Boolean)  |
2015-11-18 17:50:33.1327|Debug|ShiJu.Service.Heart|-- @10: '2015/11/18 9:50:20' (Type = DateTime2)  |
2015-11-18 17:50:33.1327|Debug|ShiJu.Service.Heart|-- @11: '2015/11/18 9:50:20' (Type = DateTime2)  |
2015-11-18 17:50:33.1327|Debug|ShiJu.Service.Heart|-- Executing at 2015/11/18 17:50:33 +08:00  |
2015-11-18 17:50:33.2807|Debug|ShiJu.Service.Heart|-- Completed in 143 ms with result: 1  |
2015-11-18 17:50:33.2807|Debug|ShiJu.Service.Heart|  |
2015-11-18 17:50:33.2807|Debug|ShiJu.Service.Heart|INSERT [dbo].[VerificationCodes]([PhoneNumber], [Code], [CreatedTime])  VALUES (@0, @1, @2)  |
2015-11-18 17:50:33.2807|Debug|ShiJu.Service.Heart|-- @0: '{12345678}' (Type = String, Size = 128)  |
2015-11-18 17:50:33.2807|Debug|ShiJu.Service.Heart|-- @1: '569724' (Type = String, Size = -1)  |
2015-11-18 17:50:33.2807|Debug|ShiJu.Service.Heart|-- @2: '2015/11/18 9:50:10' (Type = DateTime2)  |
2015-11-18 17:50:33.2807|Debug|ShiJu.Service.Heart|-- Executing at 2015/11/18 17:50:33 +08:00  |
2015-11-18 17:50:33.3597|Debug|ShiJu.Service.Heart|-- Completed in 76 ms with result: 1  |
2015-11-18 17:50:33.3597|Debug|ShiJu.Service.Heart|  |
