2015-08-21 14:40:25.9607|Debug|ShiJu.Service.Heart|  SELECT Count(*)  FROM INFORMATION_SCHEMA.TABLES AS t  WHERE t.TABLE_TYPE = 'BASE TABLE'      AND (t.TABLE_SCHEMA + '.' + t.TABLE_NAME IN ('dbo.Accounts','dbo.FriendRequests','dbo.Friends','dbo.Participants','dbo.Parties','dbo.PartyComments','dbo.PartyLikes','dbo.Users','dbo.VerificationCodes')          OR t.TABLE_NAME = 'EdmMetadata')|
2015-08-21 14:40:25.9607|Debug|ShiJu.Service.Heart|  |
2015-08-21 14:40:25.9607|Debug|ShiJu.Service.Heart|-- Executing at 2015/8/21 14:40:25 +08:00  |
2015-08-21 14:40:26.2617|Debug|ShiJu.Service.Heart|-- Completed in 294 ms with result: 9  |
2015-08-21 14:40:26.2617|Debug|ShiJu.Service.Heart|  |
2015-08-21 14:40:28.0398|Debug|ShiJu.Service.Heart|SELECT       [GroupBy1].[A1] AS [C1]      FROM ( SELECT           COUNT(1) AS [A1]          FROM [dbo].[__MigrationHistory] AS [Extent1]      )  AS [GroupBy1]|
2015-08-21 14:40:28.0398|Debug|ShiJu.Service.Heart|  |
2015-08-21 14:40:28.0398|Debug|ShiJu.Service.Heart|-- Executing at 2015/8/21 14:40:28 +08:00  |
2015-08-21 14:40:28.1938|Debug|ShiJu.Service.Heart|-- Completed in 153 ms with result: SqlDataReader  |
2015-08-21 14:40:28.1938|Debug|ShiJu.Service.Heart|  |
2015-08-21 14:40:28.3218|Debug|ShiJu.Service.Heart|SELECT       [GroupBy1].[A1] AS [C1]      FROM ( SELECT           COUNT(1) AS [A1]          FROM [dbo].[__MigrationHistory] AS [Extent1]          WHERE ([Extent1].[ContextKey] = @p__linq__0) AND (@p__linq__0 IS NOT NULL)      )  AS [GroupBy1]|
2015-08-21 14:40:28.3218|Debug|ShiJu.Service.Heart|  |
2015-08-21 14:40:28.3468|Debug|ShiJu.Service.Heart|-- p__linq__0: 'ShiJu.Models.ShiJuDbContext' (Type = String, Size = 4000)  |
2015-08-21 14:40:28.3468|Debug|ShiJu.Service.Heart|-- Executing at 2015/8/21 14:40:28 +08:00  |
2015-08-21 14:40:28.6148|Debug|ShiJu.Service.Heart|-- Completed in 267 ms with result: SqlDataReader  |
2015-08-21 14:40:28.6148|Debug|ShiJu.Service.Heart|  |
2015-08-21 14:40:28.6568|Debug|ShiJu.Service.Heart|SELECT       [GroupBy1].[A1] AS [C1]      FROM ( SELECT           COUNT(1) AS [A1]          FROM [dbo].[__MigrationHistory] AS [Extent1]      )  AS [GroupBy1]|
2015-08-21 14:40:28.6578|Debug|ShiJu.Service.Heart|  |
2015-08-21 14:40:28.6578|Debug|ShiJu.Service.Heart|-- Executing at 2015/8/21 14:40:28 +08:00  |
2015-08-21 14:40:28.6798|Debug|ShiJu.Service.Heart|-- Completed in 22 ms with result: SqlDataReader  |
2015-08-21 14:40:28.6798|Debug|ShiJu.Service.Heart|  |
2015-08-21 14:40:28.6798|Debug|ShiJu.Service.Heart|SELECT       [GroupBy1].[A1] AS [C1]      FROM ( SELECT           COUNT(1) AS [A1]          FROM [dbo].[__MigrationHistory] AS [Extent1]          WHERE ([Extent1].[ContextKey] = @p__linq__0) AND (@p__linq__0 IS NOT NULL)      )  AS [GroupBy1]|
2015-08-21 14:40:28.6798|Debug|ShiJu.Service.Heart|  |
2015-08-21 14:40:28.6798|Debug|ShiJu.Service.Heart|-- p__linq__0: 'ShiJu.Models.ShiJuDbContext' (Type = String, Size = 4000)  |
2015-08-21 14:40:28.6798|Debug|ShiJu.Service.Heart|-- Executing at 2015/8/21 14:40:28 +08:00  |
2015-08-21 14:40:28.7068|Debug|ShiJu.Service.Heart|-- Completed in 21 ms with result: SqlDataReader  |
2015-08-21 14:40:28.7068|Debug|ShiJu.Service.Heart|  |
2015-08-21 14:40:28.7668|Debug|ShiJu.Service.Heart|SELECT TOP (1)       [Project1].[C1] AS [C1],       [Project1].[MigrationId] AS [MigrationId],       [Project1].[Model] AS [Model]      FROM ( SELECT           [Extent1].[MigrationId] AS [MigrationId],           [Extent1].[Model] AS [Model],           1 AS [C1]          FROM [dbo].[__MigrationHistory] AS [Extent1]          WHERE ([Extent1].[ContextKey] = @p__linq__0) AND (@p__linq__0 IS NOT NULL)      )  AS [Project1]      ORDER BY [Project1].[MigrationId] DESC|
2015-08-21 14:40:28.7668|Debug|ShiJu.Service.Heart|  |
2015-08-21 14:40:28.7668|Debug|ShiJu.Service.Heart|-- p__linq__0: 'ShiJu.Models.ShiJuDbContext' (Type = String, Size = 4000)  |
2015-08-21 14:40:28.7668|Debug|ShiJu.Service.Heart|-- Executing at 2015/8/21 14:40:28 +08:00  |
2015-08-21 14:40:28.7948|Debug|ShiJu.Service.Heart|-- Completed in 28 ms with result: SqlDataReader  |
2015-08-21 14:40:28.7948|Debug|ShiJu.Service.Heart|  |
2015-08-21 14:40:29.8488|Debug|ShiJu.Service.Heart|SELECT TOP (2)       [Extent1].[Id] AS [Id],       [Extent1].[CreatorUserId] AS [CreatorUserId],       [Extent1].[Sponsor] AS [Sponsor],       [Extent1].[BeginTime] AS [BeginTime],       [Extent1].[EndTime] AS [EndTime],       [Extent1].[Title] AS [Title],       [Extent1].[Description] AS [Description],       [Extent1].[Address] AS [Address],       [Extent1].[Images] AS [Images],       [Extent1].[Kind] AS [Kind],       [Extent1].[MaxUserCount] AS [MaxUserCount],       [Extent1].[DirectFriendVisible] AS [DirectFriendVisible],       [Extent1].[IsHot] AS [IsHot],       [Extent1].[LikeCount] AS [LikeCount],       [Extent1].[CommentCount] AS [CommentCount],       [Extent1].[VoteTitle] AS [VoteTitle],       [Extent1].[VoteChoicesJson] AS [VoteChoicesJson],       [Extent1].[VoteResult0Count] AS [VoteResult0Count],       [Extent1].[VoteResult1Count] AS [VoteResult1Count],       [Extent1].[VoteResult2Count] AS [VoteResult2Count],       [Extent1].[VoteResult3Count] AS [VoteResult3Count],       [Extent1].[VoteResult4Count] AS [VoteResult4Count],       [Extent1].[IsDisabled] AS [IsDisabled],       [Extent1].[CreatedTime] AS [CreatedTime]      FROM [dbo].[Parties] AS [Extent1]      WHERE [Extent1].[Id] = @p0|
2015-08-21 14:40:29.8488|Debug|ShiJu.Service.Heart|  |
2015-08-21 14:40:29.8488|Debug|ShiJu.Service.Heart|-- p0: '909fc9c3-4660-4e47-8367-001fd2d3e13d' (Type = Guid)  |
2015-08-21 14:40:29.8488|Debug|ShiJu.Service.Heart|-- Executing at 2015/8/21 14:40:29 +08:00  |
2015-08-21 14:40:29.8688|Debug|ShiJu.Service.Heart|-- Completed in 19 ms with result: SqlDataReader  |
2015-08-21 14:40:29.8688|Debug|ShiJu.Service.Heart|  |
2015-08-21 14:40:29.9128|Debug|ShiJu.Service.Heart|SELECT       [Extent1].[PartyId] AS [PartyId],       [Extent1].[UserId] AS [UserId],       [Extent1].[Status] AS [Status],       [Extent1].[ProposedBeginTime] AS [ProposedBeginTime],       [Extent1].[ProposedEndTime] AS [ProposedEndTime],       [Extent1].[Unread] AS [Unread],       [Extent1].[CreatedTime] AS [CreatedTime]      FROM [dbo].[Participants] AS [Extent1]      WHERE ([Extent1].[PartyId] = @p__linq__0) AND (@p__linq__0 IS NOT NULL)|
2015-08-21 14:40:29.9128|Debug|ShiJu.Service.Heart|  |
2015-08-21 14:40:29.9128|Debug|ShiJu.Service.Heart|-- p__linq__0: '909fc9c3-4660-4e47-8367-001fd2d3e13d' (Type = Guid)  |
2015-08-21 14:40:29.9128|Debug|ShiJu.Service.Heart|-- Executing at 2015/8/21 14:40:29 +08:00  |
2015-08-21 14:40:29.9528|Debug|ShiJu.Service.Heart|-- Completed in 38 ms with result: SqlDataReader  |
2015-08-21 14:40:29.9528|Debug|ShiJu.Service.Heart|  |
2015-08-21 14:40:29.9618|Debug|ShiJu.Service.Heart|SELECT       [Extent1].[Id] AS [Id],       [Extent1].[PartyId] AS [PartyId],       [Extent1].[UserId] AS [UserId],       [Extent1].[TargetUserId] AS [TargetUserId],       [Extent1].[Text] AS [Text],       [Extent1].[AudioId] AS [AudioId],       [Extent1].[VoteResult] AS [VoteResult],       [Extent1].[CreatedTime] AS [CreatedTime]      FROM [dbo].[PartyComments] AS [Extent1]      WHERE ([Extent1].[PartyId] = @p__linq__0) AND (@p__linq__0 IS NOT NULL)|
2015-08-21 14:40:29.9618|Debug|ShiJu.Service.Heart|  |
2015-08-21 14:40:29.9618|Debug|ShiJu.Service.Heart|-- p__linq__0: '909fc9c3-4660-4e47-8367-001fd2d3e13d' (Type = Guid)  |
2015-08-21 14:40:29.9618|Debug|ShiJu.Service.Heart|-- Executing at 2015/8/21 14:40:29 +08:00  |
2015-08-21 14:40:29.9788|Debug|ShiJu.Service.Heart|-- Completed in 17 ms with result: SqlDataReader  |
2015-08-21 14:40:29.9788|Debug|ShiJu.Service.Heart|  |
2015-08-21 14:41:23.0011|Debug|ShiJu.Service.Heart|SELECT TOP (2)       [Extent1].[Id] AS [Id],       [Extent1].[CreatorUserId] AS [CreatorUserId],       [Extent1].[Sponsor] AS [Sponsor],       [Extent1].[BeginTime] AS [BeginTime],       [Extent1].[EndTime] AS [EndTime],       [Extent1].[Title] AS [Title],       [Extent1].[Description] AS [Description],       [Extent1].[Address] AS [Address],       [Extent1].[Images] AS [Images],       [Extent1].[Kind] AS [Kind],       [Extent1].[MaxUserCount] AS [MaxUserCount],       [Extent1].[DirectFriendVisible] AS [DirectFriendVisible],       [Extent1].[IsHot] AS [IsHot],       [Extent1].[LikeCount] AS [LikeCount],       [Extent1].[CommentCount] AS [CommentCount],       [Extent1].[VoteTitle] AS [VoteTitle],       [Extent1].[VoteChoicesJson] AS [VoteChoicesJson],       [Extent1].[VoteResult0Count] AS [VoteResult0Count],       [Extent1].[VoteResult1Count] AS [VoteResult1Count],       [Extent1].[VoteResult2Count] AS [VoteResult2Count],       [Extent1].[VoteResult3Count] AS [VoteResult3Count],       [Extent1].[VoteResult4Count] AS [VoteResult4Count],       [Extent1].[IsDisabled] AS [IsDisabled],       [Extent1].[CreatedTime] AS [CreatedTime]      FROM [dbo].[Parties] AS [Extent1]      WHERE [Extent1].[Id] = @p0|
2015-08-21 14:41:23.0011|Debug|ShiJu.Service.Heart|  |
2015-08-21 14:41:23.0011|Debug|ShiJu.Service.Heart|-- p0: '909fc9c3-4660-4e47-8367-001fd2d3e13d' (Type = Guid)  |
2015-08-21 14:41:23.0011|Debug|ShiJu.Service.Heart|-- Executing at 2015/8/21 14:41:23 +08:00  |
2015-08-21 14:41:23.2271|Debug|ShiJu.Service.Heart|-- Completed in 224 ms with result: SqlDataReader  |
2015-08-21 14:41:23.2271|Debug|ShiJu.Service.Heart|  |
2015-08-21 14:41:33.8755|Debug|ShiJu.Service.Heart|SELECT       [Extent1].[PartyId] AS [PartyId],       [Extent1].[UserId] AS [UserId],       [Extent1].[Status] AS [Status],       [Extent1].[ProposedBeginTime] AS [ProposedBeginTime],       [Extent1].[ProposedEndTime] AS [ProposedEndTime],       [Extent1].[Unread] AS [Unread],       [Extent1].[CreatedTime] AS [CreatedTime]      FROM [dbo].[Participants] AS [Extent1]      WHERE ([Extent1].[PartyId] = @p__linq__0) AND (@p__linq__0 IS NOT NULL)|
2015-08-21 14:41:33.8755|Debug|ShiJu.Service.Heart|  |
2015-08-21 14:41:33.8755|Debug|ShiJu.Service.Heart|-- p__linq__0: '909fc9c3-4660-4e47-8367-001fd2d3e13d' (Type = Guid)  |
2015-08-21 14:41:33.8755|Debug|ShiJu.Service.Heart|-- Executing at 2015/8/21 14:41:33 +08:00  |
2015-08-21 14:41:34.0626|Debug|ShiJu.Service.Heart|-- Completed in 186 ms with result: SqlDataReader  |
2015-08-21 14:41:34.0626|Debug|ShiJu.Service.Heart|  |
2015-08-21 14:41:42.3940|Debug|ShiJu.Service.Heart|SELECT       [Extent1].[Id] AS [Id],       [Extent1].[PartyId] AS [PartyId],       [Extent1].[UserId] AS [UserId],       [Extent1].[TargetUserId] AS [TargetUserId],       [Extent1].[Text] AS [Text],       [Extent1].[AudioId] AS [AudioId],       [Extent1].[VoteResult] AS [VoteResult],       [Extent1].[CreatedTime] AS [CreatedTime]      FROM [dbo].[PartyComments] AS [Extent1]      WHERE ([Extent1].[PartyId] = @p__linq__0) AND (@p__linq__0 IS NOT NULL)|
2015-08-21 14:41:42.3950|Debug|ShiJu.Service.Heart|  |
2015-08-21 14:41:42.3950|Debug|ShiJu.Service.Heart|-- p__linq__0: '909fc9c3-4660-4e47-8367-001fd2d3e13d' (Type = Guid)  |
2015-08-21 14:41:42.3950|Debug|ShiJu.Service.Heart|-- Executing at 2015/8/21 14:41:42 +08:00  |
2015-08-21 14:41:42.6509|Debug|ShiJu.Service.Heart|-- Completed in 255 ms with result: SqlDataReader  |
2015-08-21 14:41:42.6509|Debug|ShiJu.Service.Heart|  |
2015-08-21 14:44:04.7495|Debug|ShiJu.Service.Heart|  SELECT Count(*)  FROM INFORMATION_SCHEMA.TABLES AS t  WHERE t.TABLE_TYPE = 'BASE TABLE'      AND (t.TABLE_SCHEMA + '.' + t.TABLE_NAME IN ('dbo.Accounts','dbo.FriendRequests','dbo.Friends','dbo.Participants','dbo.Parties','dbo.PartyComments','dbo.PartyLikes','dbo.Users','dbo.VerificationCodes')          OR t.TABLE_NAME = 'EdmMetadata')|
2015-08-21 14:44:04.7495|Debug|ShiJu.Service.Heart|  |
2015-08-21 14:44:04.7495|Debug|ShiJu.Service.Heart|-- Executing at 2015/8/21 14:44:04 +08:00  |
2015-08-21 14:44:05.0535|Debug|ShiJu.Service.Heart|-- Completed in 302 ms with result: 9  |
2015-08-21 14:44:05.0535|Debug|ShiJu.Service.Heart|  |
2015-08-21 14:44:06.9666|Debug|ShiJu.Service.Heart|SELECT       [GroupBy1].[A1] AS [C1]      FROM ( SELECT           COUNT(1) AS [A1]          FROM [dbo].[__MigrationHistory] AS [Extent1]      )  AS [GroupBy1]|
2015-08-21 14:44:06.9666|Debug|ShiJu.Service.Heart|  |
2015-08-21 14:44:06.9666|Debug|ShiJu.Service.Heart|-- Executing at 2015/8/21 14:44:06 +08:00  |
2015-08-21 14:44:07.3156|Debug|ShiJu.Service.Heart|-- Completed in 347 ms with result: SqlDataReader  |
2015-08-21 14:44:07.3156|Debug|ShiJu.Service.Heart|  |
2015-08-21 14:44:07.3927|Debug|ShiJu.Service.Heart|SELECT       [GroupBy1].[A1] AS [C1]      FROM ( SELECT           COUNT(1) AS [A1]          FROM [dbo].[__MigrationHistory] AS [Extent1]          WHERE ([Extent1].[ContextKey] = @p__linq__0) AND (@p__linq__0 IS NOT NULL)      )  AS [GroupBy1]|
2015-08-21 14:44:07.3927|Debug|ShiJu.Service.Heart|  |
2015-08-21 14:44:07.3927|Debug|ShiJu.Service.Heart|-- p__linq__0: 'ShiJu.Models.ShiJuDbContext' (Type = String, Size = 4000)  |
2015-08-21 14:44:07.3927|Debug|ShiJu.Service.Heart|-- Executing at 2015/8/21 14:44:07 +08:00  |
2015-08-21 14:44:07.4137|Debug|ShiJu.Service.Heart|-- Completed in 19 ms with result: SqlDataReader  |
2015-08-21 14:44:07.4137|Debug|ShiJu.Service.Heart|  |
2015-08-21 14:44:07.4657|Debug|ShiJu.Service.Heart|SELECT       [GroupBy1].[A1] AS [C1]      FROM ( SELECT           COUNT(1) AS [A1]          FROM [dbo].[__MigrationHistory] AS [Extent1]      )  AS [GroupBy1]|
2015-08-21 14:44:07.4657|Debug|ShiJu.Service.Heart|  |
2015-08-21 14:44:07.4657|Debug|ShiJu.Service.Heart|-- Executing at 2015/8/21 14:44:07 +08:00  |
2015-08-21 14:44:07.4847|Debug|ShiJu.Service.Heart|-- Completed in 18 ms with result: SqlDataReader  |
2015-08-21 14:44:07.4847|Debug|ShiJu.Service.Heart|  |
2015-08-21 14:44:07.4847|Debug|ShiJu.Service.Heart|SELECT       [GroupBy1].[A1] AS [C1]      FROM ( SELECT           COUNT(1) AS [A1]          FROM [dbo].[__MigrationHistory] AS [Extent1]          WHERE ([Extent1].[ContextKey] = @p__linq__0) AND (@p__linq__0 IS NOT NULL)      )  AS [GroupBy1]|
2015-08-21 14:44:07.4847|Debug|ShiJu.Service.Heart|  |
2015-08-21 14:44:07.4847|Debug|ShiJu.Service.Heart|-- p__linq__0: 'ShiJu.Models.ShiJuDbContext' (Type = String, Size = 4000)  |
2015-08-21 14:44:07.4847|Debug|ShiJu.Service.Heart|-- Executing at 2015/8/21 14:44:07 +08:00  |
2015-08-21 14:44:07.5087|Debug|ShiJu.Service.Heart|-- Completed in 16 ms with result: SqlDataReader  |
2015-08-21 14:44:07.5087|Debug|ShiJu.Service.Heart|  |
2015-08-21 14:44:07.5827|Debug|ShiJu.Service.Heart|SELECT TOP (1)       [Project1].[C1] AS [C1],       [Project1].[MigrationId] AS [MigrationId],       [Project1].[Model] AS [Model]      FROM ( SELECT           [Extent1].[MigrationId] AS [MigrationId],           [Extent1].[Model] AS [Model],           1 AS [C1]          FROM [dbo].[__MigrationHistory] AS [Extent1]          WHERE ([Extent1].[ContextKey] = @p__linq__0) AND (@p__linq__0 IS NOT NULL)      )  AS [Project1]      ORDER BY [Project1].[MigrationId] DESC|
2015-08-21 14:44:07.5827|Debug|ShiJu.Service.Heart|  |
2015-08-21 14:44:07.5827|Debug|ShiJu.Service.Heart|-- p__linq__0: 'ShiJu.Models.ShiJuDbContext' (Type = String, Size = 4000)  |
2015-08-21 14:44:07.5827|Debug|ShiJu.Service.Heart|-- Executing at 2015/8/21 14:44:07 +08:00  |
2015-08-21 14:44:07.6037|Debug|ShiJu.Service.Heart|-- Completed in 21 ms with result: SqlDataReader  |
2015-08-21 14:44:07.6037|Debug|ShiJu.Service.Heart|  |
2015-08-21 14:44:10.6009|Debug|ShiJu.Service.Heart|SELECT TOP (2)       [Extent1].[Id] AS [Id],       [Extent1].[CreatorUserId] AS [CreatorUserId],       [Extent1].[Sponsor] AS [Sponsor],       [Extent1].[BeginTime] AS [BeginTime],       [Extent1].[EndTime] AS [EndTime],       [Extent1].[Title] AS [Title],       [Extent1].[Description] AS [Description],       [Extent1].[Address] AS [Address],       [Extent1].[Images] AS [Images],       [Extent1].[Kind] AS [Kind],       [Extent1].[MaxUserCount] AS [MaxUserCount],       [Extent1].[DirectFriendVisible] AS [DirectFriendVisible],       [Extent1].[IsHot] AS [IsHot],       [Extent1].[LikeCount] AS [LikeCount],       [Extent1].[CommentCount] AS [CommentCount],       [Extent1].[VoteTitle] AS [VoteTitle],       [Extent1].[VoteChoicesJson] AS [VoteChoicesJson],       [Extent1].[VoteResult0Count] AS [VoteResult0Count],       [Extent1].[VoteResult1Count] AS [VoteResult1Count],       [Extent1].[VoteResult2Count] AS [VoteResult2Count],       [Extent1].[VoteResult3Count] AS [VoteResult3Count],       [Extent1].[VoteResult4Count] AS [VoteResult4Count],       [Extent1].[IsDisabled] AS [IsDisabled],       [Extent1].[CreatedTime] AS [CreatedTime]      FROM [dbo].[Parties] AS [Extent1]      WHERE [Extent1].[Id] = @p0|
2015-08-21 14:44:10.6009|Debug|ShiJu.Service.Heart|  |
2015-08-21 14:44:10.6009|Debug|ShiJu.Service.Heart|-- p0: '909fc9c3-4660-4e47-8367-001fd2d3e13d' (Type = Guid)  |
2015-08-21 14:44:10.6009|Debug|ShiJu.Service.Heart|-- Executing at 2015/8/21 14:44:10 +08:00  |
2015-08-21 14:44:10.6329|Debug|ShiJu.Service.Heart|-- Completed in 31 ms with result: SqlDataReader  |
2015-08-21 14:44:10.6329|Debug|ShiJu.Service.Heart|  |
2015-08-21 14:44:10.6899|Debug|ShiJu.Service.Heart|SELECT       [Extent1].[PartyId] AS [PartyId],       [Extent1].[UserId] AS [UserId],       [Extent1].[Status] AS [Status],       [Extent1].[ProposedBeginTime] AS [ProposedBeginTime],       [Extent1].[ProposedEndTime] AS [ProposedEndTime],       [Extent1].[Unread] AS [Unread],       [Extent1].[CreatedTime] AS [CreatedTime]      FROM [dbo].[Participants] AS [Extent1]      WHERE ([Extent1].[PartyId] = @p__linq__0) AND (@p__linq__0 IS NOT NULL)|
2015-08-21 14:44:10.6899|Debug|ShiJu.Service.Heart|  |
2015-08-21 14:44:10.6899|Debug|ShiJu.Service.Heart|-- p__linq__0: '909fc9c3-4660-4e47-8367-001fd2d3e13d' (Type = Guid)  |
2015-08-21 14:44:10.6899|Debug|ShiJu.Service.Heart|-- Executing at 2015/8/21 14:44:10 +08:00  |
2015-08-21 14:44:10.7119|Debug|ShiJu.Service.Heart|-- Completed in 20 ms with result: SqlDataReader  |
2015-08-21 14:44:10.7119|Debug|ShiJu.Service.Heart|  |
2015-08-21 14:44:10.7199|Debug|ShiJu.Service.Heart|SELECT       [Extent1].[Id] AS [Id],       [Extent1].[PartyId] AS [PartyId],       [Extent1].[UserId] AS [UserId],       [Extent1].[TargetUserId] AS [TargetUserId],       [Extent1].[Text] AS [Text],       [Extent1].[AudioId] AS [AudioId],       [Extent1].[VoteResult] AS [VoteResult],       [Extent1].[CreatedTime] AS [CreatedTime]      FROM [dbo].[PartyComments] AS [Extent1]      WHERE ([Extent1].[PartyId] = @p__linq__0) AND (@p__linq__0 IS NOT NULL)|
2015-08-21 14:44:10.7199|Debug|ShiJu.Service.Heart|  |
2015-08-21 14:44:10.7199|Debug|ShiJu.Service.Heart|-- p__linq__0: '909fc9c3-4660-4e47-8367-001fd2d3e13d' (Type = Guid)  |
2015-08-21 14:44:10.7199|Debug|ShiJu.Service.Heart|-- Executing at 2015/8/21 14:44:10 +08:00  |
2015-08-21 14:44:10.7489|Debug|ShiJu.Service.Heart|-- Completed in 28 ms with result: SqlDataReader  |
2015-08-21 14:44:10.7489|Debug|ShiJu.Service.Heart|  |
2015-08-21 14:48:38.6868|Debug|ShiJu.Service.Heart|  SELECT Count(*)  FROM INFORMATION_SCHEMA.TABLES AS t  WHERE t.TABLE_TYPE = 'BASE TABLE'      AND (t.TABLE_SCHEMA + '.' + t.TABLE_NAME IN ('dbo.Accounts','dbo.FriendRequests','dbo.Friends','dbo.Participants','dbo.Parties','dbo.PartyComments','dbo.PartyLikes','dbo.Users','dbo.VerificationCodes')          OR t.TABLE_NAME = 'EdmMetadata')|
2015-08-21 14:48:38.8868|Debug|ShiJu.Service.Heart|  |
2015-08-21 14:48:38.8868|Debug|ShiJu.Service.Heart|-- Executing at 2015/8/21 14:48:38 +08:00  |
2015-08-21 14:48:38.9108|Debug|ShiJu.Service.Heart|-- Completed in 20 ms with result: 9  |
2015-08-21 14:48:38.9108|Debug|ShiJu.Service.Heart|  |
2015-08-21 14:48:41.3159|Debug|ShiJu.Service.Heart|SELECT       [GroupBy1].[A1] AS [C1]      FROM ( SELECT           COUNT(1) AS [A1]          FROM [dbo].[__MigrationHistory] AS [Extent1]      )  AS [GroupBy1]|
2015-08-21 14:48:41.3159|Debug|ShiJu.Service.Heart|  |
2015-08-21 14:48:41.3159|Debug|ShiJu.Service.Heart|-- Executing at 2015/8/21 14:48:41 +08:00  |
2015-08-21 14:48:41.8709|Debug|ShiJu.Service.Heart|-- Completed in 554 ms with result: SqlDataReader  |
2015-08-21 14:48:41.8709|Debug|ShiJu.Service.Heart|  |
2015-08-21 14:48:41.9329|Debug|ShiJu.Service.Heart|SELECT       [GroupBy1].[A1] AS [C1]      FROM ( SELECT           COUNT(1) AS [A1]          FROM [dbo].[__MigrationHistory] AS [Extent1]          WHERE ([Extent1].[ContextKey] = @p__linq__0) AND (@p__linq__0 IS NOT NULL)      )  AS [GroupBy1]|
2015-08-21 14:48:41.9329|Debug|ShiJu.Service.Heart|  |
2015-08-21 14:48:41.9329|Debug|ShiJu.Service.Heart|-- p__linq__0: 'ShiJu.Models.ShiJuDbContext' (Type = String, Size = 4000)  |
2015-08-21 14:48:41.9329|Debug|ShiJu.Service.Heart|-- Executing at 2015/8/21 14:48:41 +08:00  |
2015-08-21 14:48:42.3039|Debug|ShiJu.Service.Heart|-- Completed in 369 ms with result: SqlDataReader  |
2015-08-21 14:48:42.3039|Debug|ShiJu.Service.Heart|  |
2015-08-21 14:48:42.3399|Debug|ShiJu.Service.Heart|SELECT       [GroupBy1].[A1] AS [C1]      FROM ( SELECT           COUNT(1) AS [A1]          FROM [dbo].[__MigrationHistory] AS [Extent1]      )  AS [GroupBy1]|
2015-08-21 14:48:42.3399|Debug|ShiJu.Service.Heart|  |
2015-08-21 14:48:42.3399|Debug|ShiJu.Service.Heart|-- Executing at 2015/8/21 14:48:42 +08:00  |
2015-08-21 14:48:42.8869|Debug|ShiJu.Service.Heart|-- Completed in 545 ms with result: SqlDataReader  |
2015-08-21 14:48:42.8869|Debug|ShiJu.Service.Heart|  |
2015-08-21 14:48:42.9869|Debug|ShiJu.Service.Heart|SELECT       [GroupBy1].[A1] AS [C1]      FROM ( SELECT           COUNT(1) AS [A1]          FROM [dbo].[__MigrationHistory] AS [Extent1]          WHERE ([Extent1].[ContextKey] = @p__linq__0) AND (@p__linq__0 IS NOT NULL)      )  AS [GroupBy1]|
2015-08-21 14:48:42.9889|Debug|ShiJu.Service.Heart|  |
2015-08-21 14:48:42.9889|Debug|ShiJu.Service.Heart|-- p__linq__0: 'ShiJu.Models.ShiJuDbContext' (Type = String, Size = 4000)  |
2015-08-21 14:48:42.9889|Debug|ShiJu.Service.Heart|-- Executing at 2015/8/21 14:48:42 +08:00  |
2015-08-21 14:48:43.0239|Debug|ShiJu.Service.Heart|-- Completed in 33 ms with result: SqlDataReader  |
2015-08-21 14:48:43.0239|Debug|ShiJu.Service.Heart|  |
2015-08-21 14:48:43.0769|Debug|ShiJu.Service.Heart|SELECT TOP (1)       [Project1].[C1] AS [C1],       [Project1].[MigrationId] AS [MigrationId],       [Project1].[Model] AS [Model]      FROM ( SELECT           [Extent1].[MigrationId] AS [MigrationId],           [Extent1].[Model] AS [Model],           1 AS [C1]          FROM [dbo].[__MigrationHistory] AS [Extent1]          WHERE ([Extent1].[ContextKey] = @p__linq__0) AND (@p__linq__0 IS NOT NULL)      )  AS [Project1]      ORDER BY [Project1].[MigrationId] DESC|
2015-08-21 14:48:43.0769|Debug|ShiJu.Service.Heart|  |
2015-08-21 14:48:43.0769|Debug|ShiJu.Service.Heart|-- p__linq__0: 'ShiJu.Models.ShiJuDbContext' (Type = String, Size = 4000)  |
2015-08-21 14:48:43.0769|Debug|ShiJu.Service.Heart|-- Executing at 2015/8/21 14:48:43 +08:00  |
2015-08-21 14:48:43.1629|Debug|ShiJu.Service.Heart|-- Completed in 85 ms with result: SqlDataReader  |
2015-08-21 14:48:43.1629|Debug|ShiJu.Service.Heart|  |
2015-08-21 14:48:44.9779|Debug|ShiJu.Service.Heart|SELECT TOP (2)       [Extent1].[Id] AS [Id],       [Extent1].[CreatorUserId] AS [CreatorUserId],       [Extent1].[Sponsor] AS [Sponsor],       [Extent1].[BeginTime] AS [BeginTime],       [Extent1].[EndTime] AS [EndTime],       [Extent1].[Title] AS [Title],       [Extent1].[Description] AS [Description],       [Extent1].[Address] AS [Address],       [Extent1].[Images] AS [Images],       [Extent1].[Kind] AS [Kind],       [Extent1].[MaxUserCount] AS [MaxUserCount],       [Extent1].[DirectFriendVisible] AS [DirectFriendVisible],       [Extent1].[IsHot] AS [IsHot],       [Extent1].[LikeCount] AS [LikeCount],       [Extent1].[CommentCount] AS [CommentCount],       [Extent1].[VoteTitle] AS [VoteTitle],       [Extent1].[VoteChoicesJson] AS [VoteChoicesJson],       [Extent1].[VoteResult0Count] AS [VoteResult0Count],       [Extent1].[VoteResult1Count] AS [VoteResult1Count],       [Extent1].[VoteResult2Count] AS [VoteResult2Count],       [Extent1].[VoteResult3Count] AS [VoteResult3Count],       [Extent1].[VoteResult4Count] AS [VoteResult4Count],       [Extent1].[IsDisabled] AS [IsDisabled],       [Extent1].[CreatedTime] AS [CreatedTime]      FROM [dbo].[Parties] AS [Extent1]      WHERE [Extent1].[Id] = @p0|
2015-08-21 14:48:44.9779|Debug|ShiJu.Service.Heart|  |
2015-08-21 14:48:44.9779|Debug|ShiJu.Service.Heart|-- p0: '909fc9c3-4660-4e47-8367-001fd2d3e13d' (Type = Guid)  |
2015-08-21 14:48:44.9779|Debug|ShiJu.Service.Heart|-- Executing at 2015/8/21 14:48:44 +08:00  |
2015-08-21 14:48:44.9989|Debug|ShiJu.Service.Heart|-- Completed in 19 ms with result: SqlDataReader  |
2015-08-21 14:48:44.9989|Debug|ShiJu.Service.Heart|  |
2015-08-21 14:48:45.0389|Debug|ShiJu.Service.Heart|SELECT       [Extent1].[PartyId] AS [PartyId],       [Extent1].[UserId] AS [UserId],       [Extent1].[Status] AS [Status],       [Extent1].[ProposedBeginTime] AS [ProposedBeginTime],       [Extent1].[ProposedEndTime] AS [ProposedEndTime],       [Extent1].[Unread] AS [Unread],       [Extent1].[CreatedTime] AS [CreatedTime]      FROM [dbo].[Participants] AS [Extent1]      WHERE ([Extent1].[PartyId] = @p__linq__0) AND (@p__linq__0 IS NOT NULL)|
2015-08-21 14:48:45.0389|Debug|ShiJu.Service.Heart|  |
2015-08-21 14:48:45.0389|Debug|ShiJu.Service.Heart|-- p__linq__0: '909fc9c3-4660-4e47-8367-001fd2d3e13d' (Type = Guid)  |
2015-08-21 14:48:45.0389|Debug|ShiJu.Service.Heart|-- Executing at 2015/8/21 14:48:45 +08:00  |
2015-08-21 14:48:45.0549|Debug|ShiJu.Service.Heart|-- Completed in 15 ms with result: SqlDataReader  |
2015-08-21 14:48:45.0549|Debug|ShiJu.Service.Heart|  |
2015-08-21 14:48:45.0549|Debug|ShiJu.Service.Heart|SELECT       [Extent1].[Id] AS [Id],       [Extent1].[PartyId] AS [PartyId],       [Extent1].[UserId] AS [UserId],       [Extent1].[TargetUserId] AS [TargetUserId],       [Extent1].[Text] AS [Text],       [Extent1].[AudioId] AS [AudioId],       [Extent1].[VoteResult] AS [VoteResult],       [Extent1].[CreatedTime] AS [CreatedTime]      FROM [dbo].[PartyComments] AS [Extent1]      WHERE ([Extent1].[PartyId] = @p__linq__0) AND (@p__linq__0 IS NOT NULL)|
2015-08-21 14:48:45.0549|Debug|ShiJu.Service.Heart|  |
2015-08-21 14:48:45.0549|Debug|ShiJu.Service.Heart|-- p__linq__0: '909fc9c3-4660-4e47-8367-001fd2d3e13d' (Type = Guid)  |
2015-08-21 14:48:45.0549|Debug|ShiJu.Service.Heart|-- Executing at 2015/8/21 14:48:45 +08:00  |
2015-08-21 14:48:45.0789|Debug|ShiJu.Service.Heart|-- Completed in 14 ms with result: SqlDataReader  |
2015-08-21 14:48:45.0789|Debug|ShiJu.Service.Heart|  |
2015-08-21 14:50:35.8605|Debug|ShiJu.Service.Heart|SELECT TOP (2)       [Extent1].[Id] AS [Id],       [Extent1].[CreatorUserId] AS [CreatorUserId],       [Extent1].[Sponsor] AS [Sponsor],       [Extent1].[BeginTime] AS [BeginTime],       [Extent1].[EndTime] AS [EndTime],       [Extent1].[Title] AS [Title],       [Extent1].[Description] AS [Description],       [Extent1].[Address] AS [Address],       [Extent1].[Images] AS [Images],       [Extent1].[Kind] AS [Kind],       [Extent1].[MaxUserCount] AS [MaxUserCount],       [Extent1].[DirectFriendVisible] AS [DirectFriendVisible],       [Extent1].[IsHot] AS [IsHot],       [Extent1].[LikeCount] AS [LikeCount],       [Extent1].[CommentCount] AS [CommentCount],       [Extent1].[VoteTitle] AS [VoteTitle],       [Extent1].[VoteChoicesJson] AS [VoteChoicesJson],       [Extent1].[VoteResult0Count] AS [VoteResult0Count],       [Extent1].[VoteResult1Count] AS [VoteResult1Count],       [Extent1].[VoteResult2Count] AS [VoteResult2Count],       [Extent1].[VoteResult3Count] AS [VoteResult3Count],       [Extent1].[VoteResult4Count] AS [VoteResult4Count],       [Extent1].[IsDisabled] AS [IsDisabled],       [Extent1].[CreatedTime] AS [CreatedTime]      FROM [dbo].[Parties] AS [Extent1]      WHERE [Extent1].[Id] = @p0|
2015-08-21 14:50:35.8605|Debug|ShiJu.Service.Heart|  |
2015-08-21 14:50:35.8605|Debug|ShiJu.Service.Heart|-- p0: '909fc9c3-4660-4e47-8367-001fd2d3e13d' (Type = Guid)  |
2015-08-21 14:50:35.8605|Debug|ShiJu.Service.Heart|-- Executing at 2015/8/21 14:50:35 +08:00  |
2015-08-21 14:50:36.6284|Debug|ShiJu.Service.Heart|-- Completed in 760 ms with result: SqlDataReader  |
2015-08-21 14:50:36.6284|Debug|ShiJu.Service.Heart|  |
2015-08-21 14:50:36.6284|Debug|ShiJu.Service.Heart|SELECT       [Extent1].[PartyId] AS [PartyId],       [Extent1].[UserId] AS [UserId],       [Extent1].[Status] AS [Status],       [Extent1].[ProposedBeginTime] AS [ProposedBeginTime],       [Extent1].[ProposedEndTime] AS [ProposedEndTime],       [Extent1].[Unread] AS [Unread],       [Extent1].[CreatedTime] AS [CreatedTime]      FROM [dbo].[Participants] AS [Extent1]      WHERE ([Extent1].[PartyId] = @p__linq__0) AND (@p__linq__0 IS NOT NULL)|
2015-08-21 14:50:36.6284|Debug|ShiJu.Service.Heart|  |
2015-08-21 14:50:36.6284|Debug|ShiJu.Service.Heart|-- p__linq__0: '909fc9c3-4660-4e47-8367-001fd2d3e13d' (Type = Guid)  |
2015-08-21 14:50:36.6284|Debug|ShiJu.Service.Heart|-- Executing at 2015/8/21 14:50:36 +08:00  |
2015-08-21 14:50:36.6494|Debug|ShiJu.Service.Heart|-- Completed in 19 ms with result: SqlDataReader  |
2015-08-21 14:50:36.6494|Debug|ShiJu.Service.Heart|  |
2015-08-21 14:50:36.6494|Debug|ShiJu.Service.Heart|SELECT       [Extent1].[Id] AS [Id],       [Extent1].[PartyId] AS [PartyId],       [Extent1].[UserId] AS [UserId],       [Extent1].[TargetUserId] AS [TargetUserId],       [Extent1].[Text] AS [Text],       [Extent1].[AudioId] AS [AudioId],       [Extent1].[VoteResult] AS [VoteResult],       [Extent1].[CreatedTime] AS [CreatedTime]      FROM [dbo].[PartyComments] AS [Extent1]      WHERE ([Extent1].[PartyId] = @p__linq__0) AND (@p__linq__0 IS NOT NULL)|
2015-08-21 14:50:36.6494|Debug|ShiJu.Service.Heart|  |
2015-08-21 14:50:36.6494|Debug|ShiJu.Service.Heart|-- p__linq__0: '909fc9c3-4660-4e47-8367-001fd2d3e13d' (Type = Guid)  |
2015-08-21 14:50:36.6494|Debug|ShiJu.Service.Heart|-- Executing at 2015/8/21 14:50:36 +08:00  |
2015-08-21 14:50:36.6674|Debug|ShiJu.Service.Heart|-- Completed in 16 ms with result: SqlDataReader  |
2015-08-21 14:50:36.6674|Debug|ShiJu.Service.Heart|  |
2015-08-21 14:53:56.1610|Debug|ShiJu.Service.Heart|SELECT TOP (2)       [Extent1].[Id] AS [Id],       [Extent1].[CreatorUserId] AS [CreatorUserId],       [Extent1].[Sponsor] AS [Sponsor],       [Extent1].[BeginTime] AS [BeginTime],       [Extent1].[EndTime] AS [EndTime],       [Extent1].[Title] AS [Title],       [Extent1].[Description] AS [Description],       [Extent1].[Address] AS [Address],       [Extent1].[Images] AS [Images],       [Extent1].[Kind] AS [Kind],       [Extent1].[MaxUserCount] AS [MaxUserCount],       [Extent1].[DirectFriendVisible] AS [DirectFriendVisible],       [Extent1].[IsHot] AS [IsHot],       [Extent1].[LikeCount] AS [LikeCount],       [Extent1].[CommentCount] AS [CommentCount],       [Extent1].[VoteTitle] AS [VoteTitle],       [Extent1].[VoteChoicesJson] AS [VoteChoicesJson],       [Extent1].[VoteResult0Count] AS [VoteResult0Count],       [Extent1].[VoteResult1Count] AS [VoteResult1Count],       [Extent1].[VoteResult2Count] AS [VoteResult2Count],       [Extent1].[VoteResult3Count] AS [VoteResult3Count],       [Extent1].[VoteResult4Count] AS [VoteResult4Count],       [Extent1].[IsDisabled] AS [IsDisabled],       [Extent1].[CreatedTime] AS [CreatedTime]      FROM [dbo].[Parties] AS [Extent1]      WHERE [Extent1].[Id] = @p0|
2015-08-21 14:53:56.1610|Debug|ShiJu.Service.Heart|  |
2015-08-21 14:53:56.1610|Debug|ShiJu.Service.Heart|-- p0: '909fc9c3-4660-4e47-8367-001fd2d3e13d' (Type = Guid)  |
2015-08-21 14:53:56.1610|Debug|ShiJu.Service.Heart|-- Executing at 2015/8/21 14:53:56 +08:00  |
2015-08-21 14:53:56.9780|Debug|ShiJu.Service.Heart|-- Completed in 755 ms with result: SqlDataReader  |
2015-08-21 14:53:56.9780|Debug|ShiJu.Service.Heart|  |
2015-08-21 14:53:56.9780|Debug|ShiJu.Service.Heart|SELECT       [Extent1].[PartyId] AS [PartyId],       [Extent1].[UserId] AS [UserId],       [Extent1].[Status] AS [Status],       [Extent1].[ProposedBeginTime] AS [ProposedBeginTime],       [Extent1].[ProposedEndTime] AS [ProposedEndTime],       [Extent1].[Unread] AS [Unread],       [Extent1].[CreatedTime] AS [CreatedTime]      FROM [dbo].[Participants] AS [Extent1]      WHERE ([Extent1].[PartyId] = @p__linq__0) AND (@p__linq__0 IS NOT NULL)|
2015-08-21 14:53:56.9780|Debug|ShiJu.Service.Heart|  |
2015-08-21 14:53:56.9780|Debug|ShiJu.Service.Heart|-- p__linq__0: '909fc9c3-4660-4e47-8367-001fd2d3e13d' (Type = Guid)  |
2015-08-21 14:53:56.9780|Debug|ShiJu.Service.Heart|-- Executing at 2015/8/21 14:53:56 +08:00  |
2015-08-21 14:53:57.0400|Debug|ShiJu.Service.Heart|-- Completed in 57 ms with result: SqlDataReader  |
2015-08-21 14:53:57.0400|Debug|ShiJu.Service.Heart|  |
2015-08-21 14:53:57.0400|Debug|ShiJu.Service.Heart|SELECT       [Extent1].[Id] AS [Id],       [Extent1].[PartyId] AS [PartyId],       [Extent1].[UserId] AS [UserId],       [Extent1].[TargetUserId] AS [TargetUserId],       [Extent1].[Text] AS [Text],       [Extent1].[AudioId] AS [AudioId],       [Extent1].[VoteResult] AS [VoteResult],       [Extent1].[CreatedTime] AS [CreatedTime]      FROM [dbo].[PartyComments] AS [Extent1]      WHERE ([Extent1].[PartyId] = @p__linq__0) AND (@p__linq__0 IS NOT NULL)|
2015-08-21 14:53:57.0400|Debug|ShiJu.Service.Heart|  |
2015-08-21 14:53:57.0400|Debug|ShiJu.Service.Heart|-- p__linq__0: '909fc9c3-4660-4e47-8367-001fd2d3e13d' (Type = Guid)  |
2015-08-21 14:53:57.0400|Debug|ShiJu.Service.Heart|-- Executing at 2015/8/21 14:53:57 +08:00  |
2015-08-21 14:53:57.3230|Debug|ShiJu.Service.Heart|-- Completed in 281 ms with result: SqlDataReader  |
2015-08-21 14:53:57.3230|Debug|ShiJu.Service.Heart|  |
