2015-11-12 16:19:56.4573|Debug|ShiJu.Service.Heart|  SELECT Count(*)  FROM INFORMATION_SCHEMA.TABLES AS t  WHERE t.TABLE_TYPE = 'BASE TABLE'      AND (t.TABLE_SCHEMA + '.' + t.TABLE_NAME IN ('dbo.Accounts','dbo.FriendRequests','dbo.Friends','dbo.Participants','dbo.Parties','dbo.PartyComments','dbo.PartyLikes','dbo.Users','dbo.VerificationCodes')          OR t.TABLE_NAME = 'EdmMetadata')|
2015-11-12 16:19:56.4573|Debug|ShiJu.Service.Heart|  |
2015-11-12 16:19:56.4573|Debug|ShiJu.Service.Heart|-- Executing at 2015/11/12 16:19:56 +08:00  |
2015-11-12 16:19:56.5053|Debug|ShiJu.Service.Heart|-- Completed in 43 ms with result: 9  |
2015-11-12 16:19:56.5053|Debug|ShiJu.Service.Heart|  |
2015-11-12 16:19:58.9913|Debug|ShiJu.Service.Heart|SELECT       [GroupBy1].[A1] AS [C1]      FROM ( SELECT           COUNT(1) AS [A1]          FROM [dbo].[__MigrationHistory] AS [Extent1]      )  AS [GroupBy1]|
2015-11-12 16:19:58.9913|Debug|ShiJu.Service.Heart|  |
2015-11-12 16:19:58.9913|Debug|ShiJu.Service.Heart|-- Executing at 2015/11/12 16:19:58 +08:00  |
2015-11-12 16:19:59.0243|Debug|ShiJu.Service.Heart|-- Completed in 31 ms with result: SqlDataReader  |
2015-11-12 16:19:59.0243|Debug|ShiJu.Service.Heart|  |
2015-11-12 16:19:59.1253|Debug|ShiJu.Service.Heart|SELECT       [GroupBy1].[A1] AS [C1]      FROM ( SELECT           COUNT(1) AS [A1]          FROM [dbo].[__MigrationHistory] AS [Extent1]          WHERE ([Extent1].[ContextKey] = @p__linq__0) AND (@p__linq__0 IS NOT NULL)      )  AS [GroupBy1]|
2015-11-12 16:19:59.1253|Debug|ShiJu.Service.Heart|  |
2015-11-12 16:19:59.1274|Debug|ShiJu.Service.Heart|-- p__linq__0: 'ShiJu.Models.ShiJuDbContext' (Type = String, Size = 4000)  |
2015-11-12 16:19:59.1274|Debug|ShiJu.Service.Heart|-- Executing at 2015/11/12 16:19:59 +08:00  |
2015-11-12 16:19:59.1553|Debug|ShiJu.Service.Heart|-- Completed in 28 ms with result: SqlDataReader  |
2015-11-12 16:19:59.1553|Debug|ShiJu.Service.Heart|  |
2015-11-12 16:19:59.2133|Debug|ShiJu.Service.Heart|SELECT       [GroupBy1].[A1] AS [C1]      FROM ( SELECT           COUNT(1) AS [A1]          FROM [dbo].[__MigrationHistory] AS [Extent1]      )  AS [GroupBy1]|
2015-11-12 16:19:59.2133|Debug|ShiJu.Service.Heart|  |
2015-11-12 16:19:59.2133|Debug|ShiJu.Service.Heart|-- Executing at 2015/11/12 16:19:59 +08:00  |
2015-11-12 16:19:59.2343|Debug|ShiJu.Service.Heart|-- Completed in 20 ms with result: SqlDataReader  |
2015-11-12 16:19:59.2343|Debug|ShiJu.Service.Heart|  |
2015-11-12 16:19:59.2383|Debug|ShiJu.Service.Heart|SELECT       [GroupBy1].[A1] AS [C1]      FROM ( SELECT           COUNT(1) AS [A1]          FROM [dbo].[__MigrationHistory] AS [Extent1]          WHERE ([Extent1].[ContextKey] = @p__linq__0) AND (@p__linq__0 IS NOT NULL)      )  AS [GroupBy1]|
2015-11-12 16:19:59.2383|Debug|ShiJu.Service.Heart|  |
2015-11-12 16:19:59.2383|Debug|ShiJu.Service.Heart|-- p__linq__0: 'ShiJu.Models.ShiJuDbContext' (Type = String, Size = 4000)  |
2015-11-12 16:19:59.2383|Debug|ShiJu.Service.Heart|-- Executing at 2015/11/12 16:19:59 +08:00  |
2015-11-12 16:19:59.2793|Debug|ShiJu.Service.Heart|-- Completed in 40 ms with result: SqlDataReader  |
2015-11-12 16:19:59.2793|Debug|ShiJu.Service.Heart|  |
2015-11-12 16:19:59.3633|Debug|ShiJu.Service.Heart|SELECT TOP (1)       [Project1].[C1] AS [C1],       [Project1].[MigrationId] AS [MigrationId],       [Project1].[Model] AS [Model]      FROM ( SELECT           [Extent1].[MigrationId] AS [MigrationId],           [Extent1].[Model] AS [Model],           1 AS [C1]          FROM [dbo].[__MigrationHistory] AS [Extent1]          WHERE ([Extent1].[ContextKey] = @p__linq__0) AND (@p__linq__0 IS NOT NULL)      )  AS [Project1]      ORDER BY [Project1].[MigrationId] DESC|
2015-11-12 16:19:59.3633|Debug|ShiJu.Service.Heart|  |
2015-11-12 16:19:59.3633|Debug|ShiJu.Service.Heart|-- p__linq__0: 'ShiJu.Models.ShiJuDbContext' (Type = String, Size = 4000)  |
2015-11-12 16:19:59.3633|Debug|ShiJu.Service.Heart|-- Executing at 2015/11/12 16:19:59 +08:00  |
2015-11-12 16:19:59.4003|Debug|ShiJu.Service.Heart|-- Completed in 31 ms with result: SqlDataReader  |
2015-11-12 16:19:59.4003|Debug|ShiJu.Service.Heart|  |
2015-11-12 16:20:01.0673|Debug|ShiJu.Service.Heart|SELECT TOP (2)       [Extent1].[Id] AS [Id],       [Extent1].[CreatorUserId] AS [CreatorUserId],       [Extent1].[Sponsor] AS [Sponsor],       [Extent1].[BeginTime] AS [BeginTime],       [Extent1].[EndTime] AS [EndTime],       [Extent1].[Title] AS [Title],       [Extent1].[Description] AS [Description],       [Extent1].[Address] AS [Address],       [Extent1].[Images] AS [Images],       [Extent1].[Kind] AS [Kind],       [Extent1].[MaxUserCount] AS [MaxUserCount],       [Extent1].[DirectFriendVisible] AS [DirectFriendVisible],       [Extent1].[IsPublic] AS [IsPublic],       [Extent1].[LikeCount] AS [LikeCount],       [Extent1].[CommentCount] AS [CommentCount],       [Extent1].[VoteTitle] AS [VoteTitle],       [Extent1].[VoteChoicesJson] AS [VoteChoicesJson],       [Extent1].[VoteResult0Count] AS [VoteResult0Count],       [Extent1].[VoteResult1Count] AS [VoteResult1Count],       [Extent1].[VoteResult2Count] AS [VoteResult2Count],       [Extent1].[VoteResult3Count] AS [VoteResult3Count],       [Extent1].[VoteResult4Count] AS [VoteResult4Count],       [Extent1].[IsDisabled] AS [IsDisabled],       [Extent1].[CreatedTime] AS [CreatedTime]      FROM [dbo].[Parties] AS [Extent1]      WHERE [Extent1].[Id] = @p0|
2015-11-12 16:20:01.0673|Debug|ShiJu.Service.Heart|  |
2015-11-12 16:20:01.0673|Debug|ShiJu.Service.Heart|-- p0: 'f91bb902-1305-470f-8865-3308c5c3c420' (Type = Guid)  |
2015-11-12 16:20:01.0673|Debug|ShiJu.Service.Heart|-- Executing at 2015/11/12 16:20:01 +08:00  |
2015-11-12 16:20:01.1023|Debug|ShiJu.Service.Heart|-- Completed in 34 ms with result: SqlDataReader  |
2015-11-12 16:20:01.1023|Debug|ShiJu.Service.Heart|  |
2015-11-12 16:20:01.1883|Debug|ShiJu.Service.Heart|SELECT       [Extent1].[PartyId] AS [PartyId],       [Extent1].[UserId] AS [UserId],       [Extent1].[Status] AS [Status],       [Extent1].[ProposedBeginTime] AS [ProposedBeginTime],       [Extent1].[ProposedEndTime] AS [ProposedEndTime],       [Extent1].[Unread] AS [Unread],       [Extent1].[CreatedTime] AS [CreatedTime]      FROM [dbo].[Participants] AS [Extent1]      WHERE ([Extent1].[PartyId] = @p__linq__0) AND (@p__linq__0 IS NOT NULL)|
2015-11-12 16:20:01.1883|Debug|ShiJu.Service.Heart|  |
2015-11-12 16:20:01.1883|Debug|ShiJu.Service.Heart|-- p__linq__0: 'f91bb902-1305-470f-8865-3308c5c3c420' (Type = Guid)  |
2015-11-12 16:20:01.1883|Debug|ShiJu.Service.Heart|-- Executing at 2015/11/12 16:20:01 +08:00  |
2015-11-12 16:20:01.2274|Debug|ShiJu.Service.Heart|-- Completed in 38 ms with result: SqlDataReader  |
2015-11-12 16:20:01.2274|Debug|ShiJu.Service.Heart|  |
2015-11-12 16:20:01.3103|Debug|ShiJu.Service.Heart|SELECT TOP (2)       [Extent1].[Id] AS [Id],       [Extent1].[Status] AS [Status],       [Extent1].[PhoneNumber] AS [PhoneNumber],       [Extent1].[NickName] AS [NickName],       [Extent1].[Signature] AS [Signature],       [Extent1].[Portrait] AS [Portrait],       [Extent1].[Gender] AS [Gender],       [Extent1].[District] AS [District],       [Extent1].[BackgroundImage] AS [BackgroundImage],       [Extent1].[NeedNotification] AS [NeedNotification],       [Extent1].[CreatedTime] AS [CreatedTime],       [Extent1].[SignUpTime] AS [SignUpTime]      FROM [dbo].[Users] AS [Extent1]      WHERE [Extent1].[Id] = @p0|
2015-11-12 16:20:01.3103|Debug|ShiJu.Service.Heart|  |
2015-11-12 16:20:01.3103|Debug|ShiJu.Service.Heart|-- p0: '38b162b0-8aa3-4bbf-91c5-e691d46fce39' (Type = Guid)  |
2015-11-12 16:20:01.3103|Debug|ShiJu.Service.Heart|-- Executing at 2015/11/12 16:20:01 +08:00  |
2015-11-12 16:20:01.3383|Debug|ShiJu.Service.Heart|-- Completed in 27 ms with result: SqlDataReader  |
2015-11-12 16:20:01.3383|Debug|ShiJu.Service.Heart|  |
2015-11-12 16:20:01.3673|Debug|ShiJu.Service.Heart|SELECT       [Extent1].[Id] AS [Id],       [Extent1].[PartyId] AS [PartyId],       [Extent1].[UserId] AS [UserId],       [Extent1].[TargetUserId] AS [TargetUserId],       [Extent1].[Text] AS [Text],       [Extent1].[AudioJson] AS [AudioJson],       [Extent1].[VoteResult] AS [VoteResult],       [Extent1].[CreatedTime] AS [CreatedTime]      FROM [dbo].[PartyComments] AS [Extent1]      WHERE ([Extent1].[PartyId] = @p__linq__0) AND (@p__linq__0 IS NOT NULL)|
2015-11-12 16:20:01.3673|Debug|ShiJu.Service.Heart|  |
2015-11-12 16:20:01.3673|Debug|ShiJu.Service.Heart|-- p__linq__0: 'f91bb902-1305-470f-8865-3308c5c3c420' (Type = Guid)  |
2015-11-12 16:20:01.3673|Debug|ShiJu.Service.Heart|-- Executing at 2015/11/12 16:20:01 +08:00  |
2015-11-12 16:20:01.3923|Debug|ShiJu.Service.Heart|-- Completed in 24 ms with result: SqlDataReader  |
2015-11-12 16:20:01.3923|Debug|ShiJu.Service.Heart|  |
2015-11-12 16:20:01.4073|Debug|ShiJu.Service.Heart|SELECT TOP (2)       [Extent1].[Id] AS [Id],       [Extent1].[Status] AS [Status],       [Extent1].[PhoneNumber] AS [PhoneNumber],       [Extent1].[NickName] AS [NickName],       [Extent1].[Signature] AS [Signature],       [Extent1].[Portrait] AS [Portrait],       [Extent1].[Gender] AS [Gender],       [Extent1].[District] AS [District],       [Extent1].[BackgroundImage] AS [BackgroundImage],       [Extent1].[NeedNotification] AS [NeedNotification],       [Extent1].[CreatedTime] AS [CreatedTime],       [Extent1].[SignUpTime] AS [SignUpTime]      FROM [dbo].[Users] AS [Extent1]      WHERE [Extent1].[Id] = @p0|
2015-11-12 16:20:01.4073|Debug|ShiJu.Service.Heart|  |
2015-11-12 16:20:01.4073|Debug|ShiJu.Service.Heart|-- p0: '8b1fbf50-2f3e-4bd3-bc08-66fca68ba9cb' (Type = Guid)  |
2015-11-12 16:20:01.4073|Debug|ShiJu.Service.Heart|-- Executing at 2015/11/12 16:20:01 +08:00  |
2015-11-12 16:20:01.4483|Debug|ShiJu.Service.Heart|-- Completed in 39 ms with result: SqlDataReader  |
2015-11-12 16:20:01.4483|Debug|ShiJu.Service.Heart|  |
