2015-10-19 17:57:41.8643|Error|WindowsServer.Web.GlobalExceptionHandler|Uncaught exception is detected.[ClientIP:::1 RawUrl:/Users/e2ea50633cb74cc5b3be9cd8c1022a16/PhoneNumberList/Status UserAgent:Fiddler]|System.ArgumentException: JSON array must end with ']'. At line 1, column 117
   at System.Runtime.Serialization.Json.JavaScriptReader.ReadCore() in d:\TFS\YPWare\Dev\Server\WindowsServer\ServerCommon\Json\SystemJson\Serialization\JavaScriptReader.cs:line 59
   at System.Runtime.Serialization.Json.JavaScriptReader.Read() in d:\TFS\YPWare\Dev\Server\WindowsServer\ServerCommon\Json\SystemJson\Serialization\JavaScriptReader.cs:line 27
   at System.Runtime.Serialization.Json.JavaScriptObjectDeserializer.BasicDeserialize() in d:\TFS\YPWare\Dev\Server\WindowsServer\ServerCommon\Json\SystemJson\Serialization\JavaScriptObjectDeserializer.cs:line 126
   at System.Json.JsonValue.Load(TextReader textReader) in d:\TFS\YPWare\Dev\Server\WindowsServer\ServerCommon\Json\SystemJson\JsonValue.cs:line 29
   at System.Json.JsonValue.Parse(String jsonString) in d:\TFS\YPWare\Dev\Server\WindowsServer\ServerCommon\Json\SystemJson\JsonValue.cs:line 102
   at System.Web.Mvc.ControllerExtensions.GetRequestContentJson(Controller controller) in d:\TFS\YPWare\Dev\Server\WindowsServer\MvcCommon\Extensions\System\Web\Mvc\ControllerExtensions.cs:line 26
   at ShiJu.Service.Controllers.UsersController.GetUsersStatus(Guid userId) in d:\TFS\YPProjects\Projects\ShiJu\ShiJuService\Controllers\UsersController.cs:line 207
   at lambda_method(Closure , ControllerBase , Object[] )
   at System.Web.Mvc.ActionMethodDispatcher.Execute(ControllerBase controller, Object[] parameters)
   at System.Web.Mvc.ReflectedActionDescriptor.Execute(ControllerContext controllerContext, IDictionary`2 parameters)
   at System.Web.Mvc.ControllerActionInvoker.InvokeActionMethod(ControllerContext controllerContext, ActionDescriptor actionDescriptor, IDictionary`2 parameters)
   at System.Web.Mvc.Async.AsyncControllerActionInvoker.ActionInvocation.InvokeSynchronousActionMethod()
   at System.Web.Mvc.Async.AsyncControllerActionInvoker.<BeginInvokeSynchronousActionMethod>b__36(IAsyncResult asyncResult, ActionInvocation innerInvokeState)
   at System.Web.Mvc.Async.AsyncResultWrapper.WrappedAsyncResult`2.CallEndDelegate(IAsyncResult asyncResult)
   at System.Web.Mvc.Async.AsyncResultWrapper.WrappedAsyncResultBase`1.End()
   at System.Web.Mvc.Async.AsyncResultWrapper.End[TResult](IAsyncResult asyncResult, Object tag)
   at System.Web.Mvc.Async.AsyncControllerActionInvoker.EndInvokeActionMethod(IAsyncResult asyncResult)
   at System.Web.Mvc.Async.AsyncControllerActionInvoker.AsyncInvocationWithFilters.<InvokeActionMethodFilterAsynchronouslyRecursive>b__3c()
   at System.Web.Mvc.Async.AsyncControllerActionInvoker.AsyncInvocationWithFilters.<>c__DisplayClass45.<InvokeActionMethodFilterAsynchronouslyRecursive>b__3e()
   at System.Web.Mvc.Async.AsyncControllerActionInvoker.AsyncInvocationWithFilters.<>c__DisplayClass45.<InvokeActionMethodFilterAsynchronouslyRecursive>b__3e()
   at System.Web.Mvc.Async.AsyncControllerActionInvoker.AsyncInvocationWithFilters.<>c__DisplayClass45.<InvokeActionMethodFilterAsynchronouslyRecursive>b__3e()
   at System.Web.Mvc.Async.AsyncControllerActionInvoker.<>c__DisplayClass30.<BeginInvokeActionMethodWithFilters>b__2f(IAsyncResult asyncResult)
   at System.Web.Mvc.Async.AsyncResultWrapper.WrappedAsyncResult`1.CallEndDelegate(IAsyncResult asyncResult)
   at System.Web.Mvc.Async.AsyncResultWrapper.WrappedAsyncResultBase`1.End()
   at System.Web.Mvc.Async.AsyncResultWrapper.End[TResult](IAsyncResult asyncResult, Object tag)
   at System.Web.Mvc.Async.AsyncControllerActionInvoker.EndInvokeActionMethodWithFilters(IAsyncResult asyncResult)
   at System.Web.Mvc.Async.AsyncControllerActionInvoker.<>c__DisplayClass1e.<>c__DisplayClass28.<BeginInvokeAction>b__19()
   at System.Web.Mvc.Async.AsyncControllerActionInvoker.<>c__DisplayClass1e.<BeginInvokeAction>b__1b(IAsyncResult asyncResult)
